/home/thussenot/.conda/envs/multinest/lib/python3.8/site-packages/sklearn/base.py:347: InconsistentVersionWarning: Trying to unpickle estimator GaussianProcessRegressor from version 1.0.2 when using version 1.3.0. This might lead to breaking code or invalid results. Use at your own risk. For more info please refer to:
https://scikit-learn.org/stable/model_persistence.html#security-maintainability-limitations
  warnings.warn(
08:18 bilby INFO    : Running for label 'GRB211211A', output will be saved to 'outdirBNSButophat32cores'
/home/thussenot/.conda/envs/multinest/lib/python3.8/site-packages/sklearn/base.py:347: InconsistentVersionWarning: Trying to unpickle estimator GaussianProcessRegressor from version 1.0.2 when using version 1.3.0. This might lead to breaking code or invalid results. Use at your own risk. For more info please refer to:
https://scikit-learn.org/stable/model_persistence.html#security-maintainability-limitations
  warnings.warn(
08:18 bilby INFO    : Running for label 'GRB211211A', output will be saved to 'outdirBNSButophat32cores'
/home/thussenot/.conda/envs/multinest/lib/python3.8/site-packages/sklearn/base.py:347: InconsistentVersionWarning: Trying to unpickle estimator GaussianProcessRegressor from version 1.0.2 when using version 1.3.0. This might lead to breaking code or invalid results. Use at your own risk. For more info please refer to:
https://scikit-learn.org/stable/model_persistence.html#security-maintainability-limitations
  warnings.warn(
08:18 bilby INFO    : Running for label 'GRB211211A', output will be saved to 'outdirBNSButophat32cores'
/home/thussenot/.conda/envs/multinest/lib/python3.8/site-packages/sklearn/base.py:347: InconsistentVersionWarning: Trying to unpickle estimator GaussianProcessRegressor from version 1.0.2 when using version 1.3.0. This might lead to breaking code or invalid results. Use at your own risk. For more info please refer to:
https://scikit-learn.org/stable/model_persistence.html#security-maintainability-limitations
  warnings.warn(
08:18 bilby INFO    : Running for label 'GRB211211A', output will be saved to 'outdirBNSButophat32cores'
/home/thussenot/.conda/envs/multinest/lib/python3.8/site-packages/sklearn/base.py:347: InconsistentVersionWarning: Trying to unpickle estimator GaussianProcessRegressor from version 1.0.2 when using version 1.3.0. This might lead to breaking code or invalid results. Use at your own risk. For more info please refer to:
https://scikit-learn.org/stable/model_persistence.html#security-maintainability-limitations
  warnings.warn(
08:18 bilby INFO    : Running for label 'GRB211211A', output will be saved to 'outdirBNSButophat32cores'
/home/thussenot/.conda/envs/multinest/lib/python3.8/site-packages/sklearn/base.py:347: InconsistentVersionWarning: Trying to unpickle estimator GaussianProcessRegressor from version 1.0.2 when using version 1.3.0. This might lead to breaking code or invalid results. Use at your own risk. For more info please refer to:
https://scikit-learn.org/stable/model_persistence.html#security-maintainability-limitations
  warnings.warn(
08:18 bilby INFO    : Running for label 'GRB211211A', output will be saved to 'outdirBNSButophat32cores'
/home/thussenot/.conda/envs/multinest/lib/python3.8/site-packages/sklearn/base.py:347: InconsistentVersionWarning: Trying to unpickle estimator GaussianProcessRegressor from version 1.0.2 when using version 1.3.0. This might lead to breaking code or invalid results. Use at your own risk. For more info please refer to:
https://scikit-learn.org/stable/model_persistence.html#security-maintainability-limitations
  warnings.warn(
08:18 bilby INFO    : Running for label 'GRB211211A', output will be saved to 'outdirBNSButophat32cores'
/home/thussenot/.conda/envs/multinest/lib/python3.8/site-packages/sklearn/base.py:347: InconsistentVersionWarning: Trying to unpickle estimator GaussianProcessRegressor from version 1.0.2 when using version 1.3.0. This might lead to breaking code or invalid results. Use at your own risk. For more info please refer to:
https://scikit-learn.org/stable/model_persistence.html#security-maintainability-limitations
  warnings.warn(
08:18 bilby INFO    : Running for label 'GRB211211A', output will be saved to 'outdirBNSButophat32cores'
/home/thussenot/.conda/envs/multinest/lib/python3.8/site-packages/sklearn/base.py:347: InconsistentVersionWarning: Trying to unpickle estimator GaussianProcessRegressor from version 1.0.2 when using version 1.3.0. This might lead to breaking code or invalid results. Use at your own risk. For more info please refer to:
https://scikit-learn.org/stable/model_persistence.html#security-maintainability-limitations
  warnings.warn(
08:18 bilby INFO    : Running for label 'GRB211211A', output will be saved to 'outdirBNSButophat32cores'
/home/thussenot/.conda/envs/multinest/lib/python3.8/site-packages/sklearn/base.py:347: InconsistentVersionWarning: Trying to unpickle estimator GaussianProcessRegressor from version 1.0.2 when using version 1.3.0. This might lead to breaking code or invalid results. Use at your own risk. For more info please refer to:
https://scikit-learn.org/stable/model_persistence.html#security-maintainability-limitations
  warnings.warn(
08:18 bilby INFO    : Running for label 'GRB211211A', output will be saved to 'outdirBNSButophat32cores'
/home/thussenot/.conda/envs/multinest/lib/python3.8/site-packages/sklearn/base.py:347: InconsistentVersionWarning: Trying to unpickle estimator GaussianProcessRegressor from version 1.0.2 when using version 1.3.0. This might lead to breaking code or invalid results. Use at your own risk. For more info please refer to:
https://scikit-learn.org/stable/model_persistence.html#security-maintainability-limitations
  warnings.warn(
08:18 bilby INFO    : Running for label 'GRB211211A', output will be saved to 'outdirBNSButophat32cores'
/home/thussenot/.conda/envs/multinest/lib/python3.8/site-packages/sklearn/base.py:347: InconsistentVersionWarning: Trying to unpickle estimator GaussianProcessRegressor from version 1.0.2 when using version 1.3.0. This might lead to breaking code or invalid results. Use at your own risk. For more info please refer to:
https://scikit-learn.org/stable/model_persistence.html#security-maintainability-limitations
  warnings.warn(
08:18 bilby INFO    : Running for label 'GRB211211A', output will be saved to 'outdirBNSButophat32cores'
/home/thussenot/.conda/envs/multinest/lib/python3.8/site-packages/sklearn/base.py:347: InconsistentVersionWarning: Trying to unpickle estimator GaussianProcessRegressor from version 1.0.2 when using version 1.3.0. This might lead to breaking code or invalid results. Use at your own risk. For more info please refer to:
https://scikit-learn.org/stable/model_persistence.html#security-maintainability-limitations
  warnings.warn(
08:18 bilby INFO    : Running for label 'GRB211211A', output will be saved to 'outdirBNSButophat32cores'
/home/thussenot/.conda/envs/multinest/lib/python3.8/site-packages/sklearn/base.py:347: InconsistentVersionWarning: Trying to unpickle estimator GaussianProcessRegressor from version 1.0.2 when using version 1.3.0. This might lead to breaking code or invalid results. Use at your own risk. For more info please refer to:
https://scikit-learn.org/stable/model_persistence.html#security-maintainability-limitations
  warnings.warn(
08:18 bilby INFO    : Running for label 'GRB211211A', output will be saved to 'outdirBNSButophat32cores'
/home/thussenot/.conda/envs/multinest/lib/python3.8/site-packages/sklearn/base.py:347: InconsistentVersionWarning: Trying to unpickle estimator GaussianProcessRegressor from version 1.0.2 when using version 1.3.0. This might lead to breaking code or invalid results. Use at your own risk. For more info please refer to:
https://scikit-learn.org/stable/model_persistence.html#security-maintainability-limitations
  warnings.warn(
08:18 bilby INFO    : Running for label 'GRB211211A', output will be saved to 'outdirBNSButophat32cores'
/home/thussenot/.conda/envs/multinest/lib/python3.8/site-packages/sklearn/base.py:347: InconsistentVersionWarning: Trying to unpickle estimator GaussianProcessRegressor from version 1.0.2 when using version 1.3.0. This might lead to breaking code or invalid results. Use at your own risk. For more info please refer to:
https://scikit-learn.org/stable/model_persistence.html#security-maintainability-limitations
  warnings.warn(
08:18 bilby INFO    : Running for label 'GRB211211A', output will be saved to 'outdirBNSButophat32cores'
/home/thussenot/.conda/envs/multinest/lib/python3.8/site-packages/sklearn/base.py:347: InconsistentVersionWarning: Trying to unpickle estimator GaussianProcessRegressor from version 1.0.2 when using version 1.3.0. This might lead to breaking code or invalid results. Use at your own risk. For more info please refer to:
https://scikit-learn.org/stable/model_persistence.html#security-maintainability-limitations
  warnings.warn(
08:18 bilby INFO    : Running for label 'GRB211211A', output will be saved to 'outdirBNSButophat32cores'
/home/thussenot/.conda/envs/multinest/lib/python3.8/site-packages/sklearn/base.py:347: InconsistentVersionWarning: Trying to unpickle estimator GaussianProcessRegressor from version 1.0.2 when using version 1.3.0. This might lead to breaking code or invalid results. Use at your own risk. For more info please refer to:
https://scikit-learn.org/stable/model_persistence.html#security-maintainability-limitations
  warnings.warn(
08:18 bilby INFO    : Running for label 'GRB211211A', output will be saved to 'outdirBNSButophat32cores'
/home/thussenot/.conda/envs/multinest/lib/python3.8/site-packages/sklearn/base.py:347: InconsistentVersionWarning: Trying to unpickle estimator GaussianProcessRegressor from version 1.0.2 when using version 1.3.0. This might lead to breaking code or invalid results. Use at your own risk. For more info please refer to:
https://scikit-learn.org/stable/model_persistence.html#security-maintainability-limitations
  warnings.warn(
08:18 bilby INFO    : Running for label 'GRB211211A', output will be saved to 'outdirBNSButophat32cores'
/home/thussenot/.conda/envs/multinest/lib/python3.8/site-packages/sklearn/base.py:347: InconsistentVersionWarning: Trying to unpickle estimator GaussianProcessRegressor from version 1.0.2 when using version 1.3.0. This might lead to breaking code or invalid results. Use at your own risk. For more info please refer to:
https://scikit-learn.org/stable/model_persistence.html#security-maintainability-limitations
  warnings.warn(
08:18 bilby INFO    : Running for label 'GRB211211A', output will be saved to 'outdirBNSButophat32cores'
/home/thussenot/.conda/envs/multinest/lib/python3.8/site-packages/sklearn/base.py:347: InconsistentVersionWarning: Trying to unpickle estimator GaussianProcessRegressor from version 1.0.2 when using version 1.3.0. This might lead to breaking code or invalid results. Use at your own risk. For more info please refer to:
https://scikit-learn.org/stable/model_persistence.html#security-maintainability-limitations
  warnings.warn(
08:18 bilby INFO    : Running for label 'GRB211211A', output will be saved to 'outdirBNSButophat32cores'
/home/thussenot/.conda/envs/multinest/lib/python3.8/site-packages/sklearn/base.py:347: InconsistentVersionWarning: Trying to unpickle estimator GaussianProcessRegressor from version 1.0.2 when using version 1.3.0. This might lead to breaking code or invalid results. Use at your own risk. For more info please refer to:
https://scikit-learn.org/stable/model_persistence.html#security-maintainability-limitations
  warnings.warn(
08:18 bilby INFO    : Running for label 'GRB211211A', output will be saved to 'outdirBNSButophat32cores'
/home/thussenot/.conda/envs/multinest/lib/python3.8/site-packages/sklearn/base.py:347: InconsistentVersionWarning: Trying to unpickle estimator GaussianProcessRegressor from version 1.0.2 when using version 1.3.0. This might lead to breaking code or invalid results. Use at your own risk. For more info please refer to:
https://scikit-learn.org/stable/model_persistence.html#security-maintainability-limitations
  warnings.warn(
08:18 bilby INFO    : Running for label 'GRB211211A', output will be saved to 'outdirBNSButophat32cores'
/home/thussenot/.conda/envs/multinest/lib/python3.8/site-packages/sklearn/base.py:347: InconsistentVersionWarning: Trying to unpickle estimator GaussianProcessRegressor from version 1.0.2 when using version 1.3.0. This might lead to breaking code or invalid results. Use at your own risk. For more info please refer to:
https://scikit-learn.org/stable/model_persistence.html#security-maintainability-limitations
  warnings.warn(
08:18 bilby INFO    : Running for label 'GRB211211A', output will be saved to 'outdirBNSButophat32cores'
/home/thussenot/.conda/envs/multinest/lib/python3.8/site-packages/sklearn/base.py:347: InconsistentVersionWarning: Trying to unpickle estimator GaussianProcessRegressor from version 1.0.2 when using version 1.3.0. This might lead to breaking code or invalid results. Use at your own risk. For more info please refer to:
https://scikit-learn.org/stable/model_persistence.html#security-maintainability-limitations
  warnings.warn(
08:18 bilby INFO    : Running for label 'GRB211211A', output will be saved to 'outdirBNSButophat32cores'
/home/thussenot/.conda/envs/multinest/lib/python3.8/site-packages/sklearn/base.py:347: InconsistentVersionWarning: Trying to unpickle estimator GaussianProcessRegressor from version 1.0.2 when using version 1.3.0. This might lead to breaking code or invalid results. Use at your own risk. For more info please refer to:
https://scikit-learn.org/stable/model_persistence.html#security-maintainability-limitations
  warnings.warn(
08:18 bilby INFO    : Running for label 'GRB211211A', output will be saved to 'outdirBNSButophat32cores'
/home/thussenot/.conda/envs/multinest/lib/python3.8/site-packages/sklearn/base.py:347: InconsistentVersionWarning: Trying to unpickle estimator GaussianProcessRegressor from version 1.0.2 when using version 1.3.0. This might lead to breaking code or invalid results. Use at your own risk. For more info please refer to:
https://scikit-learn.org/stable/model_persistence.html#security-maintainability-limitations
  warnings.warn(
08:18 bilby INFO    : Running for label 'GRB211211A', output will be saved to 'outdirBNSButophat32cores'
/home/thussenot/.conda/envs/multinest/lib/python3.8/site-packages/sklearn/base.py:347: InconsistentVersionWarning: Trying to unpickle estimator GaussianProcessRegressor from version 1.0.2 when using version 1.3.0. This might lead to breaking code or invalid results. Use at your own risk. For more info please refer to:
https://scikit-learn.org/stable/model_persistence.html#security-maintainability-limitations
  warnings.warn(
08:18 bilby INFO    : Running for label 'GRB211211A', output will be saved to 'outdirBNSButophat32cores'
/home/thussenot/.conda/envs/multinest/lib/python3.8/site-packages/sklearn/base.py:347: InconsistentVersionWarning: Trying to unpickle estimator GaussianProcessRegressor from version 1.0.2 when using version 1.3.0. This might lead to breaking code or invalid results. Use at your own risk. For more info please refer to:
https://scikit-learn.org/stable/model_persistence.html#security-maintainability-limitations
  warnings.warn(
08:18 bilby INFO    : Running for label 'GRB211211A', output will be saved to 'outdirBNSButophat32cores'
/home/thussenot/.conda/envs/multinest/lib/python3.8/site-packages/sklearn/base.py:347: InconsistentVersionWarning: Trying to unpickle estimator GaussianProcessRegressor from version 1.0.2 when using version 1.3.0. This might lead to breaking code or invalid results. Use at your own risk. For more info please refer to:
https://scikit-learn.org/stable/model_persistence.html#security-maintainability-limitations
  warnings.warn(
08:18 bilby INFO    : Running for label 'GRB211211A', output will be saved to 'outdirBNSButophat32cores'
/home/thussenot/.conda/envs/multinest/lib/python3.8/site-packages/sklearn/base.py:347: InconsistentVersionWarning: Trying to unpickle estimator GaussianProcessRegressor from version 1.0.2 when using version 1.3.0. This might lead to breaking code or invalid results. Use at your own risk. For more info please refer to:
https://scikit-learn.org/stable/model_persistence.html#security-maintainability-limitations
  warnings.warn(
08:18 bilby INFO    : Running for label 'GRB211211A', output will be saved to 'outdirBNSButophat32cores'
/home/thussenot/.conda/envs/multinest/lib/python3.8/site-packages/sklearn/base.py:347: InconsistentVersionWarning: Trying to unpickle estimator GaussianProcessRegressor from version 1.0.2 when using version 1.3.0. This might lead to breaking code or invalid results. Use at your own risk. For more info please refer to:
https://scikit-learn.org/stable/model_persistence.html#security-maintainability-limitations
  warnings.warn(
08:18 bilby INFO    : Running for label 'GRB211211A', output will be saved to 'outdirBNSButophat32cores'
08:18 bilby INFO    : Analysis priors:
08:18 bilby INFO    : Analysis priors:
08:18 bilby INFO    : Analysis priors:
08:18 bilby INFO    : Analysis priors:
08:18 bilby INFO    : Analysis priors:
08:18 bilby INFO    : Analysis priors:
08:18 bilby INFO    : Analysis priors:
08:18 bilby INFO    : Analysis priors:
08:18 bilby INFO    : Analysis priors:
08:18 bilby INFO    : Analysis priors:
08:18 bilby INFO    : Analysis priors:
08:18 bilby INFO    : Analysis priors:
08:18 bilby INFO    : Analysis priors:
08:18 bilby INFO    : Analysis priors:
08:18 bilby INFO    : Analysis priors:
08:18 bilby INFO    : Analysis priors:
08:18 bilby INFO    : Analysis priors:
08:18 bilby INFO    : Analysis priors:
08:18 bilby INFO    : Analysis priors:
08:18 bilby INFO    : Analysis priors:
08:18 bilby INFO    : Analysis priors:
08:18 bilby INFO    : Analysis priors:
08:18 bilby INFO    : Analysis priors:
08:18 bilby INFO    : Analysis priors:
08:18 bilby INFO    : Analysis priors:
08:18 bilby INFO    : Analysis priors:
08:18 bilby INFO    : Analysis priors:
08:18 bilby INFO    : Analysis priors:
08:18 bilby INFO    : Analysis priors:
08:18 bilby INFO    : Analysis priors:
08:18 bilby INFO    : Analysis priors:
08:18 bilby INFO    : KNphi=Uniform(minimum=15.0, maximum=75.0, name='KNphi', latex_label='$\\Phi$', unit=None, boundary=None)
08:18 bilby INFO    : KNphi=Uniform(minimum=15.0, maximum=75.0, name='KNphi', latex_label='$\\Phi$', unit=None, boundary=None)
08:18 bilby INFO    : KNphi=Uniform(minimum=15.0, maximum=75.0, name='KNphi', latex_label='$\\Phi$', unit=None, boundary=None)
08:18 bilby INFO    : Analysis priors:
08:18 bilby INFO    : KNphi=Uniform(minimum=15.0, maximum=75.0, name='KNphi', latex_label='$\\Phi$', unit=None, boundary=None)
08:18 bilby INFO    : KNphi=Uniform(minimum=15.0, maximum=75.0, name='KNphi', latex_label='$\\Phi$', unit=None, boundary=None)
08:18 bilby INFO    : KNphi=Uniform(minimum=15.0, maximum=75.0, name='KNphi', latex_label='$\\Phi$', unit=None, boundary=None)
08:18 bilby INFO    : KNphi=Uniform(minimum=15.0, maximum=75.0, name='KNphi', latex_label='$\\Phi$', unit=None, boundary=None)
08:18 bilby INFO    : KNphi=Uniform(minimum=15.0, maximum=75.0, name='KNphi', latex_label='$\\Phi$', unit=None, boundary=None)
08:18 bilby INFO    : KNphi=Uniform(minimum=15.0, maximum=75.0, name='KNphi', latex_label='$\\Phi$', unit=None, boundary=None)
08:18 bilby INFO    : KNphi=Uniform(minimum=15.0, maximum=75.0, name='KNphi', latex_label='$\\Phi$', unit=None, boundary=None)
08:18 bilby INFO    : KNphi=Uniform(minimum=15.0, maximum=75.0, name='KNphi', latex_label='$\\Phi$', unit=None, boundary=None)
08:18 bilby INFO    : KNphi=Uniform(minimum=15.0, maximum=75.0, name='KNphi', latex_label='$\\Phi$', unit=None, boundary=None)
08:18 bilby INFO    : KNphi=Uniform(minimum=15.0, maximum=75.0, name='KNphi', latex_label='$\\Phi$', unit=None, boundary=None)
08:18 bilby INFO    : KNphi=Uniform(minimum=15.0, maximum=75.0, name='KNphi', latex_label='$\\Phi$', unit=None, boundary=None)
08:18 bilby INFO    : KNphi=Uniform(minimum=15.0, maximum=75.0, name='KNphi', latex_label='$\\Phi$', unit=None, boundary=None)
08:18 bilby INFO    : KNphi=Uniform(minimum=15.0, maximum=75.0, name='KNphi', latex_label='$\\Phi$', unit=None, boundary=None)
08:18 bilby INFO    : KNphi=Uniform(minimum=15.0, maximum=75.0, name='KNphi', latex_label='$\\Phi$', unit=None, boundary=None)
08:18 bilby INFO    : KNphi=Uniform(minimum=15.0, maximum=75.0, name='KNphi', latex_label='$\\Phi$', unit=None, boundary=None)
08:18 bilby INFO    : KNphi=Uniform(minimum=15.0, maximum=75.0, name='KNphi', latex_label='$\\Phi$', unit=None, boundary=None)
08:18 bilby INFO    : KNphi=Uniform(minimum=15.0, maximum=75.0, name='KNphi', latex_label='$\\Phi$', unit=None, boundary=None)
08:18 bilby INFO    : KNphi=Uniform(minimum=15.0, maximum=75.0, name='KNphi', latex_label='$\\Phi$', unit=None, boundary=None)
08:18 bilby INFO    : KNphi=Uniform(minimum=15.0, maximum=75.0, name='KNphi', latex_label='$\\Phi$', unit=None, boundary=None)
08:18 bilby INFO    : KNphi=Uniform(minimum=15.0, maximum=75.0, name='KNphi', latex_label='$\\Phi$', unit=None, boundary=None)
08:18 bilby INFO    : KNphi=Uniform(minimum=15.0, maximum=75.0, name='KNphi', latex_label='$\\Phi$', unit=None, boundary=None)
08:18 bilby INFO    : KNphi=Uniform(minimum=15.0, maximum=75.0, name='KNphi', latex_label='$\\Phi$', unit=None, boundary=None)
08:18 bilby INFO    : KNphi=Uniform(minimum=15.0, maximum=75.0, name='KNphi', latex_label='$\\Phi$', unit=None, boundary=None)
08:18 bilby INFO    : KNphi=Uniform(minimum=15.0, maximum=75.0, name='KNphi', latex_label='$\\Phi$', unit=None, boundary=None)
08:18 bilby INFO    : KNphi=Uniform(minimum=15.0, maximum=75.0, name='KNphi', latex_label='$\\Phi$', unit=None, boundary=None)
08:18 bilby INFO    : log10_mej_dyn=Uniform(minimum=-3.0, maximum=-1.0, name='log10_mej_dyn', latex_label='$\\log_{10}M^{\\rm{dyn}}_{\\rm{ej}}$', unit=None, boundary='reflective')
08:18 bilby INFO    : KNphi=Uniform(minimum=15.0, maximum=75.0, name='KNphi', latex_label='$\\Phi$', unit=None, boundary=None)
08:18 bilby INFO    : KNphi=Uniform(minimum=15.0, maximum=75.0, name='KNphi', latex_label='$\\Phi$', unit=None, boundary=None)
08:18 bilby INFO    : log10_mej_dyn=Uniform(minimum=-3.0, maximum=-1.0, name='log10_mej_dyn', latex_label='$\\log_{10}M^{\\rm{dyn}}_{\\rm{ej}}$', unit=None, boundary='reflective')
08:18 bilby INFO    : KNphi=Uniform(minimum=15.0, maximum=75.0, name='KNphi', latex_label='$\\Phi$', unit=None, boundary=None)
08:18 bilby INFO    : log10_mej_dyn=Uniform(minimum=-3.0, maximum=-1.0, name='log10_mej_dyn', latex_label='$\\log_{10}M^{\\rm{dyn}}_{\\rm{ej}}$', unit=None, boundary='reflective')
08:18 bilby INFO    : log10_mej_dyn=Uniform(minimum=-3.0, maximum=-1.0, name='log10_mej_dyn', latex_label='$\\log_{10}M^{\\rm{dyn}}_{\\rm{ej}}$', unit=None, boundary='reflective')
08:18 bilby INFO    : log10_mej_dyn=Uniform(minimum=-3.0, maximum=-1.0, name='log10_mej_dyn', latex_label='$\\log_{10}M^{\\rm{dyn}}_{\\rm{ej}}$', unit=None, boundary='reflective')
08:18 bilby INFO    : log10_mej_dyn=Uniform(minimum=-3.0, maximum=-1.0, name='log10_mej_dyn', latex_label='$\\log_{10}M^{\\rm{dyn}}_{\\rm{ej}}$', unit=None, boundary='reflective')
08:18 bilby INFO    : log10_mej_dyn=Uniform(minimum=-3.0, maximum=-1.0, name='log10_mej_dyn', latex_label='$\\log_{10}M^{\\rm{dyn}}_{\\rm{ej}}$', unit=None, boundary='reflective')
08:18 bilby INFO    : log10_mej_dyn=Uniform(minimum=-3.0, maximum=-1.0, name='log10_mej_dyn', latex_label='$\\log_{10}M^{\\rm{dyn}}_{\\rm{ej}}$', unit=None, boundary='reflective')
08:18 bilby INFO    : log10_mej_dyn=Uniform(minimum=-3.0, maximum=-1.0, name='log10_mej_dyn', latex_label='$\\log_{10}M^{\\rm{dyn}}_{\\rm{ej}}$', unit=None, boundary='reflective')
08:18 bilby INFO    : log10_mej_dyn=Uniform(minimum=-3.0, maximum=-1.0, name='log10_mej_dyn', latex_label='$\\log_{10}M^{\\rm{dyn}}_{\\rm{ej}}$', unit=None, boundary='reflective')
08:18 bilby INFO    : log10_mej_dyn=Uniform(minimum=-3.0, maximum=-1.0, name='log10_mej_dyn', latex_label='$\\log_{10}M^{\\rm{dyn}}_{\\rm{ej}}$', unit=None, boundary='reflective')
08:18 bilby INFO    : log10_mej_dyn=Uniform(minimum=-3.0, maximum=-1.0, name='log10_mej_dyn', latex_label='$\\log_{10}M^{\\rm{dyn}}_{\\rm{ej}}$', unit=None, boundary='reflective')
08:18 bilby INFO    : log10_mej_dyn=Uniform(minimum=-3.0, maximum=-1.0, name='log10_mej_dyn', latex_label='$\\log_{10}M^{\\rm{dyn}}_{\\rm{ej}}$', unit=None, boundary='reflective')
08:18 bilby INFO    : log10_mej_dyn=Uniform(minimum=-3.0, maximum=-1.0, name='log10_mej_dyn', latex_label='$\\log_{10}M^{\\rm{dyn}}_{\\rm{ej}}$', unit=None, boundary='reflective')
08:18 bilby INFO    : log10_mej_dyn=Uniform(minimum=-3.0, maximum=-1.0, name='log10_mej_dyn', latex_label='$\\log_{10}M^{\\rm{dyn}}_{\\rm{ej}}$', unit=None, boundary='reflective')
08:18 bilby INFO    : log10_mej_dyn=Uniform(minimum=-3.0, maximum=-1.0, name='log10_mej_dyn', latex_label='$\\log_{10}M^{\\rm{dyn}}_{\\rm{ej}}$', unit=None, boundary='reflective')
08:18 bilby INFO    : log10_mej_dyn=Uniform(minimum=-3.0, maximum=-1.0, name='log10_mej_dyn', latex_label='$\\log_{10}M^{\\rm{dyn}}_{\\rm{ej}}$', unit=None, boundary='reflective')
08:18 bilby INFO    : log10_mej_dyn=Uniform(minimum=-3.0, maximum=-1.0, name='log10_mej_dyn', latex_label='$\\log_{10}M^{\\rm{dyn}}_{\\rm{ej}}$', unit=None, boundary='reflective')
08:18 bilby INFO    : log10_mej_dyn=Uniform(minimum=-3.0, maximum=-1.0, name='log10_mej_dyn', latex_label='$\\log_{10}M^{\\rm{dyn}}_{\\rm{ej}}$', unit=None, boundary='reflective')
08:18 bilby INFO    : log10_mej_dyn=Uniform(minimum=-3.0, maximum=-1.0, name='log10_mej_dyn', latex_label='$\\log_{10}M^{\\rm{dyn}}_{\\rm{ej}}$', unit=None, boundary='reflective')
08:18 bilby INFO    : log10_mej_dyn=Uniform(minimum=-3.0, maximum=-1.0, name='log10_mej_dyn', latex_label='$\\log_{10}M^{\\rm{dyn}}_{\\rm{ej}}$', unit=None, boundary='reflective')
08:18 bilby INFO    : log10_mej_dyn=Uniform(minimum=-3.0, maximum=-1.0, name='log10_mej_dyn', latex_label='$\\log_{10}M^{\\rm{dyn}}_{\\rm{ej}}$', unit=None, boundary='reflective')
08:18 bilby INFO    : log10_mej_dyn=Uniform(minimum=-3.0, maximum=-1.0, name='log10_mej_dyn', latex_label='$\\log_{10}M^{\\rm{dyn}}_{\\rm{ej}}$', unit=None, boundary='reflective')
08:18 bilby INFO    : log10_mej_dyn=Uniform(minimum=-3.0, maximum=-1.0, name='log10_mej_dyn', latex_label='$\\log_{10}M^{\\rm{dyn}}_{\\rm{ej}}$', unit=None, boundary='reflective')
08:18 bilby INFO    : log10_mej_dyn=Uniform(minimum=-3.0, maximum=-1.0, name='log10_mej_dyn', latex_label='$\\log_{10}M^{\\rm{dyn}}_{\\rm{ej}}$', unit=None, boundary='reflective')
08:18 bilby INFO    : log10_mej_dyn=Uniform(minimum=-3.0, maximum=-1.0, name='log10_mej_dyn', latex_label='$\\log_{10}M^{\\rm{dyn}}_{\\rm{ej}}$', unit=None, boundary='reflective')
08:18 bilby INFO    : log10_mej_wind=Uniform(minimum=-3.0, maximum=-0.5, name='log10_mej_wind', latex_label='$\\log_{10}M^{\\rm{wind}}_{\\rm{ej}}$', unit=None, boundary='reflective')
08:18 bilby INFO    : log10_mej_dyn=Uniform(minimum=-3.0, maximum=-1.0, name='log10_mej_dyn', latex_label='$\\log_{10}M^{\\rm{dyn}}_{\\rm{ej}}$', unit=None, boundary='reflective')
08:18 bilby INFO    : log10_mej_dyn=Uniform(minimum=-3.0, maximum=-1.0, name='log10_mej_dyn', latex_label='$\\log_{10}M^{\\rm{dyn}}_{\\rm{ej}}$', unit=None, boundary='reflective')
08:18 bilby INFO    : log10_mej_dyn=Uniform(minimum=-3.0, maximum=-1.0, name='log10_mej_dyn', latex_label='$\\log_{10}M^{\\rm{dyn}}_{\\rm{ej}}$', unit=None, boundary='reflective')
08:18 bilby INFO    : log10_mej_dyn=Uniform(minimum=-3.0, maximum=-1.0, name='log10_mej_dyn', latex_label='$\\log_{10}M^{\\rm{dyn}}_{\\rm{ej}}$', unit=None, boundary='reflective')
08:18 bilby INFO    : log10_mej_dyn=Uniform(minimum=-3.0, maximum=-1.0, name='log10_mej_dyn', latex_label='$\\log_{10}M^{\\rm{dyn}}_{\\rm{ej}}$', unit=None, boundary='reflective')
08:18 bilby INFO    : log10_mej_wind=Uniform(minimum=-3.0, maximum=-0.5, name='log10_mej_wind', latex_label='$\\log_{10}M^{\\rm{wind}}_{\\rm{ej}}$', unit=None, boundary='reflective')
08:18 bilby INFO    : log10_mej_wind=Uniform(minimum=-3.0, maximum=-0.5, name='log10_mej_wind', latex_label='$\\log_{10}M^{\\rm{wind}}_{\\rm{ej}}$', unit=None, boundary='reflective')
08:18 bilby INFO    : log10_mej_wind=Uniform(minimum=-3.0, maximum=-0.5, name='log10_mej_wind', latex_label='$\\log_{10}M^{\\rm{wind}}_{\\rm{ej}}$', unit=None, boundary='reflective')
08:18 bilby INFO    : log10_mej_wind=Uniform(minimum=-3.0, maximum=-0.5, name='log10_mej_wind', latex_label='$\\log_{10}M^{\\rm{wind}}_{\\rm{ej}}$', unit=None, boundary='reflective')
08:18 bilby INFO    : log10_mej_wind=Uniform(minimum=-3.0, maximum=-0.5, name='log10_mej_wind', latex_label='$\\log_{10}M^{\\rm{wind}}_{\\rm{ej}}$', unit=None, boundary='reflective')
08:18 bilby INFO    : log10_mej_wind=Uniform(minimum=-3.0, maximum=-0.5, name='log10_mej_wind', latex_label='$\\log_{10}M^{\\rm{wind}}_{\\rm{ej}}$', unit=None, boundary='reflective')
08:18 bilby INFO    : log10_mej_wind=Uniform(minimum=-3.0, maximum=-0.5, name='log10_mej_wind', latex_label='$\\log_{10}M^{\\rm{wind}}_{\\rm{ej}}$', unit=None, boundary='reflective')
08:18 bilby INFO    : log10_mej_wind=Uniform(minimum=-3.0, maximum=-0.5, name='log10_mej_wind', latex_label='$\\log_{10}M^{\\rm{wind}}_{\\rm{ej}}$', unit=None, boundary='reflective')
08:18 bilby INFO    : log10_mej_wind=Uniform(minimum=-3.0, maximum=-0.5, name='log10_mej_wind', latex_label='$\\log_{10}M^{\\rm{wind}}_{\\rm{ej}}$', unit=None, boundary='reflective')
08:18 bilby INFO    : log10_mej_wind=Uniform(minimum=-3.0, maximum=-0.5, name='log10_mej_wind', latex_label='$\\log_{10}M^{\\rm{wind}}_{\\rm{ej}}$', unit=None, boundary='reflective')
08:18 bilby INFO    : log10_mej_wind=Uniform(minimum=-3.0, maximum=-0.5, name='log10_mej_wind', latex_label='$\\log_{10}M^{\\rm{wind}}_{\\rm{ej}}$', unit=None, boundary='reflective')
08:18 bilby INFO    : log10_mej_wind=Uniform(minimum=-3.0, maximum=-0.5, name='log10_mej_wind', latex_label='$\\log_{10}M^{\\rm{wind}}_{\\rm{ej}}$', unit=None, boundary='reflective')
08:18 bilby INFO    : log10_mej_wind=Uniform(minimum=-3.0, maximum=-0.5, name='log10_mej_wind', latex_label='$\\log_{10}M^{\\rm{wind}}_{\\rm{ej}}$', unit=None, boundary='reflective')
08:18 bilby INFO    : log10_mej_wind=Uniform(minimum=-3.0, maximum=-0.5, name='log10_mej_wind', latex_label='$\\log_{10}M^{\\rm{wind}}_{\\rm{ej}}$', unit=None, boundary='reflective')
08:18 bilby INFO    : log10_mej_wind=Uniform(minimum=-3.0, maximum=-0.5, name='log10_mej_wind', latex_label='$\\log_{10}M^{\\rm{wind}}_{\\rm{ej}}$', unit=None, boundary='reflective')
08:18 bilby INFO    : log10_mej_wind=Uniform(minimum=-3.0, maximum=-0.5, name='log10_mej_wind', latex_label='$\\log_{10}M^{\\rm{wind}}_{\\rm{ej}}$', unit=None, boundary='reflective')
08:18 bilby INFO    : log10_mej_wind=Uniform(minimum=-3.0, maximum=-0.5, name='log10_mej_wind', latex_label='$\\log_{10}M^{\\rm{wind}}_{\\rm{ej}}$', unit=None, boundary='reflective')
08:18 bilby INFO    : log10_mej_wind=Uniform(minimum=-3.0, maximum=-0.5, name='log10_mej_wind', latex_label='$\\log_{10}M^{\\rm{wind}}_{\\rm{ej}}$', unit=None, boundary='reflective')
08:18 bilby INFO    : log10_mej_wind=Uniform(minimum=-3.0, maximum=-0.5, name='log10_mej_wind', latex_label='$\\log_{10}M^{\\rm{wind}}_{\\rm{ej}}$', unit=None, boundary='reflective')
08:18 bilby INFO    : log10_mej_wind=Uniform(minimum=-3.0, maximum=-0.5, name='log10_mej_wind', latex_label='$\\log_{10}M^{\\rm{wind}}_{\\rm{ej}}$', unit=None, boundary='reflective')
08:18 bilby INFO    : log10_mej_wind=Uniform(minimum=-3.0, maximum=-0.5, name='log10_mej_wind', latex_label='$\\log_{10}M^{\\rm{wind}}_{\\rm{ej}}$', unit=None, boundary='reflective')
08:18 bilby INFO    : log10_mej_wind=Uniform(minimum=-3.0, maximum=-0.5, name='log10_mej_wind', latex_label='$\\log_{10}M^{\\rm{wind}}_{\\rm{ej}}$', unit=None, boundary='reflective')
08:18 bilby INFO    : log10_mej_wind=Uniform(minimum=-3.0, maximum=-0.5, name='log10_mej_wind', latex_label='$\\log_{10}M^{\\rm{wind}}_{\\rm{ej}}$', unit=None, boundary='reflective')
08:18 bilby INFO    : log10_mej_wind=Uniform(minimum=-3.0, maximum=-0.5, name='log10_mej_wind', latex_label='$\\log_{10}M^{\\rm{wind}}_{\\rm{ej}}$', unit=None, boundary='reflective')
08:18 bilby INFO    : log10_mej_wind=Uniform(minimum=-3.0, maximum=-0.5, name='log10_mej_wind', latex_label='$\\log_{10}M^{\\rm{wind}}_{\\rm{ej}}$', unit=None, boundary='reflective')
08:18 bilby INFO    : log10_mej_wind=Uniform(minimum=-3.0, maximum=-0.5, name='log10_mej_wind', latex_label='$\\log_{10}M^{\\rm{wind}}_{\\rm{ej}}$', unit=None, boundary='reflective')
08:18 bilby INFO    : log10_mej_wind=Uniform(minimum=-3.0, maximum=-0.5, name='log10_mej_wind', latex_label='$\\log_{10}M^{\\rm{wind}}_{\\rm{ej}}$', unit=None, boundary='reflective')
08:18 bilby INFO    : log10_mej_wind=Uniform(minimum=-3.0, maximum=-0.5, name='log10_mej_wind', latex_label='$\\log_{10}M^{\\rm{wind}}_{\\rm{ej}}$', unit=None, boundary='reflective')
08:18 bilby INFO    : log10_mej_wind=Uniform(minimum=-3.0, maximum=-0.5, name='log10_mej_wind', latex_label='$\\log_{10}M^{\\rm{wind}}_{\\rm{ej}}$', unit=None, boundary='reflective')
08:18 bilby INFO    : log10_mej_wind=Uniform(minimum=-3.0, maximum=-0.5, name='log10_mej_wind', latex_label='$\\log_{10}M^{\\rm{wind}}_{\\rm{ej}}$', unit=None, boundary='reflective')
08:18 bilby INFO    : KNphi=Uniform(minimum=15.0, maximum=75.0, name='KNphi', latex_label='$\\Phi$', unit=None, boundary=None)
08:18 bilby INFO    : inclination_EM=nmma.em.prior.ConditionalGaussianIotaGivenThetaCore(minimum=0.0, maximum=0.7853981633974483, name='inclination_EM', N_sigma=1.0, latex_label='$\\iota$', unit=None, boundary=None)
08:18 bilby INFO    : inclination_EM=nmma.em.prior.ConditionalGaussianIotaGivenThetaCore(minimum=0.0, maximum=0.7853981633974483, name='inclination_EM', N_sigma=1.0, latex_label='$\\iota$', unit=None, boundary=None)
08:18 bilby INFO    : inclination_EM=nmma.em.prior.ConditionalGaussianIotaGivenThetaCore(minimum=0.0, maximum=0.7853981633974483, name='inclination_EM', N_sigma=1.0, latex_label='$\\iota$', unit=None, boundary=None)
08:18 bilby INFO    : inclination_EM=nmma.em.prior.ConditionalGaussianIotaGivenThetaCore(minimum=0.0, maximum=0.7853981633974483, name='inclination_EM', N_sigma=1.0, latex_label='$\\iota$', unit=None, boundary=None)
08:18 bilby INFO    : inclination_EM=nmma.em.prior.ConditionalGaussianIotaGivenThetaCore(minimum=0.0, maximum=0.7853981633974483, name='inclination_EM', N_sigma=1.0, latex_label='$\\iota$', unit=None, boundary=None)
08:18 bilby INFO    : inclination_EM=nmma.em.prior.ConditionalGaussianIotaGivenThetaCore(minimum=0.0, maximum=0.7853981633974483, name='inclination_EM', N_sigma=1.0, latex_label='$\\iota$', unit=None, boundary=None)
08:18 bilby INFO    : inclination_EM=nmma.em.prior.ConditionalGaussianIotaGivenThetaCore(minimum=0.0, maximum=0.7853981633974483, name='inclination_EM', N_sigma=1.0, latex_label='$\\iota$', unit=None, boundary=None)
08:18 bilby INFO    : inclination_EM=nmma.em.prior.ConditionalGaussianIotaGivenThetaCore(minimum=0.0, maximum=0.7853981633974483, name='inclination_EM', N_sigma=1.0, latex_label='$\\iota$', unit=None, boundary=None)
08:18 bilby INFO    : inclination_EM=nmma.em.prior.ConditionalGaussianIotaGivenThetaCore(minimum=0.0, maximum=0.7853981633974483, name='inclination_EM', N_sigma=1.0, latex_label='$\\iota$', unit=None, boundary=None)
08:18 bilby INFO    : inclination_EM=nmma.em.prior.ConditionalGaussianIotaGivenThetaCore(minimum=0.0, maximum=0.7853981633974483, name='inclination_EM', N_sigma=1.0, latex_label='$\\iota$', unit=None, boundary=None)
08:18 bilby INFO    : inclination_EM=nmma.em.prior.ConditionalGaussianIotaGivenThetaCore(minimum=0.0, maximum=0.7853981633974483, name='inclination_EM', N_sigma=1.0, latex_label='$\\iota$', unit=None, boundary=None)
08:18 bilby INFO    : inclination_EM=nmma.em.prior.ConditionalGaussianIotaGivenThetaCore(minimum=0.0, maximum=0.7853981633974483, name='inclination_EM', N_sigma=1.0, latex_label='$\\iota$', unit=None, boundary=None)
08:18 bilby INFO    : log10_mej_dyn=Uniform(minimum=-3.0, maximum=-1.0, name='log10_mej_dyn', latex_label='$\\log_{10}M^{\\rm{dyn}}_{\\rm{ej}}$', unit=None, boundary='reflective')
08:18 bilby INFO    : inclination_EM=nmma.em.prior.ConditionalGaussianIotaGivenThetaCore(minimum=0.0, maximum=0.7853981633974483, name='inclination_EM', N_sigma=1.0, latex_label='$\\iota$', unit=None, boundary=None)
08:18 bilby INFO    : inclination_EM=nmma.em.prior.ConditionalGaussianIotaGivenThetaCore(minimum=0.0, maximum=0.7853981633974483, name='inclination_EM', N_sigma=1.0, latex_label='$\\iota$', unit=None, boundary=None)
08:18 bilby INFO    : inclination_EM=nmma.em.prior.ConditionalGaussianIotaGivenThetaCore(minimum=0.0, maximum=0.7853981633974483, name='inclination_EM', N_sigma=1.0, latex_label='$\\iota$', unit=None, boundary=None)
08:18 bilby INFO    : inclination_EM=nmma.em.prior.ConditionalGaussianIotaGivenThetaCore(minimum=0.0, maximum=0.7853981633974483, name='inclination_EM', N_sigma=1.0, latex_label='$\\iota$', unit=None, boundary=None)
08:18 bilby INFO    : inclination_EM=nmma.em.prior.ConditionalGaussianIotaGivenThetaCore(minimum=0.0, maximum=0.7853981633974483, name='inclination_EM', N_sigma=1.0, latex_label='$\\iota$', unit=None, boundary=None)
08:18 bilby INFO    : inclination_EM=nmma.em.prior.ConditionalGaussianIotaGivenThetaCore(minimum=0.0, maximum=0.7853981633974483, name='inclination_EM', N_sigma=1.0, latex_label='$\\iota$', unit=None, boundary=None)
08:18 bilby INFO    : inclination_EM=nmma.em.prior.ConditionalGaussianIotaGivenThetaCore(minimum=0.0, maximum=0.7853981633974483, name='inclination_EM', N_sigma=1.0, latex_label='$\\iota$', unit=None, boundary=None)
08:18 bilby INFO    : inclination_EM=nmma.em.prior.ConditionalGaussianIotaGivenThetaCore(minimum=0.0, maximum=0.7853981633974483, name='inclination_EM', N_sigma=1.0, latex_label='$\\iota$', unit=None, boundary=None)
08:18 bilby INFO    : luminosity_distance=Uniform(minimum=0, maximum=3000, name='luminosity_distance', latex_label='$D_L$', unit=None, boundary=None)
08:18 bilby INFO    : inclination_EM=nmma.em.prior.ConditionalGaussianIotaGivenThetaCore(minimum=0.0, maximum=0.7853981633974483, name='inclination_EM', N_sigma=1.0, latex_label='$\\iota$', unit=None, boundary=None)
08:18 bilby INFO    : inclination_EM=nmma.em.prior.ConditionalGaussianIotaGivenThetaCore(minimum=0.0, maximum=0.7853981633974483, name='inclination_EM', N_sigma=1.0, latex_label='$\\iota$', unit=None, boundary=None)
08:18 bilby INFO    : inclination_EM=nmma.em.prior.ConditionalGaussianIotaGivenThetaCore(minimum=0.0, maximum=0.7853981633974483, name='inclination_EM', N_sigma=1.0, latex_label='$\\iota$', unit=None, boundary=None)
08:18 bilby INFO    : inclination_EM=nmma.em.prior.ConditionalGaussianIotaGivenThetaCore(minimum=0.0, maximum=0.7853981633974483, name='inclination_EM', N_sigma=1.0, latex_label='$\\iota$', unit=None, boundary=None)
08:18 bilby INFO    : inclination_EM=nmma.em.prior.ConditionalGaussianIotaGivenThetaCore(minimum=0.0, maximum=0.7853981633974483, name='inclination_EM', N_sigma=1.0, latex_label='$\\iota$', unit=None, boundary=None)
08:18 bilby INFO    : inclination_EM=nmma.em.prior.ConditionalGaussianIotaGivenThetaCore(minimum=0.0, maximum=0.7853981633974483, name='inclination_EM', N_sigma=1.0, latex_label='$\\iota$', unit=None, boundary=None)
08:18 bilby INFO    : inclination_EM=nmma.em.prior.ConditionalGaussianIotaGivenThetaCore(minimum=0.0, maximum=0.7853981633974483, name='inclination_EM', N_sigma=1.0, latex_label='$\\iota$', unit=None, boundary=None)
08:18 bilby INFO    : inclination_EM=nmma.em.prior.ConditionalGaussianIotaGivenThetaCore(minimum=0.0, maximum=0.7853981633974483, name='inclination_EM', N_sigma=1.0, latex_label='$\\iota$', unit=None, boundary=None)
08:18 bilby INFO    : inclination_EM=nmma.em.prior.ConditionalGaussianIotaGivenThetaCore(minimum=0.0, maximum=0.7853981633974483, name='inclination_EM', N_sigma=1.0, latex_label='$\\iota$', unit=None, boundary=None)
08:18 bilby INFO    : luminosity_distance=Uniform(minimum=0, maximum=3000, name='luminosity_distance', latex_label='$D_L$', unit=None, boundary=None)
08:18 bilby INFO    : inclination_EM=nmma.em.prior.ConditionalGaussianIotaGivenThetaCore(minimum=0.0, maximum=0.7853981633974483, name='inclination_EM', N_sigma=1.0, latex_label='$\\iota$', unit=None, boundary=None)
08:18 bilby INFO    : luminosity_distance=Uniform(minimum=0, maximum=3000, name='luminosity_distance', latex_label='$D_L$', unit=None, boundary=None)
08:18 bilby INFO    : luminosity_distance=Uniform(minimum=0, maximum=3000, name='luminosity_distance', latex_label='$D_L$', unit=None, boundary=None)
08:18 bilby INFO    : luminosity_distance=Uniform(minimum=0, maximum=3000, name='luminosity_distance', latex_label='$D_L$', unit=None, boundary=None)
08:18 bilby INFO    : luminosity_distance=Uniform(minimum=0, maximum=3000, name='luminosity_distance', latex_label='$D_L$', unit=None, boundary=None)
08:18 bilby INFO    : luminosity_distance=Uniform(minimum=0, maximum=3000, name='luminosity_distance', latex_label='$D_L$', unit=None, boundary=None)
08:18 bilby INFO    : luminosity_distance=Uniform(minimum=0, maximum=3000, name='luminosity_distance', latex_label='$D_L$', unit=None, boundary=None)
08:18 bilby INFO    : luminosity_distance=Uniform(minimum=0, maximum=3000, name='luminosity_distance', latex_label='$D_L$', unit=None, boundary=None)
08:18 bilby INFO    : luminosity_distance=Uniform(minimum=0, maximum=3000, name='luminosity_distance', latex_label='$D_L$', unit=None, boundary=None)
08:18 bilby INFO    : luminosity_distance=Uniform(minimum=0, maximum=3000, name='luminosity_distance', latex_label='$D_L$', unit=None, boundary=None)
08:18 bilby INFO    : luminosity_distance=Uniform(minimum=0, maximum=3000, name='luminosity_distance', latex_label='$D_L$', unit=None, boundary=None)
08:18 bilby INFO    : luminosity_distance=Uniform(minimum=0, maximum=3000, name='luminosity_distance', latex_label='$D_L$', unit=None, boundary=None)
08:18 bilby INFO    : luminosity_distance=Uniform(minimum=0, maximum=3000, name='luminosity_distance', latex_label='$D_L$', unit=None, boundary=None)
08:18 bilby INFO    : log10_mej_wind=Uniform(minimum=-3.0, maximum=-0.5, name='log10_mej_wind', latex_label='$\\log_{10}M^{\\rm{wind}}_{\\rm{ej}}$', unit=None, boundary='reflective')
08:18 bilby INFO    : luminosity_distance=Uniform(minimum=0, maximum=3000, name='luminosity_distance', latex_label='$D_L$', unit=None, boundary=None)
08:18 bilby INFO    : luminosity_distance=Uniform(minimum=0, maximum=3000, name='luminosity_distance', latex_label='$D_L$', unit=None, boundary=None)
08:18 bilby INFO    : luminosity_distance=Uniform(minimum=0, maximum=3000, name='luminosity_distance', latex_label='$D_L$', unit=None, boundary=None)
08:18 bilby INFO    : luminosity_distance=Uniform(minimum=0, maximum=3000, name='luminosity_distance', latex_label='$D_L$', unit=None, boundary=None)
08:18 bilby INFO    : luminosity_distance=Uniform(minimum=0, maximum=3000, name='luminosity_distance', latex_label='$D_L$', unit=None, boundary=None)
08:18 bilby INFO    : luminosity_distance=Uniform(minimum=0, maximum=3000, name='luminosity_distance', latex_label='$D_L$', unit=None, boundary=None)
08:18 bilby INFO    : luminosity_distance=Uniform(minimum=0, maximum=3000, name='luminosity_distance', latex_label='$D_L$', unit=None, boundary=None)
08:18 bilby INFO    : luminosity_distance=Uniform(minimum=0, maximum=3000, name='luminosity_distance', latex_label='$D_L$', unit=None, boundary=None)
08:18 bilby INFO    : luminosity_distance=Uniform(minimum=0, maximum=3000, name='luminosity_distance', latex_label='$D_L$', unit=None, boundary=None)
08:18 bilby INFO    : luminosity_distance=Uniform(minimum=0, maximum=3000, name='luminosity_distance', latex_label='$D_L$', unit=None, boundary=None)
08:18 bilby INFO    : log10_E0=Uniform(minimum=47.0, maximum=55.0, name='log10_E0', latex_label='$\\log_{10}E_0$', unit=None, boundary='reflective')
08:18 bilby INFO    : log10_E0=Uniform(minimum=47.0, maximum=55.0, name='log10_E0', latex_label='$\\log_{10}E_0$', unit=None, boundary='reflective')
08:18 bilby INFO    : luminosity_distance=Uniform(minimum=0, maximum=3000, name='luminosity_distance', latex_label='$D_L$', unit=None, boundary=None)
08:18 bilby INFO    : luminosity_distance=Uniform(minimum=0, maximum=3000, name='luminosity_distance', latex_label='$D_L$', unit=None, boundary=None)
08:18 bilby INFO    : log10_E0=Uniform(minimum=47.0, maximum=55.0, name='log10_E0', latex_label='$\\log_{10}E_0$', unit=None, boundary='reflective')
08:18 bilby INFO    : luminosity_distance=Uniform(minimum=0, maximum=3000, name='luminosity_distance', latex_label='$D_L$', unit=None, boundary=None)
08:18 bilby INFO    : luminosity_distance=Uniform(minimum=0, maximum=3000, name='luminosity_distance', latex_label='$D_L$', unit=None, boundary=None)
08:18 bilby INFO    : log10_E0=Uniform(minimum=47.0, maximum=55.0, name='log10_E0', latex_label='$\\log_{10}E_0$', unit=None, boundary='reflective')
08:18 bilby INFO    : luminosity_distance=Uniform(minimum=0, maximum=3000, name='luminosity_distance', latex_label='$D_L$', unit=None, boundary=None)
08:18 bilby INFO    : log10_E0=Uniform(minimum=47.0, maximum=55.0, name='log10_E0', latex_label='$\\log_{10}E_0$', unit=None, boundary='reflective')
08:18 bilby INFO    : log10_E0=Uniform(minimum=47.0, maximum=55.0, name='log10_E0', latex_label='$\\log_{10}E_0$', unit=None, boundary='reflective')
08:18 bilby INFO    : luminosity_distance=Uniform(minimum=0, maximum=3000, name='luminosity_distance', latex_label='$D_L$', unit=None, boundary=None)
08:18 bilby INFO    : log10_E0=Uniform(minimum=47.0, maximum=55.0, name='log10_E0', latex_label='$\\log_{10}E_0$', unit=None, boundary='reflective')
08:18 bilby INFO    : log10_E0=Uniform(minimum=47.0, maximum=55.0, name='log10_E0', latex_label='$\\log_{10}E_0$', unit=None, boundary='reflective')
08:18 bilby INFO    : log10_E0=Uniform(minimum=47.0, maximum=55.0, name='log10_E0', latex_label='$\\log_{10}E_0$', unit=None, boundary='reflective')
08:18 bilby INFO    : log10_E0=Uniform(minimum=47.0, maximum=55.0, name='log10_E0', latex_label='$\\log_{10}E_0$', unit=None, boundary='reflective')
08:18 bilby INFO    : log10_E0=Uniform(minimum=47.0, maximum=55.0, name='log10_E0', latex_label='$\\log_{10}E_0$', unit=None, boundary='reflective')
08:18 bilby INFO    : log10_E0=Uniform(minimum=47.0, maximum=55.0, name='log10_E0', latex_label='$\\log_{10}E_0$', unit=None, boundary='reflective')
08:18 bilby INFO    : log10_E0=Uniform(minimum=47.0, maximum=55.0, name='log10_E0', latex_label='$\\log_{10}E_0$', unit=None, boundary='reflective')
08:18 bilby INFO    : log10_E0=Uniform(minimum=47.0, maximum=55.0, name='log10_E0', latex_label='$\\log_{10}E_0$', unit=None, boundary='reflective')
08:18 bilby INFO    : log10_E0=Uniform(minimum=47.0, maximum=55.0, name='log10_E0', latex_label='$\\log_{10}E_0$', unit=None, boundary='reflective')
08:18 bilby INFO    : log10_E0=Uniform(minimum=47.0, maximum=55.0, name='log10_E0', latex_label='$\\log_{10}E_0$', unit=None, boundary='reflective')
08:18 bilby INFO    : log10_E0=Uniform(minimum=47.0, maximum=55.0, name='log10_E0', latex_label='$\\log_{10}E_0$', unit=None, boundary='reflective')
08:18 bilby INFO    : log10_E0=Uniform(minimum=47.0, maximum=55.0, name='log10_E0', latex_label='$\\log_{10}E_0$', unit=None, boundary='reflective')
08:18 bilby INFO    : log10_E0=Uniform(minimum=47.0, maximum=55.0, name='log10_E0', latex_label='$\\log_{10}E_0$', unit=None, boundary='reflective')
08:18 bilby INFO    : log10_E0=Uniform(minimum=47.0, maximum=55.0, name='log10_E0', latex_label='$\\log_{10}E_0$', unit=None, boundary='reflective')
08:18 bilby INFO    : log10_E0=Uniform(minimum=47.0, maximum=55.0, name='log10_E0', latex_label='$\\log_{10}E_0$', unit=None, boundary='reflective')
08:18 bilby INFO    : thetaCore=Uniform(minimum=0.01, maximum=0.3141592653589793, name='theta_core', latex_label='$\\theta_c$', unit=None, boundary='reflective')
08:18 bilby INFO    : log10_E0=Uniform(minimum=47.0, maximum=55.0, name='log10_E0', latex_label='$\\log_{10}E_0$', unit=None, boundary='reflective')
08:18 bilby INFO    : log10_E0=Uniform(minimum=47.0, maximum=55.0, name='log10_E0', latex_label='$\\log_{10}E_0$', unit=None, boundary='reflective')
08:18 bilby INFO    : log10_E0=Uniform(minimum=47.0, maximum=55.0, name='log10_E0', latex_label='$\\log_{10}E_0$', unit=None, boundary='reflective')
08:18 bilby INFO    : log10_E0=Uniform(minimum=47.0, maximum=55.0, name='log10_E0', latex_label='$\\log_{10}E_0$', unit=None, boundary='reflective')
08:18 bilby INFO    : thetaCore=Uniform(minimum=0.01, maximum=0.3141592653589793, name='theta_core', latex_label='$\\theta_c$', unit=None, boundary='reflective')
08:18 bilby INFO    : thetaCore=Uniform(minimum=0.01, maximum=0.3141592653589793, name='theta_core', latex_label='$\\theta_c$', unit=None, boundary='reflective')
08:18 bilby INFO    : log10_E0=Uniform(minimum=47.0, maximum=55.0, name='log10_E0', latex_label='$\\log_{10}E_0$', unit=None, boundary='reflective')
08:18 bilby INFO    : log10_E0=Uniform(minimum=47.0, maximum=55.0, name='log10_E0', latex_label='$\\log_{10}E_0$', unit=None, boundary='reflective')
08:18 bilby INFO    : thetaCore=Uniform(minimum=0.01, maximum=0.3141592653589793, name='theta_core', latex_label='$\\theta_c$', unit=None, boundary='reflective')
08:18 bilby INFO    : thetaCore=Uniform(minimum=0.01, maximum=0.3141592653589793, name='theta_core', latex_label='$\\theta_c$', unit=None, boundary='reflective')
08:18 bilby INFO    : thetaCore=Uniform(minimum=0.01, maximum=0.3141592653589793, name='theta_core', latex_label='$\\theta_c$', unit=None, boundary='reflective')
08:18 bilby INFO    : log10_E0=Uniform(minimum=47.0, maximum=55.0, name='log10_E0', latex_label='$\\log_{10}E_0$', unit=None, boundary='reflective')
08:18 bilby INFO    : thetaCore=Uniform(minimum=0.01, maximum=0.3141592653589793, name='theta_core', latex_label='$\\theta_c$', unit=None, boundary='reflective')
08:18 bilby INFO    : thetaCore=Uniform(minimum=0.01, maximum=0.3141592653589793, name='theta_core', latex_label='$\\theta_c$', unit=None, boundary='reflective')
08:18 bilby INFO    : thetaCore=Uniform(minimum=0.01, maximum=0.3141592653589793, name='theta_core', latex_label='$\\theta_c$', unit=None, boundary='reflective')
08:18 bilby INFO    : thetaCore=Uniform(minimum=0.01, maximum=0.3141592653589793, name='theta_core', latex_label='$\\theta_c$', unit=None, boundary='reflective')
08:18 bilby INFO    : inclination_EM=nmma.em.prior.ConditionalGaussianIotaGivenThetaCore(minimum=0.0, maximum=0.7853981633974483, name='inclination_EM', N_sigma=1.0, latex_label='$\\iota$', unit=None, boundary=None)
08:18 bilby INFO    : log10_E0=Uniform(minimum=47.0, maximum=55.0, name='log10_E0', latex_label='$\\log_{10}E_0$', unit=None, boundary='reflective')
08:18 bilby INFO    : thetaCore=Uniform(minimum=0.01, maximum=0.3141592653589793, name='theta_core', latex_label='$\\theta_c$', unit=None, boundary='reflective')
08:18 bilby INFO    : thetaCore=Uniform(minimum=0.01, maximum=0.3141592653589793, name='theta_core', latex_label='$\\theta_c$', unit=None, boundary='reflective')
08:18 bilby INFO    : thetaCore=Uniform(minimum=0.01, maximum=0.3141592653589793, name='theta_core', latex_label='$\\theta_c$', unit=None, boundary='reflective')
08:18 bilby INFO    : thetaCore=Uniform(minimum=0.01, maximum=0.3141592653589793, name='theta_core', latex_label='$\\theta_c$', unit=None, boundary='reflective')
08:18 bilby INFO    : thetaCore=Uniform(minimum=0.01, maximum=0.3141592653589793, name='theta_core', latex_label='$\\theta_c$', unit=None, boundary='reflective')
08:18 bilby INFO    : thetaCore=Uniform(minimum=0.01, maximum=0.3141592653589793, name='theta_core', latex_label='$\\theta_c$', unit=None, boundary='reflective')
08:18 bilby INFO    : thetaCore=Uniform(minimum=0.01, maximum=0.3141592653589793, name='theta_core', latex_label='$\\theta_c$', unit=None, boundary='reflective')
08:18 bilby INFO    : log10_E0=Uniform(minimum=47.0, maximum=55.0, name='log10_E0', latex_label='$\\log_{10}E_0$', unit=None, boundary='reflective')
08:18 bilby INFO    : thetaCore=Uniform(minimum=0.01, maximum=0.3141592653589793, name='theta_core', latex_label='$\\theta_c$', unit=None, boundary='reflective')
08:18 bilby INFO    : thetaCore=Uniform(minimum=0.01, maximum=0.3141592653589793, name='theta_core', latex_label='$\\theta_c$', unit=None, boundary='reflective')
08:18 bilby INFO    : thetaCore=Uniform(minimum=0.01, maximum=0.3141592653589793, name='theta_core', latex_label='$\\theta_c$', unit=None, boundary='reflective')
08:18 bilby INFO    : log10_n0=Uniform(minimum=-6, maximum=2.0, name='log10_n0', latex_label='$\\log_{10}n_0$', unit=None, boundary='reflective')
08:18 bilby INFO    : thetaCore=Uniform(minimum=0.01, maximum=0.3141592653589793, name='theta_core', latex_label='$\\theta_c$', unit=None, boundary='reflective')
08:18 bilby INFO    : thetaCore=Uniform(minimum=0.01, maximum=0.3141592653589793, name='theta_core', latex_label='$\\theta_c$', unit=None, boundary='reflective')
08:18 bilby INFO    : thetaCore=Uniform(minimum=0.01, maximum=0.3141592653589793, name='theta_core', latex_label='$\\theta_c$', unit=None, boundary='reflective')
08:18 bilby INFO    : log10_n0=Uniform(minimum=-6, maximum=2.0, name='log10_n0', latex_label='$\\log_{10}n_0$', unit=None, boundary='reflective')
08:18 bilby INFO    : log10_n0=Uniform(minimum=-6, maximum=2.0, name='log10_n0', latex_label='$\\log_{10}n_0$', unit=None, boundary='reflective')
08:18 bilby INFO    : thetaCore=Uniform(minimum=0.01, maximum=0.3141592653589793, name='theta_core', latex_label='$\\theta_c$', unit=None, boundary='reflective')
08:18 bilby INFO    : log10_n0=Uniform(minimum=-6, maximum=2.0, name='log10_n0', latex_label='$\\log_{10}n_0$', unit=None, boundary='reflective')
08:18 bilby INFO    : thetaCore=Uniform(minimum=0.01, maximum=0.3141592653589793, name='theta_core', latex_label='$\\theta_c$', unit=None, boundary='reflective')
08:18 bilby INFO    : thetaCore=Uniform(minimum=0.01, maximum=0.3141592653589793, name='theta_core', latex_label='$\\theta_c$', unit=None, boundary='reflective')
08:18 bilby INFO    : log10_n0=Uniform(minimum=-6, maximum=2.0, name='log10_n0', latex_label='$\\log_{10}n_0$', unit=None, boundary='reflective')
08:18 bilby INFO    : log10_n0=Uniform(minimum=-6, maximum=2.0, name='log10_n0', latex_label='$\\log_{10}n_0$', unit=None, boundary='reflective')
08:18 bilby INFO    : log10_n0=Uniform(minimum=-6, maximum=2.0, name='log10_n0', latex_label='$\\log_{10}n_0$', unit=None, boundary='reflective')
08:18 bilby INFO    : log10_n0=Uniform(minimum=-6, maximum=2.0, name='log10_n0', latex_label='$\\log_{10}n_0$', unit=None, boundary='reflective')
08:18 bilby INFO    : thetaCore=Uniform(minimum=0.01, maximum=0.3141592653589793, name='theta_core', latex_label='$\\theta_c$', unit=None, boundary='reflective')
08:18 bilby INFO    : thetaCore=Uniform(minimum=0.01, maximum=0.3141592653589793, name='theta_core', latex_label='$\\theta_c$', unit=None, boundary='reflective')
08:18 bilby INFO    : log10_n0=Uniform(minimum=-6, maximum=2.0, name='log10_n0', latex_label='$\\log_{10}n_0$', unit=None, boundary='reflective')
08:18 bilby INFO    : log10_n0=Uniform(minimum=-6, maximum=2.0, name='log10_n0', latex_label='$\\log_{10}n_0$', unit=None, boundary='reflective')
08:18 bilby INFO    : log10_n0=Uniform(minimum=-6, maximum=2.0, name='log10_n0', latex_label='$\\log_{10}n_0$', unit=None, boundary='reflective')
08:18 bilby INFO    : thetaCore=Uniform(minimum=0.01, maximum=0.3141592653589793, name='theta_core', latex_label='$\\theta_c$', unit=None, boundary='reflective')
08:18 bilby INFO    : log10_n0=Uniform(minimum=-6, maximum=2.0, name='log10_n0', latex_label='$\\log_{10}n_0$', unit=None, boundary='reflective')
08:18 bilby INFO    : log10_n0=Uniform(minimum=-6, maximum=2.0, name='log10_n0', latex_label='$\\log_{10}n_0$', unit=None, boundary='reflective')
08:18 bilby INFO    : luminosity_distance=Uniform(minimum=0, maximum=3000, name='luminosity_distance', latex_label='$D_L$', unit=None, boundary=None)
08:18 bilby INFO    : thetaCore=Uniform(minimum=0.01, maximum=0.3141592653589793, name='theta_core', latex_label='$\\theta_c$', unit=None, boundary='reflective')
08:18 bilby INFO    : log10_n0=Uniform(minimum=-6, maximum=2.0, name='log10_n0', latex_label='$\\log_{10}n_0$', unit=None, boundary='reflective')
08:18 bilby INFO    : log10_n0=Uniform(minimum=-6, maximum=2.0, name='log10_n0', latex_label='$\\log_{10}n_0$', unit=None, boundary='reflective')
08:18 bilby INFO    : log10_n0=Uniform(minimum=-6, maximum=2.0, name='log10_n0', latex_label='$\\log_{10}n_0$', unit=None, boundary='reflective')
08:18 bilby INFO    : log10_n0=Uniform(minimum=-6, maximum=2.0, name='log10_n0', latex_label='$\\log_{10}n_0$', unit=None, boundary='reflective')
08:18 bilby INFO    : log10_n0=Uniform(minimum=-6, maximum=2.0, name='log10_n0', latex_label='$\\log_{10}n_0$', unit=None, boundary='reflective')
08:18 bilby INFO    : p=Uniform(minimum=2.01, maximum=3.0, name='p', latex_label='$p$', unit=None, boundary=None)
08:18 bilby INFO    : log10_n0=Uniform(minimum=-6, maximum=2.0, name='log10_n0', latex_label='$\\log_{10}n_0$', unit=None, boundary='reflective')
08:18 bilby INFO    : log10_n0=Uniform(minimum=-6, maximum=2.0, name='log10_n0', latex_label='$\\log_{10}n_0$', unit=None, boundary='reflective')
08:18 bilby INFO    : log10_n0=Uniform(minimum=-6, maximum=2.0, name='log10_n0', latex_label='$\\log_{10}n_0$', unit=None, boundary='reflective')
08:18 bilby INFO    : log10_n0=Uniform(minimum=-6, maximum=2.0, name='log10_n0', latex_label='$\\log_{10}n_0$', unit=None, boundary='reflective')
08:18 bilby INFO    : p=Uniform(minimum=2.01, maximum=3.0, name='p', latex_label='$p$', unit=None, boundary=None)
08:18 bilby INFO    : p=Uniform(minimum=2.01, maximum=3.0, name='p', latex_label='$p$', unit=None, boundary=None)
08:18 bilby INFO    : log10_n0=Uniform(minimum=-6, maximum=2.0, name='log10_n0', latex_label='$\\log_{10}n_0$', unit=None, boundary='reflective')
08:18 bilby INFO    : log10_n0=Uniform(minimum=-6, maximum=2.0, name='log10_n0', latex_label='$\\log_{10}n_0$', unit=None, boundary='reflective')
08:18 bilby INFO    : p=Uniform(minimum=2.01, maximum=3.0, name='p', latex_label='$p$', unit=None, boundary=None)
08:18 bilby INFO    : log10_n0=Uniform(minimum=-6, maximum=2.0, name='log10_n0', latex_label='$\\log_{10}n_0$', unit=None, boundary='reflective')
08:18 bilby INFO    : log10_n0=Uniform(minimum=-6, maximum=2.0, name='log10_n0', latex_label='$\\log_{10}n_0$', unit=None, boundary='reflective')
08:18 bilby INFO    : log10_n0=Uniform(minimum=-6, maximum=2.0, name='log10_n0', latex_label='$\\log_{10}n_0$', unit=None, boundary='reflective')
08:18 bilby INFO    : p=Uniform(minimum=2.01, maximum=3.0, name='p', latex_label='$p$', unit=None, boundary=None)
08:18 bilby INFO    : p=Uniform(minimum=2.01, maximum=3.0, name='p', latex_label='$p$', unit=None, boundary=None)
08:18 bilby INFO    : log10_n0=Uniform(minimum=-6, maximum=2.0, name='log10_n0', latex_label='$\\log_{10}n_0$', unit=None, boundary='reflective')
08:18 bilby INFO    : p=Uniform(minimum=2.01, maximum=3.0, name='p', latex_label='$p$', unit=None, boundary=None)
08:18 bilby INFO    : log10_n0=Uniform(minimum=-6, maximum=2.0, name='log10_n0', latex_label='$\\log_{10}n_0$', unit=None, boundary='reflective')
08:18 bilby INFO    : p=Uniform(minimum=2.01, maximum=3.0, name='p', latex_label='$p$', unit=None, boundary=None)
08:18 bilby INFO    : p=Uniform(minimum=2.01, maximum=3.0, name='p', latex_label='$p$', unit=None, boundary=None)
08:18 bilby INFO    : p=Uniform(minimum=2.01, maximum=3.0, name='p', latex_label='$p$', unit=None, boundary=None)
08:18 bilby INFO    : p=Uniform(minimum=2.01, maximum=3.0, name='p', latex_label='$p$', unit=None, boundary=None)
08:18 bilby INFO    : log10_E0=Uniform(minimum=47.0, maximum=55.0, name='log10_E0', latex_label='$\\log_{10}E_0$', unit=None, boundary='reflective')
08:18 bilby INFO    : p=Uniform(minimum=2.01, maximum=3.0, name='p', latex_label='$p$', unit=None, boundary=None)
08:18 bilby INFO    : p=Uniform(minimum=2.01, maximum=3.0, name='p', latex_label='$p$', unit=None, boundary=None)
08:18 bilby INFO    : p=Uniform(minimum=2.01, maximum=3.0, name='p', latex_label='$p$', unit=None, boundary=None)
08:18 bilby INFO    : p=Uniform(minimum=2.01, maximum=3.0, name='p', latex_label='$p$', unit=None, boundary=None)
08:18 bilby INFO    : p=Uniform(minimum=2.01, maximum=3.0, name='p', latex_label='$p$', unit=None, boundary=None)
08:18 bilby INFO    : p=Uniform(minimum=2.01, maximum=3.0, name='p', latex_label='$p$', unit=None, boundary=None)
08:18 bilby INFO    : log10_epsilon_e=Uniform(minimum=-5, maximum=0, name='log10_epsilon_e', latex_label='$\\log_{10}\\epsilon_e$', unit=None, boundary='reflective')
08:18 bilby INFO    : log10_n0=Uniform(minimum=-6, maximum=2.0, name='log10_n0', latex_label='$\\log_{10}n_0$', unit=None, boundary='reflective')
08:18 bilby INFO    : p=Uniform(minimum=2.01, maximum=3.0, name='p', latex_label='$p$', unit=None, boundary=None)
08:18 bilby INFO    : p=Uniform(minimum=2.01, maximum=3.0, name='p', latex_label='$p$', unit=None, boundary=None)
08:18 bilby INFO    : p=Uniform(minimum=2.01, maximum=3.0, name='p', latex_label='$p$', unit=None, boundary=None)
08:18 bilby INFO    : p=Uniform(minimum=2.01, maximum=3.0, name='p', latex_label='$p$', unit=None, boundary=None)
08:18 bilby INFO    : log10_epsilon_e=Uniform(minimum=-5, maximum=0, name='log10_epsilon_e', latex_label='$\\log_{10}\\epsilon_e$', unit=None, boundary='reflective')
08:18 bilby INFO    : log10_epsilon_e=Uniform(minimum=-5, maximum=0, name='log10_epsilon_e', latex_label='$\\log_{10}\\epsilon_e$', unit=None, boundary='reflective')
08:18 bilby INFO    : log10_epsilon_e=Uniform(minimum=-5, maximum=0, name='log10_epsilon_e', latex_label='$\\log_{10}\\epsilon_e$', unit=None, boundary='reflective')
08:18 bilby INFO    : log10_epsilon_e=Uniform(minimum=-5, maximum=0, name='log10_epsilon_e', latex_label='$\\log_{10}\\epsilon_e$', unit=None, boundary='reflective')
08:18 bilby INFO    : p=Uniform(minimum=2.01, maximum=3.0, name='p', latex_label='$p$', unit=None, boundary=None)
08:18 bilby INFO    : log10_epsilon_e=Uniform(minimum=-5, maximum=0, name='log10_epsilon_e', latex_label='$\\log_{10}\\epsilon_e$', unit=None, boundary='reflective')
08:18 bilby INFO    : p=Uniform(minimum=2.01, maximum=3.0, name='p', latex_label='$p$', unit=None, boundary=None)
08:18 bilby INFO    : log10_epsilon_e=Uniform(minimum=-5, maximum=0, name='log10_epsilon_e', latex_label='$\\log_{10}\\epsilon_e$', unit=None, boundary='reflective')
08:18 bilby INFO    : p=Uniform(minimum=2.01, maximum=3.0, name='p', latex_label='$p$', unit=None, boundary=None)
08:18 bilby INFO    : p=Uniform(minimum=2.01, maximum=3.0, name='p', latex_label='$p$', unit=None, boundary=None)
08:18 bilby INFO    : p=Uniform(minimum=2.01, maximum=3.0, name='p', latex_label='$p$', unit=None, boundary=None)
08:18 bilby INFO    : p=Uniform(minimum=2.01, maximum=3.0, name='p', latex_label='$p$', unit=None, boundary=None)
08:18 bilby INFO    : p=Uniform(minimum=2.01, maximum=3.0, name='p', latex_label='$p$', unit=None, boundary=None)
08:18 bilby INFO    : p=Uniform(minimum=2.01, maximum=3.0, name='p', latex_label='$p$', unit=None, boundary=None)
08:18 bilby INFO    : log10_epsilon_e=Uniform(minimum=-5, maximum=0, name='log10_epsilon_e', latex_label='$\\log_{10}\\epsilon_e$', unit=None, boundary='reflective')
08:18 bilby INFO    : log10_epsilon_e=Uniform(minimum=-5, maximum=0, name='log10_epsilon_e', latex_label='$\\log_{10}\\epsilon_e$', unit=None, boundary='reflective')
08:18 bilby INFO    : log10_epsilon_e=Uniform(minimum=-5, maximum=0, name='log10_epsilon_e', latex_label='$\\log_{10}\\epsilon_e$', unit=None, boundary='reflective')
08:18 bilby INFO    : log10_epsilon_e=Uniform(minimum=-5, maximum=0, name='log10_epsilon_e', latex_label='$\\log_{10}\\epsilon_e$', unit=None, boundary='reflective')
08:18 bilby INFO    : thetaCore=Uniform(minimum=0.01, maximum=0.3141592653589793, name='theta_core', latex_label='$\\theta_c$', unit=None, boundary='reflective')
08:18 bilby INFO    : log10_epsilon_e=Uniform(minimum=-5, maximum=0, name='log10_epsilon_e', latex_label='$\\log_{10}\\epsilon_e$', unit=None, boundary='reflective')
08:18 bilby INFO    : log10_epsilon_e=Uniform(minimum=-5, maximum=0, name='log10_epsilon_e', latex_label='$\\log_{10}\\epsilon_e$', unit=None, boundary='reflective')
08:18 bilby INFO    : log10_epsilon_B=Uniform(minimum=-10, maximum=0, name='log10_epsilon_B', latex_label='$\\log_{10}\\epsilon_B$', unit=None, boundary='reflective')
08:18 bilby INFO    : log10_epsilon_e=Uniform(minimum=-5, maximum=0, name='log10_epsilon_e', latex_label='$\\log_{10}\\epsilon_e$', unit=None, boundary='reflective')
08:18 bilby INFO    : log10_epsilon_e=Uniform(minimum=-5, maximum=0, name='log10_epsilon_e', latex_label='$\\log_{10}\\epsilon_e$', unit=None, boundary='reflective')
08:18 bilby INFO    : log10_epsilon_e=Uniform(minimum=-5, maximum=0, name='log10_epsilon_e', latex_label='$\\log_{10}\\epsilon_e$', unit=None, boundary='reflective')
08:18 bilby INFO    : log10_epsilon_e=Uniform(minimum=-5, maximum=0, name='log10_epsilon_e', latex_label='$\\log_{10}\\epsilon_e$', unit=None, boundary='reflective')
08:18 bilby INFO    : log10_epsilon_e=Uniform(minimum=-5, maximum=0, name='log10_epsilon_e', latex_label='$\\log_{10}\\epsilon_e$', unit=None, boundary='reflective')
08:18 bilby INFO    : log10_epsilon_B=Uniform(minimum=-10, maximum=0, name='log10_epsilon_B', latex_label='$\\log_{10}\\epsilon_B$', unit=None, boundary='reflective')
08:18 bilby INFO    : log10_epsilon_B=Uniform(minimum=-10, maximum=0, name='log10_epsilon_B', latex_label='$\\log_{10}\\epsilon_B$', unit=None, boundary='reflective')
08:18 bilby INFO    : KNtimeshift=0.0
08:18 bilby INFO    : p=Uniform(minimum=2.01, maximum=3.0, name='p', latex_label='$p$', unit=None, boundary=None)
08:18 bilby INFO    : log10_epsilon_e=Uniform(minimum=-5, maximum=0, name='log10_epsilon_e', latex_label='$\\log_{10}\\epsilon_e$', unit=None, boundary='reflective')
08:18 bilby INFO    : log10_epsilon_e=Uniform(minimum=-5, maximum=0, name='log10_epsilon_e', latex_label='$\\log_{10}\\epsilon_e$', unit=None, boundary='reflective')
08:18 bilby INFO    : log10_epsilon_e=Uniform(minimum=-5, maximum=0, name='log10_epsilon_e', latex_label='$\\log_{10}\\epsilon_e$', unit=None, boundary='reflective')
08:18 bilby INFO    : log10_epsilon_e=Uniform(minimum=-5, maximum=0, name='log10_epsilon_e', latex_label='$\\log_{10}\\epsilon_e$', unit=None, boundary='reflective')
08:18 bilby INFO    : log10_epsilon_B=Uniform(minimum=-10, maximum=0, name='log10_epsilon_B', latex_label='$\\log_{10}\\epsilon_B$', unit=None, boundary='reflective')
08:18 bilby INFO    : log10_epsilon_e=Uniform(minimum=-5, maximum=0, name='log10_epsilon_e', latex_label='$\\log_{10}\\epsilon_e$', unit=None, boundary='reflective')
08:18 bilby INFO    : KNtimeshift=0.0
08:18 bilby INFO    : KNtimeshift=0.0
08:18 bilby INFO    : log10_epsilon_B=Uniform(minimum=-10, maximum=0, name='log10_epsilon_B', latex_label='$\\log_{10}\\epsilon_B$', unit=None, boundary='reflective')
08:18 bilby INFO    : KNtimeshift=0.0
08:18 bilby INFO    : log10_epsilon_e=Uniform(minimum=-5, maximum=0, name='log10_epsilon_e', latex_label='$\\log_{10}\\epsilon_e$', unit=None, boundary='reflective')
08:18 bilby INFO    : log10_epsilon_B=Uniform(minimum=-10, maximum=0, name='log10_epsilon_B', latex_label='$\\log_{10}\\epsilon_B$', unit=None, boundary='reflective')
08:18 bilby INFO    : Ebv=0.0
08:18 bilby INFO    : log10_epsilon_e=Uniform(minimum=-5, maximum=0, name='log10_epsilon_e', latex_label='$\\log_{10}\\epsilon_e$', unit=None, boundary='reflective')
08:18 bilby INFO    : log10_epsilon_B=Uniform(minimum=-10, maximum=0, name='log10_epsilon_B', latex_label='$\\log_{10}\\epsilon_B$', unit=None, boundary='reflective')
08:18 bilby INFO    : log10_epsilon_e=Uniform(minimum=-5, maximum=0, name='log10_epsilon_e', latex_label='$\\log_{10}\\epsilon_e$', unit=None, boundary='reflective')
08:18 bilby INFO    : log10_epsilon_B=Uniform(minimum=-10, maximum=0, name='log10_epsilon_B', latex_label='$\\log_{10}\\epsilon_B$', unit=None, boundary='reflective')
08:18 bilby INFO    : log10_epsilon_B=Uniform(minimum=-10, maximum=0, name='log10_epsilon_B', latex_label='$\\log_{10}\\epsilon_B$', unit=None, boundary='reflective')
08:18 bilby INFO    : KNtimeshift=0.0
08:18 bilby INFO    : log10_epsilon_B=Uniform(minimum=-10, maximum=0, name='log10_epsilon_B', latex_label='$\\log_{10}\\epsilon_B$', unit=None, boundary='reflective')
08:18 bilby INFO    : log10_epsilon_B=Uniform(minimum=-10, maximum=0, name='log10_epsilon_B', latex_label='$\\log_{10}\\epsilon_B$', unit=None, boundary='reflective')
08:18 bilby INFO    : log10_epsilon_B=Uniform(minimum=-10, maximum=0, name='log10_epsilon_B', latex_label='$\\log_{10}\\epsilon_B$', unit=None, boundary='reflective')
08:18 bilby INFO    : Ebv=0.0
08:18 bilby INFO    : log10_n0=Uniform(minimum=-6, maximum=2.0, name='log10_n0', latex_label='$\\log_{10}n_0$', unit=None, boundary='reflective')
08:18 bilby INFO    : KNtimeshift=0.0
08:18 bilby INFO    : log10_epsilon_B=Uniform(minimum=-10, maximum=0, name='log10_epsilon_B', latex_label='$\\log_{10}\\epsilon_B$', unit=None, boundary='reflective')
08:18 bilby INFO    : log10_epsilon_e=Uniform(minimum=-5, maximum=0, name='log10_epsilon_e', latex_label='$\\log_{10}\\epsilon_e$', unit=None, boundary='reflective')
08:18 bilby INFO    : log10_epsilon_e=Uniform(minimum=-5, maximum=0, name='log10_epsilon_e', latex_label='$\\log_{10}\\epsilon_e$', unit=None, boundary='reflective')
08:18 bilby INFO    : KNtimeshift=0.0
08:18 bilby INFO    : log10_epsilon_e=Uniform(minimum=-5, maximum=0, name='log10_epsilon_e', latex_label='$\\log_{10}\\epsilon_e$', unit=None, boundary='reflective')
08:18 bilby INFO    : log10_epsilon_B=Uniform(minimum=-10, maximum=0, name='log10_epsilon_B', latex_label='$\\log_{10}\\epsilon_B$', unit=None, boundary='reflective')
08:18 bilby INFO    : Ebv=0.0
08:18 bilby INFO    : log10_epsilon_B=Uniform(minimum=-10, maximum=0, name='log10_epsilon_B', latex_label='$\\log_{10}\\epsilon_B$', unit=None, boundary='reflective')
08:18 bilby INFO    : KNtimeshift=0.0
08:18 bilby INFO    : Ebv=0.0
08:18 bilby INFO    : log10_epsilon_B=Uniform(minimum=-10, maximum=0, name='log10_epsilon_B', latex_label='$\\log_{10}\\epsilon_B$', unit=None, boundary='reflective')
08:18 bilby INFO    : KNtimeshift=0.0
08:18 bilby INFO    : KNtimeshift=0.0
08:18 bilby INFO    : KNtimeshift=0.0
08:18 bilby INFO    : log10_epsilon_B=Uniform(minimum=-10, maximum=0, name='log10_epsilon_B', latex_label='$\\log_{10}\\epsilon_B$', unit=None, boundary='reflective')
08:18 bilby INFO    : Ebv=0.0
08:18 bilby INFO    : Analysis likelihood class: <class 'nmma.em.likelihood.OpticalLightCurve'>
08:18 bilby INFO    : Analysis likelihood class: <class 'nmma.em.likelihood.OpticalLightCurve'>
08:18 bilby INFO    : Ebv=0.0
08:18 bilby INFO    : Analysis likelihood class: <class 'nmma.em.likelihood.OpticalLightCurve'>
08:18 bilby INFO    : log10_epsilon_B=Uniform(minimum=-10, maximum=0, name='log10_epsilon_B', latex_label='$\\log_{10}\\epsilon_B$', unit=None, boundary='reflective')
08:18 bilby INFO    : Ebv=0.0
08:18 bilby INFO    : Analysis likelihood class: <class 'nmma.em.likelihood.OpticalLightCurve'>
08:18 bilby INFO    : log10_epsilon_B=Uniform(minimum=-10, maximum=0, name='log10_epsilon_B', latex_label='$\\log_{10}\\epsilon_B$', unit=None, boundary='reflective')
08:18 bilby INFO    : KNtimeshift=0.0
08:18 bilby INFO    : log10_epsilon_e=Uniform(minimum=-5, maximum=0, name='log10_epsilon_e', latex_label='$\\log_{10}\\epsilon_e$', unit=None, boundary='reflective')
08:18 bilby INFO    : Analysis likelihood class: <class 'nmma.em.likelihood.OpticalLightCurve'>
08:18 bilby INFO    : Analysis likelihood noise evidence: 0.0
08:18 bilby INFO    : log10_epsilon_B=Uniform(minimum=-10, maximum=0, name='log10_epsilon_B', latex_label='$\\log_{10}\\epsilon_B$', unit=None, boundary='reflective')
08:18 bilby INFO    : KNtimeshift=0.0
08:18 bilby INFO    : log10_epsilon_B=Uniform(minimum=-10, maximum=0, name='log10_epsilon_B', latex_label='$\\log_{10}\\epsilon_B$', unit=None, boundary='reflective')
08:18 bilby INFO    : KNtimeshift=0.0
08:18 bilby INFO    : log10_epsilon_B=Uniform(minimum=-10, maximum=0, name='log10_epsilon_B', latex_label='$\\log_{10}\\epsilon_B$', unit=None, boundary='reflective')
08:18 bilby INFO    : KNtimeshift=0.0
08:18 bilby INFO    : Ebv=0.0
08:18 bilby INFO    : Analysis likelihood class: <class 'nmma.em.likelihood.OpticalLightCurve'>
08:18 bilby INFO    : KNtimeshift=0.0
08:18 bilby INFO    : Ebv=0.0
08:18 bilby INFO    : Analysis likelihood class: <class 'nmma.em.likelihood.OpticalLightCurve'>
08:18 bilby INFO    : log10_epsilon_B=Uniform(minimum=-10, maximum=0, name='log10_epsilon_B', latex_label='$\\log_{10}\\epsilon_B$', unit=None, boundary='reflective')
08:18 bilby INFO    : KNtimeshift=0.0
08:18 bilby INFO    : log10_epsilon_B=Uniform(minimum=-10, maximum=0, name='log10_epsilon_B', latex_label='$\\log_{10}\\epsilon_B$', unit=None, boundary='reflective')
08:18 bilby INFO    : KNtimeshift=0.0
08:18 bilby INFO    : Analysis likelihood class: <class 'nmma.em.likelihood.OpticalLightCurve'>
08:18 bilby INFO    : Analysis likelihood noise evidence: 0.0
08:18 bilby INFO    : Ebv=0.0
08:18 bilby INFO    : KNtimeshift=0.0
08:18 bilby INFO    : Ebv=0.0
08:18 bilby INFO    : Analysis likelihood class: <class 'nmma.em.likelihood.OpticalLightCurve'>
08:18 bilby INFO    : KNtimeshift=0.0
08:18 bilby INFO    : Ebv=0.0
08:18 bilby INFO    : KNtimeshift=0.0
08:18 bilby INFO    : Ebv=0.0
08:18 bilby INFO    : Analysis likelihood class: <class 'nmma.em.likelihood.OpticalLightCurve'>
08:18 bilby INFO    : Ebv=0.0
08:18 bilby INFO    : Analysis likelihood class: <class 'nmma.em.likelihood.OpticalLightCurve'>
08:18 bilby INFO    : Ebv=0.0
08:18 bilby INFO    : Analysis likelihood class: <class 'nmma.em.likelihood.OpticalLightCurve'>
08:18 bilby INFO    : KNtimeshift=0.0
08:18 bilby INFO    : Ebv=0.0
08:18 bilby INFO    : Analysis likelihood noise evidence: 0.0
08:18 bilby INFO    : Analysis likelihood noise evidence: 0.0
08:18 bilby INFO    : Analysis likelihood noise evidence: 0.0
08:18 bilby INFO    : p=Uniform(minimum=2.01, maximum=3.0, name='p', latex_label='$p$', unit=None, boundary=None)
08:18 bilby INFO    : KNtimeshift=0.0
08:18 bilby INFO    : Ebv=0.0
08:18 bilby INFO    : KNtimeshift=0.0
08:18 bilby INFO    : Ebv=0.0
08:18 bilby INFO    : Analysis likelihood class: <class 'nmma.em.likelihood.OpticalLightCurve'>
08:18 bilby INFO    : Ebv=0.0
08:18 bilby INFO    : log10_epsilon_B=Uniform(minimum=-10, maximum=0, name='log10_epsilon_B', latex_label='$\\log_{10}\\epsilon_B$', unit=None, boundary='reflective')
08:18 bilby INFO    : KNtimeshift=0.0
08:18 bilby INFO    : Ebv=0.0
08:18 bilby INFO    : Analysis likelihood class: <class 'nmma.em.likelihood.OpticalLightCurve'>
08:18 bilby INFO    : log10_epsilon_B=Uniform(minimum=-10, maximum=0, name='log10_epsilon_B', latex_label='$\\log_{10}\\epsilon_B$', unit=None, boundary='reflective')
08:18 bilby INFO    : KNtimeshift=0.0
08:18 bilby INFO    : log10_epsilon_B=Uniform(minimum=-10, maximum=0, name='log10_epsilon_B', latex_label='$\\log_{10}\\epsilon_B$', unit=None, boundary='reflective')
08:18 bilby INFO    : KNtimeshift=0.0
08:18 bilby INFO    : Ebv=0.0
08:18 bilby INFO    : Analysis likelihood class: <class 'nmma.em.likelihood.OpticalLightCurve'>
08:18 bilby INFO    : log10_epsilon_B=Uniform(minimum=-10, maximum=0, name='log10_epsilon_B', latex_label='$\\log_{10}\\epsilon_B$', unit=None, boundary='reflective')
08:18 bilby INFO    : KNtimeshift=0.0
08:18 bilby INFO    : Ebv=0.0
08:18 bilby INFO    : log10_epsilon_B=Uniform(minimum=-10, maximum=0, name='log10_epsilon_B', latex_label='$\\log_{10}\\epsilon_B$', unit=None, boundary='reflective')
08:18 bilby INFO    : KNtimeshift=0.0
08:18 bilby INFO    : Ebv=0.0
08:18 bilby INFO    : Analysis likelihood class: <class 'nmma.em.likelihood.OpticalLightCurve'>
08:18 bilby INFO    : Analysis likelihood class: <class 'nmma.em.likelihood.OpticalLightCurve'>
08:18 bilby INFO    : Analysis likelihood noise evidence: 0.0
08:18 bilby INFO    : Analysis likelihood noise evidence: 0.0
08:18 bilby INFO    : Analysis likelihood class: <class 'nmma.em.likelihood.OpticalLightCurve'>
08:18 bilby INFO    : Analysis likelihood noise evidence: 0.0
08:18 bilby INFO    : Ebv=0.0
08:18 bilby INFO    : Analysis likelihood class: <class 'nmma.em.likelihood.OpticalLightCurve'>
08:18 bilby INFO    : Analysis likelihood noise evidence: 0.0
08:18 bilby INFO    : Analysis likelihood noise evidence: 0.0
08:18 bilby INFO    : Analysis likelihood noise evidence: 0.0
08:18 bilby INFO    : Analysis likelihood class: <class 'nmma.em.likelihood.OpticalLightCurve'>
08:18 bilby INFO    : Analysis likelihood noise evidence: 0.0
08:18 bilby INFO    : Analysis likelihood class: <class 'nmma.em.likelihood.OpticalLightCurve'>
08:18 bilby INFO    : Analysis likelihood noise evidence: 0.0
08:18 bilby INFO    : Analysis likelihood noise evidence: 0.0
08:18 bilby INFO    : log10_epsilon_B=Uniform(minimum=-10, maximum=0, name='log10_epsilon_B', latex_label='$\\log_{10}\\epsilon_B$', unit=None, boundary='reflective')
08:18 bilby INFO    : KNtimeshift=0.0
08:18 bilby INFO    : Analysis likelihood class: <class 'nmma.em.likelihood.OpticalLightCurve'>
08:18 bilby INFO    : Analysis likelihood noise evidence: 0.0
08:18 bilby INFO    : Ebv=0.0
08:18 bilby INFO    : Analysis likelihood class: <class 'nmma.em.likelihood.OpticalLightCurve'>
08:18 bilby INFO    : Ebv=0.0
08:18 bilby INFO    : Analysis likelihood class: <class 'nmma.em.likelihood.OpticalLightCurve'>
08:18 bilby INFO    : Ebv=0.0
08:18 bilby INFO    : Analysis likelihood class: <class 'nmma.em.likelihood.OpticalLightCurve'>
08:18 bilby INFO    : Ebv=0.0
08:18 bilby INFO    : Analysis likelihood class: <class 'nmma.em.likelihood.OpticalLightCurve'>
08:18 bilby INFO    : Analysis likelihood noise evidence: 0.0
08:18 bilby INFO    : Analysis likelihood noise evidence: 0.0
08:18 bilby INFO    : Analysis likelihood noise evidence: 0.0
08:18 bilby INFO    : Ebv=0.0
08:18 bilby INFO    : Analysis likelihood class: <class 'nmma.em.likelihood.OpticalLightCurve'>
08:18 bilby INFO    : Analysis likelihood noise evidence: 0.0
08:18 bilby INFO    : Analysis likelihood class: <class 'nmma.em.likelihood.OpticalLightCurve'>
08:18 bilby INFO    : Analysis likelihood noise evidence: 0.0
08:18 bilby INFO    : Analysis likelihood noise evidence: 0.0
08:18 bilby INFO    : Analysis likelihood noise evidence: 0.0
08:18 bilby INFO    : log10_epsilon_e=Uniform(minimum=-5, maximum=0, name='log10_epsilon_e', latex_label='$\\log_{10}\\epsilon_e$', unit=None, boundary='reflective')
08:18 bilby INFO    : Analysis likelihood noise evidence: 0.0
08:18 bilby INFO    : Ebv=0.0
08:18 bilby INFO    : Analysis likelihood class: <class 'nmma.em.likelihood.OpticalLightCurve'>
08:18 bilby INFO    : Analysis likelihood noise evidence: 0.0
08:18 bilby INFO    : Analysis likelihood noise evidence: 0.0
08:18 bilby INFO    : Analysis likelihood noise evidence: 0.0
08:18 bilby INFO    : Analysis likelihood noise evidence: 0.0
08:18 bilby INFO    : Analysis likelihood class: <class 'nmma.em.likelihood.OpticalLightCurve'>
08:18 bilby INFO    : Analysis likelihood noise evidence: 0.0
08:18 bilby INFO    : Analysis likelihood noise evidence: 0.0
08:18 bilby INFO    : Analysis likelihood noise evidence: 0.0
08:18 bilby INFO    : log10_epsilon_B=Uniform(minimum=-10, maximum=0, name='log10_epsilon_B', latex_label='$\\log_{10}\\epsilon_B$', unit=None, boundary='reflective')
08:18 bilby INFO    : KNtimeshift=0.0
08:18 bilby INFO    : Ebv=0.0
08:18 bilby INFO    : Analysis likelihood class: <class 'nmma.em.likelihood.OpticalLightCurve'>
08:18 bilby INFO    : Analysis likelihood noise evidence: 0.0
08:18 bilby INFO    : inclination_EM=nmma.em.prior.ConditionalGaussianIotaGivenThetaCore(minimum=0.0, maximum=0.7853981633974483, name='inclination_EM', N_sigma=1.0, latex_label='$\\iota$', unit=None, boundary=None)
08:18 bilby INFO    : luminosity_distance=Uniform(minimum=0, maximum=3000, name='luminosity_distance', latex_label='$D_L$', unit=None, boundary=None)
08:18 bilby INFO    : log10_E0=Uniform(minimum=47.0, maximum=55.0, name='log10_E0', latex_label='$\\log_{10}E_0$', unit=None, boundary='reflective')
08:18 bilby INFO    : thetaCore=Uniform(minimum=0.01, maximum=0.3141592653589793, name='theta_core', latex_label='$\\theta_c$', unit=None, boundary='reflective')
08:18 bilby INFO    : log10_n0=Uniform(minimum=-6, maximum=2.0, name='log10_n0', latex_label='$\\log_{10}n_0$', unit=None, boundary='reflective')
08:18 bilby INFO    : p=Uniform(minimum=2.01, maximum=3.0, name='p', latex_label='$p$', unit=None, boundary=None)
08:18 bilby INFO    : log10_epsilon_e=Uniform(minimum=-5, maximum=0, name='log10_epsilon_e', latex_label='$\\log_{10}\\epsilon_e$', unit=None, boundary='reflective')
08:18 bilby INFO    : log10_epsilon_B=Uniform(minimum=-10, maximum=0, name='log10_epsilon_B', latex_label='$\\log_{10}\\epsilon_B$', unit=None, boundary='reflective')
08:18 bilby INFO    : KNtimeshift=0.0
08:18 bilby INFO    : Ebv=0.0
08:18 bilby INFO    : Analysis likelihood class: <class 'nmma.em.likelihood.OpticalLightCurve'>
08:18 bilby INFO    : Analysis likelihood noise evidence: 0.0
08:21 bilby INFO    : Single likelihood evaluation took 1.363e+00 s
08:21 bilby WARNING : Supplied argument 'queue_size' not an argument of 'Pymultinest', removing.
08:21 bilby WARNING : Supplied argument 'check_point_delta_t' not an argument of 'Pymultinest', removing.
08:21 bilby INFO    : Using sampler Pymultinest with kwargs {'importance_nested_sampling': False, 'resume': True, 'verbose': True, 'sampling_efficiency': 'parameter', 'n_live_points': 2048, 'n_params': 11, 'n_clustering_params': None, 'wrapped_params': None, 'multimodal': True, 'const_efficiency_mode': False, 'evidence_tolerance': 0.5, 'n_iter_before_update': 100, 'null_log_evidence': -1e+90, 'max_modes': 100, 'mode_tolerance': -1e+90, 'seed': 42, 'context': 0, 'write_output': True, 'log_zero': -1e+100, 'max_iter': 0, 'init_MPI': False, 'dump_callback': <bound method Pymultinest._dump_callback of <bilby.core.sampler.pymultinest.Pymultinest object at 0x15546e621be0>>}
08:21 bilby INFO    : Temporary directory incompatible with MPI, will run in original directory
08:21 bilby INFO    : Using output file outdirBNSButophat32cores/pm_GRB211211A/
08:21 bilby INFO    : Single likelihood evaluation took 1.398e+00 s
08:21 bilby WARNING : Supplied argument 'queue_size' not an argument of 'Pymultinest', removing.
08:21 bilby WARNING : Supplied argument 'check_point_delta_t' not an argument of 'Pymultinest', removing.
08:21 bilby INFO    : Using sampler Pymultinest with kwargs {'importance_nested_sampling': False, 'resume': True, 'verbose': True, 'sampling_efficiency': 'parameter', 'n_live_points': 2048, 'n_params': 11, 'n_clustering_params': None, 'wrapped_params': None, 'multimodal': True, 'const_efficiency_mode': False, 'evidence_tolerance': 0.5, 'n_iter_before_update': 100, 'null_log_evidence': -1e+90, 'max_modes': 100, 'mode_tolerance': -1e+90, 'seed': 42, 'context': 0, 'write_output': True, 'log_zero': -1e+100, 'max_iter': 0, 'init_MPI': False, 'dump_callback': <bound method Pymultinest._dump_callback of <bilby.core.sampler.pymultinest.Pymultinest object at 0x155470d09490>>}
08:21 bilby INFO    : Temporary directory incompatible with MPI, will run in original directory
08:21 bilby INFO    : Using output file outdirBNSButophat32cores/pm_GRB211211A/
08:21 bilby INFO    : Single likelihood evaluation took 1.459e+00 s
08:21 bilby INFO    : Single likelihood evaluation took 1.481e+00 s
08:21 bilby WARNING : Supplied argument 'queue_size' not an argument of 'Pymultinest', removing.
08:21 bilby WARNING : Supplied argument 'check_point_delta_t' not an argument of 'Pymultinest', removing.
08:21 bilby INFO    : Using sampler Pymultinest with kwargs {'importance_nested_sampling': False, 'resume': True, 'verbose': True, 'sampling_efficiency': 'parameter', 'n_live_points': 2048, 'n_params': 11, 'n_clustering_params': None, 'wrapped_params': None, 'multimodal': True, 'const_efficiency_mode': False, 'evidence_tolerance': 0.5, 'n_iter_before_update': 100, 'null_log_evidence': -1e+90, 'max_modes': 100, 'mode_tolerance': -1e+90, 'seed': 42, 'context': 0, 'write_output': True, 'log_zero': -1e+100, 'max_iter': 0, 'init_MPI': False, 'dump_callback': <bound method Pymultinest._dump_callback of <bilby.core.sampler.pymultinest.Pymultinest object at 0x15546abd18e0>>}
08:21 bilby INFO    : Temporary directory incompatible with MPI, will run in original directory
08:21 bilby INFO    : Using output file outdirBNSButophat32cores/pm_GRB211211A/
08:21 bilby INFO    : Single likelihood evaluation took 1.503e+00 s
08:21 bilby INFO    : Single likelihood evaluation took 1.512e+00 s
08:21 bilby WARNING : Supplied argument 'queue_size' not an argument of 'Pymultinest', removing.
08:21 bilby WARNING : Supplied argument 'check_point_delta_t' not an argument of 'Pymultinest', removing.
08:21 bilby INFO    : Using sampler Pymultinest with kwargs {'importance_nested_sampling': False, 'resume': True, 'verbose': True, 'sampling_efficiency': 'parameter', 'n_live_points': 2048, 'n_params': 11, 'n_clustering_params': None, 'wrapped_params': None, 'multimodal': True, 'const_efficiency_mode': False, 'evidence_tolerance': 0.5, 'n_iter_before_update': 100, 'null_log_evidence': -1e+90, 'max_modes': 100, 'mode_tolerance': -1e+90, 'seed': 42, 'context': 0, 'write_output': True, 'log_zero': -1e+100, 'max_iter': 0, 'init_MPI': False, 'dump_callback': <bound method Pymultinest._dump_callback of <bilby.core.sampler.pymultinest.Pymultinest object at 0x15546f993a00>>}
08:21 bilby INFO    : Temporary directory incompatible with MPI, will run in original directory
08:21 bilby INFO    : Using output file outdirBNSButophat32cores/pm_GRB211211A/
08:21 bilby INFO    : Single likelihood evaluation took 1.481e+00 s
08:21 bilby WARNING : Supplied argument 'queue_size' not an argument of 'Pymultinest', removing.
08:21 bilby WARNING : Supplied argument 'check_point_delta_t' not an argument of 'Pymultinest', removing.
08:21 bilby INFO    : Using sampler Pymultinest with kwargs {'importance_nested_sampling': False, 'resume': True, 'verbose': True, 'sampling_efficiency': 'parameter', 'n_live_points': 2048, 'n_params': 11, 'n_clustering_params': None, 'wrapped_params': None, 'multimodal': True, 'const_efficiency_mode': False, 'evidence_tolerance': 0.5, 'n_iter_before_update': 100, 'null_log_evidence': -1e+90, 'max_modes': 100, 'mode_tolerance': -1e+90, 'seed': 42, 'context': 0, 'write_output': True, 'log_zero': -1e+100, 'max_iter': 0, 'init_MPI': False, 'dump_callback': <bound method Pymultinest._dump_callback of <bilby.core.sampler.pymultinest.Pymultinest object at 0x15546f996730>>}
08:21 bilby INFO    : Temporary directory incompatible with MPI, will run in original directory
08:21 bilby INFO    : Using output file outdirBNSButophat32cores/pm_GRB211211A/
08:21 bilby WARNING : Supplied argument 'queue_size' not an argument of 'Pymultinest', removing.
08:21 bilby WARNING : Supplied argument 'check_point_delta_t' not an argument of 'Pymultinest', removing.
08:21 bilby INFO    : Using sampler Pymultinest with kwargs {'importance_nested_sampling': False, 'resume': True, 'verbose': True, 'sampling_efficiency': 'parameter', 'n_live_points': 2048, 'n_params': 11, 'n_clustering_params': None, 'wrapped_params': None, 'multimodal': True, 'const_efficiency_mode': False, 'evidence_tolerance': 0.5, 'n_iter_before_update': 100, 'null_log_evidence': -1e+90, 'max_modes': 100, 'mode_tolerance': -1e+90, 'seed': 42, 'context': 0, 'write_output': True, 'log_zero': -1e+100, 'max_iter': 0, 'init_MPI': False, 'dump_callback': <bound method Pymultinest._dump_callback of <bilby.core.sampler.pymultinest.Pymultinest object at 0x15546f994b20>>}
08:21 bilby INFO    : Temporary directory incompatible with MPI, will run in original directory
08:21 bilby INFO    : Using output file outdirBNSButophat32cores/pm_GRB211211A/
08:21 bilby WARNING : Supplied argument 'queue_size' not an argument of 'Pymultinest', removing.
08:21 bilby WARNING : Supplied argument 'check_point_delta_t' not an argument of 'Pymultinest', removing.
08:21 bilby INFO    : Using sampler Pymultinest with kwargs {'importance_nested_sampling': False, 'resume': True, 'verbose': True, 'sampling_efficiency': 'parameter', 'n_live_points': 2048, 'n_params': 11, 'n_clustering_params': None, 'wrapped_params': None, 'multimodal': True, 'const_efficiency_mode': False, 'evidence_tolerance': 0.5, 'n_iter_before_update': 100, 'null_log_evidence': -1e+90, 'max_modes': 100, 'mode_tolerance': -1e+90, 'seed': 42, 'context': 0, 'write_output': True, 'log_zero': -1e+100, 'max_iter': 0, 'init_MPI': False, 'dump_callback': <bound method Pymultinest._dump_callback of <bilby.core.sampler.pymultinest.Pymultinest object at 0x15546f98da60>>}
08:21 bilby INFO    : Temporary directory incompatible with MPI, will run in original directory
08:21 bilby INFO    : Using output file outdirBNSButophat32cores/pm_GRB211211A/
08:21 bilby INFO    : Single likelihood evaluation took 1.535e+00 s
08:21 bilby WARNING : Supplied argument 'queue_size' not an argument of 'Pymultinest', removing.
08:21 bilby WARNING : Supplied argument 'check_point_delta_t' not an argument of 'Pymultinest', removing.
08:21 bilby INFO    : Using sampler Pymultinest with kwargs {'importance_nested_sampling': False, 'resume': True, 'verbose': True, 'sampling_efficiency': 'parameter', 'n_live_points': 2048, 'n_params': 11, 'n_clustering_params': None, 'wrapped_params': None, 'multimodal': True, 'const_efficiency_mode': False, 'evidence_tolerance': 0.5, 'n_iter_before_update': 100, 'null_log_evidence': -1e+90, 'max_modes': 100, 'mode_tolerance': -1e+90, 'seed': 42, 'context': 0, 'write_output': True, 'log_zero': -1e+100, 'max_iter': 0, 'init_MPI': False, 'dump_callback': <bound method Pymultinest._dump_callback of <bilby.core.sampler.pymultinest.Pymultinest object at 0x15546abd54f0>>}
08:21 bilby INFO    : Temporary directory incompatible with MPI, will run in original directory
08:21 bilby INFO    : Using output file outdirBNSButophat32cores/pm_GRB211211A/
08:21 bilby INFO    : Single likelihood evaluation took 1.548e+00 s
08:21 bilby INFO    : Single likelihood evaluation took 1.565e+00 s
08:21 bilby INFO    : Single likelihood evaluation took 1.578e+00 s
08:21 bilby INFO    : Single likelihood evaluation took 1.558e+00 s
08:21 bilby INFO    : Single likelihood evaluation took 1.585e+00 s
08:21 bilby INFO    : Single likelihood evaluation took 1.576e+00 s
08:21 bilby WARNING : Supplied argument 'queue_size' not an argument of 'Pymultinest', removing.
08:21 bilby WARNING : Supplied argument 'check_point_delta_t' not an argument of 'Pymultinest', removing.
08:21 bilby INFO    : Using sampler Pymultinest with kwargs {'importance_nested_sampling': False, 'resume': True, 'verbose': True, 'sampling_efficiency': 'parameter', 'n_live_points': 2048, 'n_params': 11, 'n_clustering_params': None, 'wrapped_params': None, 'multimodal': True, 'const_efficiency_mode': False, 'evidence_tolerance': 0.5, 'n_iter_before_update': 100, 'null_log_evidence': -1e+90, 'max_modes': 100, 'mode_tolerance': -1e+90, 'seed': 42, 'context': 0, 'write_output': True, 'log_zero': -1e+100, 'max_iter': 0, 'init_MPI': False, 'dump_callback': <bound method Pymultinest._dump_callback of <bilby.core.sampler.pymultinest.Pymultinest object at 0x155470d058b0>>}
08:21 bilby INFO    : Temporary directory incompatible with MPI, will run in original directory
08:21 bilby INFO    : Using output file outdirBNSButophat32cores/pm_GRB211211A/
08:21 bilby INFO    : Single likelihood evaluation took 1.585e+00 s
08:21 bilby WARNING : Supplied argument 'queue_size' not an argument of 'Pymultinest', removing.
08:21 bilby WARNING : Supplied argument 'check_point_delta_t' not an argument of 'Pymultinest', removing.
08:21 bilby INFO    : Using sampler Pymultinest with kwargs {'importance_nested_sampling': False, 'resume': True, 'verbose': True, 'sampling_efficiency': 'parameter', 'n_live_points': 2048, 'n_params': 11, 'n_clustering_params': None, 'wrapped_params': None, 'multimodal': True, 'const_efficiency_mode': False, 'evidence_tolerance': 0.5, 'n_iter_before_update': 100, 'null_log_evidence': -1e+90, 'max_modes': 100, 'mode_tolerance': -1e+90, 'seed': 42, 'context': 0, 'write_output': True, 'log_zero': -1e+100, 'max_iter': 0, 'init_MPI': False, 'dump_callback': <bound method Pymultinest._dump_callback of <bilby.core.sampler.pymultinest.Pymultinest object at 0x15546abd5550>>}
08:21 bilby INFO    : Temporary directory incompatible with MPI, will run in original directory
08:21 bilby INFO    : Using output file outdirBNSButophat32cores/pm_GRB211211A/
08:21 bilby WARNING : Supplied argument 'queue_size' not an argument of 'Pymultinest', removing.
08:21 bilby WARNING : Supplied argument 'check_point_delta_t' not an argument of 'Pymultinest', removing.
08:21 bilby INFO    : Using sampler Pymultinest with kwargs {'importance_nested_sampling': False, 'resume': True, 'verbose': True, 'sampling_efficiency': 'parameter', 'n_live_points': 2048, 'n_params': 11, 'n_clustering_params': None, 'wrapped_params': None, 'multimodal': True, 'const_efficiency_mode': False, 'evidence_tolerance': 0.5, 'n_iter_before_update': 100, 'null_log_evidence': -1e+90, 'max_modes': 100, 'mode_tolerance': -1e+90, 'seed': 42, 'context': 0, 'write_output': True, 'log_zero': -1e+100, 'max_iter': 0, 'init_MPI': False, 'dump_callback': <bound method Pymultinest._dump_callback of <bilby.core.sampler.pymultinest.Pymultinest object at 0x15546f998160>>}
08:21 bilby INFO    : Temporary directory incompatible with MPI, will run in original directory
08:21 bilby INFO    : Using output file outdirBNSButophat32cores/pm_GRB211211A/
08:21 bilby WARNING : Supplied argument 'queue_size' not an argument of 'Pymultinest', removing.
08:21 bilby WARNING : Supplied argument 'check_point_delta_t' not an argument of 'Pymultinest', removing.
08:21 bilby INFO    : Using sampler Pymultinest with kwargs {'importance_nested_sampling': False, 'resume': True, 'verbose': True, 'sampling_efficiency': 'parameter', 'n_live_points': 2048, 'n_params': 11, 'n_clustering_params': None, 'wrapped_params': None, 'multimodal': True, 'const_efficiency_mode': False, 'evidence_tolerance': 0.5, 'n_iter_before_update': 100, 'null_log_evidence': -1e+90, 'max_modes': 100, 'mode_tolerance': -1e+90, 'seed': 42, 'context': 0, 'write_output': True, 'log_zero': -1e+100, 'max_iter': 0, 'init_MPI': False, 'dump_callback': <bound method Pymultinest._dump_callback of <bilby.core.sampler.pymultinest.Pymultinest object at 0x15546e61b7f0>>}
08:21 bilby INFO    : Temporary directory incompatible with MPI, will run in original directory
08:21 bilby INFO    : Using output file outdirBNSButophat32cores/pm_GRB211211A/
08:21 bilby WARNING : Supplied argument 'queue_size' not an argument of 'Pymultinest', removing.
08:21 bilby WARNING : Supplied argument 'check_point_delta_t' not an argument of 'Pymultinest', removing.
08:21 bilby INFO    : Using sampler Pymultinest with kwargs {'importance_nested_sampling': False, 'resume': True, 'verbose': True, 'sampling_efficiency': 'parameter', 'n_live_points': 2048, 'n_params': 11, 'n_clustering_params': None, 'wrapped_params': None, 'multimodal': True, 'const_efficiency_mode': False, 'evidence_tolerance': 0.5, 'n_iter_before_update': 100, 'null_log_evidence': -1e+90, 'max_modes': 100, 'mode_tolerance': -1e+90, 'seed': 42, 'context': 0, 'write_output': True, 'log_zero': -1e+100, 'max_iter': 0, 'init_MPI': False, 'dump_callback': <bound method Pymultinest._dump_callback of <bilby.core.sampler.pymultinest.Pymultinest object at 0x15546e622a00>>}
08:21 bilby INFO    : Temporary directory incompatible with MPI, will run in original directory
08:21 bilby INFO    : Using output file outdirBNSButophat32cores/pm_GRB211211A/
08:21 bilby WARNING : Supplied argument 'queue_size' not an argument of 'Pymultinest', removing.
08:21 bilby WARNING : Supplied argument 'check_point_delta_t' not an argument of 'Pymultinest', removing.
08:21 bilby INFO    : Using sampler Pymultinest with kwargs {'importance_nested_sampling': False, 'resume': True, 'verbose': True, 'sampling_efficiency': 'parameter', 'n_live_points': 2048, 'n_params': 11, 'n_clustering_params': None, 'wrapped_params': None, 'multimodal': True, 'const_efficiency_mode': False, 'evidence_tolerance': 0.5, 'n_iter_before_update': 100, 'null_log_evidence': -1e+90, 'max_modes': 100, 'mode_tolerance': -1e+90, 'seed': 42, 'context': 0, 'write_output': True, 'log_zero': -1e+100, 'max_iter': 0, 'init_MPI': False, 'dump_callback': <bound method Pymultinest._dump_callback of <bilby.core.sampler.pymultinest.Pymultinest object at 0x15546f992c10>>}
08:21 bilby INFO    : Temporary directory incompatible with MPI, will run in original directory
08:21 bilby INFO    : Using output file outdirBNSButophat32cores/pm_GRB211211A/
08:21 bilby INFO    : Single likelihood evaluation took 1.582e+00 s
08:21 bilby INFO    : Single likelihood evaluation took 1.598e+00 s
08:21 bilby INFO    : Single likelihood evaluation took 1.592e+00 s
08:21 bilby WARNING : Supplied argument 'queue_size' not an argument of 'Pymultinest', removing.
08:21 bilby WARNING : Supplied argument 'check_point_delta_t' not an argument of 'Pymultinest', removing.
08:21 bilby INFO    : Using sampler Pymultinest with kwargs {'importance_nested_sampling': False, 'resume': True, 'verbose': True, 'sampling_efficiency': 'parameter', 'n_live_points': 2048, 'n_params': 11, 'n_clustering_params': None, 'wrapped_params': None, 'multimodal': True, 'const_efficiency_mode': False, 'evidence_tolerance': 0.5, 'n_iter_before_update': 100, 'null_log_evidence': -1e+90, 'max_modes': 100, 'mode_tolerance': -1e+90, 'seed': 42, 'context': 0, 'write_output': True, 'log_zero': -1e+100, 'max_iter': 0, 'init_MPI': False, 'dump_callback': <bound method Pymultinest._dump_callback of <bilby.core.sampler.pymultinest.Pymultinest object at 0x155470d09580>>}
08:21 bilby INFO    : Temporary directory incompatible with MPI, will run in original directory
08:21 bilby INFO    : Using output file outdirBNSButophat32cores/pm_GRB211211A/
08:21 bilby WARNING : Supplied argument 'queue_size' not an argument of 'Pymultinest', removing.
08:21 bilby WARNING : Supplied argument 'check_point_delta_t' not an argument of 'Pymultinest', removing.
08:21 bilby INFO    : Using sampler Pymultinest with kwargs {'importance_nested_sampling': False, 'resume': True, 'verbose': True, 'sampling_efficiency': 'parameter', 'n_live_points': 2048, 'n_params': 11, 'n_clustering_params': None, 'wrapped_params': None, 'multimodal': True, 'const_efficiency_mode': False, 'evidence_tolerance': 0.5, 'n_iter_before_update': 100, 'null_log_evidence': -1e+90, 'max_modes': 100, 'mode_tolerance': -1e+90, 'seed': 42, 'context': 0, 'write_output': True, 'log_zero': -1e+100, 'max_iter': 0, 'init_MPI': False, 'dump_callback': <bound method Pymultinest._dump_callback of <bilby.core.sampler.pymultinest.Pymultinest object at 0x155470d059a0>>}
08:21 bilby INFO    : Temporary directory incompatible with MPI, will run in original directory
08:21 bilby INFO    : Using output file outdirBNSButophat32cores/pm_GRB211211A/
08:21 bilby WARNING : Supplied argument 'queue_size' not an argument of 'Pymultinest', removing.
08:21 bilby WARNING : Supplied argument 'check_point_delta_t' not an argument of 'Pymultinest', removing.
08:21 bilby INFO    : Using sampler Pymultinest with kwargs {'importance_nested_sampling': False, 'resume': True, 'verbose': True, 'sampling_efficiency': 'parameter', 'n_live_points': 2048, 'n_params': 11, 'n_clustering_params': None, 'wrapped_params': None, 'multimodal': True, 'const_efficiency_mode': False, 'evidence_tolerance': 0.5, 'n_iter_before_update': 100, 'null_log_evidence': -1e+90, 'max_modes': 100, 'mode_tolerance': -1e+90, 'seed': 42, 'context': 0, 'write_output': True, 'log_zero': -1e+100, 'max_iter': 0, 'init_MPI': False, 'dump_callback': <bound method Pymultinest._dump_callback of <bilby.core.sampler.pymultinest.Pymultinest object at 0x15546e621bb0>>}
08:21 bilby INFO    : Temporary directory incompatible with MPI, will run in original directory
08:21 bilby INFO    : Using output file outdirBNSButophat32cores/pm_GRB211211A/
08:21 bilby WARNING : Supplied argument 'queue_size' not an argument of 'Pymultinest', removing.
08:21 bilby WARNING : Supplied argument 'check_point_delta_t' not an argument of 'Pymultinest', removing.
08:21 bilby INFO    : Using sampler Pymultinest with kwargs {'importance_nested_sampling': False, 'resume': True, 'verbose': True, 'sampling_efficiency': 'parameter', 'n_live_points': 2048, 'n_params': 11, 'n_clustering_params': None, 'wrapped_params': None, 'multimodal': True, 'const_efficiency_mode': False, 'evidence_tolerance': 0.5, 'n_iter_before_update': 100, 'null_log_evidence': -1e+90, 'max_modes': 100, 'mode_tolerance': -1e+90, 'seed': 42, 'context': 0, 'write_output': True, 'log_zero': -1e+100, 'max_iter': 0, 'init_MPI': False, 'dump_callback': <bound method Pymultinest._dump_callback of <bilby.core.sampler.pymultinest.Pymultinest object at 0x155470d06a60>>}
08:21 bilby INFO    : Temporary directory incompatible with MPI, will run in original directory
08:21 bilby INFO    : Using output file outdirBNSButophat32cores/pm_GRB211211A/
08:21 bilby INFO    : Single likelihood evaluation took 1.625e+00 s
08:21 bilby WARNING : Supplied argument 'queue_size' not an argument of 'Pymultinest', removing.
08:21 bilby WARNING : Supplied argument 'check_point_delta_t' not an argument of 'Pymultinest', removing.
08:21 bilby INFO    : Using sampler Pymultinest with kwargs {'importance_nested_sampling': False, 'resume': True, 'verbose': True, 'sampling_efficiency': 'parameter', 'n_live_points': 2048, 'n_params': 11, 'n_clustering_params': None, 'wrapped_params': None, 'multimodal': True, 'const_efficiency_mode': False, 'evidence_tolerance': 0.5, 'n_iter_before_update': 100, 'null_log_evidence': -1e+90, 'max_modes': 100, 'mode_tolerance': -1e+90, 'seed': 42, 'context': 0, 'write_output': True, 'log_zero': -1e+100, 'max_iter': 0, 'init_MPI': False, 'dump_callback': <bound method Pymultinest._dump_callback of <bilby.core.sampler.pymultinest.Pymultinest object at 0x15546f998100>>}
08:21 bilby INFO    : Temporary directory incompatible with MPI, will run in original directory
08:21 bilby INFO    : Using output file outdirBNSButophat32cores/pm_GRB211211A/
08:21 bilby INFO    : Single likelihood evaluation took 1.617e+00 s
08:21 bilby INFO    : Single likelihood evaluation took 1.641e+00 s
08:21 bilby INFO    : Single likelihood evaluation took 1.644e+00 s
08:21 bilby INFO    : Single likelihood evaluation took 1.639e+00 s
08:21 bilby WARNING : Supplied argument 'queue_size' not an argument of 'Pymultinest', removing.
08:21 bilby WARNING : Supplied argument 'check_point_delta_t' not an argument of 'Pymultinest', removing.
08:21 bilby INFO    : Using sampler Pymultinest with kwargs {'importance_nested_sampling': False, 'resume': True, 'verbose': True, 'sampling_efficiency': 'parameter', 'n_live_points': 2048, 'n_params': 11, 'n_clustering_params': None, 'wrapped_params': None, 'multimodal': True, 'const_efficiency_mode': False, 'evidence_tolerance': 0.5, 'n_iter_before_update': 100, 'null_log_evidence': -1e+90, 'max_modes': 100, 'mode_tolerance': -1e+90, 'seed': 42, 'context': 0, 'write_output': True, 'log_zero': -1e+100, 'max_iter': 0, 'init_MPI': False, 'dump_callback': <bound method Pymultinest._dump_callback of <bilby.core.sampler.pymultinest.Pymultinest object at 0x155470d057c0>>}
08:21 bilby INFO    : Temporary directory incompatible with MPI, will run in original directory
08:21 bilby INFO    : Using output file outdirBNSButophat32cores/pm_GRB211211A/
08:21 bilby WARNING : Supplied argument 'queue_size' not an argument of 'Pymultinest', removing.
08:21 bilby WARNING : Supplied argument 'check_point_delta_t' not an argument of 'Pymultinest', removing.
08:21 bilby INFO    : Using sampler Pymultinest with kwargs {'importance_nested_sampling': False, 'resume': True, 'verbose': True, 'sampling_efficiency': 'parameter', 'n_live_points': 2048, 'n_params': 11, 'n_clustering_params': None, 'wrapped_params': None, 'multimodal': True, 'const_efficiency_mode': False, 'evidence_tolerance': 0.5, 'n_iter_before_update': 100, 'null_log_evidence': -1e+90, 'max_modes': 100, 'mode_tolerance': -1e+90, 'seed': 42, 'context': 0, 'write_output': True, 'log_zero': -1e+100, 'max_iter': 0, 'init_MPI': False, 'dump_callback': <bound method Pymultinest._dump_callback of <bilby.core.sampler.pymultinest.Pymultinest object at 0x15546f98de20>>}
08:21 bilby INFO    : Temporary directory incompatible with MPI, will run in original directory
08:21 bilby INFO    : Using output file outdirBNSButophat32cores/pm_GRB211211A/
08:21 bilby INFO    : Single likelihood evaluation took 1.660e+00 s
08:21 bilby WARNING : Supplied argument 'queue_size' not an argument of 'Pymultinest', removing.
08:21 bilby WARNING : Supplied argument 'check_point_delta_t' not an argument of 'Pymultinest', removing.
08:21 bilby INFO    : Using sampler Pymultinest with kwargs {'importance_nested_sampling': False, 'resume': True, 'verbose': True, 'sampling_efficiency': 'parameter', 'n_live_points': 2048, 'n_params': 11, 'n_clustering_params': None, 'wrapped_params': None, 'multimodal': True, 'const_efficiency_mode': False, 'evidence_tolerance': 0.5, 'n_iter_before_update': 100, 'null_log_evidence': -1e+90, 'max_modes': 100, 'mode_tolerance': -1e+90, 'seed': 42, 'context': 0, 'write_output': True, 'log_zero': -1e+100, 'max_iter': 0, 'init_MPI': False, 'dump_callback': <bound method Pymultinest._dump_callback of <bilby.core.sampler.pymultinest.Pymultinest object at 0x15546abd53a0>>}
08:21 bilby INFO    : Temporary directory incompatible with MPI, will run in original directory
08:21 bilby INFO    : Using output file outdirBNSButophat32cores/pm_GRB211211A/
08:21 bilby INFO    : Single likelihood evaluation took 1.642e+00 s
08:21 bilby INFO    : Single likelihood evaluation took 1.657e+00 s
08:21 bilby INFO    : Single likelihood evaluation took 1.659e+00 s
08:21 bilby WARNING : Supplied argument 'queue_size' not an argument of 'Pymultinest', removing.
08:21 bilby WARNING : Supplied argument 'check_point_delta_t' not an argument of 'Pymultinest', removing.
08:21 bilby INFO    : Using sampler Pymultinest with kwargs {'importance_nested_sampling': False, 'resume': True, 'verbose': True, 'sampling_efficiency': 'parameter', 'n_live_points': 2048, 'n_params': 11, 'n_clustering_params': None, 'wrapped_params': None, 'multimodal': True, 'const_efficiency_mode': False, 'evidence_tolerance': 0.5, 'n_iter_before_update': 100, 'null_log_evidence': -1e+90, 'max_modes': 100, 'mode_tolerance': -1e+90, 'seed': 42, 'context': 0, 'write_output': True, 'log_zero': -1e+100, 'max_iter': 0, 'init_MPI': False, 'dump_callback': <bound method Pymultinest._dump_callback of <bilby.core.sampler.pymultinest.Pymultinest object at 0x15546abd1820>>}
08:21 bilby INFO    : Temporary directory incompatible with MPI, will run in original directory
08:21 bilby INFO    : Using output file outdirBNSButophat32cores/pm_GRB211211A/
08:21 bilby WARNING : Supplied argument 'queue_size' not an argument of 'Pymultinest', removing.
08:21 bilby WARNING : Supplied argument 'check_point_delta_t' not an argument of 'Pymultinest', removing.
08:21 bilby INFO    : Using sampler Pymultinest with kwargs {'importance_nested_sampling': False, 'resume': True, 'verbose': True, 'sampling_efficiency': 'parameter', 'n_live_points': 2048, 'n_params': 11, 'n_clustering_params': None, 'wrapped_params': None, 'multimodal': True, 'const_efficiency_mode': False, 'evidence_tolerance': 0.5, 'n_iter_before_update': 100, 'null_log_evidence': -1e+90, 'max_modes': 100, 'mode_tolerance': -1e+90, 'seed': 42, 'context': 0, 'write_output': True, 'log_zero': -1e+100, 'max_iter': 0, 'init_MPI': False, 'dump_callback': <bound method Pymultinest._dump_callback of <bilby.core.sampler.pymultinest.Pymultinest object at 0x15546abd17c0>>}
08:21 bilby INFO    : Temporary directory incompatible with MPI, will run in original directory
08:21 bilby INFO    : Using output file outdirBNSButophat32cores/pm_GRB211211A/
08:21 bilby INFO    : Single likelihood evaluation took 1.647e+00 s
08:21 bilby WARNING : Supplied argument 'queue_size' not an argument of 'Pymultinest', removing.
08:21 bilby WARNING : Supplied argument 'check_point_delta_t' not an argument of 'Pymultinest', removing.
08:21 bilby INFO    : Using sampler Pymultinest with kwargs {'importance_nested_sampling': False, 'resume': True, 'verbose': True, 'sampling_efficiency': 'parameter', 'n_live_points': 2048, 'n_params': 11, 'n_clustering_params': None, 'wrapped_params': None, 'multimodal': True, 'const_efficiency_mode': False, 'evidence_tolerance': 0.5, 'n_iter_before_update': 100, 'null_log_evidence': -1e+90, 'max_modes': 100, 'mode_tolerance': -1e+90, 'seed': 42, 'context': 0, 'write_output': True, 'log_zero': -1e+100, 'max_iter': 0, 'init_MPI': False, 'dump_callback': <bound method Pymultinest._dump_callback of <bilby.core.sampler.pymultinest.Pymultinest object at 0x15546e622a60>>}
08:21 bilby INFO    : Temporary directory incompatible with MPI, will run in original directory
08:21 bilby INFO    : Using output file outdirBNSButophat32cores/pm_GRB211211A/
08:21 bilby INFO    : Single likelihood evaluation took 1.666e+00 s
08:21 bilby WARNING : Supplied argument 'queue_size' not an argument of 'Pymultinest', removing.
08:21 bilby WARNING : Supplied argument 'check_point_delta_t' not an argument of 'Pymultinest', removing.
08:21 bilby INFO    : Using sampler Pymultinest with kwargs {'importance_nested_sampling': False, 'resume': True, 'verbose': True, 'sampling_efficiency': 'parameter', 'n_live_points': 2048, 'n_params': 11, 'n_clustering_params': None, 'wrapped_params': None, 'multimodal': True, 'const_efficiency_mode': False, 'evidence_tolerance': 0.5, 'n_iter_before_update': 100, 'null_log_evidence': -1e+90, 'max_modes': 100, 'mode_tolerance': -1e+90, 'seed': 42, 'context': 0, 'write_output': True, 'log_zero': -1e+100, 'max_iter': 0, 'init_MPI': False, 'dump_callback': <bound method Pymultinest._dump_callback of <bilby.core.sampler.pymultinest.Pymultinest object at 0x15546f992c40>>}
08:21 bilby INFO    : Temporary directory incompatible with MPI, will run in original directory
08:21 bilby INFO    : Using output file outdirBNSButophat32cores/pm_GRB211211A/
08:21 bilby WARNING : Supplied argument 'queue_size' not an argument of 'Pymultinest', removing.
08:21 bilby WARNING : Supplied argument 'check_point_delta_t' not an argument of 'Pymultinest', removing.
08:21 bilby INFO    : Using sampler Pymultinest with kwargs {'importance_nested_sampling': False, 'resume': True, 'verbose': True, 'sampling_efficiency': 'parameter', 'n_live_points': 2048, 'n_params': 11, 'n_clustering_params': None, 'wrapped_params': None, 'multimodal': True, 'const_efficiency_mode': False, 'evidence_tolerance': 0.5, 'n_iter_before_update': 100, 'null_log_evidence': -1e+90, 'max_modes': 100, 'mode_tolerance': -1e+90, 'seed': 42, 'context': 0, 'write_output': True, 'log_zero': -1e+100, 'max_iter': 0, 'init_MPI': False, 'dump_callback': <bound method Pymultinest._dump_callback of <bilby.core.sampler.pymultinest.Pymultinest object at 0x15546abd0c40>>}
08:21 bilby INFO    : Temporary directory incompatible with MPI, will run in original directory
08:21 bilby INFO    : Using output file outdirBNSButophat32cores/pm_GRB211211A/
08:21 bilby WARNING : Supplied argument 'queue_size' not an argument of 'Pymultinest', removing.
08:21 bilby WARNING : Supplied argument 'check_point_delta_t' not an argument of 'Pymultinest', removing.
08:21 bilby INFO    : Using sampler Pymultinest with kwargs {'importance_nested_sampling': False, 'resume': True, 'verbose': True, 'sampling_efficiency': 'parameter', 'n_live_points': 2048, 'n_params': 11, 'n_clustering_params': None, 'wrapped_params': None, 'multimodal': True, 'const_efficiency_mode': False, 'evidence_tolerance': 0.5, 'n_iter_before_update': 100, 'null_log_evidence': -1e+90, 'max_modes': 100, 'mode_tolerance': -1e+90, 'seed': 42, 'context': 0, 'write_output': True, 'log_zero': -1e+100, 'max_iter': 0, 'init_MPI': False, 'dump_callback': <bound method Pymultinest._dump_callback of <bilby.core.sampler.pymultinest.Pymultinest object at 0x15546e625520>>}
08:21 bilby INFO    : Temporary directory incompatible with MPI, will run in original directory
08:21 bilby INFO    : Using output file outdirBNSButophat32cores/pm_GRB211211A/
08:21 bilby WARNING : Supplied argument 'queue_size' not an argument of 'Pymultinest', removing.
08:21 bilby WARNING : Supplied argument 'check_point_delta_t' not an argument of 'Pymultinest', removing.
08:21 bilby INFO    : Using sampler Pymultinest with kwargs {'importance_nested_sampling': False, 'resume': True, 'verbose': True, 'sampling_efficiency': 'parameter', 'n_live_points': 2048, 'n_params': 11, 'n_clustering_params': None, 'wrapped_params': None, 'multimodal': True, 'const_efficiency_mode': False, 'evidence_tolerance': 0.5, 'n_iter_before_update': 100, 'null_log_evidence': -1e+90, 'max_modes': 100, 'mode_tolerance': -1e+90, 'seed': 42, 'context': 0, 'write_output': True, 'log_zero': -1e+100, 'max_iter': 0, 'init_MPI': False, 'dump_callback': <bound method Pymultinest._dump_callback of <bilby.core.sampler.pymultinest.Pymultinest object at 0x15546bf44760>>}
08:21 bilby INFO    : Temporary directory incompatible with MPI, will run in original directory
08:21 bilby INFO    : Using output file outdirBNSButophat32cores/pm_GRB211211A/
08:21 bilby INFO    : Single likelihood evaluation took 1.726e+00 s
08:21 bilby WARNING : Supplied argument 'queue_size' not an argument of 'Pymultinest', removing.
08:21 bilby WARNING : Supplied argument 'check_point_delta_t' not an argument of 'Pymultinest', removing.
08:21 bilby INFO    : Using sampler Pymultinest with kwargs {'importance_nested_sampling': False, 'resume': True, 'verbose': True, 'sampling_efficiency': 'parameter', 'n_live_points': 2048, 'n_params': 11, 'n_clustering_params': None, 'wrapped_params': None, 'multimodal': True, 'const_efficiency_mode': False, 'evidence_tolerance': 0.5, 'n_iter_before_update': 100, 'null_log_evidence': -1e+90, 'max_modes': 100, 'mode_tolerance': -1e+90, 'seed': 42, 'context': 0, 'write_output': True, 'log_zero': -1e+100, 'max_iter': 0, 'init_MPI': False, 'dump_callback': <bound method Pymultinest._dump_callback of <bilby.core.sampler.pymultinest.Pymultinest object at 0x155470d07670>>}
08:21 bilby INFO    : Temporary directory incompatible with MPI, will run in original directory
08:21 bilby INFO    : Using output file outdirBNSButophat32cores/pm_GRB211211A/
08:21 bilby INFO    : Single likelihood evaluation took 1.741e+00 s
08:21 bilby INFO    : Single likelihood evaluation took 1.739e+00 s
08:21 bilby WARNING : Supplied argument 'queue_size' not an argument of 'Pymultinest', removing.
08:21 bilby WARNING : Supplied argument 'check_point_delta_t' not an argument of 'Pymultinest', removing.
08:21 bilby INFO    : Using sampler Pymultinest with kwargs {'importance_nested_sampling': False, 'resume': True, 'verbose': True, 'sampling_efficiency': 'parameter', 'n_live_points': 2048, 'n_params': 11, 'n_clustering_params': None, 'wrapped_params': None, 'multimodal': True, 'const_efficiency_mode': False, 'evidence_tolerance': 0.5, 'n_iter_before_update': 100, 'null_log_evidence': -1e+90, 'max_modes': 100, 'mode_tolerance': -1e+90, 'seed': 42, 'context': 0, 'write_output': True, 'log_zero': -1e+100, 'max_iter': 0, 'init_MPI': False, 'dump_callback': <bound method Pymultinest._dump_callback of <bilby.core.sampler.pymultinest.Pymultinest object at 0x155470d085e0>>}
08:21 bilby INFO    : Temporary directory incompatible with MPI, will run in original directory
08:21 bilby INFO    : Using output file outdirBNSButophat32cores/pm_GRB211211A/
08:21 bilby WARNING : Supplied argument 'queue_size' not an argument of 'Pymultinest', removing.
08:21 bilby WARNING : Supplied argument 'check_point_delta_t' not an argument of 'Pymultinest', removing.
08:21 bilby INFO    : Using sampler Pymultinest with kwargs {'importance_nested_sampling': False, 'resume': True, 'verbose': True, 'sampling_efficiency': 'parameter', 'n_live_points': 2048, 'n_params': 11, 'n_clustering_params': None, 'wrapped_params': None, 'multimodal': True, 'const_efficiency_mode': False, 'evidence_tolerance': 0.5, 'n_iter_before_update': 100, 'null_log_evidence': -1e+90, 'max_modes': 100, 'mode_tolerance': -1e+90, 'seed': 42, 'context': 0, 'write_output': True, 'log_zero': -1e+100, 'max_iter': 0, 'init_MPI': False, 'dump_callback': <bound method Pymultinest._dump_callback of <bilby.core.sampler.pymultinest.Pymultinest object at 0x15546f992c10>>}
08:21 bilby INFO    : Temporary directory incompatible with MPI, will run in original directory
08:21 bilby INFO    : Using output file outdirBNSButophat32cores/pm_GRB211211A/
14:48 bilby INFO    : Sampling time: 6:26:26.105261
14:48 bilby INFO    : Sampling time: 6:26:45.038016
14:48 bilby INFO    : Sampling time: 6:26:17.638898
14:48 bilby INFO    : Sampling time: 6:26:23.819461
14:48 bilby INFO    : Sampling time: 6:26:33.784681
14:48 bilby INFO    : Sampling time: 6:26:23.794291
14:48 bilby INFO    : Sampling time: 6:26:26.833143
14:48 bilby INFO    : Sampling time: 6:26:12.408695
14:48 bilby INFO    : Sampling time: 6:26:32.822351
14:48 bilby INFO    : Sampling time: 6:26:23.796465
14:48 bilby INFO    : Sampling time: 6:26:20.060607
14:48 bilby INFO    : Sampling time: 6:26:17.153179
14:48 bilby INFO    : Sampling time: 6:26:19.685535
14:48 bilby INFO    : Sampling time: 6:26:26.303842
Traceback (most recent call last):
  File "/home/thussenot/.conda/envs/multinest/lib/python3.8/shutil.py", line 791, in move
    os.rename(src, real_dst)
FileNotFoundError: [Errno 2] No such file or directory: 'outdirBNSButophat32cores/GRB211211A_result.json' -> 'outdirBNSButophat32cores/GRB211211A_result.json.old'

During handling of the above exception, another exception occurred:

Traceback (most recent call last):
  File "/home/thussenot/.conda/envs/multinest/bin/light_curve_analysis", line 8, in <module>
    sys.exit(main())
  File "/home/thussenot/.conda/envs/multinest/lib/python3.8/site-packages/nmma/em/analysis.py", line 622, in main
    result = bilby.run_sampler(
  File "/home/thussenot/.conda/envs/multinest/lib/python3.8/site-packages/bilby/core/sampler/__init__.py", line 262, in run_sampler
    result.save_to_file(extension=save, gzip=gzip, outdir=outdir)
  File "/home/thussenot/.conda/envs/multinest/lib/python3.8/site-packages/bilby/core/result.py", line 773, in save_to_file
    move_old_file(filename, overwrite)
  File "/home/thussenot/.conda/envs/multinest/lib/python3.8/site-packages/bilby/core/utils/io.py", line 408, in move_old_file
    shutil.move(filename, filename + ".old")
  File "/home/thussenot/.conda/envs/multinest/lib/python3.8/shutil.py", line 811, in move
    copy_function(src, real_dst)
  File "/home/thussenot/.conda/envs/multinest/lib/python3.8/shutil.py", line 435, in copy2
    copyfile(src, dst, follow_symlinks=follow_symlinks)
  File "/home/thussenot/.conda/envs/multinest/lib/python3.8/shutil.py", line 264, in copyfile
    with open(src, 'rb') as fsrc, open(dst, 'wb') as fdst:
FileNotFoundError: [Errno 2] No such file or directory: 'outdirBNSButophat32cores/GRB211211A_result.json'
Traceback (most recent call last):
  File "/home/thussenot/.conda/envs/multinest/lib/python3.8/shutil.py", line 791, in move
    os.rename(src, real_dst)
FileNotFoundError: [Errno 2] No such file or directory: 'outdirBNSButophat32cores/GRB211211A_result.json' -> 'outdirBNSButophat32cores/GRB211211A_result.json.old'

During handling of the above exception, another exception occurred:

Traceback (most recent call last):
  File "/home/thussenot/.conda/envs/multinest/bin/light_curve_analysis", line 8, in <module>
    sys.exit(main())
  File "/home/thussenot/.conda/envs/multinest/lib/python3.8/site-packages/nmma/em/analysis.py", line 622, in main
    result = bilby.run_sampler(
  File "/home/thussenot/.conda/envs/multinest/lib/python3.8/site-packages/bilby/core/sampler/__init__.py", line 262, in run_sampler
    result.save_to_file(extension=save, gzip=gzip, outdir=outdir)
  File "/home/thussenot/.conda/envs/multinest/lib/python3.8/site-packages/bilby/core/result.py", line 773, in save_to_file
    move_old_file(filename, overwrite)
  File "/home/thussenot/.conda/envs/multinest/lib/python3.8/site-packages/bilby/core/utils/io.py", line 408, in move_old_file
    shutil.move(filename, filename + ".old")
  File "/home/thussenot/.conda/envs/multinest/lib/python3.8/shutil.py", line 811, in move
    copy_function(src, real_dst)
  File "/home/thussenot/.conda/envs/multinest/lib/python3.8/shutil.py", line 435, in copy2
    copyfile(src, dst, follow_symlinks=follow_symlinks)
  File "/home/thussenot/.conda/envs/multinest/lib/python3.8/shutil.py", line 264, in copyfile
    with open(src, 'rb') as fsrc, open(dst, 'wb') as fdst:
FileNotFoundError: [Errno 2] No such file or directory: 'outdirBNSButophat32cores/GRB211211A_result.json'
Traceback (most recent call last):
  File "/home/thussenot/.conda/envs/multinest/lib/python3.8/shutil.py", line 791, in move
    os.rename(src, real_dst)
FileNotFoundError: [Errno 2] No such file or directory: 'outdirBNSButophat32cores/GRB211211A_result.json' -> 'outdirBNSButophat32cores/GRB211211A_result.json.old'

During handling of the above exception, another exception occurred:

Traceback (most recent call last):
  File "/home/thussenot/.conda/envs/multinest/bin/light_curve_analysis", line 8, in <module>
    sys.exit(main())
  File "/home/thussenot/.conda/envs/multinest/lib/python3.8/site-packages/nmma/em/analysis.py", line 622, in main
    result = bilby.run_sampler(
  File "/home/thussenot/.conda/envs/multinest/lib/python3.8/site-packages/bilby/core/sampler/__init__.py", line 262, in run_sampler
    result.save_to_file(extension=save, gzip=gzip, outdir=outdir)
  File "/home/thussenot/.conda/envs/multinest/lib/python3.8/site-packages/bilby/core/result.py", line 773, in save_to_file
    move_old_file(filename, overwrite)
  File "/home/thussenot/.conda/envs/multinest/lib/python3.8/site-packages/bilby/core/utils/io.py", line 408, in move_old_file
    shutil.move(filename, filename + ".old")
  File "/home/thussenot/.conda/envs/multinest/lib/python3.8/shutil.py", line 811, in move
    copy_function(src, real_dst)
  File "/home/thussenot/.conda/envs/multinest/lib/python3.8/shutil.py", line 435, in copy2
    copyfile(src, dst, follow_symlinks=follow_symlinks)
  File "/home/thussenot/.conda/envs/multinest/lib/python3.8/shutil.py", line 264, in copyfile
    with open(src, 'rb') as fsrc, open(dst, 'wb') as fdst:
FileNotFoundError: [Errno 2] No such file or directory: 'outdirBNSButophat32cores/GRB211211A_result.json'
14:48 bilby INFO    : Sampling time: 6:26:18.442322
14:48 bilby INFO    : Sampling time: 6:26:26.566977
14:48 bilby INFO    : Sampling time: 6:26:18.095844
14:48 bilby INFO    : Sampling time: 6:26:48.001993
14:48 bilby INFO    : Sampling time: 6:26:26.220601
14:48 bilby INFO    : Sampling time: 6:26:09.617721
14:48 bilby INFO    : Sampling time: 6:26:34.551946
14:48 bilby INFO    : Sampling time: 6:26:33.741457
14:48 bilby INFO    : Sampling time: 6:26:16.256181
14:48 bilby INFO    : Sampling time: 6:26:15.596930
14:48 bilby INFO    : Sampling time: 6:26:24.107188
14:48 bilby INFO    : Sampling time: 6:26:31.644243
14:48 bilby INFO    : Sampling time: 6:26:20.221303
Traceback (most recent call last):
  File "/home/thussenot/.conda/envs/multinest/lib/python3.8/shutil.py", line 791, in move
    os.rename(src, real_dst)
FileNotFoundError: [Errno 2] No such file or directory: 'outdirBNSButophat32cores/GRB211211A_result.json' -> 'outdirBNSButophat32cores/GRB211211A_result.json.old'

During handling of the above exception, another exception occurred:

Traceback (most recent call last):
  File "/home/thussenot/.conda/envs/multinest/bin/light_curve_analysis", line 8, in <module>
    sys.exit(main())
  File "/home/thussenot/.conda/envs/multinest/lib/python3.8/site-packages/nmma/em/analysis.py", line 622, in main
    result = bilby.run_sampler(
  File "/home/thussenot/.conda/envs/multinest/lib/python3.8/site-packages/bilby/core/sampler/__init__.py", line 262, in run_sampler
    result.save_to_file(extension=save, gzip=gzip, outdir=outdir)
  File "/home/thussenot/.conda/envs/multinest/lib/python3.8/site-packages/bilby/core/result.py", line 773, in save_to_file
    move_old_file(filename, overwrite)
  File "/home/thussenot/.conda/envs/multinest/lib/python3.8/site-packages/bilby/core/utils/io.py", line 408, in move_old_file
    shutil.move(filename, filename + ".old")
  File "/home/thussenot/.conda/envs/multinest/lib/python3.8/shutil.py", line 811, in move
    copy_function(src, real_dst)
  File "/home/thussenot/.conda/envs/multinest/lib/python3.8/shutil.py", line 435, in copy2
    copyfile(src, dst, follow_symlinks=follow_symlinks)
  File "/home/thussenot/.conda/envs/multinest/lib/python3.8/shutil.py", line 264, in copyfile
    with open(src, 'rb') as fsrc, open(dst, 'wb') as fdst:
FileNotFoundError: [Errno 2] No such file or directory: 'outdirBNSButophat32cores/GRB211211A_result.json'
Traceback (most recent call last):
  File "/home/thussenot/.conda/envs/multinest/lib/python3.8/shutil.py", line 791, in move
    os.rename(src, real_dst)
FileNotFoundError: [Errno 2] No such file or directory: 'outdirBNSButophat32cores/GRB211211A_result.json' -> 'outdirBNSButophat32cores/GRB211211A_result.json.old'

During handling of the above exception, another exception occurred:

Traceback (most recent call last):
  File "/home/thussenot/.conda/envs/multinest/bin/light_curve_analysis", line 8, in <module>
    sys.exit(main())
  File "/home/thussenot/.conda/envs/multinest/lib/python3.8/site-packages/nmma/em/analysis.py", line 622, in main
    result = bilby.run_sampler(
  File "/home/thussenot/.conda/envs/multinest/lib/python3.8/site-packages/bilby/core/sampler/__init__.py", line 262, in run_sampler
    result.save_to_file(extension=save, gzip=gzip, outdir=outdir)
  File "/home/thussenot/.conda/envs/multinest/lib/python3.8/site-packages/bilby/core/result.py", line 773, in save_to_file
    move_old_file(filename, overwrite)
  File "/home/thussenot/.conda/envs/multinest/lib/python3.8/site-packages/bilby/core/utils/io.py", line 408, in move_old_file
    shutil.move(filename, filename + ".old")
  File "/home/thussenot/.conda/envs/multinest/lib/python3.8/shutil.py", line 811, in move
    copy_function(src, real_dst)
  File "/home/thussenot/.conda/envs/multinest/lib/python3.8/shutil.py", line 435, in copy2
    copyfile(src, dst, follow_symlinks=follow_symlinks)
  File "/home/thussenot/.conda/envs/multinest/lib/python3.8/shutil.py", line 264, in copyfile
    with open(src, 'rb') as fsrc, open(dst, 'wb') as fdst:
FileNotFoundError: [Errno 2] No such file or directory: 'outdirBNSButophat32cores/GRB211211A_result.json'
Traceback (most recent call last):
  File "/home/thussenot/.conda/envs/multinest/lib/python3.8/shutil.py", line 791, in move
    os.rename(src, real_dst)
FileNotFoundError: [Errno 2] No such file or directory: 'outdirBNSButophat32cores/GRB211211A_result.json' -> 'outdirBNSButophat32cores/GRB211211A_result.json.old'

During handling of the above exception, another exception occurred:

Traceback (most recent call last):
  File "/home/thussenot/.conda/envs/multinest/bin/light_curve_analysis", line 8, in <module>
    sys.exit(main())
  File "/home/thussenot/.conda/envs/multinest/lib/python3.8/site-packages/nmma/em/analysis.py", line 622, in main
    result = bilby.run_sampler(
  File "/home/thussenot/.conda/envs/multinest/lib/python3.8/site-packages/bilby/core/sampler/__init__.py", line 262, in run_sampler
    result.save_to_file(extension=save, gzip=gzip, outdir=outdir)
  File "/home/thussenot/.conda/envs/multinest/lib/python3.8/site-packages/bilby/core/result.py", line 773, in save_to_file
    move_old_file(filename, overwrite)
  File "/home/thussenot/.conda/envs/multinest/lib/python3.8/site-packages/bilby/core/utils/io.py", line 408, in move_old_file
    shutil.move(filename, filename + ".old")
  File "/home/thussenot/.conda/envs/multinest/lib/python3.8/shutil.py", line 811, in move
    copy_function(src, real_dst)
  File "/home/thussenot/.conda/envs/multinest/lib/python3.8/shutil.py", line 435, in copy2
    copyfile(src, dst, follow_symlinks=follow_symlinks)
  File "/home/thussenot/.conda/envs/multinest/lib/python3.8/shutil.py", line 264, in copyfile
    with open(src, 'rb') as fsrc, open(dst, 'wb') as fdst:
FileNotFoundError: [Errno 2] No such file or directory: 'outdirBNSButophat32cores/GRB211211A_result.json'
Traceback (most recent call last):
  File "/home/thussenot/.conda/envs/multinest/lib/python3.8/shutil.py", line 791, in move
    os.rename(src, real_dst)
FileNotFoundError: [Errno 2] No such file or directory: 'outdirBNSButophat32cores/GRB211211A_result.json' -> 'outdirBNSButophat32cores/GRB211211A_result.json.old'

During handling of the above exception, another exception occurred:

Traceback (most recent call last):
  File "/home/thussenot/.conda/envs/multinest/bin/light_curve_analysis", line 8, in <module>
    sys.exit(main())
  File "/home/thussenot/.conda/envs/multinest/lib/python3.8/site-packages/nmma/em/analysis.py", line 622, in main
    result = bilby.run_sampler(
  File "/home/thussenot/.conda/envs/multinest/lib/python3.8/site-packages/bilby/core/sampler/__init__.py", line 262, in run_sampler
    result.save_to_file(extension=save, gzip=gzip, outdir=outdir)
  File "/home/thussenot/.conda/envs/multinest/lib/python3.8/site-packages/bilby/core/result.py", line 773, in save_to_file
    move_old_file(filename, overwrite)
  File "/home/thussenot/.conda/envs/multinest/lib/python3.8/site-packages/bilby/core/utils/io.py", line 408, in move_old_file
    shutil.move(filename, filename + ".old")
  File "/home/thussenot/.conda/envs/multinest/lib/python3.8/shutil.py", line 811, in move
    copy_function(src, real_dst)
  File "/home/thussenot/.conda/envs/multinest/lib/python3.8/shutil.py", line 435, in copy2
    copyfile(src, dst, follow_symlinks=follow_symlinks)
  File "/home/thussenot/.conda/envs/multinest/lib/python3.8/shutil.py", line 264, in copyfile
    with open(src, 'rb') as fsrc, open(dst, 'wb') as fdst:
FileNotFoundError: [Errno 2] No such file or directory: 'outdirBNSButophat32cores/GRB211211A_result.json'
Traceback (most recent call last):
  File "/home/thussenot/.conda/envs/multinest/lib/python3.8/shutil.py", line 791, in move
    os.rename(src, real_dst)
FileNotFoundError: [Errno 2] No such file or directory: 'outdirBNSButophat32cores/GRB211211A_result.json' -> 'outdirBNSButophat32cores/GRB211211A_result.json.old'

During handling of the above exception, another exception occurred:

Traceback (most recent call last):
  File "/home/thussenot/.conda/envs/multinest/bin/light_curve_analysis", line 8, in <module>
    sys.exit(main())
  File "/home/thussenot/.conda/envs/multinest/lib/python3.8/site-packages/nmma/em/analysis.py", line 622, in main
    result = bilby.run_sampler(
  File "/home/thussenot/.conda/envs/multinest/lib/python3.8/site-packages/bilby/core/sampler/__init__.py", line 262, in run_sampler
    result.save_to_file(extension=save, gzip=gzip, outdir=outdir)
  File "/home/thussenot/.conda/envs/multinest/lib/python3.8/site-packages/bilby/core/result.py", line 773, in save_to_file
    move_old_file(filename, overwrite)
  File "/home/thussenot/.conda/envs/multinest/lib/python3.8/site-packages/bilby/core/utils/io.py", line 408, in move_old_file
    shutil.move(filename, filename + ".old")
  File "/home/thussenot/.conda/envs/multinest/lib/python3.8/shutil.py", line 811, in move
    copy_function(src, real_dst)
  File "/home/thussenot/.conda/envs/multinest/lib/python3.8/shutil.py", line 435, in copy2
    copyfile(src, dst, follow_symlinks=follow_symlinks)
  File "/home/thussenot/.conda/envs/multinest/lib/python3.8/shutil.py", line 264, in copyfile
    with open(src, 'rb') as fsrc, open(dst, 'wb') as fdst:
FileNotFoundError: [Errno 2] No such file or directory: 'outdirBNSButophat32cores/GRB211211A_result.json'
Traceback (most recent call last):
  File "/home/thussenot/.conda/envs/multinest/lib/python3.8/shutil.py", line 791, in move
    os.rename(src, real_dst)
FileNotFoundError: [Errno 2] No such file or directory: 'outdirBNSButophat32cores/GRB211211A_result.json' -> 'outdirBNSButophat32cores/GRB211211A_result.json.old'

During handling of the above exception, another exception occurred:

Traceback (most recent call last):
  File "/home/thussenot/.conda/envs/multinest/bin/light_curve_analysis", line 8, in <module>
    sys.exit(main())
  File "/home/thussenot/.conda/envs/multinest/lib/python3.8/site-packages/nmma/em/analysis.py", line 622, in main
    result = bilby.run_sampler(
  File "/home/thussenot/.conda/envs/multinest/lib/python3.8/site-packages/bilby/core/sampler/__init__.py", line 262, in run_sampler
    result.save_to_file(extension=save, gzip=gzip, outdir=outdir)
  File "/home/thussenot/.conda/envs/multinest/lib/python3.8/site-packages/bilby/core/result.py", line 773, in save_to_file
    move_old_file(filename, overwrite)
  File "/home/thussenot/.conda/envs/multinest/lib/python3.8/site-packages/bilby/core/utils/io.py", line 408, in move_old_file
    shutil.move(filename, filename + ".old")
  File "/home/thussenot/.conda/envs/multinest/lib/python3.8/shutil.py", line 811, in move
    copy_function(src, real_dst)
  File "/home/thussenot/.conda/envs/multinest/lib/python3.8/shutil.py", line 435, in copy2
    copyfile(src, dst, follow_symlinks=follow_symlinks)
  File "/home/thussenot/.conda/envs/multinest/lib/python3.8/shutil.py", line 264, in copyfile
    with open(src, 'rb') as fsrc, open(dst, 'wb') as fdst:
FileNotFoundError: [Errno 2] No such file or directory: 'outdirBNSButophat32cores/GRB211211A_result.json'
Traceback (most recent call last):
  File "/home/thussenot/.conda/envs/multinest/lib/python3.8/shutil.py", line 791, in move
    os.rename(src, real_dst)
FileNotFoundError: [Errno 2] No such file or directory: 'outdirBNSButophat32cores/GRB211211A_result.json' -> 'outdirBNSButophat32cores/GRB211211A_result.json.old'

During handling of the above exception, another exception occurred:

Traceback (most recent call last):
  File "/home/thussenot/.conda/envs/multinest/bin/light_curve_analysis", line 8, in <module>
    sys.exit(main())
  File "/home/thussenot/.conda/envs/multinest/lib/python3.8/site-packages/nmma/em/analysis.py", line 622, in main
    result = bilby.run_sampler(
  File "/home/thussenot/.conda/envs/multinest/lib/python3.8/site-packages/bilby/core/sampler/__init__.py", line 262, in run_sampler
    result.save_to_file(extension=save, gzip=gzip, outdir=outdir)
  File "/home/thussenot/.conda/envs/multinest/lib/python3.8/site-packages/bilby/core/result.py", line 773, in save_to_file
    move_old_file(filename, overwrite)
  File "/home/thussenot/.conda/envs/multinest/lib/python3.8/site-packages/bilby/core/utils/io.py", line 408, in move_old_file
    shutil.move(filename, filename + ".old")
  File "/home/thussenot/.conda/envs/multinest/lib/python3.8/shutil.py", line 811, in move
    copy_function(src, real_dst)
  File "/home/thussenot/.conda/envs/multinest/lib/python3.8/shutil.py", line 435, in copy2
    copyfile(src, dst, follow_symlinks=follow_symlinks)
  File "/home/thussenot/.conda/envs/multinest/lib/python3.8/shutil.py", line 264, in copyfile
    with open(src, 'rb') as fsrc, open(dst, 'wb') as fdst:
FileNotFoundError: [Errno 2] No such file or directory: 'outdirBNSButophat32cores/GRB211211A_result.json'
Traceback (most recent call last):
  File "/home/thussenot/.conda/envs/multinest/lib/python3.8/shutil.py", line 791, in move
    os.rename(src, real_dst)
FileNotFoundError: [Errno 2] No such file or directory: 'outdirBNSButophat32cores/GRB211211A_result.json' -> 'outdirBNSButophat32cores/GRB211211A_result.json.old'

During handling of the above exception, another exception occurred:

Traceback (most recent call last):
  File "/home/thussenot/.conda/envs/multinest/bin/light_curve_analysis", line 8, in <module>
    sys.exit(main())
  File "/home/thussenot/.conda/envs/multinest/lib/python3.8/site-packages/nmma/em/analysis.py", line 622, in main
    result = bilby.run_sampler(
  File "/home/thussenot/.conda/envs/multinest/lib/python3.8/site-packages/bilby/core/sampler/__init__.py", line 262, in run_sampler
    result.save_to_file(extension=save, gzip=gzip, outdir=outdir)
  File "/home/thussenot/.conda/envs/multinest/lib/python3.8/site-packages/bilby/core/result.py", line 773, in save_to_file
    move_old_file(filename, overwrite)
  File "/home/thussenot/.conda/envs/multinest/lib/python3.8/site-packages/bilby/core/utils/io.py", line 408, in move_old_file
    shutil.move(filename, filename + ".old")
  File "/home/thussenot/.conda/envs/multinest/lib/python3.8/shutil.py", line 811, in move
    copy_function(src, real_dst)
  File "/home/thussenot/.conda/envs/multinest/lib/python3.8/shutil.py", line 435, in copy2
    copyfile(src, dst, follow_symlinks=follow_symlinks)
  File "/home/thussenot/.conda/envs/multinest/lib/python3.8/shutil.py", line 264, in copyfile
    with open(src, 'rb') as fsrc, open(dst, 'wb') as fdst:
FileNotFoundError: [Errno 2] No such file or directory: 'outdirBNSButophat32cores/GRB211211A_result.json'
Traceback (most recent call last):
  File "/home/thussenot/.conda/envs/multinest/lib/python3.8/shutil.py", line 791, in move
    os.rename(src, real_dst)
FileNotFoundError: [Errno 2] No such file or directory: 'outdirBNSButophat32cores/GRB211211A_result.json' -> 'outdirBNSButophat32cores/GRB211211A_result.json.old'

During handling of the above exception, another exception occurred:

Traceback (most recent call last):
  File "/home/thussenot/.conda/envs/multinest/bin/light_curve_analysis", line 8, in <module>
    sys.exit(main())
  File "/home/thussenot/.conda/envs/multinest/lib/python3.8/site-packages/nmma/em/analysis.py", line 622, in main
    result = bilby.run_sampler(
  File "/home/thussenot/.conda/envs/multinest/lib/python3.8/site-packages/bilby/core/sampler/__init__.py", line 262, in run_sampler
    result.save_to_file(extension=save, gzip=gzip, outdir=outdir)
  File "/home/thussenot/.conda/envs/multinest/lib/python3.8/site-packages/bilby/core/result.py", line 773, in save_to_file
    move_old_file(filename, overwrite)
  File "/home/thussenot/.conda/envs/multinest/lib/python3.8/site-packages/bilby/core/utils/io.py", line 408, in move_old_file
    shutil.move(filename, filename + ".old")
  File "/home/thussenot/.conda/envs/multinest/lib/python3.8/shutil.py", line 811, in move
    copy_function(src, real_dst)
  File "/home/thussenot/.conda/envs/multinest/lib/python3.8/shutil.py", line 435, in copy2
    copyfile(src, dst, follow_symlinks=follow_symlinks)
  File "/home/thussenot/.conda/envs/multinest/lib/python3.8/shutil.py", line 264, in copyfile
    with open(src, 'rb') as fsrc, open(dst, 'wb') as fdst:
FileNotFoundError: [Errno 2] No such file or directory: 'outdirBNSButophat32cores/GRB211211A_result.json'
Traceback (most recent call last):
  File "/home/thussenot/.conda/envs/multinest/lib/python3.8/shutil.py", line 791, in move
    os.rename(src, real_dst)
FileNotFoundError: [Errno 2] No such file or directory: 'outdirBNSButophat32cores/GRB211211A_result.json' -> 'outdirBNSButophat32cores/GRB211211A_result.json.old'

During handling of the above exception, another exception occurred:

Traceback (most recent call last):
  File "/home/thussenot/.conda/envs/multinest/bin/light_curve_analysis", line 8, in <module>
    sys.exit(main())
  File "/home/thussenot/.conda/envs/multinest/lib/python3.8/site-packages/nmma/em/analysis.py", line 622, in main
    result = bilby.run_sampler(
  File "/home/thussenot/.conda/envs/multinest/lib/python3.8/site-packages/bilby/core/sampler/__init__.py", line 262, in run_sampler
    result.save_to_file(extension=save, gzip=gzip, outdir=outdir)
  File "/home/thussenot/.conda/envs/multinest/lib/python3.8/site-packages/bilby/core/result.py", line 773, in save_to_file
    move_old_file(filename, overwrite)
  File "/home/thussenot/.conda/envs/multinest/lib/python3.8/site-packages/bilby/core/utils/io.py", line 408, in move_old_file
    shutil.move(filename, filename + ".old")
  File "/home/thussenot/.conda/envs/multinest/lib/python3.8/shutil.py", line 811, in move
    copy_function(src, real_dst)
  File "/home/thussenot/.conda/envs/multinest/lib/python3.8/shutil.py", line 435, in copy2
    copyfile(src, dst, follow_symlinks=follow_symlinks)
  File "/home/thussenot/.conda/envs/multinest/lib/python3.8/shutil.py", line 264, in copyfile
    with open(src, 'rb') as fsrc, open(dst, 'wb') as fdst:
FileNotFoundError: [Errno 2] No such file or directory: 'outdirBNSButophat32cores/GRB211211A_result.json'
Traceback (most recent call last):
  File "/home/thussenot/.conda/envs/multinest/lib/python3.8/shutil.py", line 791, in move
    os.rename(src, real_dst)
FileNotFoundError: [Errno 2] No such file or directory: 'outdirBNSButophat32cores/GRB211211A_result.json' -> 'outdirBNSButophat32cores/GRB211211A_result.json.old'

During handling of the above exception, another exception occurred:

Traceback (most recent call last):
  File "/home/thussenot/.conda/envs/multinest/bin/light_curve_analysis", line 8, in <module>
    sys.exit(main())
  File "/home/thussenot/.conda/envs/multinest/lib/python3.8/site-packages/nmma/em/analysis.py", line 622, in main
    result = bilby.run_sampler(
  File "/home/thussenot/.conda/envs/multinest/lib/python3.8/site-packages/bilby/core/sampler/__init__.py", line 262, in run_sampler
    result.save_to_file(extension=save, gzip=gzip, outdir=outdir)
  File "/home/thussenot/.conda/envs/multinest/lib/python3.8/site-packages/bilby/core/result.py", line 773, in save_to_file
    move_old_file(filename, overwrite)
  File "/home/thussenot/.conda/envs/multinest/lib/python3.8/site-packages/bilby/core/utils/io.py", line 408, in move_old_file
    shutil.move(filename, filename + ".old")
  File "/home/thussenot/.conda/envs/multinest/lib/python3.8/shutil.py", line 811, in move
    copy_function(src, real_dst)
  File "/home/thussenot/.conda/envs/multinest/lib/python3.8/shutil.py", line 435, in copy2
    copyfile(src, dst, follow_symlinks=follow_symlinks)
  File "/home/thussenot/.conda/envs/multinest/lib/python3.8/shutil.py", line 264, in copyfile
    with open(src, 'rb') as fsrc, open(dst, 'wb') as fdst:
FileNotFoundError: [Errno 2] No such file or directory: 'outdirBNSButophat32cores/GRB211211A_result.json'
Traceback (most recent call last):
  File "/home/thussenot/.conda/envs/multinest/lib/python3.8/shutil.py", line 791, in move
    os.rename(src, real_dst)
FileNotFoundError: [Errno 2] No such file or directory: 'outdirBNSButophat32cores/GRB211211A_result.json' -> 'outdirBNSButophat32cores/GRB211211A_result.json.old'

During handling of the above exception, another exception occurred:

Traceback (most recent call last):
  File "/home/thussenot/.conda/envs/multinest/bin/light_curve_analysis", line 8, in <module>
    sys.exit(main())
  File "/home/thussenot/.conda/envs/multinest/lib/python3.8/site-packages/nmma/em/analysis.py", line 622, in main
    result = bilby.run_sampler(
  File "/home/thussenot/.conda/envs/multinest/lib/python3.8/site-packages/bilby/core/sampler/__init__.py", line 262, in run_sampler
    result.save_to_file(extension=save, gzip=gzip, outdir=outdir)
  File "/home/thussenot/.conda/envs/multinest/lib/python3.8/site-packages/bilby/core/result.py", line 773, in save_to_file
    move_old_file(filename, overwrite)
  File "/home/thussenot/.conda/envs/multinest/lib/python3.8/site-packages/bilby/core/utils/io.py", line 408, in move_old_file
    shutil.move(filename, filename + ".old")
  File "/home/thussenot/.conda/envs/multinest/lib/python3.8/shutil.py", line 811, in move
    copy_function(src, real_dst)
  File "/home/thussenot/.conda/envs/multinest/lib/python3.8/shutil.py", line 435, in copy2
    copyfile(src, dst, follow_symlinks=follow_symlinks)
  File "/home/thussenot/.conda/envs/multinest/lib/python3.8/shutil.py", line 264, in copyfile
    with open(src, 'rb') as fsrc, open(dst, 'wb') as fdst:
FileNotFoundError: [Errno 2] No such file or directory: 'outdirBNSButophat32cores/GRB211211A_result.json'
Traceback (most recent call last):
  File "/home/thussenot/.conda/envs/multinest/lib/python3.8/shutil.py", line 791, in move
    os.rename(src, real_dst)
FileNotFoundError: [Errno 2] No such file or directory: 'outdirBNSButophat32cores/GRB211211A_result.json' -> 'outdirBNSButophat32cores/GRB211211A_result.json.old'

During handling of the above exception, another exception occurred:

Traceback (most recent call last):
  File "/home/thussenot/.conda/envs/multinest/bin/light_curve_analysis", line 8, in <module>
    sys.exit(main())
  File "/home/thussenot/.conda/envs/multinest/lib/python3.8/site-packages/nmma/em/analysis.py", line 622, in main
    result = bilby.run_sampler(
  File "/home/thussenot/.conda/envs/multinest/lib/python3.8/site-packages/bilby/core/sampler/__init__.py", line 262, in run_sampler
    result.save_to_file(extension=save, gzip=gzip, outdir=outdir)
  File "/home/thussenot/.conda/envs/multinest/lib/python3.8/site-packages/bilby/core/result.py", line 773, in save_to_file
    move_old_file(filename, overwrite)
  File "/home/thussenot/.conda/envs/multinest/lib/python3.8/site-packages/bilby/core/utils/io.py", line 408, in move_old_file
    shutil.move(filename, filename + ".old")
  File "/home/thussenot/.conda/envs/multinest/lib/python3.8/shutil.py", line 811, in move
    copy_function(src, real_dst)
  File "/home/thussenot/.conda/envs/multinest/lib/python3.8/shutil.py", line 435, in copy2
    copyfile(src, dst, follow_symlinks=follow_symlinks)
  File "/home/thussenot/.conda/envs/multinest/lib/python3.8/shutil.py", line 264, in copyfile
    with open(src, 'rb') as fsrc, open(dst, 'wb') as fdst:
FileNotFoundError: [Errno 2] No such file or directory: 'outdirBNSButophat32cores/GRB211211A_result.json'
14:48 bilby INFO    : Sampling time: 6:26:22.764082
14:48 bilby INFO    : Sampling time: 6:26:26.304863
14:48 bilby INFO    : Sampling time: 6:26:35.502588
14:48 bilby INFO    : Sampling time: 6:26:09.769473
14:48 bilby INFO    : Sampling time: 6:26:16.599207
Traceback (most recent call last):
  File "/home/thussenot/.conda/envs/multinest/lib/python3.8/shutil.py", line 791, in move
    os.rename(src, real_dst)
FileNotFoundError: [Errno 2] No such file or directory: 'outdirBNSButophat32cores/GRB211211A_result.json' -> 'outdirBNSButophat32cores/GRB211211A_result.json.old'

During handling of the above exception, another exception occurred:

Traceback (most recent call last):
  File "/home/thussenot/.conda/envs/multinest/bin/light_curve_analysis", line 8, in <module>
    sys.exit(main())
  File "/home/thussenot/.conda/envs/multinest/lib/python3.8/site-packages/nmma/em/analysis.py", line 622, in main
    result = bilby.run_sampler(
  File "/home/thussenot/.conda/envs/multinest/lib/python3.8/site-packages/bilby/core/sampler/__init__.py", line 262, in run_sampler
    result.save_to_file(extension=save, gzip=gzip, outdir=outdir)
  File "/home/thussenot/.conda/envs/multinest/lib/python3.8/site-packages/bilby/core/result.py", line 773, in save_to_file
    move_old_file(filename, overwrite)
  File "/home/thussenot/.conda/envs/multinest/lib/python3.8/site-packages/bilby/core/utils/io.py", line 408, in move_old_file
    shutil.move(filename, filename + ".old")
  File "/home/thussenot/.conda/envs/multinest/lib/python3.8/shutil.py", line 811, in move
    copy_function(src, real_dst)
  File "/home/thussenot/.conda/envs/multinest/lib/python3.8/shutil.py", line 436, in copy2
    copystat(src, dst, follow_symlinks=follow_symlinks)
  File "/home/thussenot/.conda/envs/multinest/lib/python3.8/shutil.py", line 373, in copystat
    st = lookup("stat")(src, follow_symlinks=follow)
FileNotFoundError: [Errno 2] No such file or directory: 'outdirBNSButophat32cores/GRB211211A_result.json'
Traceback (most recent call last):
  File "/home/thussenot/.conda/envs/multinest/lib/python3.8/shutil.py", line 791, in move
    os.rename(src, real_dst)
FileNotFoundError: [Errno 2] No such file or directory: 'outdirBNSButophat32cores/GRB211211A_result.json' -> 'outdirBNSButophat32cores/GRB211211A_result.json.old'

During handling of the above exception, another exception occurred:

Traceback (most recent call last):
  File "/home/thussenot/.conda/envs/multinest/bin/light_curve_analysis", line 8, in <module>
    sys.exit(main())
  File "/home/thussenot/.conda/envs/multinest/lib/python3.8/site-packages/nmma/em/analysis.py", line 622, in main
    result = bilby.run_sampler(
  File "/home/thussenot/.conda/envs/multinest/lib/python3.8/site-packages/bilby/core/sampler/__init__.py", line 262, in run_sampler
    result.save_to_file(extension=save, gzip=gzip, outdir=outdir)
  File "/home/thussenot/.conda/envs/multinest/lib/python3.8/site-packages/bilby/core/result.py", line 773, in save_to_file
    move_old_file(filename, overwrite)
  File "/home/thussenot/.conda/envs/multinest/lib/python3.8/site-packages/bilby/core/utils/io.py", line 408, in move_old_file
    shutil.move(filename, filename + ".old")
  File "/home/thussenot/.conda/envs/multinest/lib/python3.8/shutil.py", line 811, in move
    copy_function(src, real_dst)
  File "/home/thussenot/.conda/envs/multinest/lib/python3.8/shutil.py", line 436, in copy2
    copystat(src, dst, follow_symlinks=follow_symlinks)
  File "/home/thussenot/.conda/envs/multinest/lib/python3.8/shutil.py", line 373, in copystat
    st = lookup("stat")(src, follow_symlinks=follow)
FileNotFoundError: [Errno 2] No such file or directory: 'outdirBNSButophat32cores/GRB211211A_result.json'
Traceback (most recent call last):
  File "/home/thussenot/.conda/envs/multinest/lib/python3.8/shutil.py", line 791, in move
    os.rename(src, real_dst)
FileNotFoundError: [Errno 2] No such file or directory: 'outdirBNSButophat32cores/GRB211211A_result.json' -> 'outdirBNSButophat32cores/GRB211211A_result.json.old'

During handling of the above exception, another exception occurred:

Traceback (most recent call last):
  File "/home/thussenot/.conda/envs/multinest/bin/light_curve_analysis", line 8, in <module>
    sys.exit(main())
  File "/home/thussenot/.conda/envs/multinest/lib/python3.8/site-packages/nmma/em/analysis.py", line 622, in main
    result = bilby.run_sampler(
  File "/home/thussenot/.conda/envs/multinest/lib/python3.8/site-packages/bilby/core/sampler/__init__.py", line 262, in run_sampler
    result.save_to_file(extension=save, gzip=gzip, outdir=outdir)
  File "/home/thussenot/.conda/envs/multinest/lib/python3.8/site-packages/bilby/core/result.py", line 773, in save_to_file
    move_old_file(filename, overwrite)
  File "/home/thussenot/.conda/envs/multinest/lib/python3.8/site-packages/bilby/core/utils/io.py", line 408, in move_old_file
    shutil.move(filename, filename + ".old")
  File "/home/thussenot/.conda/envs/multinest/lib/python3.8/shutil.py", line 811, in move
    copy_function(src, real_dst)
  File "/home/thussenot/.conda/envs/multinest/lib/python3.8/shutil.py", line 436, in copy2
    copystat(src, dst, follow_symlinks=follow_symlinks)
  File "/home/thussenot/.conda/envs/multinest/lib/python3.8/shutil.py", line 373, in copystat
    st = lookup("stat")(src, follow_symlinks=follow)
FileNotFoundError: [Errno 2] No such file or directory: 'outdirBNSButophat32cores/GRB211211A_result.json'
Traceback (most recent call last):
  File "/home/thussenot/.conda/envs/multinest/lib/python3.8/shutil.py", line 791, in move
    os.rename(src, real_dst)
FileNotFoundError: [Errno 2] No such file or directory: 'outdirBNSButophat32cores/GRB211211A_result.json' -> 'outdirBNSButophat32cores/GRB211211A_result.json.old'

During handling of the above exception, another exception occurred:

Traceback (most recent call last):
  File "/home/thussenot/.conda/envs/multinest/bin/light_curve_analysis", line 8, in <module>
    sys.exit(main())
  File "/home/thussenot/.conda/envs/multinest/lib/python3.8/site-packages/nmma/em/analysis.py", line 622, in main
    result = bilby.run_sampler(
  File "/home/thussenot/.conda/envs/multinest/lib/python3.8/site-packages/bilby/core/sampler/__init__.py", line 262, in run_sampler
    result.save_to_file(extension=save, gzip=gzip, outdir=outdir)
  File "/home/thussenot/.conda/envs/multinest/lib/python3.8/site-packages/bilby/core/result.py", line 773, in save_to_file
    move_old_file(filename, overwrite)
  File "/home/thussenot/.conda/envs/multinest/lib/python3.8/site-packages/bilby/core/utils/io.py", line 408, in move_old_file
    shutil.move(filename, filename + ".old")
  File "/home/thussenot/.conda/envs/multinest/lib/python3.8/shutil.py", line 811, in move
    copy_function(src, real_dst)
  File "/home/thussenot/.conda/envs/multinest/lib/python3.8/shutil.py", line 436, in copy2
    copystat(src, dst, follow_symlinks=follow_symlinks)
  File "/home/thussenot/.conda/envs/multinest/lib/python3.8/shutil.py", line 373, in copystat
    st = lookup("stat")(src, follow_symlinks=follow)
FileNotFoundError: [Errno 2] No such file or directory: 'outdirBNSButophat32cores/GRB211211A_result.json'
14:48 bilby ERROR   : 

Saving the data has failed with the following message:
[Errno 116] Stale file handle
Data has been dumped to outdirBNSButophat32cores/GRB211211A_result.pkl.


14:48 bilby ERROR   : 

Saving the data has failed with the following message:
[Errno 116] Stale file handle
Data has been dumped to outdirBNSButophat32cores/GRB211211A_result.pkl.


Traceback (most recent call last):
  File "/home/thussenot/.conda/envs/multinest/bin/light_curve_analysis", line 8, in <module>
    sys.exit(main())
  File "/home/thussenot/.conda/envs/multinest/lib/python3.8/site-packages/nmma/em/analysis.py", line 622, in main
    result = bilby.run_sampler(
  File "/home/thussenot/.conda/envs/multinest/lib/python3.8/site-packages/bilby/core/sampler/__init__.py", line 278, in run_sampler
    result.save_to_file(overwrite=True, extension=save, gzip=gzip, outdir=outdir)
  File "/home/thussenot/.conda/envs/multinest/lib/python3.8/site-packages/bilby/core/result.py", line 773, in save_to_file
    move_old_file(filename, overwrite)
  File "/home/thussenot/.conda/envs/multinest/lib/python3.8/site-packages/bilby/core/utils/io.py", line 403, in move_old_file
    os.remove(filename)
FileNotFoundError: [Errno 2] No such file or directory: 'outdirBNSButophat32cores/GRB211211A_result.json'
OSError: [Errno 5] Input/output error

During handling of the above exception, another exception occurred:

Traceback (most recent call last):
  File "/home/thussenot/.conda/envs/multinest/lib/python3.8/site-packages/bilby/core/result.py", line 796, in save_to_file
    json.dump(dictionary, file, indent=2, cls=BilbyJsonEncoder)
OSError: [Errno 116] Stale file handle

During handling of the above exception, another exception occurred:

Traceback (most recent call last):
  File "/home/thussenot/.conda/envs/multinest/lib/python3.8/shutil.py", line 791, in move
    os.rename(src, real_dst)
FileNotFoundError: [Errno 2] No such file or directory: 'outdirBNSButophat32cores/GRB211211A_result.pkl.temp' -> 'outdirBNSButophat32cores/GRB211211A_result.pkl'

During handling of the above exception, another exception occurred:

Traceback (most recent call last):
  File "/home/thussenot/.conda/envs/multinest/bin/light_curve_analysis", line 8, in <module>
    sys.exit(main())
  File "/home/thussenot/.conda/envs/multinest/lib/python3.8/site-packages/nmma/em/analysis.py", line 622, in main
    result = bilby.run_sampler(
  File "/home/thussenot/.conda/envs/multinest/lib/python3.8/site-packages/bilby/core/sampler/__init__.py", line 262, in run_sampler
    result.save_to_file(extension=save, gzip=gzip, outdir=outdir)
  File "/home/thussenot/.conda/envs/multinest/lib/python3.8/site-packages/bilby/core/result.py", line 809, in save_to_file
    safe_file_dump(self, filename, "dill")
  File "/home/thussenot/.conda/envs/multinest/lib/python3.8/site-packages/bilby/core/utils/io.py", line 386, in safe_file_dump
    shutil.move(temp_filename, filename)
  File "/home/thussenot/.conda/envs/multinest/lib/python3.8/shutil.py", line 811, in move
    copy_function(src, real_dst)
  File "/home/thussenot/.conda/envs/multinest/lib/python3.8/shutil.py", line 435, in copy2
    copyfile(src, dst, follow_symlinks=follow_symlinks)
  File "/home/thussenot/.conda/envs/multinest/lib/python3.8/shutil.py", line 264, in copyfile
    with open(src, 'rb') as fsrc, open(dst, 'wb') as fdst:
FileNotFoundError: [Errno 2] No such file or directory: 'outdirBNSButophat32cores/GRB211211A_result.pkl.temp'
Traceback (most recent call last):
  File "/home/thussenot/.conda/envs/multinest/bin/light_curve_analysis", line 8, in <module>
    sys.exit(main())
  File "/home/thussenot/.conda/envs/multinest/lib/python3.8/site-packages/nmma/em/analysis.py", line 622, in main
    result = bilby.run_sampler(
  File "/home/thussenot/.conda/envs/multinest/lib/python3.8/site-packages/bilby/core/sampler/__init__.py", line 278, in run_sampler
    result.save_to_file(overwrite=True, extension=save, gzip=gzip, outdir=outdir)
  File "/home/thussenot/.conda/envs/multinest/lib/python3.8/site-packages/bilby/core/result.py", line 773, in save_to_file
    move_old_file(filename, overwrite)
  File "/home/thussenot/.conda/envs/multinest/lib/python3.8/site-packages/bilby/core/utils/io.py", line 403, in move_old_file
    os.remove(filename)
FileNotFoundError: [Errno 2] No such file or directory: 'outdirBNSButophat32cores/GRB211211A_result.json'
14:48 bilby INFO    : Summary of results:
nsamples: 18374
ln_noise_evidence:  0.000
ln_evidence: -111.162 +/-  0.080
ln_bayes_factor: -111.162 +/-  0.080

14:48 bilby INFO    : Writing samples file to /home/thussenot/GRB211211A/priors/01_BNSBu_GRB/02_Tophat/outdirBNSButophat32cores/GRB211211A_posterior_samples.dat
14:48 bilby INFO    : Summary of results:
nsamples: 18374
ln_noise_evidence:  0.000
ln_evidence: -111.162 +/-  0.080
ln_bayes_factor: -111.162 +/-  0.080

14:48 bilby INFO    : Writing samples file to /home/thussenot/GRB211211A/priors/01_BNSBu_GRB/02_Tophat/outdirBNSButophat32cores/GRB211211A_posterior_samples.dat
14:48 bilby INFO    : Summary of results:
nsamples: 18374
ln_noise_evidence:  0.000
ln_evidence: -111.162 +/-  0.080
ln_bayes_factor: -111.162 +/-  0.080

14:48 bilby INFO    : Summary of results:
nsamples: 18374
ln_noise_evidence:  0.000
ln_evidence: -111.162 +/-  0.080
ln_bayes_factor: -111.162 +/-  0.080

14:48 bilby INFO    : Writing samples file to /home/thussenot/GRB211211A/priors/01_BNSBu_GRB/02_Tophat/outdirBNSButophat32cores/GRB211211A_posterior_samples.dat
14:48 bilby INFO    : Writing samples file to /home/thussenot/GRB211211A/priors/01_BNSBu_GRB/02_Tophat/outdirBNSButophat32cores/GRB211211A_posterior_samples.dat
14:48 bilby INFO    : Summary of results:
nsamples: 18374
ln_noise_evidence:  0.000
ln_evidence: -111.162 +/-  0.080
ln_bayes_factor: -111.162 +/-  0.080

14:48 bilby INFO    : Writing samples file to /home/thussenot/GRB211211A/priors/01_BNSBu_GRB/02_Tophat/outdirBNSButophat32cores/GRB211211A_posterior_samples.dat
14:48 bilby INFO    : Summary of results:
nsamples: 18374
ln_noise_evidence:  0.000
ln_evidence: -111.162 +/-  0.080
ln_bayes_factor: -111.162 +/-  0.080

14:48 bilby INFO    : Summary of results:
nsamples: 18374
ln_noise_evidence:  0.000
ln_evidence: -111.162 +/-  0.080
ln_bayes_factor: -111.162 +/-  0.080

14:48 bilby INFO    : Summary of results:
nsamples: 18374
ln_noise_evidence:  0.000
ln_evidence: -111.162 +/-  0.080
ln_bayes_factor: -111.162 +/-  0.080

14:48 bilby INFO    : Writing samples file to /home/thussenot/GRB211211A/priors/01_BNSBu_GRB/02_Tophat/outdirBNSButophat32cores/GRB211211A_posterior_samples.dat
14:48 bilby INFO    : Writing samples file to /home/thussenot/GRB211211A/priors/01_BNSBu_GRB/02_Tophat/outdirBNSButophat32cores/GRB211211A_posterior_samples.dat
14:48 bilby INFO    : Writing samples file to /home/thussenot/GRB211211A/priors/01_BNSBu_GRB/02_Tophat/outdirBNSButophat32cores/GRB211211A_posterior_samples.dat
14:48 bilby INFO    : Summary of results:
nsamples: 18374
ln_noise_evidence:  0.000
ln_evidence: -111.162 +/-  0.080
ln_bayes_factor: -111.162 +/-  0.080

14:48 bilby INFO    : Writing samples file to /home/thussenot/GRB211211A/priors/01_BNSBu_GRB/02_Tophat/outdirBNSButophat32cores/GRB211211A_posterior_samples.dat
/home/thussenot/.conda/envs/multinest/lib/python3.8/site-packages/matplotlib/axes/_base.py:2503: UserWarning: Warning: converting a masked element to nan.
  xys = np.asarray(xys)
/home/thussenot/.conda/envs/multinest/lib/python3.8/site-packages/nmma/em/analysis.py:859: UserWarning: Tight layout not applied. tight_layout cannot make axes height small enough to accommodate all axes decorations.
  plt.tight_layout()
/home/thussenot/.conda/envs/multinest/lib/python3.8/site-packages/matplotlib/axes/_base.py:2503: UserWarning: Warning: converting a masked element to nan.
  xys = np.asarray(xys)
/home/thussenot/.conda/envs/multinest/lib/python3.8/site-packages/nmma/em/analysis.py:859: UserWarning: Tight layout not applied. tight_layout cannot make axes height small enough to accommodate all axes decorations.
  plt.tight_layout()
/home/thussenot/.conda/envs/multinest/lib/python3.8/site-packages/matplotlib/axes/_base.py:2503: UserWarning: Warning: converting a masked element to nan.
  xys = np.asarray(xys)
/home/thussenot/.conda/envs/multinest/lib/python3.8/site-packages/nmma/em/analysis.py:859: UserWarning: Tight layout not applied. tight_layout cannot make axes height small enough to accommodate all axes decorations.
  plt.tight_layout()
/home/thussenot/.conda/envs/multinest/lib/python3.8/site-packages/matplotlib/axes/_base.py:2503: UserWarning: Warning: converting a masked element to nan.
  xys = np.asarray(xys)
/home/thussenot/.conda/envs/multinest/lib/python3.8/site-packages/nmma/em/analysis.py:859: UserWarning: Tight layout not applied. tight_layout cannot make axes height small enough to accommodate all axes decorations.
  plt.tight_layout()
/home/thussenot/.conda/envs/multinest/lib/python3.8/site-packages/matplotlib/axes/_base.py:2503: UserWarning: Warning: converting a masked element to nan.
  xys = np.asarray(xys)
/home/thussenot/.conda/envs/multinest/lib/python3.8/site-packages/nmma/em/analysis.py:859: UserWarning: Tight layout not applied. tight_layout cannot make axes height small enough to accommodate all axes decorations.
  plt.tight_layout()
/home/thussenot/.conda/envs/multinest/lib/python3.8/site-packages/matplotlib/axes/_base.py:2503: UserWarning: Warning: converting a masked element to nan.
  xys = np.asarray(xys)
/home/thussenot/.conda/envs/multinest/lib/python3.8/site-packages/nmma/em/analysis.py:859: UserWarning: Tight layout not applied. tight_layout cannot make axes height small enough to accommodate all axes decorations.
  plt.tight_layout()
/home/thussenot/.conda/envs/multinest/lib/python3.8/site-packages/matplotlib/axes/_base.py:2503: UserWarning: Warning: converting a masked element to nan.
  xys = np.asarray(xys)
/home/thussenot/.conda/envs/multinest/lib/python3.8/site-packages/nmma/em/analysis.py:859: UserWarning: Tight layout not applied. tight_layout cannot make axes height small enough to accommodate all axes decorations.
  plt.tight_layout()
/home/thussenot/.conda/envs/multinest/lib/python3.8/site-packages/matplotlib/axes/_base.py:2503: UserWarning: Warning: converting a masked element to nan.
  xys = np.asarray(xys)
/home/thussenot/.conda/envs/multinest/lib/python3.8/site-packages/nmma/em/analysis.py:859: UserWarning: Tight layout not applied. tight_layout cannot make axes height small enough to accommodate all axes decorations.
  plt.tight_layout()
/home/thussenot/.conda/envs/multinest/lib/python3.8/site-packages/matplotlib/axes/_base.py:2503: UserWarning: Warning: converting a masked element to nan.
  xys = np.asarray(xys)
/home/thussenot/.conda/envs/multinest/lib/python3.8/site-packages/nmma/em/analysis.py:859: UserWarning: Tight layout not applied. tight_layout cannot make axes height small enough to accommodate all axes decorations.
  plt.tight_layout()
--------------------------------------------------------------------------
Primary job  terminated normally, but 1 process returned
a non-zero exit code. Per user-direction, the job has been aborted.
--------------------------------------------------------------------------
--------------------------------------------------------------------------
mpiexec detected that one or more processes exited with non-zero status, thus causing
the job to be terminated. The first process to do so was:

  Process name: [[39164,1],17]
  Exit code:    1
--------------------------------------------------------------------------
