02:44 bilby INFO    : Running for label 'GRB211211A', output will be saved to 'outdirSNgauss32cores'
02:44 bilby INFO    : Running for label 'GRB211211A', output will be saved to 'outdirSNgauss32cores'
02:44 bilby INFO    : Running for label 'GRB211211A', output will be saved to 'outdirSNgauss32cores'
02:44 bilby INFO    : Running for label 'GRB211211A', output will be saved to 'outdirSNgauss32cores'
02:44 bilby INFO    : Running for label 'GRB211211A', output will be saved to 'outdirSNgauss32cores'
02:44 bilby INFO    : Running for label 'GRB211211A', output will be saved to 'outdirSNgauss32cores'
02:44 bilby INFO    : Running for label 'GRB211211A', output will be saved to 'outdirSNgauss32cores'
02:44 bilby INFO    : Running for label 'GRB211211A', output will be saved to 'outdirSNgauss32cores'
02:44 bilby INFO    : Running for label 'GRB211211A', output will be saved to 'outdirSNgauss32cores'
02:44 bilby INFO    : Running for label 'GRB211211A', output will be saved to 'outdirSNgauss32cores'
02:44 bilby INFO    : Running for label 'GRB211211A', output will be saved to 'outdirSNgauss32cores'
02:44 bilby INFO    : Running for label 'GRB211211A', output will be saved to 'outdirSNgauss32cores'
02:44 bilby INFO    : Running for label 'GRB211211A', output will be saved to 'outdirSNgauss32cores'
02:44 bilby INFO    : Running for label 'GRB211211A', output will be saved to 'outdirSNgauss32cores'
02:44 bilby INFO    : Running for label 'GRB211211A', output will be saved to 'outdirSNgauss32cores'
02:44 bilby INFO    : Running for label 'GRB211211A', output will be saved to 'outdirSNgauss32cores'
02:44 bilby INFO    : Running for label 'GRB211211A', output will be saved to 'outdirSNgauss32cores'
02:44 bilby INFO    : Running for label 'GRB211211A', output will be saved to 'outdirSNgauss32cores'
02:44 bilby INFO    : Running for label 'GRB211211A', output will be saved to 'outdirSNgauss32cores'
02:44 bilby INFO    : Running for label 'GRB211211A', output will be saved to 'outdirSNgauss32cores'
02:44 bilby INFO    : Running for label 'GRB211211A', output will be saved to 'outdirSNgauss32cores'
02:44 bilby INFO    : Running for label 'GRB211211A', output will be saved to 'outdirSNgauss32cores'
02:44 bilby INFO    : Running for label 'GRB211211A', output will be saved to 'outdirSNgauss32cores'
02:44 bilby INFO    : Running for label 'GRB211211A', output will be saved to 'outdirSNgauss32cores'
02:44 bilby INFO    : Running for label 'GRB211211A', output will be saved to 'outdirSNgauss32cores'
02:44 bilby INFO    : Running for label 'GRB211211A', output will be saved to 'outdirSNgauss32cores'
02:44 bilby INFO    : Running for label 'GRB211211A', output will be saved to 'outdirSNgauss32cores'
02:44 bilby INFO    : Running for label 'GRB211211A', output will be saved to 'outdirSNgauss32cores'
02:44 bilby INFO    : Running for label 'GRB211211A', output will be saved to 'outdirSNgauss32cores'
02:44 bilby INFO    : Running for label 'GRB211211A', output will be saved to 'outdirSNgauss32cores'
02:44 bilby INFO    : Running for label 'GRB211211A', output will be saved to 'outdirSNgauss32cores'
02:44 bilby INFO    : Running for label 'GRB211211A', output will be saved to 'outdirSNgauss32cores'
02:44 bilby INFO    : Analysis priors:
02:44 bilby INFO    : Analysis priors:
02:44 bilby INFO    : Analysis priors:
02:44 bilby INFO    : Analysis priors:
02:44 bilby INFO    : supernova_mag_boost=Uniform(minimum=0, maximum=60, name='supernova_mag_boost', latex_label='$mag$', unit=None, boundary='reflective')
02:44 bilby INFO    : supernova_mag_boost=Uniform(minimum=0, maximum=60, name='supernova_mag_boost', latex_label='$mag$', unit=None, boundary='reflective')
02:44 bilby INFO    : supernova_mag_boost=Uniform(minimum=0, maximum=60, name='supernova_mag_boost', latex_label='$mag$', unit=None, boundary='reflective')
02:44 bilby INFO    : supernova_mag_boost=Uniform(minimum=0, maximum=60, name='supernova_mag_boost', latex_label='$mag$', unit=None, boundary='reflective')
02:44 bilby INFO    : inclination_EM=nmma.em.prior.ConditionalGaussianIotaGivenThetaCore(minimum=0.0, maximum=0.7853981633974483, name='inclination_EM', N_sigma=1.0, latex_label='$\\iota$', unit=None, boundary=None)
02:44 bilby INFO    : inclination_EM=nmma.em.prior.ConditionalGaussianIotaGivenThetaCore(minimum=0.0, maximum=0.7853981633974483, name='inclination_EM', N_sigma=1.0, latex_label='$\\iota$', unit=None, boundary=None)
02:44 bilby INFO    : inclination_EM=nmma.em.prior.ConditionalGaussianIotaGivenThetaCore(minimum=0.0, maximum=0.7853981633974483, name='inclination_EM', N_sigma=1.0, latex_label='$\\iota$', unit=None, boundary=None)
02:44 bilby INFO    : inclination_EM=nmma.em.prior.ConditionalGaussianIotaGivenThetaCore(minimum=0.0, maximum=0.7853981633974483, name='inclination_EM', N_sigma=1.0, latex_label='$\\iota$', unit=None, boundary=None)
02:44 bilby INFO    : luminosity_distance=Uniform(minimum=0, maximum=3000, name='luminosity_distance', latex_label='$D_L$', unit=None, boundary=None)
02:44 bilby INFO    : luminosity_distance=Uniform(minimum=0, maximum=3000, name='luminosity_distance', latex_label='$D_L$', unit=None, boundary=None)
02:44 bilby INFO    : luminosity_distance=Uniform(minimum=0, maximum=3000, name='luminosity_distance', latex_label='$D_L$', unit=None, boundary=None)
02:44 bilby INFO    : luminosity_distance=Uniform(minimum=0, maximum=3000, name='luminosity_distance', latex_label='$D_L$', unit=None, boundary=None)
02:44 bilby INFO    : log10_E0=Uniform(minimum=47.0, maximum=55.0, name='log10_E0', latex_label='$\\log_{10}E_0$', unit=None, boundary='reflective')
02:44 bilby INFO    : log10_E0=Uniform(minimum=47.0, maximum=55.0, name='log10_E0', latex_label='$\\log_{10}E_0$', unit=None, boundary='reflective')
02:44 bilby INFO    : log10_E0=Uniform(minimum=47.0, maximum=55.0, name='log10_E0', latex_label='$\\log_{10}E_0$', unit=None, boundary='reflective')
02:44 bilby INFO    : log10_E0=Uniform(minimum=47.0, maximum=55.0, name='log10_E0', latex_label='$\\log_{10}E_0$', unit=None, boundary='reflective')
02:44 bilby INFO    : thetaCore=Uniform(minimum=0.01, maximum=0.3141592653589793, name='theta_core', latex_label='$\\theta_c$', unit=None, boundary='reflective')
02:44 bilby INFO    : thetaCore=Uniform(minimum=0.01, maximum=0.3141592653589793, name='theta_core', latex_label='$\\theta_c$', unit=None, boundary='reflective')
02:44 bilby INFO    : thetaCore=Uniform(minimum=0.01, maximum=0.3141592653589793, name='theta_core', latex_label='$\\theta_c$', unit=None, boundary='reflective')
02:44 bilby INFO    : thetaCore=Uniform(minimum=0.01, maximum=0.3141592653589793, name='theta_core', latex_label='$\\theta_c$', unit=None, boundary='reflective')
02:44 bilby INFO    : thetaWing=Uniform(minimum=0.01, maximum=0.7853981633974483, name='theta_wing', latex_label='$\\theta_w$', unit=None, boundary=None)
02:44 bilby INFO    : thetaWing=Uniform(minimum=0.01, maximum=0.7853981633974483, name='theta_wing', latex_label='$\\theta_w$', unit=None, boundary=None)
02:44 bilby INFO    : thetaWing=Uniform(minimum=0.01, maximum=0.7853981633974483, name='theta_wing', latex_label='$\\theta_w$', unit=None, boundary=None)
02:44 bilby INFO    : thetaWing=Uniform(minimum=0.01, maximum=0.7853981633974483, name='theta_wing', latex_label='$\\theta_w$', unit=None, boundary=None)
02:44 bilby INFO    : log10_n0=Uniform(minimum=-6, maximum=2.0, name='log10_n0', latex_label='$\\log_{10}n_0$', unit=None, boundary='reflective')
02:44 bilby INFO    : log10_n0=Uniform(minimum=-6, maximum=2.0, name='log10_n0', latex_label='$\\log_{10}n_0$', unit=None, boundary='reflective')
02:44 bilby INFO    : log10_n0=Uniform(minimum=-6, maximum=2.0, name='log10_n0', latex_label='$\\log_{10}n_0$', unit=None, boundary='reflective')
02:44 bilby INFO    : log10_n0=Uniform(minimum=-6, maximum=2.0, name='log10_n0', latex_label='$\\log_{10}n_0$', unit=None, boundary='reflective')
02:44 bilby INFO    : p=Uniform(minimum=2.01, maximum=3.0, name='p', latex_label='$p$', unit=None, boundary=None)
02:44 bilby INFO    : p=Uniform(minimum=2.01, maximum=3.0, name='p', latex_label='$p$', unit=None, boundary=None)
02:44 bilby INFO    : p=Uniform(minimum=2.01, maximum=3.0, name='p', latex_label='$p$', unit=None, boundary=None)
02:44 bilby INFO    : p=Uniform(minimum=2.01, maximum=3.0, name='p', latex_label='$p$', unit=None, boundary=None)
02:44 bilby INFO    : log10_epsilon_e=Uniform(minimum=-5, maximum=0, name='log10_epsilon_e', latex_label='$\\log_{10}\\epsilon_e$', unit=None, boundary='reflective')
02:44 bilby INFO    : log10_epsilon_e=Uniform(minimum=-5, maximum=0, name='log10_epsilon_e', latex_label='$\\log_{10}\\epsilon_e$', unit=None, boundary='reflective')
02:44 bilby INFO    : log10_epsilon_e=Uniform(minimum=-5, maximum=0, name='log10_epsilon_e', latex_label='$\\log_{10}\\epsilon_e$', unit=None, boundary='reflective')
02:44 bilby INFO    : log10_epsilon_e=Uniform(minimum=-5, maximum=0, name='log10_epsilon_e', latex_label='$\\log_{10}\\epsilon_e$', unit=None, boundary='reflective')
02:44 bilby INFO    : log10_epsilon_B=Uniform(minimum=-10, maximum=0, name='log10_epsilon_B', latex_label='$\\log_{10}\\epsilon_B$', unit=None, boundary='reflective')
02:44 bilby INFO    : log10_epsilon_B=Uniform(minimum=-10, maximum=0, name='log10_epsilon_B', latex_label='$\\log_{10}\\epsilon_B$', unit=None, boundary='reflective')
02:44 bilby INFO    : KNtimeshift=0.0
02:44 bilby INFO    : log10_epsilon_B=Uniform(minimum=-10, maximum=0, name='log10_epsilon_B', latex_label='$\\log_{10}\\epsilon_B$', unit=None, boundary='reflective')
02:44 bilby INFO    : log10_epsilon_B=Uniform(minimum=-10, maximum=0, name='log10_epsilon_B', latex_label='$\\log_{10}\\epsilon_B$', unit=None, boundary='reflective')
02:44 bilby INFO    : KNtimeshift=0.0
02:44 bilby INFO    : Ebv=0.0
02:44 bilby INFO    : KNtimeshift=0.0
02:44 bilby INFO    : Ebv=0.0
02:44 bilby INFO    : KNtimeshift=0.0
02:44 bilby INFO    : Analysis likelihood class: <class 'nmma.em.likelihood.OpticalLightCurve'>
02:44 bilby INFO    : Ebv=0.0
02:44 bilby INFO    : Ebv=0.0
02:44 bilby INFO    : Analysis likelihood class: <class 'nmma.em.likelihood.OpticalLightCurve'>
02:44 bilby INFO    : Analysis likelihood noise evidence: 0.0
02:44 bilby INFO    : Analysis likelihood class: <class 'nmma.em.likelihood.OpticalLightCurve'>
02:44 bilby INFO    : Analysis likelihood noise evidence: 0.0
02:44 bilby INFO    : Analysis likelihood class: <class 'nmma.em.likelihood.OpticalLightCurve'>
02:44 bilby INFO    : Analysis likelihood noise evidence: 0.0
02:44 bilby INFO    : Analysis likelihood noise evidence: 0.0
02:44 bilby INFO    : Analysis priors:
02:44 bilby INFO    : Analysis priors:
02:44 bilby INFO    : Analysis priors:
02:44 bilby INFO    : supernova_mag_boost=Uniform(minimum=0, maximum=60, name='supernova_mag_boost', latex_label='$mag$', unit=None, boundary='reflective')
02:44 bilby INFO    : supernova_mag_boost=Uniform(minimum=0, maximum=60, name='supernova_mag_boost', latex_label='$mag$', unit=None, boundary='reflective')
02:44 bilby INFO    : supernova_mag_boost=Uniform(minimum=0, maximum=60, name='supernova_mag_boost', latex_label='$mag$', unit=None, boundary='reflective')
02:44 bilby INFO    : Analysis priors:
02:44 bilby INFO    : inclination_EM=nmma.em.prior.ConditionalGaussianIotaGivenThetaCore(minimum=0.0, maximum=0.7853981633974483, name='inclination_EM', N_sigma=1.0, latex_label='$\\iota$', unit=None, boundary=None)
02:44 bilby INFO    : inclination_EM=nmma.em.prior.ConditionalGaussianIotaGivenThetaCore(minimum=0.0, maximum=0.7853981633974483, name='inclination_EM', N_sigma=1.0, latex_label='$\\iota$', unit=None, boundary=None)
02:44 bilby INFO    : luminosity_distance=Uniform(minimum=0, maximum=3000, name='luminosity_distance', latex_label='$D_L$', unit=None, boundary=None)
02:44 bilby INFO    : inclination_EM=nmma.em.prior.ConditionalGaussianIotaGivenThetaCore(minimum=0.0, maximum=0.7853981633974483, name='inclination_EM', N_sigma=1.0, latex_label='$\\iota$', unit=None, boundary=None)
02:44 bilby INFO    : luminosity_distance=Uniform(minimum=0, maximum=3000, name='luminosity_distance', latex_label='$D_L$', unit=None, boundary=None)
02:44 bilby INFO    : log10_E0=Uniform(minimum=47.0, maximum=55.0, name='log10_E0', latex_label='$\\log_{10}E_0$', unit=None, boundary='reflective')
02:44 bilby INFO    : Analysis priors:
02:44 bilby INFO    : luminosity_distance=Uniform(minimum=0, maximum=3000, name='luminosity_distance', latex_label='$D_L$', unit=None, boundary=None)
02:44 bilby INFO    : Analysis priors:
02:44 bilby INFO    : log10_E0=Uniform(minimum=47.0, maximum=55.0, name='log10_E0', latex_label='$\\log_{10}E_0$', unit=None, boundary='reflective')
02:44 bilby INFO    : supernova_mag_boost=Uniform(minimum=0, maximum=60, name='supernova_mag_boost', latex_label='$mag$', unit=None, boundary='reflective')
02:44 bilby INFO    : Analysis priors:
02:44 bilby INFO    : thetaCore=Uniform(minimum=0.01, maximum=0.3141592653589793, name='theta_core', latex_label='$\\theta_c$', unit=None, boundary='reflective')
02:44 bilby INFO    : log10_E0=Uniform(minimum=47.0, maximum=55.0, name='log10_E0', latex_label='$\\log_{10}E_0$', unit=None, boundary='reflective')
02:44 bilby INFO    : thetaCore=Uniform(minimum=0.01, maximum=0.3141592653589793, name='theta_core', latex_label='$\\theta_c$', unit=None, boundary='reflective')
02:44 bilby INFO    : thetaWing=Uniform(minimum=0.01, maximum=0.7853981633974483, name='theta_wing', latex_label='$\\theta_w$', unit=None, boundary=None)
02:44 bilby INFO    : thetaCore=Uniform(minimum=0.01, maximum=0.3141592653589793, name='theta_core', latex_label='$\\theta_c$', unit=None, boundary='reflective')
02:44 bilby INFO    : inclination_EM=nmma.em.prior.ConditionalGaussianIotaGivenThetaCore(minimum=0.0, maximum=0.7853981633974483, name='inclination_EM', N_sigma=1.0, latex_label='$\\iota$', unit=None, boundary=None)
02:44 bilby INFO    : thetaWing=Uniform(minimum=0.01, maximum=0.7853981633974483, name='theta_wing', latex_label='$\\theta_w$', unit=None, boundary=None)
02:44 bilby INFO    : supernova_mag_boost=Uniform(minimum=0, maximum=60, name='supernova_mag_boost', latex_label='$mag$', unit=None, boundary='reflective')
02:44 bilby INFO    : supernova_mag_boost=Uniform(minimum=0, maximum=60, name='supernova_mag_boost', latex_label='$mag$', unit=None, boundary='reflective')
02:44 bilby INFO    : log10_n0=Uniform(minimum=-6, maximum=2.0, name='log10_n0', latex_label='$\\log_{10}n_0$', unit=None, boundary='reflective')
02:44 bilby INFO    : supernova_mag_boost=Uniform(minimum=0, maximum=60, name='supernova_mag_boost', latex_label='$mag$', unit=None, boundary='reflective')
02:44 bilby INFO    : thetaWing=Uniform(minimum=0.01, maximum=0.7853981633974483, name='theta_wing', latex_label='$\\theta_w$', unit=None, boundary=None)
02:44 bilby INFO    : log10_n0=Uniform(minimum=-6, maximum=2.0, name='log10_n0', latex_label='$\\log_{10}n_0$', unit=None, boundary='reflective')
02:44 bilby INFO    : luminosity_distance=Uniform(minimum=0, maximum=3000, name='luminosity_distance', latex_label='$D_L$', unit=None, boundary=None)
02:44 bilby INFO    : p=Uniform(minimum=2.01, maximum=3.0, name='p', latex_label='$p$', unit=None, boundary=None)
02:44 bilby INFO    : log10_n0=Uniform(minimum=-6, maximum=2.0, name='log10_n0', latex_label='$\\log_{10}n_0$', unit=None, boundary='reflective')
02:44 bilby INFO    : p=Uniform(minimum=2.01, maximum=3.0, name='p', latex_label='$p$', unit=None, boundary=None)
02:44 bilby INFO    : Analysis priors:
02:44 bilby INFO    : log10_E0=Uniform(minimum=47.0, maximum=55.0, name='log10_E0', latex_label='$\\log_{10}E_0$', unit=None, boundary='reflective')
02:44 bilby INFO    : inclination_EM=nmma.em.prior.ConditionalGaussianIotaGivenThetaCore(minimum=0.0, maximum=0.7853981633974483, name='inclination_EM', N_sigma=1.0, latex_label='$\\iota$', unit=None, boundary=None)
02:44 bilby INFO    : inclination_EM=nmma.em.prior.ConditionalGaussianIotaGivenThetaCore(minimum=0.0, maximum=0.7853981633974483, name='inclination_EM', N_sigma=1.0, latex_label='$\\iota$', unit=None, boundary=None)
02:44 bilby INFO    : log10_epsilon_e=Uniform(minimum=-5, maximum=0, name='log10_epsilon_e', latex_label='$\\log_{10}\\epsilon_e$', unit=None, boundary='reflective')
02:44 bilby INFO    : inclination_EM=nmma.em.prior.ConditionalGaussianIotaGivenThetaCore(minimum=0.0, maximum=0.7853981633974483, name='inclination_EM', N_sigma=1.0, latex_label='$\\iota$', unit=None, boundary=None)
02:44 bilby INFO    : p=Uniform(minimum=2.01, maximum=3.0, name='p', latex_label='$p$', unit=None, boundary=None)
02:44 bilby INFO    : log10_epsilon_e=Uniform(minimum=-5, maximum=0, name='log10_epsilon_e', latex_label='$\\log_{10}\\epsilon_e$', unit=None, boundary='reflective')
02:44 bilby INFO    : thetaCore=Uniform(minimum=0.01, maximum=0.3141592653589793, name='theta_core', latex_label='$\\theta_c$', unit=None, boundary='reflective')
02:44 bilby INFO    : log10_epsilon_B=Uniform(minimum=-10, maximum=0, name='log10_epsilon_B', latex_label='$\\log_{10}\\epsilon_B$', unit=None, boundary='reflective')
02:44 bilby INFO    : luminosity_distance=Uniform(minimum=0, maximum=3000, name='luminosity_distance', latex_label='$D_L$', unit=None, boundary=None)
02:44 bilby INFO    : luminosity_distance=Uniform(minimum=0, maximum=3000, name='luminosity_distance', latex_label='$D_L$', unit=None, boundary=None)
02:44 bilby INFO    : log10_epsilon_e=Uniform(minimum=-5, maximum=0, name='log10_epsilon_e', latex_label='$\\log_{10}\\epsilon_e$', unit=None, boundary='reflective')
02:44 bilby INFO    : log10_epsilon_B=Uniform(minimum=-10, maximum=0, name='log10_epsilon_B', latex_label='$\\log_{10}\\epsilon_B$', unit=None, boundary='reflective')
02:44 bilby INFO    : luminosity_distance=Uniform(minimum=0, maximum=3000, name='luminosity_distance', latex_label='$D_L$', unit=None, boundary=None)
02:44 bilby INFO    : KNtimeshift=0.0
02:44 bilby INFO    : thetaWing=Uniform(minimum=0.01, maximum=0.7853981633974483, name='theta_wing', latex_label='$\\theta_w$', unit=None, boundary=None)
02:44 bilby INFO    : KNtimeshift=0.0
02:44 bilby INFO    : Ebv=0.0
02:44 bilby INFO    : Ebv=0.0
02:44 bilby INFO    : Analysis likelihood class: <class 'nmma.em.likelihood.OpticalLightCurve'>
02:44 bilby INFO    : log10_epsilon_B=Uniform(minimum=-10, maximum=0, name='log10_epsilon_B', latex_label='$\\log_{10}\\epsilon_B$', unit=None, boundary='reflective')
02:44 bilby INFO    : supernova_mag_boost=Uniform(minimum=0, maximum=60, name='supernova_mag_boost', latex_label='$mag$', unit=None, boundary='reflective')
02:44 bilby INFO    : log10_E0=Uniform(minimum=47.0, maximum=55.0, name='log10_E0', latex_label='$\\log_{10}E_0$', unit=None, boundary='reflective')
02:44 bilby INFO    : Analysis likelihood class: <class 'nmma.em.likelihood.OpticalLightCurve'>
02:44 bilby INFO    : log10_E0=Uniform(minimum=47.0, maximum=55.0, name='log10_E0', latex_label='$\\log_{10}E_0$', unit=None, boundary='reflective')
02:44 bilby INFO    : log10_E0=Uniform(minimum=47.0, maximum=55.0, name='log10_E0', latex_label='$\\log_{10}E_0$', unit=None, boundary='reflective')
02:44 bilby INFO    : Analysis likelihood noise evidence: 0.0
02:44 bilby INFO    : log10_n0=Uniform(minimum=-6, maximum=2.0, name='log10_n0', latex_label='$\\log_{10}n_0$', unit=None, boundary='reflective')
02:44 bilby INFO    : KNtimeshift=0.0
02:44 bilby INFO    : Analysis likelihood noise evidence: 0.0
02:44 bilby INFO    : Ebv=0.0
02:44 bilby INFO    : Analysis likelihood class: <class 'nmma.em.likelihood.OpticalLightCurve'>
02:44 bilby INFO    : thetaCore=Uniform(minimum=0.01, maximum=0.3141592653589793, name='theta_core', latex_label='$\\theta_c$', unit=None, boundary='reflective')
02:44 bilby INFO    : thetaCore=Uniform(minimum=0.01, maximum=0.3141592653589793, name='theta_core', latex_label='$\\theta_c$', unit=None, boundary='reflective')
02:44 bilby INFO    : p=Uniform(minimum=2.01, maximum=3.0, name='p', latex_label='$p$', unit=None, boundary=None)
02:44 bilby INFO    : thetaCore=Uniform(minimum=0.01, maximum=0.3141592653589793, name='theta_core', latex_label='$\\theta_c$', unit=None, boundary='reflective')
02:44 bilby INFO    : Analysis likelihood noise evidence: 0.0
02:44 bilby INFO    : thetaWing=Uniform(minimum=0.01, maximum=0.7853981633974483, name='theta_wing', latex_label='$\\theta_w$', unit=None, boundary=None)
02:44 bilby INFO    : log10_epsilon_e=Uniform(minimum=-5, maximum=0, name='log10_epsilon_e', latex_label='$\\log_{10}\\epsilon_e$', unit=None, boundary='reflective')
02:44 bilby INFO    : thetaWing=Uniform(minimum=0.01, maximum=0.7853981633974483, name='theta_wing', latex_label='$\\theta_w$', unit=None, boundary=None)
02:44 bilby INFO    : inclination_EM=nmma.em.prior.ConditionalGaussianIotaGivenThetaCore(minimum=0.0, maximum=0.7853981633974483, name='inclination_EM', N_sigma=1.0, latex_label='$\\iota$', unit=None, boundary=None)
02:44 bilby INFO    : thetaWing=Uniform(minimum=0.01, maximum=0.7853981633974483, name='theta_wing', latex_label='$\\theta_w$', unit=None, boundary=None)
02:44 bilby INFO    : log10_n0=Uniform(minimum=-6, maximum=2.0, name='log10_n0', latex_label='$\\log_{10}n_0$', unit=None, boundary='reflective')
02:44 bilby INFO    : log10_epsilon_B=Uniform(minimum=-10, maximum=0, name='log10_epsilon_B', latex_label='$\\log_{10}\\epsilon_B$', unit=None, boundary='reflective')
02:44 bilby INFO    : log10_n0=Uniform(minimum=-6, maximum=2.0, name='log10_n0', latex_label='$\\log_{10}n_0$', unit=None, boundary='reflective')
02:44 bilby INFO    : log10_n0=Uniform(minimum=-6, maximum=2.0, name='log10_n0', latex_label='$\\log_{10}n_0$', unit=None, boundary='reflective')
02:44 bilby INFO    : luminosity_distance=Uniform(minimum=0, maximum=3000, name='luminosity_distance', latex_label='$D_L$', unit=None, boundary=None)
02:44 bilby INFO    : KNtimeshift=0.0
02:44 bilby INFO    : Ebv=0.0
02:44 bilby INFO    : p=Uniform(minimum=2.01, maximum=3.0, name='p', latex_label='$p$', unit=None, boundary=None)
02:44 bilby INFO    : Analysis likelihood class: <class 'nmma.em.likelihood.OpticalLightCurve'>
02:44 bilby INFO    : p=Uniform(minimum=2.01, maximum=3.0, name='p', latex_label='$p$', unit=None, boundary=None)
02:44 bilby INFO    : p=Uniform(minimum=2.01, maximum=3.0, name='p', latex_label='$p$', unit=None, boundary=None)
02:44 bilby INFO    : log10_E0=Uniform(minimum=47.0, maximum=55.0, name='log10_E0', latex_label='$\\log_{10}E_0$', unit=None, boundary='reflective')
02:44 bilby INFO    : Analysis likelihood noise evidence: 0.0
02:44 bilby INFO    : log10_epsilon_e=Uniform(minimum=-5, maximum=0, name='log10_epsilon_e', latex_label='$\\log_{10}\\epsilon_e$', unit=None, boundary='reflective')
02:44 bilby INFO    : log10_epsilon_e=Uniform(minimum=-5, maximum=0, name='log10_epsilon_e', latex_label='$\\log_{10}\\epsilon_e$', unit=None, boundary='reflective')
02:44 bilby INFO    : thetaCore=Uniform(minimum=0.01, maximum=0.3141592653589793, name='theta_core', latex_label='$\\theta_c$', unit=None, boundary='reflective')
02:44 bilby INFO    : log10_epsilon_e=Uniform(minimum=-5, maximum=0, name='log10_epsilon_e', latex_label='$\\log_{10}\\epsilon_e$', unit=None, boundary='reflective')
02:44 bilby INFO    : log10_epsilon_B=Uniform(minimum=-10, maximum=0, name='log10_epsilon_B', latex_label='$\\log_{10}\\epsilon_B$', unit=None, boundary='reflective')
02:44 bilby INFO    : log10_epsilon_B=Uniform(minimum=-10, maximum=0, name='log10_epsilon_B', latex_label='$\\log_{10}\\epsilon_B$', unit=None, boundary='reflective')
02:44 bilby INFO    : log10_epsilon_B=Uniform(minimum=-10, maximum=0, name='log10_epsilon_B', latex_label='$\\log_{10}\\epsilon_B$', unit=None, boundary='reflective')
02:44 bilby INFO    : thetaWing=Uniform(minimum=0.01, maximum=0.7853981633974483, name='theta_wing', latex_label='$\\theta_w$', unit=None, boundary=None)
02:44 bilby INFO    : KNtimeshift=0.0
02:44 bilby INFO    : KNtimeshift=0.0
02:44 bilby INFO    : KNtimeshift=0.0
02:44 bilby INFO    : Ebv=0.0
02:44 bilby INFO    : Ebv=0.0
02:44 bilby INFO    : Ebv=0.0
02:44 bilby INFO    : log10_n0=Uniform(minimum=-6, maximum=2.0, name='log10_n0', latex_label='$\\log_{10}n_0$', unit=None, boundary='reflective')
02:44 bilby INFO    : Analysis likelihood class: <class 'nmma.em.likelihood.OpticalLightCurve'>
02:44 bilby INFO    : Analysis likelihood class: <class 'nmma.em.likelihood.OpticalLightCurve'>
02:44 bilby INFO    : Analysis likelihood class: <class 'nmma.em.likelihood.OpticalLightCurve'>
02:44 bilby INFO    : Analysis likelihood noise evidence: 0.0
02:44 bilby INFO    : Analysis likelihood noise evidence: 0.0
02:44 bilby INFO    : Analysis likelihood noise evidence: 0.0
02:44 bilby INFO    : p=Uniform(minimum=2.01, maximum=3.0, name='p', latex_label='$p$', unit=None, boundary=None)
02:44 bilby INFO    : log10_epsilon_e=Uniform(minimum=-5, maximum=0, name='log10_epsilon_e', latex_label='$\\log_{10}\\epsilon_e$', unit=None, boundary='reflective')
02:44 bilby INFO    : log10_epsilon_B=Uniform(minimum=-10, maximum=0, name='log10_epsilon_B', latex_label='$\\log_{10}\\epsilon_B$', unit=None, boundary='reflective')
02:44 bilby INFO    : KNtimeshift=0.0
02:44 bilby INFO    : Ebv=0.0
02:44 bilby INFO    : Analysis likelihood class: <class 'nmma.em.likelihood.OpticalLightCurve'>
02:44 bilby INFO    : Analysis priors:
02:44 bilby INFO    : Analysis likelihood noise evidence: 0.0
02:44 bilby INFO    : supernova_mag_boost=Uniform(minimum=0, maximum=60, name='supernova_mag_boost', latex_label='$mag$', unit=None, boundary='reflective')
02:44 bilby INFO    : inclination_EM=nmma.em.prior.ConditionalGaussianIotaGivenThetaCore(minimum=0.0, maximum=0.7853981633974483, name='inclination_EM', N_sigma=1.0, latex_label='$\\iota$', unit=None, boundary=None)
02:44 bilby INFO    : luminosity_distance=Uniform(minimum=0, maximum=3000, name='luminosity_distance', latex_label='$D_L$', unit=None, boundary=None)
02:44 bilby INFO    : Analysis priors:
02:44 bilby INFO    : log10_E0=Uniform(minimum=47.0, maximum=55.0, name='log10_E0', latex_label='$\\log_{10}E_0$', unit=None, boundary='reflective')
02:44 bilby INFO    : thetaCore=Uniform(minimum=0.01, maximum=0.3141592653589793, name='theta_core', latex_label='$\\theta_c$', unit=None, boundary='reflective')
02:44 bilby INFO    : Analysis priors:
02:44 bilby INFO    : thetaWing=Uniform(minimum=0.01, maximum=0.7853981633974483, name='theta_wing', latex_label='$\\theta_w$', unit=None, boundary=None)
02:44 bilby INFO    : supernova_mag_boost=Uniform(minimum=0, maximum=60, name='supernova_mag_boost', latex_label='$mag$', unit=None, boundary='reflective')
02:44 bilby INFO    : log10_n0=Uniform(minimum=-6, maximum=2.0, name='log10_n0', latex_label='$\\log_{10}n_0$', unit=None, boundary='reflective')
02:44 bilby INFO    : p=Uniform(minimum=2.01, maximum=3.0, name='p', latex_label='$p$', unit=None, boundary=None)
02:44 bilby INFO    : Analysis priors:
02:44 bilby INFO    : supernova_mag_boost=Uniform(minimum=0, maximum=60, name='supernova_mag_boost', latex_label='$mag$', unit=None, boundary='reflective')
02:44 bilby INFO    : inclination_EM=nmma.em.prior.ConditionalGaussianIotaGivenThetaCore(minimum=0.0, maximum=0.7853981633974483, name='inclination_EM', N_sigma=1.0, latex_label='$\\iota$', unit=None, boundary=None)
02:44 bilby INFO    : log10_epsilon_e=Uniform(minimum=-5, maximum=0, name='log10_epsilon_e', latex_label='$\\log_{10}\\epsilon_e$', unit=None, boundary='reflective')
02:44 bilby INFO    : luminosity_distance=Uniform(minimum=0, maximum=3000, name='luminosity_distance', latex_label='$D_L$', unit=None, boundary=None)
02:44 bilby INFO    : log10_epsilon_B=Uniform(minimum=-10, maximum=0, name='log10_epsilon_B', latex_label='$\\log_{10}\\epsilon_B$', unit=None, boundary='reflective')
02:44 bilby INFO    : inclination_EM=nmma.em.prior.ConditionalGaussianIotaGivenThetaCore(minimum=0.0, maximum=0.7853981633974483, name='inclination_EM', N_sigma=1.0, latex_label='$\\iota$', unit=None, boundary=None)
02:44 bilby INFO    : Analysis priors:
02:44 bilby INFO    : KNtimeshift=0.0
02:44 bilby INFO    : log10_E0=Uniform(minimum=47.0, maximum=55.0, name='log10_E0', latex_label='$\\log_{10}E_0$', unit=None, boundary='reflective')
02:44 bilby INFO    : Ebv=0.0
02:44 bilby INFO    : supernova_mag_boost=Uniform(minimum=0, maximum=60, name='supernova_mag_boost', latex_label='$mag$', unit=None, boundary='reflective')
02:44 bilby INFO    : Analysis likelihood class: <class 'nmma.em.likelihood.OpticalLightCurve'>
02:44 bilby INFO    : luminosity_distance=Uniform(minimum=0, maximum=3000, name='luminosity_distance', latex_label='$D_L$', unit=None, boundary=None)
02:44 bilby INFO    : Analysis likelihood noise evidence: 0.0
02:44 bilby INFO    : thetaCore=Uniform(minimum=0.01, maximum=0.3141592653589793, name='theta_core', latex_label='$\\theta_c$', unit=None, boundary='reflective')
02:44 bilby INFO    : Analysis priors:
02:44 bilby INFO    : Analysis priors:
02:44 bilby INFO    : Analysis priors:
02:44 bilby INFO    : Analysis priors:
02:44 bilby INFO    : log10_E0=Uniform(minimum=47.0, maximum=55.0, name='log10_E0', latex_label='$\\log_{10}E_0$', unit=None, boundary='reflective')
02:44 bilby INFO    : thetaWing=Uniform(minimum=0.01, maximum=0.7853981633974483, name='theta_wing', latex_label='$\\theta_w$', unit=None, boundary=None)
02:44 bilby INFO    : supernova_mag_boost=Uniform(minimum=0, maximum=60, name='supernova_mag_boost', latex_label='$mag$', unit=None, boundary='reflective')
02:44 bilby INFO    : inclination_EM=nmma.em.prior.ConditionalGaussianIotaGivenThetaCore(minimum=0.0, maximum=0.7853981633974483, name='inclination_EM', N_sigma=1.0, latex_label='$\\iota$', unit=None, boundary=None)
02:44 bilby INFO    : thetaCore=Uniform(minimum=0.01, maximum=0.3141592653589793, name='theta_core', latex_label='$\\theta_c$', unit=None, boundary='reflective')
02:44 bilby INFO    : log10_n0=Uniform(minimum=-6, maximum=2.0, name='log10_n0', latex_label='$\\log_{10}n_0$', unit=None, boundary='reflective')
02:44 bilby INFO    : supernova_mag_boost=Uniform(minimum=0, maximum=60, name='supernova_mag_boost', latex_label='$mag$', unit=None, boundary='reflective')
02:44 bilby INFO    : luminosity_distance=Uniform(minimum=0, maximum=3000, name='luminosity_distance', latex_label='$D_L$', unit=None, boundary=None)
02:44 bilby INFO    : thetaWing=Uniform(minimum=0.01, maximum=0.7853981633974483, name='theta_wing', latex_label='$\\theta_w$', unit=None, boundary=None)
02:44 bilby INFO    : supernova_mag_boost=Uniform(minimum=0, maximum=60, name='supernova_mag_boost', latex_label='$mag$', unit=None, boundary='reflective')
02:44 bilby INFO    : p=Uniform(minimum=2.01, maximum=3.0, name='p', latex_label='$p$', unit=None, boundary=None)
02:44 bilby INFO    : supernova_mag_boost=Uniform(minimum=0, maximum=60, name='supernova_mag_boost', latex_label='$mag$', unit=None, boundary='reflective')
02:44 bilby INFO    : supernova_mag_boost=Uniform(minimum=0, maximum=60, name='supernova_mag_boost', latex_label='$mag$', unit=None, boundary='reflective')
02:44 bilby INFO    : inclination_EM=nmma.em.prior.ConditionalGaussianIotaGivenThetaCore(minimum=0.0, maximum=0.7853981633974483, name='inclination_EM', N_sigma=1.0, latex_label='$\\iota$', unit=None, boundary=None)
02:44 bilby INFO    : log10_n0=Uniform(minimum=-6, maximum=2.0, name='log10_n0', latex_label='$\\log_{10}n_0$', unit=None, boundary='reflective')
02:44 bilby INFO    : log10_E0=Uniform(minimum=47.0, maximum=55.0, name='log10_E0', latex_label='$\\log_{10}E_0$', unit=None, boundary='reflective')
02:44 bilby INFO    : log10_epsilon_e=Uniform(minimum=-5, maximum=0, name='log10_epsilon_e', latex_label='$\\log_{10}\\epsilon_e$', unit=None, boundary='reflective')
02:44 bilby INFO    : Analysis priors:
02:44 bilby INFO    : inclination_EM=nmma.em.prior.ConditionalGaussianIotaGivenThetaCore(minimum=0.0, maximum=0.7853981633974483, name='inclination_EM', N_sigma=1.0, latex_label='$\\iota$', unit=None, boundary=None)
02:44 bilby INFO    : luminosity_distance=Uniform(minimum=0, maximum=3000, name='luminosity_distance', latex_label='$D_L$', unit=None, boundary=None)
02:44 bilby INFO    : p=Uniform(minimum=2.01, maximum=3.0, name='p', latex_label='$p$', unit=None, boundary=None)
02:44 bilby INFO    : Analysis priors:
02:44 bilby INFO    : thetaCore=Uniform(minimum=0.01, maximum=0.3141592653589793, name='theta_core', latex_label='$\\theta_c$', unit=None, boundary='reflective')
02:44 bilby INFO    : log10_epsilon_B=Uniform(minimum=-10, maximum=0, name='log10_epsilon_B', latex_label='$\\log_{10}\\epsilon_B$', unit=None, boundary='reflective')
02:44 bilby INFO    : inclination_EM=nmma.em.prior.ConditionalGaussianIotaGivenThetaCore(minimum=0.0, maximum=0.7853981633974483, name='inclination_EM', N_sigma=1.0, latex_label='$\\iota$', unit=None, boundary=None)
02:44 bilby INFO    : inclination_EM=nmma.em.prior.ConditionalGaussianIotaGivenThetaCore(minimum=0.0, maximum=0.7853981633974483, name='inclination_EM', N_sigma=1.0, latex_label='$\\iota$', unit=None, boundary=None)
02:44 bilby INFO    : inclination_EM=nmma.em.prior.ConditionalGaussianIotaGivenThetaCore(minimum=0.0, maximum=0.7853981633974483, name='inclination_EM', N_sigma=1.0, latex_label='$\\iota$', unit=None, boundary=None)
02:44 bilby INFO    : KNtimeshift=0.0
02:44 bilby INFO    : Ebv=0.0
02:44 bilby INFO    : log10_E0=Uniform(minimum=47.0, maximum=55.0, name='log10_E0', latex_label='$\\log_{10}E_0$', unit=None, boundary='reflective')
02:44 bilby INFO    : log10_epsilon_e=Uniform(minimum=-5, maximum=0, name='log10_epsilon_e', latex_label='$\\log_{10}\\epsilon_e$', unit=None, boundary='reflective')
02:44 bilby INFO    : luminosity_distance=Uniform(minimum=0, maximum=3000, name='luminosity_distance', latex_label='$D_L$', unit=None, boundary=None)
02:44 bilby INFO    : Analysis likelihood class: <class 'nmma.em.likelihood.OpticalLightCurve'>
02:44 bilby INFO    : thetaWing=Uniform(minimum=0.01, maximum=0.7853981633974483, name='theta_wing', latex_label='$\\theta_w$', unit=None, boundary=None)
02:44 bilby INFO    : luminosity_distance=Uniform(minimum=0, maximum=3000, name='luminosity_distance', latex_label='$D_L$', unit=None, boundary=None)
02:44 bilby INFO    : Analysis likelihood noise evidence: 0.0
02:44 bilby INFO    : luminosity_distance=Uniform(minimum=0, maximum=3000, name='luminosity_distance', latex_label='$D_L$', unit=None, boundary=None)
02:44 bilby INFO    : luminosity_distance=Uniform(minimum=0, maximum=3000, name='luminosity_distance', latex_label='$D_L$', unit=None, boundary=None)
02:44 bilby INFO    : Analysis priors:
02:44 bilby INFO    : log10_epsilon_B=Uniform(minimum=-10, maximum=0, name='log10_epsilon_B', latex_label='$\\log_{10}\\epsilon_B$', unit=None, boundary='reflective')
02:44 bilby INFO    : thetaCore=Uniform(minimum=0.01, maximum=0.3141592653589793, name='theta_core', latex_label='$\\theta_c$', unit=None, boundary='reflective')
02:44 bilby INFO    : log10_E0=Uniform(minimum=47.0, maximum=55.0, name='log10_E0', latex_label='$\\log_{10}E_0$', unit=None, boundary='reflective')
02:44 bilby INFO    : KNtimeshift=0.0
02:44 bilby INFO    : log10_n0=Uniform(minimum=-6, maximum=2.0, name='log10_n0', latex_label='$\\log_{10}n_0$', unit=None, boundary='reflective')
02:44 bilby INFO    : supernova_mag_boost=Uniform(minimum=0, maximum=60, name='supernova_mag_boost', latex_label='$mag$', unit=None, boundary='reflective')
02:44 bilby INFO    : Analysis priors:
02:44 bilby INFO    : log10_E0=Uniform(minimum=47.0, maximum=55.0, name='log10_E0', latex_label='$\\log_{10}E_0$', unit=None, boundary='reflective')
02:44 bilby INFO    : Ebv=0.0
02:44 bilby INFO    : log10_E0=Uniform(minimum=47.0, maximum=55.0, name='log10_E0', latex_label='$\\log_{10}E_0$', unit=None, boundary='reflective')
02:44 bilby INFO    : supernova_mag_boost=Uniform(minimum=0, maximum=60, name='supernova_mag_boost', latex_label='$mag$', unit=None, boundary='reflective')
02:44 bilby INFO    : Analysis likelihood class: <class 'nmma.em.likelihood.OpticalLightCurve'>
02:44 bilby INFO    : log10_E0=Uniform(minimum=47.0, maximum=55.0, name='log10_E0', latex_label='$\\log_{10}E_0$', unit=None, boundary='reflective')
02:44 bilby INFO    : thetaWing=Uniform(minimum=0.01, maximum=0.7853981633974483, name='theta_wing', latex_label='$\\theta_w$', unit=None, boundary=None)
02:44 bilby INFO    : thetaCore=Uniform(minimum=0.01, maximum=0.3141592653589793, name='theta_core', latex_label='$\\theta_c$', unit=None, boundary='reflective')
02:44 bilby INFO    : Analysis likelihood noise evidence: 0.0
02:44 bilby INFO    : Analysis priors:
02:44 bilby INFO    : p=Uniform(minimum=2.01, maximum=3.0, name='p', latex_label='$p$', unit=None, boundary=None)
02:44 bilby INFO    : thetaCore=Uniform(minimum=0.01, maximum=0.3141592653589793, name='theta_core', latex_label='$\\theta_c$', unit=None, boundary='reflective')
02:44 bilby INFO    : Analysis priors:
02:44 bilby INFO    : thetaCore=Uniform(minimum=0.01, maximum=0.3141592653589793, name='theta_core', latex_label='$\\theta_c$', unit=None, boundary='reflective')
02:44 bilby INFO    : thetaCore=Uniform(minimum=0.01, maximum=0.3141592653589793, name='theta_core', latex_label='$\\theta_c$', unit=None, boundary='reflective')
02:44 bilby INFO    : log10_n0=Uniform(minimum=-6, maximum=2.0, name='log10_n0', latex_label='$\\log_{10}n_0$', unit=None, boundary='reflective')
02:44 bilby INFO    : thetaWing=Uniform(minimum=0.01, maximum=0.7853981633974483, name='theta_wing', latex_label='$\\theta_w$', unit=None, boundary=None)
02:44 bilby INFO    : supernova_mag_boost=Uniform(minimum=0, maximum=60, name='supernova_mag_boost', latex_label='$mag$', unit=None, boundary='reflective')
02:44 bilby INFO    : inclination_EM=nmma.em.prior.ConditionalGaussianIotaGivenThetaCore(minimum=0.0, maximum=0.7853981633974483, name='inclination_EM', N_sigma=1.0, latex_label='$\\iota$', unit=None, boundary=None)
02:44 bilby INFO    : log10_epsilon_e=Uniform(minimum=-5, maximum=0, name='log10_epsilon_e', latex_label='$\\log_{10}\\epsilon_e$', unit=None, boundary='reflective')
02:44 bilby INFO    : thetaWing=Uniform(minimum=0.01, maximum=0.7853981633974483, name='theta_wing', latex_label='$\\theta_w$', unit=None, boundary=None)
02:44 bilby INFO    : thetaWing=Uniform(minimum=0.01, maximum=0.7853981633974483, name='theta_wing', latex_label='$\\theta_w$', unit=None, boundary=None)
02:44 bilby INFO    : inclination_EM=nmma.em.prior.ConditionalGaussianIotaGivenThetaCore(minimum=0.0, maximum=0.7853981633974483, name='inclination_EM', N_sigma=1.0, latex_label='$\\iota$', unit=None, boundary=None)
02:44 bilby INFO    : supernova_mag_boost=Uniform(minimum=0, maximum=60, name='supernova_mag_boost', latex_label='$mag$', unit=None, boundary='reflective')
02:44 bilby INFO    : thetaWing=Uniform(minimum=0.01, maximum=0.7853981633974483, name='theta_wing', latex_label='$\\theta_w$', unit=None, boundary=None)
02:44 bilby INFO    : p=Uniform(minimum=2.01, maximum=3.0, name='p', latex_label='$p$', unit=None, boundary=None)
02:44 bilby INFO    : log10_n0=Uniform(minimum=-6, maximum=2.0, name='log10_n0', latex_label='$\\log_{10}n_0$', unit=None, boundary='reflective')
02:44 bilby INFO    : log10_epsilon_B=Uniform(minimum=-10, maximum=0, name='log10_epsilon_B', latex_label='$\\log_{10}\\epsilon_B$', unit=None, boundary='reflective')
02:44 bilby INFO    : luminosity_distance=Uniform(minimum=0, maximum=3000, name='luminosity_distance', latex_label='$D_L$', unit=None, boundary=None)
02:44 bilby INFO    : log10_n0=Uniform(minimum=-6, maximum=2.0, name='log10_n0', latex_label='$\\log_{10}n_0$', unit=None, boundary='reflective')
02:44 bilby INFO    : supernova_mag_boost=Uniform(minimum=0, maximum=60, name='supernova_mag_boost', latex_label='$mag$', unit=None, boundary='reflective')
02:44 bilby INFO    : log10_n0=Uniform(minimum=-6, maximum=2.0, name='log10_n0', latex_label='$\\log_{10}n_0$', unit=None, boundary='reflective')
02:44 bilby INFO    : KNtimeshift=0.0
02:44 bilby INFO    : luminosity_distance=Uniform(minimum=0, maximum=3000, name='luminosity_distance', latex_label='$D_L$', unit=None, boundary=None)
02:44 bilby INFO    : Ebv=0.0
02:44 bilby INFO    : p=Uniform(minimum=2.01, maximum=3.0, name='p', latex_label='$p$', unit=None, boundary=None)
02:44 bilby INFO    : supernova_mag_boost=Uniform(minimum=0, maximum=60, name='supernova_mag_boost', latex_label='$mag$', unit=None, boundary='reflective')
02:44 bilby INFO    : log10_epsilon_e=Uniform(minimum=-5, maximum=0, name='log10_epsilon_e', latex_label='$\\log_{10}\\epsilon_e$', unit=None, boundary='reflective')
02:44 bilby INFO    : log10_n0=Uniform(minimum=-6, maximum=2.0, name='log10_n0', latex_label='$\\log_{10}n_0$', unit=None, boundary='reflective')
02:44 bilby INFO    : inclination_EM=nmma.em.prior.ConditionalGaussianIotaGivenThetaCore(minimum=0.0, maximum=0.7853981633974483, name='inclination_EM', N_sigma=1.0, latex_label='$\\iota$', unit=None, boundary=None)
02:44 bilby INFO    : Analysis likelihood class: <class 'nmma.em.likelihood.OpticalLightCurve'>
02:44 bilby INFO    : p=Uniform(minimum=2.01, maximum=3.0, name='p', latex_label='$p$', unit=None, boundary=None)
02:44 bilby INFO    : log10_E0=Uniform(minimum=47.0, maximum=55.0, name='log10_E0', latex_label='$\\log_{10}E_0$', unit=None, boundary='reflective')
02:44 bilby INFO    : p=Uniform(minimum=2.01, maximum=3.0, name='p', latex_label='$p$', unit=None, boundary=None)
02:44 bilby INFO    : Analysis likelihood noise evidence: 0.0
02:44 bilby INFO    : inclination_EM=nmma.em.prior.ConditionalGaussianIotaGivenThetaCore(minimum=0.0, maximum=0.7853981633974483, name='inclination_EM', N_sigma=1.0, latex_label='$\\iota$', unit=None, boundary=None)
02:44 bilby INFO    : log10_E0=Uniform(minimum=47.0, maximum=55.0, name='log10_E0', latex_label='$\\log_{10}E_0$', unit=None, boundary='reflective')
02:44 bilby INFO    : log10_epsilon_e=Uniform(minimum=-5, maximum=0, name='log10_epsilon_e', latex_label='$\\log_{10}\\epsilon_e$', unit=None, boundary='reflective')
02:44 bilby INFO    : log10_epsilon_B=Uniform(minimum=-10, maximum=0, name='log10_epsilon_B', latex_label='$\\log_{10}\\epsilon_B$', unit=None, boundary='reflective')
02:44 bilby INFO    : p=Uniform(minimum=2.01, maximum=3.0, name='p', latex_label='$p$', unit=None, boundary=None)
02:44 bilby INFO    : luminosity_distance=Uniform(minimum=0, maximum=3000, name='luminosity_distance', latex_label='$D_L$', unit=None, boundary=None)
02:44 bilby INFO    : KNtimeshift=0.0
02:44 bilby INFO    : log10_epsilon_e=Uniform(minimum=-5, maximum=0, name='log10_epsilon_e', latex_label='$\\log_{10}\\epsilon_e$', unit=None, boundary='reflective')
02:44 bilby INFO    : log10_epsilon_e=Uniform(minimum=-5, maximum=0, name='log10_epsilon_e', latex_label='$\\log_{10}\\epsilon_e$', unit=None, boundary='reflective')
02:44 bilby INFO    : inclination_EM=nmma.em.prior.ConditionalGaussianIotaGivenThetaCore(minimum=0.0, maximum=0.7853981633974483, name='inclination_EM', N_sigma=1.0, latex_label='$\\iota$', unit=None, boundary=None)
02:44 bilby INFO    : thetaCore=Uniform(minimum=0.01, maximum=0.3141592653589793, name='theta_core', latex_label='$\\theta_c$', unit=None, boundary='reflective')
02:44 bilby INFO    : Ebv=0.0
02:44 bilby INFO    : thetaCore=Uniform(minimum=0.01, maximum=0.3141592653589793, name='theta_core', latex_label='$\\theta_c$', unit=None, boundary='reflective')
02:44 bilby INFO    : log10_epsilon_B=Uniform(minimum=-10, maximum=0, name='log10_epsilon_B', latex_label='$\\log_{10}\\epsilon_B$', unit=None, boundary='reflective')
02:44 bilby INFO    : Analysis likelihood class: <class 'nmma.em.likelihood.OpticalLightCurve'>
02:44 bilby INFO    : luminosity_distance=Uniform(minimum=0, maximum=3000, name='luminosity_distance', latex_label='$D_L$', unit=None, boundary=None)
02:44 bilby INFO    : inclination_EM=nmma.em.prior.ConditionalGaussianIotaGivenThetaCore(minimum=0.0, maximum=0.7853981633974483, name='inclination_EM', N_sigma=1.0, latex_label='$\\iota$', unit=None, boundary=None)
02:44 bilby INFO    : log10_epsilon_e=Uniform(minimum=-5, maximum=0, name='log10_epsilon_e', latex_label='$\\log_{10}\\epsilon_e$', unit=None, boundary='reflective')
02:44 bilby INFO    : KNtimeshift=0.0
02:44 bilby INFO    : log10_epsilon_B=Uniform(minimum=-10, maximum=0, name='log10_epsilon_B', latex_label='$\\log_{10}\\epsilon_B$', unit=None, boundary='reflective')
02:44 bilby INFO    : Analysis likelihood noise evidence: 0.0
02:44 bilby INFO    : log10_E0=Uniform(minimum=47.0, maximum=55.0, name='log10_E0', latex_label='$\\log_{10}E_0$', unit=None, boundary='reflective')
02:44 bilby INFO    : luminosity_distance=Uniform(minimum=0, maximum=3000, name='luminosity_distance', latex_label='$D_L$', unit=None, boundary=None)
02:44 bilby INFO    : Ebv=0.0
02:44 bilby INFO    : log10_epsilon_B=Uniform(minimum=-10, maximum=0, name='log10_epsilon_B', latex_label='$\\log_{10}\\epsilon_B$', unit=None, boundary='reflective')
02:44 bilby INFO    : thetaWing=Uniform(minimum=0.01, maximum=0.7853981633974483, name='theta_wing', latex_label='$\\theta_w$', unit=None, boundary=None)
02:44 bilby INFO    : KNtimeshift=0.0
02:44 bilby INFO    : Analysis likelihood class: <class 'nmma.em.likelihood.OpticalLightCurve'>
02:44 bilby INFO    : thetaWing=Uniform(minimum=0.01, maximum=0.7853981633974483, name='theta_wing', latex_label='$\\theta_w$', unit=None, boundary=None)
02:44 bilby INFO    : KNtimeshift=0.0
02:44 bilby INFO    : Ebv=0.0
02:44 bilby INFO    : Analysis likelihood noise evidence: 0.0
02:44 bilby INFO    : log10_E0=Uniform(minimum=47.0, maximum=55.0, name='log10_E0', latex_label='$\\log_{10}E_0$', unit=None, boundary='reflective')
02:44 bilby INFO    : Ebv=0.0
02:44 bilby INFO    : log10_epsilon_B=Uniform(minimum=-10, maximum=0, name='log10_epsilon_B', latex_label='$\\log_{10}\\epsilon_B$', unit=None, boundary='reflective')
02:44 bilby INFO    : luminosity_distance=Uniform(minimum=0, maximum=3000, name='luminosity_distance', latex_label='$D_L$', unit=None, boundary=None)
02:44 bilby INFO    : Analysis priors:
02:44 bilby INFO    : Analysis likelihood class: <class 'nmma.em.likelihood.OpticalLightCurve'>
02:44 bilby INFO    : thetaCore=Uniform(minimum=0.01, maximum=0.3141592653589793, name='theta_core', latex_label='$\\theta_c$', unit=None, boundary='reflective')
02:44 bilby INFO    : KNtimeshift=0.0
02:44 bilby INFO    : log10_E0=Uniform(minimum=47.0, maximum=55.0, name='log10_E0', latex_label='$\\log_{10}E_0$', unit=None, boundary='reflective')
02:44 bilby INFO    : Analysis likelihood class: <class 'nmma.em.likelihood.OpticalLightCurve'>
02:44 bilby INFO    : log10_n0=Uniform(minimum=-6, maximum=2.0, name='log10_n0', latex_label='$\\log_{10}n_0$', unit=None, boundary='reflective')
02:44 bilby INFO    : log10_n0=Uniform(minimum=-6, maximum=2.0, name='log10_n0', latex_label='$\\log_{10}n_0$', unit=None, boundary='reflective')
02:44 bilby INFO    : Analysis likelihood noise evidence: 0.0
02:44 bilby INFO    : Ebv=0.0
02:44 bilby INFO    : Analysis likelihood noise evidence: 0.0
02:44 bilby INFO    : thetaCore=Uniform(minimum=0.01, maximum=0.3141592653589793, name='theta_core', latex_label='$\\theta_c$', unit=None, boundary='reflective')
02:44 bilby INFO    : Analysis likelihood class: <class 'nmma.em.likelihood.OpticalLightCurve'>
02:44 bilby INFO    : log10_E0=Uniform(minimum=47.0, maximum=55.0, name='log10_E0', latex_label='$\\log_{10}E_0$', unit=None, boundary='reflective')
02:44 bilby INFO    : thetaCore=Uniform(minimum=0.01, maximum=0.3141592653589793, name='theta_core', latex_label='$\\theta_c$', unit=None, boundary='reflective')
02:44 bilby INFO    : Analysis likelihood noise evidence: 0.0
02:44 bilby INFO    : p=Uniform(minimum=2.01, maximum=3.0, name='p', latex_label='$p$', unit=None, boundary=None)
02:44 bilby INFO    : thetaWing=Uniform(minimum=0.01, maximum=0.7853981633974483, name='theta_wing', latex_label='$\\theta_w$', unit=None, boundary=None)
02:44 bilby INFO    : p=Uniform(minimum=2.01, maximum=3.0, name='p', latex_label='$p$', unit=None, boundary=None)
02:44 bilby INFO    : thetaWing=Uniform(minimum=0.01, maximum=0.7853981633974483, name='theta_wing', latex_label='$\\theta_w$', unit=None, boundary=None)
02:44 bilby INFO    : Analysis priors:
02:44 bilby INFO    : thetaWing=Uniform(minimum=0.01, maximum=0.7853981633974483, name='theta_wing', latex_label='$\\theta_w$', unit=None, boundary=None)
02:44 bilby INFO    : log10_n0=Uniform(minimum=-6, maximum=2.0, name='log10_n0', latex_label='$\\log_{10}n_0$', unit=None, boundary='reflective')
02:44 bilby INFO    : thetaCore=Uniform(minimum=0.01, maximum=0.3141592653589793, name='theta_core', latex_label='$\\theta_c$', unit=None, boundary='reflective')
02:44 bilby INFO    : log10_epsilon_e=Uniform(minimum=-5, maximum=0, name='log10_epsilon_e', latex_label='$\\log_{10}\\epsilon_e$', unit=None, boundary='reflective')
02:44 bilby INFO    : supernova_mag_boost=Uniform(minimum=0, maximum=60, name='supernova_mag_boost', latex_label='$mag$', unit=None, boundary='reflective')
02:44 bilby INFO    : log10_epsilon_e=Uniform(minimum=-5, maximum=0, name='log10_epsilon_e', latex_label='$\\log_{10}\\epsilon_e$', unit=None, boundary='reflective')
02:44 bilby INFO    : log10_n0=Uniform(minimum=-6, maximum=2.0, name='log10_n0', latex_label='$\\log_{10}n_0$', unit=None, boundary='reflective')
02:44 bilby INFO    : log10_n0=Uniform(minimum=-6, maximum=2.0, name='log10_n0', latex_label='$\\log_{10}n_0$', unit=None, boundary='reflective')
02:44 bilby INFO    : log10_epsilon_B=Uniform(minimum=-10, maximum=0, name='log10_epsilon_B', latex_label='$\\log_{10}\\epsilon_B$', unit=None, boundary='reflective')
02:44 bilby INFO    : log10_epsilon_B=Uniform(minimum=-10, maximum=0, name='log10_epsilon_B', latex_label='$\\log_{10}\\epsilon_B$', unit=None, boundary='reflective')
02:44 bilby INFO    : p=Uniform(minimum=2.01, maximum=3.0, name='p', latex_label='$p$', unit=None, boundary=None)
02:44 bilby INFO    : thetaWing=Uniform(minimum=0.01, maximum=0.7853981633974483, name='theta_wing', latex_label='$\\theta_w$', unit=None, boundary=None)
02:44 bilby INFO    : KNtimeshift=0.0
02:44 bilby INFO    : KNtimeshift=0.0
02:44 bilby INFO    : Ebv=0.0
02:44 bilby INFO    : p=Uniform(minimum=2.01, maximum=3.0, name='p', latex_label='$p$', unit=None, boundary=None)
02:44 bilby INFO    : Analysis priors:
02:44 bilby INFO    : Analysis likelihood class: <class 'nmma.em.likelihood.OpticalLightCurve'>
02:44 bilby INFO    : Ebv=0.0
02:44 bilby INFO    : p=Uniform(minimum=2.01, maximum=3.0, name='p', latex_label='$p$', unit=None, boundary=None)
02:44 bilby INFO    : inclination_EM=nmma.em.prior.ConditionalGaussianIotaGivenThetaCore(minimum=0.0, maximum=0.7853981633974483, name='inclination_EM', N_sigma=1.0, latex_label='$\\iota$', unit=None, boundary=None)
02:44 bilby INFO    : log10_epsilon_e=Uniform(minimum=-5, maximum=0, name='log10_epsilon_e', latex_label='$\\log_{10}\\epsilon_e$', unit=None, boundary='reflective')
02:44 bilby INFO    : log10_n0=Uniform(minimum=-6, maximum=2.0, name='log10_n0', latex_label='$\\log_{10}n_0$', unit=None, boundary='reflective')
02:44 bilby INFO    : Analysis likelihood noise evidence: 0.0
02:44 bilby INFO    : Analysis likelihood class: <class 'nmma.em.likelihood.OpticalLightCurve'>
02:44 bilby INFO    : supernova_mag_boost=Uniform(minimum=0, maximum=60, name='supernova_mag_boost', latex_label='$mag$', unit=None, boundary='reflective')
02:44 bilby INFO    : Analysis likelihood noise evidence: 0.0
02:44 bilby INFO    : log10_epsilon_e=Uniform(minimum=-5, maximum=0, name='log10_epsilon_e', latex_label='$\\log_{10}\\epsilon_e$', unit=None, boundary='reflective')
02:44 bilby INFO    : log10_epsilon_e=Uniform(minimum=-5, maximum=0, name='log10_epsilon_e', latex_label='$\\log_{10}\\epsilon_e$', unit=None, boundary='reflective')
02:44 bilby INFO    : log10_epsilon_B=Uniform(minimum=-10, maximum=0, name='log10_epsilon_B', latex_label='$\\log_{10}\\epsilon_B$', unit=None, boundary='reflective')
02:44 bilby INFO    : p=Uniform(minimum=2.01, maximum=3.0, name='p', latex_label='$p$', unit=None, boundary=None)
02:44 bilby INFO    : luminosity_distance=Uniform(minimum=0, maximum=3000, name='luminosity_distance', latex_label='$D_L$', unit=None, boundary=None)
02:44 bilby INFO    : KNtimeshift=0.0
02:44 bilby INFO    : log10_epsilon_B=Uniform(minimum=-10, maximum=0, name='log10_epsilon_B', latex_label='$\\log_{10}\\epsilon_B$', unit=None, boundary='reflective')
02:44 bilby INFO    : log10_epsilon_B=Uniform(minimum=-10, maximum=0, name='log10_epsilon_B', latex_label='$\\log_{10}\\epsilon_B$', unit=None, boundary='reflective')
02:44 bilby INFO    : Ebv=0.0
02:44 bilby INFO    : KNtimeshift=0.0
02:44 bilby INFO    : KNtimeshift=0.0
02:44 bilby INFO    : log10_E0=Uniform(minimum=47.0, maximum=55.0, name='log10_E0', latex_label='$\\log_{10}E_0$', unit=None, boundary='reflective')
02:44 bilby INFO    : log10_epsilon_e=Uniform(minimum=-5, maximum=0, name='log10_epsilon_e', latex_label='$\\log_{10}\\epsilon_e$', unit=None, boundary='reflective')
02:44 bilby INFO    : Analysis likelihood class: <class 'nmma.em.likelihood.OpticalLightCurve'>
02:44 bilby INFO    : inclination_EM=nmma.em.prior.ConditionalGaussianIotaGivenThetaCore(minimum=0.0, maximum=0.7853981633974483, name='inclination_EM', N_sigma=1.0, latex_label='$\\iota$', unit=None, boundary=None)
02:44 bilby INFO    : supernova_mag_boost=Uniform(minimum=0, maximum=60, name='supernova_mag_boost', latex_label='$mag$', unit=None, boundary='reflective')
02:44 bilby INFO    : Ebv=0.0
02:44 bilby INFO    : Analysis likelihood noise evidence: 0.0
02:44 bilby INFO    : Ebv=0.0
02:44 bilby INFO    : Analysis likelihood class: <class 'nmma.em.likelihood.OpticalLightCurve'>
02:44 bilby INFO    : Analysis likelihood class: <class 'nmma.em.likelihood.OpticalLightCurve'>
02:44 bilby INFO    : log10_epsilon_B=Uniform(minimum=-10, maximum=0, name='log10_epsilon_B', latex_label='$\\log_{10}\\epsilon_B$', unit=None, boundary='reflective')
02:44 bilby INFO    : Analysis likelihood noise evidence: 0.0
02:44 bilby INFO    : Analysis likelihood noise evidence: 0.0
02:44 bilby INFO    : thetaCore=Uniform(minimum=0.01, maximum=0.3141592653589793, name='theta_core', latex_label='$\\theta_c$', unit=None, boundary='reflective')
02:44 bilby INFO    : KNtimeshift=0.0
02:44 bilby INFO    : luminosity_distance=Uniform(minimum=0, maximum=3000, name='luminosity_distance', latex_label='$D_L$', unit=None, boundary=None)
02:44 bilby INFO    : Ebv=0.0
02:44 bilby INFO    : thetaWing=Uniform(minimum=0.01, maximum=0.7853981633974483, name='theta_wing', latex_label='$\\theta_w$', unit=None, boundary=None)
02:44 bilby INFO    : Analysis likelihood class: <class 'nmma.em.likelihood.OpticalLightCurve'>
02:44 bilby INFO    : inclination_EM=nmma.em.prior.ConditionalGaussianIotaGivenThetaCore(minimum=0.0, maximum=0.7853981633974483, name='inclination_EM', N_sigma=1.0, latex_label='$\\iota$', unit=None, boundary=None)
02:44 bilby INFO    : Analysis likelihood noise evidence: 0.0
02:44 bilby INFO    : log10_E0=Uniform(minimum=47.0, maximum=55.0, name='log10_E0', latex_label='$\\log_{10}E_0$', unit=None, boundary='reflective')
02:44 bilby INFO    : log10_n0=Uniform(minimum=-6, maximum=2.0, name='log10_n0', latex_label='$\\log_{10}n_0$', unit=None, boundary='reflective')
02:44 bilby INFO    : luminosity_distance=Uniform(minimum=0, maximum=3000, name='luminosity_distance', latex_label='$D_L$', unit=None, boundary=None)
02:44 bilby INFO    : thetaCore=Uniform(minimum=0.01, maximum=0.3141592653589793, name='theta_core', latex_label='$\\theta_c$', unit=None, boundary='reflective')
02:44 bilby INFO    : p=Uniform(minimum=2.01, maximum=3.0, name='p', latex_label='$p$', unit=None, boundary=None)
02:44 bilby INFO    : log10_E0=Uniform(minimum=47.0, maximum=55.0, name='log10_E0', latex_label='$\\log_{10}E_0$', unit=None, boundary='reflective')
02:44 bilby INFO    : thetaWing=Uniform(minimum=0.01, maximum=0.7853981633974483, name='theta_wing', latex_label='$\\theta_w$', unit=None, boundary=None)
02:44 bilby INFO    : log10_epsilon_e=Uniform(minimum=-5, maximum=0, name='log10_epsilon_e', latex_label='$\\log_{10}\\epsilon_e$', unit=None, boundary='reflective')
02:44 bilby INFO    : thetaCore=Uniform(minimum=0.01, maximum=0.3141592653589793, name='theta_core', latex_label='$\\theta_c$', unit=None, boundary='reflective')
02:44 bilby INFO    : log10_n0=Uniform(minimum=-6, maximum=2.0, name='log10_n0', latex_label='$\\log_{10}n_0$', unit=None, boundary='reflective')
02:44 bilby INFO    : log10_epsilon_B=Uniform(minimum=-10, maximum=0, name='log10_epsilon_B', latex_label='$\\log_{10}\\epsilon_B$', unit=None, boundary='reflective')
02:44 bilby INFO    : thetaWing=Uniform(minimum=0.01, maximum=0.7853981633974483, name='theta_wing', latex_label='$\\theta_w$', unit=None, boundary=None)
02:44 bilby INFO    : KNtimeshift=0.0
02:44 bilby INFO    : p=Uniform(minimum=2.01, maximum=3.0, name='p', latex_label='$p$', unit=None, boundary=None)
02:44 bilby INFO    : Ebv=0.0
02:44 bilby INFO    : Analysis likelihood class: <class 'nmma.em.likelihood.OpticalLightCurve'>
02:44 bilby INFO    : log10_n0=Uniform(minimum=-6, maximum=2.0, name='log10_n0', latex_label='$\\log_{10}n_0$', unit=None, boundary='reflective')
02:44 bilby INFO    : Analysis likelihood noise evidence: 0.0
02:44 bilby INFO    : log10_epsilon_e=Uniform(minimum=-5, maximum=0, name='log10_epsilon_e', latex_label='$\\log_{10}\\epsilon_e$', unit=None, boundary='reflective')
02:44 bilby INFO    : p=Uniform(minimum=2.01, maximum=3.0, name='p', latex_label='$p$', unit=None, boundary=None)
02:44 bilby INFO    : log10_epsilon_B=Uniform(minimum=-10, maximum=0, name='log10_epsilon_B', latex_label='$\\log_{10}\\epsilon_B$', unit=None, boundary='reflective')
02:44 bilby INFO    : Analysis priors:
02:44 bilby INFO    : KNtimeshift=0.0
02:44 bilby INFO    : log10_epsilon_e=Uniform(minimum=-5, maximum=0, name='log10_epsilon_e', latex_label='$\\log_{10}\\epsilon_e$', unit=None, boundary='reflective')
02:44 bilby INFO    : Ebv=0.0
02:44 bilby INFO    : Analysis likelihood class: <class 'nmma.em.likelihood.OpticalLightCurve'>
02:44 bilby INFO    : log10_epsilon_B=Uniform(minimum=-10, maximum=0, name='log10_epsilon_B', latex_label='$\\log_{10}\\epsilon_B$', unit=None, boundary='reflective')
02:44 bilby INFO    : Analysis likelihood noise evidence: 0.0
02:44 bilby INFO    : KNtimeshift=0.0
02:44 bilby INFO    : Ebv=0.0
02:44 bilby INFO    : Analysis likelihood class: <class 'nmma.em.likelihood.OpticalLightCurve'>
02:44 bilby INFO    : Analysis likelihood noise evidence: 0.0
02:44 bilby INFO    : supernova_mag_boost=Uniform(minimum=0, maximum=60, name='supernova_mag_boost', latex_label='$mag$', unit=None, boundary='reflective')
02:44 bilby INFO    : inclination_EM=nmma.em.prior.ConditionalGaussianIotaGivenThetaCore(minimum=0.0, maximum=0.7853981633974483, name='inclination_EM', N_sigma=1.0, latex_label='$\\iota$', unit=None, boundary=None)
02:44 bilby INFO    : luminosity_distance=Uniform(minimum=0, maximum=3000, name='luminosity_distance', latex_label='$D_L$', unit=None, boundary=None)
02:44 bilby INFO    : log10_E0=Uniform(minimum=47.0, maximum=55.0, name='log10_E0', latex_label='$\\log_{10}E_0$', unit=None, boundary='reflective')
02:44 bilby INFO    : thetaCore=Uniform(minimum=0.01, maximum=0.3141592653589793, name='theta_core', latex_label='$\\theta_c$', unit=None, boundary='reflective')
02:44 bilby INFO    : thetaWing=Uniform(minimum=0.01, maximum=0.7853981633974483, name='theta_wing', latex_label='$\\theta_w$', unit=None, boundary=None)
02:44 bilby INFO    : log10_n0=Uniform(minimum=-6, maximum=2.0, name='log10_n0', latex_label='$\\log_{10}n_0$', unit=None, boundary='reflective')
02:44 bilby INFO    : p=Uniform(minimum=2.01, maximum=3.0, name='p', latex_label='$p$', unit=None, boundary=None)
02:44 bilby INFO    : log10_epsilon_e=Uniform(minimum=-5, maximum=0, name='log10_epsilon_e', latex_label='$\\log_{10}\\epsilon_e$', unit=None, boundary='reflective')
02:44 bilby INFO    : log10_epsilon_B=Uniform(minimum=-10, maximum=0, name='log10_epsilon_B', latex_label='$\\log_{10}\\epsilon_B$', unit=None, boundary='reflective')
02:44 bilby INFO    : KNtimeshift=0.0
02:44 bilby INFO    : Ebv=0.0
02:44 bilby INFO    : Analysis likelihood class: <class 'nmma.em.likelihood.OpticalLightCurve'>
02:44 bilby INFO    : Analysis likelihood noise evidence: 0.0
02:44 bilby INFO    : Analysis priors:
02:44 bilby INFO    : supernova_mag_boost=Uniform(minimum=0, maximum=60, name='supernova_mag_boost', latex_label='$mag$', unit=None, boundary='reflective')
02:44 bilby INFO    : inclination_EM=nmma.em.prior.ConditionalGaussianIotaGivenThetaCore(minimum=0.0, maximum=0.7853981633974483, name='inclination_EM', N_sigma=1.0, latex_label='$\\iota$', unit=None, boundary=None)
02:44 bilby INFO    : luminosity_distance=Uniform(minimum=0, maximum=3000, name='luminosity_distance', latex_label='$D_L$', unit=None, boundary=None)
02:44 bilby INFO    : log10_E0=Uniform(minimum=47.0, maximum=55.0, name='log10_E0', latex_label='$\\log_{10}E_0$', unit=None, boundary='reflective')
02:44 bilby INFO    : thetaCore=Uniform(minimum=0.01, maximum=0.3141592653589793, name='theta_core', latex_label='$\\theta_c$', unit=None, boundary='reflective')
02:44 bilby INFO    : thetaWing=Uniform(minimum=0.01, maximum=0.7853981633974483, name='theta_wing', latex_label='$\\theta_w$', unit=None, boundary=None)
02:44 bilby INFO    : log10_n0=Uniform(minimum=-6, maximum=2.0, name='log10_n0', latex_label='$\\log_{10}n_0$', unit=None, boundary='reflective')
02:44 bilby INFO    : p=Uniform(minimum=2.01, maximum=3.0, name='p', latex_label='$p$', unit=None, boundary=None)
02:44 bilby INFO    : log10_epsilon_e=Uniform(minimum=-5, maximum=0, name='log10_epsilon_e', latex_label='$\\log_{10}\\epsilon_e$', unit=None, boundary='reflective')
02:44 bilby INFO    : log10_epsilon_B=Uniform(minimum=-10, maximum=0, name='log10_epsilon_B', latex_label='$\\log_{10}\\epsilon_B$', unit=None, boundary='reflective')
02:44 bilby INFO    : KNtimeshift=0.0
02:44 bilby INFO    : Ebv=0.0
02:44 bilby INFO    : Analysis likelihood class: <class 'nmma.em.likelihood.OpticalLightCurve'>
02:44 bilby INFO    : Analysis likelihood noise evidence: 0.0
02:49 bilby INFO    : Single likelihood evaluation took 2.410e+00 s
02:49 bilby INFO    : Single likelihood evaluation took 2.520e+00 s
02:49 bilby WARNING : Supplied argument 'queue_size' not an argument of 'Pymultinest', removing.
02:49 bilby WARNING : Supplied argument 'check_point_delta_t' not an argument of 'Pymultinest', removing.
02:49 bilby INFO    : Using sampler Pymultinest with kwargs {'importance_nested_sampling': False, 'resume': True, 'verbose': True, 'sampling_efficiency': 'parameter', 'n_live_points': 2048, 'n_params': 10, 'n_clustering_params': None, 'wrapped_params': None, 'multimodal': True, 'const_efficiency_mode': False, 'evidence_tolerance': 0.5, 'n_iter_before_update': 100, 'null_log_evidence': -1e+90, 'max_modes': 100, 'mode_tolerance': -1e+90, 'seed': 42, 'context': 0, 'write_output': True, 'log_zero': -1e+100, 'max_iter': 0, 'init_MPI': False, 'dump_callback': <bound method Pymultinest._dump_callback of <bilby.core.sampler.pymultinest.Pymultinest object at 0x15553fbf3610>>}
02:49 bilby INFO    : Temporary directory incompatible with MPI, will run in original directory
02:49 bilby INFO    : Using output file outdirSNgauss32cores/pm_GRB211211A/
02:49 bilby WARNING : Supplied argument 'queue_size' not an argument of 'Pymultinest', removing.
02:49 bilby WARNING : Supplied argument 'check_point_delta_t' not an argument of 'Pymultinest', removing.
02:49 bilby INFO    : Using sampler Pymultinest with kwargs {'importance_nested_sampling': False, 'resume': True, 'verbose': True, 'sampling_efficiency': 'parameter', 'n_live_points': 2048, 'n_params': 10, 'n_clustering_params': None, 'wrapped_params': None, 'multimodal': True, 'const_efficiency_mode': False, 'evidence_tolerance': 0.5, 'n_iter_before_update': 100, 'null_log_evidence': -1e+90, 'max_modes': 100, 'mode_tolerance': -1e+90, 'seed': 42, 'context': 0, 'write_output': True, 'log_zero': -1e+100, 'max_iter': 0, 'init_MPI': False, 'dump_callback': <bound method Pymultinest._dump_callback of <bilby.core.sampler.pymultinest.Pymultinest object at 0x1555042ef280>>}
02:49 bilby INFO    : Temporary directory incompatible with MPI, will run in original directory
02:49 bilby INFO    : Using output file outdirSNgauss32cores/pm_GRB211211A/
02:49 bilby INFO    : Single likelihood evaluation took 2.676e+00 s
02:49 bilby INFO    : Single likelihood evaluation took 2.718e+00 s
02:49 bilby INFO    : Single likelihood evaluation took 2.670e+00 s
02:49 bilby WARNING : Supplied argument 'queue_size' not an argument of 'Pymultinest', removing.
02:49 bilby WARNING : Supplied argument 'check_point_delta_t' not an argument of 'Pymultinest', removing.
02:49 bilby INFO    : Using sampler Pymultinest with kwargs {'importance_nested_sampling': False, 'resume': True, 'verbose': True, 'sampling_efficiency': 'parameter', 'n_live_points': 2048, 'n_params': 10, 'n_clustering_params': None, 'wrapped_params': None, 'multimodal': True, 'const_efficiency_mode': False, 'evidence_tolerance': 0.5, 'n_iter_before_update': 100, 'null_log_evidence': -1e+90, 'max_modes': 100, 'mode_tolerance': -1e+90, 'seed': 42, 'context': 0, 'write_output': True, 'log_zero': -1e+100, 'max_iter': 0, 'init_MPI': False, 'dump_callback': <bound method Pymultinest._dump_callback of <bilby.core.sampler.pymultinest.Pymultinest object at 0x1555085e8100>>}
02:49 bilby INFO    : Temporary directory incompatible with MPI, will run in original directory
02:49 bilby INFO    : Using output file outdirSNgauss32cores/pm_GRB211211A/
02:49 bilby WARNING : Supplied argument 'queue_size' not an argument of 'Pymultinest', removing.
02:49 bilby WARNING : Supplied argument 'check_point_delta_t' not an argument of 'Pymultinest', removing.
02:49 bilby INFO    : Using sampler Pymultinest with kwargs {'importance_nested_sampling': False, 'resume': True, 'verbose': True, 'sampling_efficiency': 'parameter', 'n_live_points': 2048, 'n_params': 10, 'n_clustering_params': None, 'wrapped_params': None, 'multimodal': True, 'const_efficiency_mode': False, 'evidence_tolerance': 0.5, 'n_iter_before_update': 100, 'null_log_evidence': -1e+90, 'max_modes': 100, 'mode_tolerance': -1e+90, 'seed': 42, 'context': 0, 'write_output': True, 'log_zero': -1e+100, 'max_iter': 0, 'init_MPI': False, 'dump_callback': <bound method Pymultinest._dump_callback of <bilby.core.sampler.pymultinest.Pymultinest object at 0x1555085ea1f0>>}
02:49 bilby INFO    : Temporary directory incompatible with MPI, will run in original directory
02:49 bilby INFO    : Using output file outdirSNgauss32cores/pm_GRB211211A/
02:49 bilby INFO    : Single likelihood evaluation took 2.758e+00 s
02:49 bilby WARNING : Supplied argument 'queue_size' not an argument of 'Pymultinest', removing.
02:49 bilby WARNING : Supplied argument 'check_point_delta_t' not an argument of 'Pymultinest', removing.
02:49 bilby INFO    : Using sampler Pymultinest with kwargs {'importance_nested_sampling': False, 'resume': True, 'verbose': True, 'sampling_efficiency': 'parameter', 'n_live_points': 2048, 'n_params': 10, 'n_clustering_params': None, 'wrapped_params': None, 'multimodal': True, 'const_efficiency_mode': False, 'evidence_tolerance': 0.5, 'n_iter_before_update': 100, 'null_log_evidence': -1e+90, 'max_modes': 100, 'mode_tolerance': -1e+90, 'seed': 42, 'context': 0, 'write_output': True, 'log_zero': -1e+100, 'max_iter': 0, 'init_MPI': False, 'dump_callback': <bound method Pymultinest._dump_callback of <bilby.core.sampler.pymultinest.Pymultinest object at 0x1555554004c0>>}
02:49 bilby INFO    : Temporary directory incompatible with MPI, will run in original directory
02:49 bilby INFO    : Using output file outdirSNgauss32cores/pm_GRB211211A/
02:49 bilby WARNING : Supplied argument 'queue_size' not an argument of 'Pymultinest', removing.
02:49 bilby WARNING : Supplied argument 'check_point_delta_t' not an argument of 'Pymultinest', removing.
02:49 bilby INFO    : Using sampler Pymultinest with kwargs {'importance_nested_sampling': False, 'resume': True, 'verbose': True, 'sampling_efficiency': 'parameter', 'n_live_points': 2048, 'n_params': 10, 'n_clustering_params': None, 'wrapped_params': None, 'multimodal': True, 'const_efficiency_mode': False, 'evidence_tolerance': 0.5, 'n_iter_before_update': 100, 'null_log_evidence': -1e+90, 'max_modes': 100, 'mode_tolerance': -1e+90, 'seed': 42, 'context': 0, 'write_output': True, 'log_zero': -1e+100, 'max_iter': 0, 'init_MPI': False, 'dump_callback': <bound method Pymultinest._dump_callback of <bilby.core.sampler.pymultinest.Pymultinest object at 0x1555085e61f0>>}
02:49 bilby INFO    : Temporary directory incompatible with MPI, will run in original directory
02:49 bilby INFO    : Using output file outdirSNgauss32cores/pm_GRB211211A/
02:49 bilby INFO    : Single likelihood evaluation took 2.850e+00 s
02:49 bilby INFO    : Single likelihood evaluation took 2.853e+00 s
02:49 bilby WARNING : Supplied argument 'queue_size' not an argument of 'Pymultinest', removing.
02:49 bilby WARNING : Supplied argument 'check_point_delta_t' not an argument of 'Pymultinest', removing.
02:49 bilby INFO    : Using sampler Pymultinest with kwargs {'importance_nested_sampling': False, 'resume': True, 'verbose': True, 'sampling_efficiency': 'parameter', 'n_live_points': 2048, 'n_params': 10, 'n_clustering_params': None, 'wrapped_params': None, 'multimodal': True, 'const_efficiency_mode': False, 'evidence_tolerance': 0.5, 'n_iter_before_update': 100, 'null_log_evidence': -1e+90, 'max_modes': 100, 'mode_tolerance': -1e+90, 'seed': 42, 'context': 0, 'write_output': True, 'log_zero': -1e+100, 'max_iter': 0, 'init_MPI': False, 'dump_callback': <bound method Pymultinest._dump_callback of <bilby.core.sampler.pymultinest.Pymultinest object at 0x1555085ea130>>}
02:49 bilby INFO    : Temporary directory incompatible with MPI, will run in original directory
02:49 bilby INFO    : Using output file outdirSNgauss32cores/pm_GRB211211A/
02:49 bilby WARNING : Supplied argument 'queue_size' not an argument of 'Pymultinest', removing.
02:49 bilby WARNING : Supplied argument 'check_point_delta_t' not an argument of 'Pymultinest', removing.
02:49 bilby INFO    : Using sampler Pymultinest with kwargs {'importance_nested_sampling': False, 'resume': True, 'verbose': True, 'sampling_efficiency': 'parameter', 'n_live_points': 2048, 'n_params': 10, 'n_clustering_params': None, 'wrapped_params': None, 'multimodal': True, 'const_efficiency_mode': False, 'evidence_tolerance': 0.5, 'n_iter_before_update': 100, 'null_log_evidence': -1e+90, 'max_modes': 100, 'mode_tolerance': -1e+90, 'seed': 42, 'context': 0, 'write_output': True, 'log_zero': -1e+100, 'max_iter': 0, 'init_MPI': False, 'dump_callback': <bound method Pymultinest._dump_callback of <bilby.core.sampler.pymultinest.Pymultinest object at 0x1555045ea1f0>>}
02:49 bilby INFO    : Temporary directory incompatible with MPI, will run in original directory
02:49 bilby INFO    : Using output file outdirSNgauss32cores/pm_GRB211211A/
02:49 bilby INFO    : Single likelihood evaluation took 2.860e+00 s
02:49 bilby INFO    : Single likelihood evaluation took 2.904e+00 s
02:49 bilby INFO    : Single likelihood evaluation took 2.921e+00 s
02:49 bilby WARNING : Supplied argument 'queue_size' not an argument of 'Pymultinest', removing.
02:49 bilby WARNING : Supplied argument 'check_point_delta_t' not an argument of 'Pymultinest', removing.
02:49 bilby INFO    : Using sampler Pymultinest with kwargs {'importance_nested_sampling': False, 'resume': True, 'verbose': True, 'sampling_efficiency': 'parameter', 'n_live_points': 2048, 'n_params': 10, 'n_clustering_params': None, 'wrapped_params': None, 'multimodal': True, 'const_efficiency_mode': False, 'evidence_tolerance': 0.5, 'n_iter_before_update': 100, 'null_log_evidence': -1e+90, 'max_modes': 100, 'mode_tolerance': -1e+90, 'seed': 42, 'context': 0, 'write_output': True, 'log_zero': -1e+100, 'max_iter': 0, 'init_MPI': False, 'dump_callback': <bound method Pymultinest._dump_callback of <bilby.core.sampler.pymultinest.Pymultinest object at 0x1555085e6520>>}
02:49 bilby INFO    : Temporary directory incompatible with MPI, will run in original directory
02:49 bilby INFO    : Using output file outdirSNgauss32cores/pm_GRB211211A/
02:49 bilby INFO    : Single likelihood evaluation took 2.911e+00 s
02:49 bilby WARNING : Supplied argument 'queue_size' not an argument of 'Pymultinest', removing.
02:49 bilby WARNING : Supplied argument 'check_point_delta_t' not an argument of 'Pymultinest', removing.
02:49 bilby INFO    : Using sampler Pymultinest with kwargs {'importance_nested_sampling': False, 'resume': True, 'verbose': True, 'sampling_efficiency': 'parameter', 'n_live_points': 2048, 'n_params': 10, 'n_clustering_params': None, 'wrapped_params': None, 'multimodal': True, 'const_efficiency_mode': False, 'evidence_tolerance': 0.5, 'n_iter_before_update': 100, 'null_log_evidence': -1e+90, 'max_modes': 100, 'mode_tolerance': -1e+90, 'seed': 42, 'context': 0, 'write_output': True, 'log_zero': -1e+100, 'max_iter': 0, 'init_MPI': False, 'dump_callback': <bound method Pymultinest._dump_callback of <bilby.core.sampler.pymultinest.Pymultinest object at 0x1555085e72b0>>}
02:49 bilby INFO    : Temporary directory incompatible with MPI, will run in original directory
02:49 bilby INFO    : Using output file outdirSNgauss32cores/pm_GRB211211A/
02:49 bilby INFO    : Single likelihood evaluation took 2.897e+00 s
02:49 bilby INFO    : Single likelihood evaluation took 2.949e+00 s
02:49 bilby WARNING : Supplied argument 'queue_size' not an argument of 'Pymultinest', removing.
02:49 bilby WARNING : Supplied argument 'check_point_delta_t' not an argument of 'Pymultinest', removing.
02:49 bilby INFO    : Using sampler Pymultinest with kwargs {'importance_nested_sampling': False, 'resume': True, 'verbose': True, 'sampling_efficiency': 'parameter', 'n_live_points': 2048, 'n_params': 10, 'n_clustering_params': None, 'wrapped_params': None, 'multimodal': True, 'const_efficiency_mode': False, 'evidence_tolerance': 0.5, 'n_iter_before_update': 100, 'null_log_evidence': -1e+90, 'max_modes': 100, 'mode_tolerance': -1e+90, 'seed': 42, 'context': 0, 'write_output': True, 'log_zero': -1e+100, 'max_iter': 0, 'init_MPI': False, 'dump_callback': <bound method Pymultinest._dump_callback of <bilby.core.sampler.pymultinest.Pymultinest object at 0x1555045e8190>>}
02:49 bilby INFO    : Temporary directory incompatible with MPI, will run in original directory
02:49 bilby INFO    : Using output file outdirSNgauss32cores/pm_GRB211211A/
02:49 bilby WARNING : Supplied argument 'queue_size' not an argument of 'Pymultinest', removing.
02:49 bilby WARNING : Supplied argument 'check_point_delta_t' not an argument of 'Pymultinest', removing.
02:49 bilby INFO    : Using sampler Pymultinest with kwargs {'importance_nested_sampling': False, 'resume': True, 'verbose': True, 'sampling_efficiency': 'parameter', 'n_live_points': 2048, 'n_params': 10, 'n_clustering_params': None, 'wrapped_params': None, 'multimodal': True, 'const_efficiency_mode': False, 'evidence_tolerance': 0.5, 'n_iter_before_update': 100, 'null_log_evidence': -1e+90, 'max_modes': 100, 'mode_tolerance': -1e+90, 'seed': 42, 'context': 0, 'write_output': True, 'log_zero': -1e+100, 'max_iter': 0, 'init_MPI': False, 'dump_callback': <bound method Pymultinest._dump_callback of <bilby.core.sampler.pymultinest.Pymultinest object at 0x1555085e6280>>}
02:49 bilby INFO    : Temporary directory incompatible with MPI, will run in original directory
02:49 bilby INFO    : Using output file outdirSNgauss32cores/pm_GRB211211A/
02:49 bilby WARNING : Supplied argument 'queue_size' not an argument of 'Pymultinest', removing.
02:49 bilby WARNING : Supplied argument 'check_point_delta_t' not an argument of 'Pymultinest', removing.
02:49 bilby INFO    : Using sampler Pymultinest with kwargs {'importance_nested_sampling': False, 'resume': True, 'verbose': True, 'sampling_efficiency': 'parameter', 'n_live_points': 2048, 'n_params': 10, 'n_clustering_params': None, 'wrapped_params': None, 'multimodal': True, 'const_efficiency_mode': False, 'evidence_tolerance': 0.5, 'n_iter_before_update': 100, 'null_log_evidence': -1e+90, 'max_modes': 100, 'mode_tolerance': -1e+90, 'seed': 42, 'context': 0, 'write_output': True, 'log_zero': -1e+100, 'max_iter': 0, 'init_MPI': False, 'dump_callback': <bound method Pymultinest._dump_callback of <bilby.core.sampler.pymultinest.Pymultinest object at 0x1555085e80a0>>}
02:49 bilby INFO    : Temporary directory incompatible with MPI, will run in original directory
02:49 bilby INFO    : Using output file outdirSNgauss32cores/pm_GRB211211A/
02:49 bilby WARNING : Supplied argument 'queue_size' not an argument of 'Pymultinest', removing.
02:49 bilby WARNING : Supplied argument 'check_point_delta_t' not an argument of 'Pymultinest', removing.
02:49 bilby INFO    : Using sampler Pymultinest with kwargs {'importance_nested_sampling': False, 'resume': True, 'verbose': True, 'sampling_efficiency': 'parameter', 'n_live_points': 2048, 'n_params': 10, 'n_clustering_params': None, 'wrapped_params': None, 'multimodal': True, 'const_efficiency_mode': False, 'evidence_tolerance': 0.5, 'n_iter_before_update': 100, 'null_log_evidence': -1e+90, 'max_modes': 100, 'mode_tolerance': -1e+90, 'seed': 42, 'context': 0, 'write_output': True, 'log_zero': -1e+100, 'max_iter': 0, 'init_MPI': False, 'dump_callback': <bound method Pymultinest._dump_callback of <bilby.core.sampler.pymultinest.Pymultinest object at 0x1555042f01f0>>}
02:49 bilby INFO    : Temporary directory incompatible with MPI, will run in original directory
02:49 bilby INFO    : Using output file outdirSNgauss32cores/pm_GRB211211A/
02:49 bilby INFO    : Single likelihood evaluation took 3.012e+00 s
02:49 bilby INFO    : Single likelihood evaluation took 2.985e+00 s
02:50 bilby WARNING : Supplied argument 'queue_size' not an argument of 'Pymultinest', removing.
02:50 bilby WARNING : Supplied argument 'check_point_delta_t' not an argument of 'Pymultinest', removing.
02:50 bilby INFO    : Using sampler Pymultinest with kwargs {'importance_nested_sampling': False, 'resume': True, 'verbose': True, 'sampling_efficiency': 'parameter', 'n_live_points': 2048, 'n_params': 10, 'n_clustering_params': None, 'wrapped_params': None, 'multimodal': True, 'const_efficiency_mode': False, 'evidence_tolerance': 0.5, 'n_iter_before_update': 100, 'null_log_evidence': -1e+90, 'max_modes': 100, 'mode_tolerance': -1e+90, 'seed': 42, 'context': 0, 'write_output': True, 'log_zero': -1e+100, 'max_iter': 0, 'init_MPI': False, 'dump_callback': <bound method Pymultinest._dump_callback of <bilby.core.sampler.pymultinest.Pymultinest object at 0x1555085ea160>>}
02:50 bilby INFO    : Temporary directory incompatible with MPI, will run in original directory
02:50 bilby INFO    : Using output file outdirSNgauss32cores/pm_GRB211211A/
02:50 bilby INFO    : Single likelihood evaluation took 3.078e+00 s
02:50 bilby WARNING : Supplied argument 'queue_size' not an argument of 'Pymultinest', removing.
02:50 bilby WARNING : Supplied argument 'check_point_delta_t' not an argument of 'Pymultinest', removing.
02:50 bilby INFO    : Using sampler Pymultinest with kwargs {'importance_nested_sampling': False, 'resume': True, 'verbose': True, 'sampling_efficiency': 'parameter', 'n_live_points': 2048, 'n_params': 10, 'n_clustering_params': None, 'wrapped_params': None, 'multimodal': True, 'const_efficiency_mode': False, 'evidence_tolerance': 0.5, 'n_iter_before_update': 100, 'null_log_evidence': -1e+90, 'max_modes': 100, 'mode_tolerance': -1e+90, 'seed': 42, 'context': 0, 'write_output': True, 'log_zero': -1e+100, 'max_iter': 0, 'init_MPI': False, 'dump_callback': <bound method Pymultinest._dump_callback of <bilby.core.sampler.pymultinest.Pymultinest object at 0x1555085e81f0>>}
02:50 bilby INFO    : Temporary directory incompatible with MPI, will run in original directory
02:50 bilby INFO    : Using output file outdirSNgauss32cores/pm_GRB211211A/
02:50 bilby INFO    : Single likelihood evaluation took 3.098e+00 s
02:50 bilby INFO    : Single likelihood evaluation took 3.052e+00 s
02:50 bilby INFO    : Single likelihood evaluation took 3.076e+00 s
02:50 bilby WARNING : Supplied argument 'queue_size' not an argument of 'Pymultinest', removing.
02:50 bilby WARNING : Supplied argument 'check_point_delta_t' not an argument of 'Pymultinest', removing.
02:50 bilby INFO    : Using sampler Pymultinest with kwargs {'importance_nested_sampling': False, 'resume': True, 'verbose': True, 'sampling_efficiency': 'parameter', 'n_live_points': 2048, 'n_params': 10, 'n_clustering_params': None, 'wrapped_params': None, 'multimodal': True, 'const_efficiency_mode': False, 'evidence_tolerance': 0.5, 'n_iter_before_update': 100, 'null_log_evidence': -1e+90, 'max_modes': 100, 'mode_tolerance': -1e+90, 'seed': 42, 'context': 0, 'write_output': True, 'log_zero': -1e+100, 'max_iter': 0, 'init_MPI': False, 'dump_callback': <bound method Pymultinest._dump_callback of <bilby.core.sampler.pymultinest.Pymultinest object at 0x1555045e8160>>}
02:50 bilby INFO    : Temporary directory incompatible with MPI, will run in original directory
02:50 bilby INFO    : Using output file outdirSNgauss32cores/pm_GRB211211A/
02:50 bilby WARNING : Supplied argument 'queue_size' not an argument of 'Pymultinest', removing.
02:50 bilby WARNING : Supplied argument 'check_point_delta_t' not an argument of 'Pymultinest', removing.
02:50 bilby INFO    : Using sampler Pymultinest with kwargs {'importance_nested_sampling': False, 'resume': True, 'verbose': True, 'sampling_efficiency': 'parameter', 'n_live_points': 2048, 'n_params': 10, 'n_clustering_params': None, 'wrapped_params': None, 'multimodal': True, 'const_efficiency_mode': False, 'evidence_tolerance': 0.5, 'n_iter_before_update': 100, 'null_log_evidence': -1e+90, 'max_modes': 100, 'mode_tolerance': -1e+90, 'seed': 42, 'context': 0, 'write_output': True, 'log_zero': -1e+100, 'max_iter': 0, 'init_MPI': False, 'dump_callback': <bound method Pymultinest._dump_callback of <bilby.core.sampler.pymultinest.Pymultinest object at 0x1555045e7190>>}
02:50 bilby INFO    : Temporary directory incompatible with MPI, will run in original directory
02:50 bilby INFO    : Using output file outdirSNgauss32cores/pm_GRB211211A/
02:50 bilby INFO    : Single likelihood evaluation took 3.065e+00 s
02:50 bilby INFO    : Single likelihood evaluation took 3.103e+00 s
02:50 bilby WARNING : Supplied argument 'queue_size' not an argument of 'Pymultinest', removing.
02:50 bilby WARNING : Supplied argument 'check_point_delta_t' not an argument of 'Pymultinest', removing.
02:50 bilby INFO    : Using sampler Pymultinest with kwargs {'importance_nested_sampling': False, 'resume': True, 'verbose': True, 'sampling_efficiency': 'parameter', 'n_live_points': 2048, 'n_params': 10, 'n_clustering_params': None, 'wrapped_params': None, 'multimodal': True, 'const_efficiency_mode': False, 'evidence_tolerance': 0.5, 'n_iter_before_update': 100, 'null_log_evidence': -1e+90, 'max_modes': 100, 'mode_tolerance': -1e+90, 'seed': 42, 'context': 0, 'write_output': True, 'log_zero': -1e+100, 'max_iter': 0, 'init_MPI': False, 'dump_callback': <bound method Pymultinest._dump_callback of <bilby.core.sampler.pymultinest.Pymultinest object at 0x1555085e7190>>}
02:50 bilby INFO    : Temporary directory incompatible with MPI, will run in original directory
02:50 bilby INFO    : Using output file outdirSNgauss32cores/pm_GRB211211A/
02:50 bilby WARNING : Supplied argument 'queue_size' not an argument of 'Pymultinest', removing.
02:50 bilby WARNING : Supplied argument 'check_point_delta_t' not an argument of 'Pymultinest', removing.
02:50 bilby INFO    : Using sampler Pymultinest with kwargs {'importance_nested_sampling': False, 'resume': True, 'verbose': True, 'sampling_efficiency': 'parameter', 'n_live_points': 2048, 'n_params': 10, 'n_clustering_params': None, 'wrapped_params': None, 'multimodal': True, 'const_efficiency_mode': False, 'evidence_tolerance': 0.5, 'n_iter_before_update': 100, 'null_log_evidence': -1e+90, 'max_modes': 100, 'mode_tolerance': -1e+90, 'seed': 42, 'context': 0, 'write_output': True, 'log_zero': -1e+100, 'max_iter': 0, 'init_MPI': False, 'dump_callback': <bound method Pymultinest._dump_callback of <bilby.core.sampler.pymultinest.Pymultinest object at 0x1555042f0220>>}
02:50 bilby INFO    : Temporary directory incompatible with MPI, will run in original directory
02:50 bilby INFO    : Using output file outdirSNgauss32cores/pm_GRB211211A/
02:50 bilby WARNING : Supplied argument 'queue_size' not an argument of 'Pymultinest', removing.
02:50 bilby WARNING : Supplied argument 'check_point_delta_t' not an argument of 'Pymultinest', removing.
02:50 bilby INFO    : Using sampler Pymultinest with kwargs {'importance_nested_sampling': False, 'resume': True, 'verbose': True, 'sampling_efficiency': 'parameter', 'n_live_points': 2048, 'n_params': 10, 'n_clustering_params': None, 'wrapped_params': None, 'multimodal': True, 'const_efficiency_mode': False, 'evidence_tolerance': 0.5, 'n_iter_before_update': 100, 'null_log_evidence': -1e+90, 'max_modes': 100, 'mode_tolerance': -1e+90, 'seed': 42, 'context': 0, 'write_output': True, 'log_zero': -1e+100, 'max_iter': 0, 'init_MPI': False, 'dump_callback': <bound method Pymultinest._dump_callback of <bilby.core.sampler.pymultinest.Pymultinest object at 0x1555554055e0>>}
02:50 bilby INFO    : Temporary directory incompatible with MPI, will run in original directory
02:50 bilby INFO    : Using output file outdirSNgauss32cores/pm_GRB211211A/
02:50 bilby INFO    : Single likelihood evaluation took 3.110e+00 s
02:50 bilby INFO    : Single likelihood evaluation took 3.146e+00 s
02:50 bilby WARNING : Supplied argument 'queue_size' not an argument of 'Pymultinest', removing.
02:50 bilby WARNING : Supplied argument 'check_point_delta_t' not an argument of 'Pymultinest', removing.
02:50 bilby INFO    : Using sampler Pymultinest with kwargs {'importance_nested_sampling': False, 'resume': True, 'verbose': True, 'sampling_efficiency': 'parameter', 'n_live_points': 2048, 'n_params': 10, 'n_clustering_params': None, 'wrapped_params': None, 'multimodal': True, 'const_efficiency_mode': False, 'evidence_tolerance': 0.5, 'n_iter_before_update': 100, 'null_log_evidence': -1e+90, 'max_modes': 100, 'mode_tolerance': -1e+90, 'seed': 42, 'context': 0, 'write_output': True, 'log_zero': -1e+100, 'max_iter': 0, 'init_MPI': False, 'dump_callback': <bound method Pymultinest._dump_callback of <bilby.core.sampler.pymultinest.Pymultinest object at 0x1555085ea100>>}
02:50 bilby INFO    : Temporary directory incompatible with MPI, will run in original directory
02:50 bilby INFO    : Using output file outdirSNgauss32cores/pm_GRB211211A/
02:50 bilby WARNING : Supplied argument 'queue_size' not an argument of 'Pymultinest', removing.
02:50 bilby WARNING : Supplied argument 'check_point_delta_t' not an argument of 'Pymultinest', removing.
02:50 bilby INFO    : Using sampler Pymultinest with kwargs {'importance_nested_sampling': False, 'resume': True, 'verbose': True, 'sampling_efficiency': 'parameter', 'n_live_points': 2048, 'n_params': 10, 'n_clustering_params': None, 'wrapped_params': None, 'multimodal': True, 'const_efficiency_mode': False, 'evidence_tolerance': 0.5, 'n_iter_before_update': 100, 'null_log_evidence': -1e+90, 'max_modes': 100, 'mode_tolerance': -1e+90, 'seed': 42, 'context': 0, 'write_output': True, 'log_zero': -1e+100, 'max_iter': 0, 'init_MPI': False, 'dump_callback': <bound method Pymultinest._dump_callback of <bilby.core.sampler.pymultinest.Pymultinest object at 0x1555045ea100>>}
02:50 bilby INFO    : Temporary directory incompatible with MPI, will run in original directory
02:50 bilby INFO    : Using output file outdirSNgauss32cores/pm_GRB211211A/
02:50 bilby WARNING : Supplied argument 'queue_size' not an argument of 'Pymultinest', removing.
02:50 bilby WARNING : Supplied argument 'check_point_delta_t' not an argument of 'Pymultinest', removing.
02:50 bilby INFO    : Using sampler Pymultinest with kwargs {'importance_nested_sampling': False, 'resume': True, 'verbose': True, 'sampling_efficiency': 'parameter', 'n_live_points': 2048, 'n_params': 10, 'n_clustering_params': None, 'wrapped_params': None, 'multimodal': True, 'const_efficiency_mode': False, 'evidence_tolerance': 0.5, 'n_iter_before_update': 100, 'null_log_evidence': -1e+90, 'max_modes': 100, 'mode_tolerance': -1e+90, 'seed': 42, 'context': 0, 'write_output': True, 'log_zero': -1e+100, 'max_iter': 0, 'init_MPI': False, 'dump_callback': <bound method Pymultinest._dump_callback of <bilby.core.sampler.pymultinest.Pymultinest object at 0x1555042ee1c0>>}
02:50 bilby INFO    : Temporary directory incompatible with MPI, will run in original directory
02:50 bilby INFO    : Using output file outdirSNgauss32cores/pm_GRB211211A/
02:50 bilby INFO    : Single likelihood evaluation took 3.169e+00 s
02:50 bilby WARNING : Supplied argument 'queue_size' not an argument of 'Pymultinest', removing.
02:50 bilby WARNING : Supplied argument 'check_point_delta_t' not an argument of 'Pymultinest', removing.
02:50 bilby INFO    : Using sampler Pymultinest with kwargs {'importance_nested_sampling': False, 'resume': True, 'verbose': True, 'sampling_efficiency': 'parameter', 'n_live_points': 2048, 'n_params': 10, 'n_clustering_params': None, 'wrapped_params': None, 'multimodal': True, 'const_efficiency_mode': False, 'evidence_tolerance': 0.5, 'n_iter_before_update': 100, 'null_log_evidence': -1e+90, 'max_modes': 100, 'mode_tolerance': -1e+90, 'seed': 42, 'context': 0, 'write_output': True, 'log_zero': -1e+100, 'max_iter': 0, 'init_MPI': False, 'dump_callback': <bound method Pymultinest._dump_callback of <bilby.core.sampler.pymultinest.Pymultinest object at 0x1555045ea1f0>>}
02:50 bilby INFO    : Temporary directory incompatible with MPI, will run in original directory
02:50 bilby INFO    : Using output file outdirSNgauss32cores/pm_GRB211211A/
02:50 bilby INFO    : Single likelihood evaluation took 3.229e+00 s
02:50 bilby INFO    : Single likelihood evaluation took 3.249e+00 s
02:50 bilby WARNING : Supplied argument 'queue_size' not an argument of 'Pymultinest', removing.
02:50 bilby WARNING : Supplied argument 'check_point_delta_t' not an argument of 'Pymultinest', removing.
02:50 bilby INFO    : Using sampler Pymultinest with kwargs {'importance_nested_sampling': False, 'resume': True, 'verbose': True, 'sampling_efficiency': 'parameter', 'n_live_points': 2048, 'n_params': 10, 'n_clustering_params': None, 'wrapped_params': None, 'multimodal': True, 'const_efficiency_mode': False, 'evidence_tolerance': 0.5, 'n_iter_before_update': 100, 'null_log_evidence': -1e+90, 'max_modes': 100, 'mode_tolerance': -1e+90, 'seed': 42, 'context': 0, 'write_output': True, 'log_zero': -1e+100, 'max_iter': 0, 'init_MPI': False, 'dump_callback': <bound method Pymultinest._dump_callback of <bilby.core.sampler.pymultinest.Pymultinest object at 0x1555082f21f0>>}
02:50 bilby INFO    : Temporary directory incompatible with MPI, will run in original directory
02:50 bilby INFO    : Using output file outdirSNgauss32cores/pm_GRB211211A/
02:50 bilby INFO    : Single likelihood evaluation took 3.277e+00 s
02:50 bilby WARNING : Supplied argument 'queue_size' not an argument of 'Pymultinest', removing.
02:50 bilby WARNING : Supplied argument 'check_point_delta_t' not an argument of 'Pymultinest', removing.
02:50 bilby INFO    : Using sampler Pymultinest with kwargs {'importance_nested_sampling': False, 'resume': True, 'verbose': True, 'sampling_efficiency': 'parameter', 'n_live_points': 2048, 'n_params': 10, 'n_clustering_params': None, 'wrapped_params': None, 'multimodal': True, 'const_efficiency_mode': False, 'evidence_tolerance': 0.5, 'n_iter_before_update': 100, 'null_log_evidence': -1e+90, 'max_modes': 100, 'mode_tolerance': -1e+90, 'seed': 42, 'context': 0, 'write_output': True, 'log_zero': -1e+100, 'max_iter': 0, 'init_MPI': False, 'dump_callback': <bound method Pymultinest._dump_callback of <bilby.core.sampler.pymultinest.Pymultinest object at 0x1555082ef1f0>>}
02:50 bilby INFO    : Temporary directory incompatible with MPI, will run in original directory
02:50 bilby INFO    : Using output file outdirSNgauss32cores/pm_GRB211211A/
02:50 bilby WARNING : Supplied argument 'queue_size' not an argument of 'Pymultinest', removing.
02:50 bilby WARNING : Supplied argument 'check_point_delta_t' not an argument of 'Pymultinest', removing.
02:50 bilby INFO    : Using sampler Pymultinest with kwargs {'importance_nested_sampling': False, 'resume': True, 'verbose': True, 'sampling_efficiency': 'parameter', 'n_live_points': 2048, 'n_params': 10, 'n_clustering_params': None, 'wrapped_params': None, 'multimodal': True, 'const_efficiency_mode': False, 'evidence_tolerance': 0.5, 'n_iter_before_update': 100, 'null_log_evidence': -1e+90, 'max_modes': 100, 'mode_tolerance': -1e+90, 'seed': 42, 'context': 0, 'write_output': True, 'log_zero': -1e+100, 'max_iter': 0, 'init_MPI': False, 'dump_callback': <bound method Pymultinest._dump_callback of <bilby.core.sampler.pymultinest.Pymultinest object at 0x1555042ef280>>}
02:50 bilby INFO    : Temporary directory incompatible with MPI, will run in original directory
02:50 bilby INFO    : Using output file outdirSNgauss32cores/pm_GRB211211A/
02:50 bilby INFO    : Single likelihood evaluation took 3.336e+00 s
02:50 bilby WARNING : Supplied argument 'queue_size' not an argument of 'Pymultinest', removing.
02:50 bilby WARNING : Supplied argument 'check_point_delta_t' not an argument of 'Pymultinest', removing.
02:50 bilby INFO    : Using sampler Pymultinest with kwargs {'importance_nested_sampling': False, 'resume': True, 'verbose': True, 'sampling_efficiency': 'parameter', 'n_live_points': 2048, 'n_params': 10, 'n_clustering_params': None, 'wrapped_params': None, 'multimodal': True, 'const_efficiency_mode': False, 'evidence_tolerance': 0.5, 'n_iter_before_update': 100, 'null_log_evidence': -1e+90, 'max_modes': 100, 'mode_tolerance': -1e+90, 'seed': 42, 'context': 0, 'write_output': True, 'log_zero': -1e+100, 'max_iter': 0, 'init_MPI': False, 'dump_callback': <bound method Pymultinest._dump_callback of <bilby.core.sampler.pymultinest.Pymultinest object at 0x1555045e5580>>}
02:50 bilby INFO    : Temporary directory incompatible with MPI, will run in original directory
02:50 bilby INFO    : Using output file outdirSNgauss32cores/pm_GRB211211A/
02:50 bilby INFO    : Single likelihood evaluation took 3.380e+00 s
02:50 bilby WARNING : Supplied argument 'queue_size' not an argument of 'Pymultinest', removing.
02:50 bilby WARNING : Supplied argument 'check_point_delta_t' not an argument of 'Pymultinest', removing.
02:50 bilby INFO    : Using sampler Pymultinest with kwargs {'importance_nested_sampling': False, 'resume': True, 'verbose': True, 'sampling_efficiency': 'parameter', 'n_live_points': 2048, 'n_params': 10, 'n_clustering_params': None, 'wrapped_params': None, 'multimodal': True, 'const_efficiency_mode': False, 'evidence_tolerance': 0.5, 'n_iter_before_update': 100, 'null_log_evidence': -1e+90, 'max_modes': 100, 'mode_tolerance': -1e+90, 'seed': 42, 'context': 0, 'write_output': True, 'log_zero': -1e+100, 'max_iter': 0, 'init_MPI': False, 'dump_callback': <bound method Pymultinest._dump_callback of <bilby.core.sampler.pymultinest.Pymultinest object at 0x1555045e9160>>}
02:50 bilby INFO    : Temporary directory incompatible with MPI, will run in original directory
02:50 bilby INFO    : Using output file outdirSNgauss32cores/pm_GRB211211A/
02:50 bilby INFO    : Single likelihood evaluation took 3.458e+00 s
02:50 bilby INFO    : Single likelihood evaluation took 3.524e+00 s
02:50 bilby WARNING : Supplied argument 'queue_size' not an argument of 'Pymultinest', removing.
02:50 bilby WARNING : Supplied argument 'check_point_delta_t' not an argument of 'Pymultinest', removing.
02:50 bilby INFO    : Using sampler Pymultinest with kwargs {'importance_nested_sampling': False, 'resume': True, 'verbose': True, 'sampling_efficiency': 'parameter', 'n_live_points': 2048, 'n_params': 10, 'n_clustering_params': None, 'wrapped_params': None, 'multimodal': True, 'const_efficiency_mode': False, 'evidence_tolerance': 0.5, 'n_iter_before_update': 100, 'null_log_evidence': -1e+90, 'max_modes': 100, 'mode_tolerance': -1e+90, 'seed': 42, 'context': 0, 'write_output': True, 'log_zero': -1e+100, 'max_iter': 0, 'init_MPI': False, 'dump_callback': <bound method Pymultinest._dump_callback of <bilby.core.sampler.pymultinest.Pymultinest object at 0x1555045e1a30>>}
02:50 bilby INFO    : Temporary directory incompatible with MPI, will run in original directory
02:50 bilby INFO    : Using output file outdirSNgauss32cores/pm_GRB211211A/
02:50 bilby WARNING : Supplied argument 'queue_size' not an argument of 'Pymultinest', removing.
02:50 bilby WARNING : Supplied argument 'check_point_delta_t' not an argument of 'Pymultinest', removing.
02:50 bilby INFO    : Using sampler Pymultinest with kwargs {'importance_nested_sampling': False, 'resume': True, 'verbose': True, 'sampling_efficiency': 'parameter', 'n_live_points': 2048, 'n_params': 10, 'n_clustering_params': None, 'wrapped_params': None, 'multimodal': True, 'const_efficiency_mode': False, 'evidence_tolerance': 0.5, 'n_iter_before_update': 100, 'null_log_evidence': -1e+90, 'max_modes': 100, 'mode_tolerance': -1e+90, 'seed': 42, 'context': 0, 'write_output': True, 'log_zero': -1e+100, 'max_iter': 0, 'init_MPI': False, 'dump_callback': <bound method Pymultinest._dump_callback of <bilby.core.sampler.pymultinest.Pymultinest object at 0x1555045ea100>>}
02:50 bilby INFO    : Temporary directory incompatible with MPI, will run in original directory
02:50 bilby INFO    : Using output file outdirSNgauss32cores/pm_GRB211211A/
11:26 bilby INFO    : Sampling time: 8:36:54.944316
11:26 bilby INFO    : Sampling time: 8:35:39.297747
11:26 bilby INFO    : Sampling time: 8:36:14.155635
11:26 bilby INFO    : Sampling time: 8:35:58.265361
11:26 bilby INFO    : Sampling time: 8:35:49.420179
11:26 bilby INFO    : Sampling time: 8:36:01.052583
11:26 bilby INFO    : Sampling time: 8:36:32.987953
11:26 bilby INFO    : Sampling time: 8:36:10.190176
11:26 bilby INFO    : Sampling time: 8:36:09.886644
11:26 bilby INFO    : Sampling time: 8:35:40.488629
11:26 bilby INFO    : Sampling time: 8:35:49.031935
11:26 bilby INFO    : Sampling time: 8:36:27.439962
11:26 bilby INFO    : Sampling time: 8:36:12.927945
11:26 bilby INFO    : Sampling time: 8:35:54.535482
11:26 bilby INFO    : Sampling time: 8:36:26.569984
11:26 bilby INFO    : Sampling time: 8:36:21.763757
11:26 bilby INFO    : Sampling time: 8:35:52.860118
11:26 bilby INFO    : Sampling time: 8:36:09.813210
11:26 bilby INFO    : Sampling time: 8:36:21.237936
11:26 bilby INFO    : Sampling time: 8:35:07.208840
11:26 bilby INFO    : Sampling time: 8:36:30.703438
11:26 bilby INFO    : Sampling time: 8:35:53.286887
11:26 bilby INFO    : Sampling time: 8:35:56.392680
11:26 bilby INFO    : Sampling time: 8:35:35.001721
11:26 bilby INFO    : Sampling time: 8:36:51.903395
11:26 bilby INFO    : Sampling time: 8:36:10.864830
11:26 bilby INFO    : Sampling time: 8:35:54.717078
11:26 bilby INFO    : Sampling time: 8:35:47.907326
11:26 bilby INFO    : Sampling time: 8:35:18.697093
11:26 bilby INFO    : Sampling time: 8:35:07.531621
11:26 bilby INFO    : Sampling time: 8:35:29.836466
11:26 bilby INFO    : Sampling time: 8:35:49.399596
Traceback (most recent call last):
  File "/home/thussenot/.conda/envs/multinest/lib/python3.8/shutil.py", line 791, in move
    os.rename(src, real_dst)
FileNotFoundError: [Errno 2] No such file or directory: 'outdirSNgauss32cores/GRB211211A_result.json' -> 'outdirSNgauss32cores/GRB211211A_result.json.old'

During handling of the above exception, another exception occurred:

Traceback (most recent call last):
  File "/home/thussenot/.conda/envs/multinest/bin/light_curve_analysis", line 8, in <module>
    sys.exit(main())
  File "/home/thussenot/.conda/envs/multinest/lib/python3.8/site-packages/nmma/em/analysis.py", line 622, in main
    result = bilby.run_sampler(
  File "/home/thussenot/.conda/envs/multinest/lib/python3.8/site-packages/bilby/core/sampler/__init__.py", line 262, in run_sampler
    result.save_to_file(extension=save, gzip=gzip, outdir=outdir)
  File "/home/thussenot/.conda/envs/multinest/lib/python3.8/site-packages/bilby/core/result.py", line 773, in save_to_file
    move_old_file(filename, overwrite)
  File "/home/thussenot/.conda/envs/multinest/lib/python3.8/site-packages/bilby/core/utils/io.py", line 408, in move_old_file
    shutil.move(filename, filename + ".old")
  File "/home/thussenot/.conda/envs/multinest/lib/python3.8/shutil.py", line 811, in move
    copy_function(src, real_dst)
  File "/home/thussenot/.conda/envs/multinest/lib/python3.8/shutil.py", line 435, in copy2
    copyfile(src, dst, follow_symlinks=follow_symlinks)
  File "/home/thussenot/.conda/envs/multinest/lib/python3.8/shutil.py", line 264, in copyfile
    with open(src, 'rb') as fsrc, open(dst, 'wb') as fdst:
FileNotFoundError: [Errno 2] No such file or directory: 'outdirSNgauss32cores/GRB211211A_result.json'
Traceback (most recent call last):
  File "/home/thussenot/.conda/envs/multinest/lib/python3.8/shutil.py", line 791, in move
    os.rename(src, real_dst)
FileNotFoundError: [Errno 2] No such file or directory: 'outdirSNgauss32cores/GRB211211A_result.json' -> 'outdirSNgauss32cores/GRB211211A_result.json.old'

During handling of the above exception, another exception occurred:

Traceback (most recent call last):
  File "/home/thussenot/.conda/envs/multinest/bin/light_curve_analysis", line 8, in <module>
    sys.exit(main())
  File "/home/thussenot/.conda/envs/multinest/lib/python3.8/site-packages/nmma/em/analysis.py", line 622, in main
    result = bilby.run_sampler(
  File "/home/thussenot/.conda/envs/multinest/lib/python3.8/site-packages/bilby/core/sampler/__init__.py", line 262, in run_sampler
    result.save_to_file(extension=save, gzip=gzip, outdir=outdir)
  File "/home/thussenot/.conda/envs/multinest/lib/python3.8/site-packages/bilby/core/result.py", line 773, in save_to_file
    move_old_file(filename, overwrite)
  File "/home/thussenot/.conda/envs/multinest/lib/python3.8/site-packages/bilby/core/utils/io.py", line 408, in move_old_file
    shutil.move(filename, filename + ".old")
  File "/home/thussenot/.conda/envs/multinest/lib/python3.8/shutil.py", line 811, in move
    copy_function(src, real_dst)
  File "/home/thussenot/.conda/envs/multinest/lib/python3.8/shutil.py", line 435, in copy2
    copyfile(src, dst, follow_symlinks=follow_symlinks)
  File "/home/thussenot/.conda/envs/multinest/lib/python3.8/shutil.py", line 264, in copyfile
    with open(src, 'rb') as fsrc, open(dst, 'wb') as fdst:
FileNotFoundError: [Errno 2] No such file or directory: 'outdirSNgauss32cores/GRB211211A_result.json'
Traceback (most recent call last):
  File "/home/thussenot/.conda/envs/multinest/lib/python3.8/shutil.py", line 791, in move
    os.rename(src, real_dst)
FileNotFoundError: [Errno 2] No such file or directory: 'outdirSNgauss32cores/GRB211211A_result.json' -> 'outdirSNgauss32cores/GRB211211A_result.json.old'

During handling of the above exception, another exception occurred:

Traceback (most recent call last):
  File "/home/thussenot/.conda/envs/multinest/bin/light_curve_analysis", line 8, in <module>
    sys.exit(main())
  File "/home/thussenot/.conda/envs/multinest/lib/python3.8/site-packages/nmma/em/analysis.py", line 622, in main
    result = bilby.run_sampler(
  File "/home/thussenot/.conda/envs/multinest/lib/python3.8/site-packages/bilby/core/sampler/__init__.py", line 262, in run_sampler
    result.save_to_file(extension=save, gzip=gzip, outdir=outdir)
  File "/home/thussenot/.conda/envs/multinest/lib/python3.8/site-packages/bilby/core/result.py", line 773, in save_to_file
    move_old_file(filename, overwrite)
  File "/home/thussenot/.conda/envs/multinest/lib/python3.8/site-packages/bilby/core/utils/io.py", line 408, in move_old_file
    shutil.move(filename, filename + ".old")
  File "/home/thussenot/.conda/envs/multinest/lib/python3.8/shutil.py", line 811, in move
    copy_function(src, real_dst)
  File "/home/thussenot/.conda/envs/multinest/lib/python3.8/shutil.py", line 435, in copy2
    copyfile(src, dst, follow_symlinks=follow_symlinks)
  File "/home/thussenot/.conda/envs/multinest/lib/python3.8/shutil.py", line 264, in copyfile
    with open(src, 'rb') as fsrc, open(dst, 'wb') as fdst:
FileNotFoundError: [Errno 2] No such file or directory: 'outdirSNgauss32cores/GRB211211A_result.json'
Traceback (most recent call last):
  File "/home/thussenot/.conda/envs/multinest/lib/python3.8/shutil.py", line 791, in move
    os.rename(src, real_dst)
FileNotFoundError: [Errno 2] No such file or directory: 'outdirSNgauss32cores/GRB211211A_result.json' -> 'outdirSNgauss32cores/GRB211211A_result.json.old'

During handling of the above exception, another exception occurred:

Traceback (most recent call last):
  File "/home/thussenot/.conda/envs/multinest/bin/light_curve_analysis", line 8, in <module>
    sys.exit(main())
  File "/home/thussenot/.conda/envs/multinest/lib/python3.8/site-packages/nmma/em/analysis.py", line 622, in main
    result = bilby.run_sampler(
  File "/home/thussenot/.conda/envs/multinest/lib/python3.8/site-packages/bilby/core/sampler/__init__.py", line 262, in run_sampler
    result.save_to_file(extension=save, gzip=gzip, outdir=outdir)
  File "/home/thussenot/.conda/envs/multinest/lib/python3.8/site-packages/bilby/core/result.py", line 773, in save_to_file
    move_old_file(filename, overwrite)
  File "/home/thussenot/.conda/envs/multinest/lib/python3.8/site-packages/bilby/core/utils/io.py", line 408, in move_old_file
    shutil.move(filename, filename + ".old")
  File "/home/thussenot/.conda/envs/multinest/lib/python3.8/shutil.py", line 811, in move
    copy_function(src, real_dst)
  File "/home/thussenot/.conda/envs/multinest/lib/python3.8/shutil.py", line 435, in copy2
    copyfile(src, dst, follow_symlinks=follow_symlinks)
  File "/home/thussenot/.conda/envs/multinest/lib/python3.8/shutil.py", line 264, in copyfile
    with open(src, 'rb') as fsrc, open(dst, 'wb') as fdst:
FileNotFoundError: [Errno 2] No such file or directory: 'outdirSNgauss32cores/GRB211211A_result.json'
Traceback (most recent call last):
  File "/home/thussenot/.conda/envs/multinest/lib/python3.8/shutil.py", line 791, in move
    os.rename(src, real_dst)
FileNotFoundError: [Errno 2] No such file or directory: 'outdirSNgauss32cores/GRB211211A_result.json' -> 'outdirSNgauss32cores/GRB211211A_result.json.old'

During handling of the above exception, another exception occurred:

Traceback (most recent call last):
  File "/home/thussenot/.conda/envs/multinest/bin/light_curve_analysis", line 8, in <module>
    sys.exit(main())
  File "/home/thussenot/.conda/envs/multinest/lib/python3.8/site-packages/nmma/em/analysis.py", line 622, in main
    result = bilby.run_sampler(
  File "/home/thussenot/.conda/envs/multinest/lib/python3.8/site-packages/bilby/core/sampler/__init__.py", line 262, in run_sampler
    result.save_to_file(extension=save, gzip=gzip, outdir=outdir)
  File "/home/thussenot/.conda/envs/multinest/lib/python3.8/site-packages/bilby/core/result.py", line 773, in save_to_file
    move_old_file(filename, overwrite)
  File "/home/thussenot/.conda/envs/multinest/lib/python3.8/site-packages/bilby/core/utils/io.py", line 408, in move_old_file
    shutil.move(filename, filename + ".old")
  File "/home/thussenot/.conda/envs/multinest/lib/python3.8/shutil.py", line 811, in move
    copy_function(src, real_dst)
  File "/home/thussenot/.conda/envs/multinest/lib/python3.8/shutil.py", line 435, in copy2
    copyfile(src, dst, follow_symlinks=follow_symlinks)
  File "/home/thussenot/.conda/envs/multinest/lib/python3.8/shutil.py", line 264, in copyfile
    with open(src, 'rb') as fsrc, open(dst, 'wb') as fdst:
FileNotFoundError: [Errno 2] No such file or directory: 'outdirSNgauss32cores/GRB211211A_result.json'
Traceback (most recent call last):
  File "/home/thussenot/.conda/envs/multinest/lib/python3.8/shutil.py", line 791, in move
    os.rename(src, real_dst)
FileNotFoundError: [Errno 2] No such file or directory: 'outdirSNgauss32cores/GRB211211A_result.json' -> 'outdirSNgauss32cores/GRB211211A_result.json.old'

During handling of the above exception, another exception occurred:

Traceback (most recent call last):
  File "/home/thussenot/.conda/envs/multinest/bin/light_curve_analysis", line 8, in <module>
    sys.exit(main())
  File "/home/thussenot/.conda/envs/multinest/lib/python3.8/site-packages/nmma/em/analysis.py", line 622, in main
    result = bilby.run_sampler(
  File "/home/thussenot/.conda/envs/multinest/lib/python3.8/site-packages/bilby/core/sampler/__init__.py", line 262, in run_sampler
    result.save_to_file(extension=save, gzip=gzip, outdir=outdir)
  File "/home/thussenot/.conda/envs/multinest/lib/python3.8/site-packages/bilby/core/result.py", line 773, in save_to_file
    move_old_file(filename, overwrite)
  File "/home/thussenot/.conda/envs/multinest/lib/python3.8/site-packages/bilby/core/utils/io.py", line 408, in move_old_file
    shutil.move(filename, filename + ".old")
  File "/home/thussenot/.conda/envs/multinest/lib/python3.8/shutil.py", line 811, in move
    copy_function(src, real_dst)
  File "/home/thussenot/.conda/envs/multinest/lib/python3.8/shutil.py", line 435, in copy2
    copyfile(src, dst, follow_symlinks=follow_symlinks)
  File "/home/thussenot/.conda/envs/multinest/lib/python3.8/shutil.py", line 264, in copyfile
    with open(src, 'rb') as fsrc, open(dst, 'wb') as fdst:
FileNotFoundError: [Errno 2] No such file or directory: 'outdirSNgauss32cores/GRB211211A_result.json'
Traceback (most recent call last):
  File "/home/thussenot/.conda/envs/multinest/lib/python3.8/shutil.py", line 791, in move
    os.rename(src, real_dst)
FileNotFoundError: [Errno 2] No such file or directory: 'outdirSNgauss32cores/GRB211211A_result.json' -> 'outdirSNgauss32cores/GRB211211A_result.json.old'

During handling of the above exception, another exception occurred:

Traceback (most recent call last):
  File "/home/thussenot/.conda/envs/multinest/bin/light_curve_analysis", line 8, in <module>
    sys.exit(main())
  File "/home/thussenot/.conda/envs/multinest/lib/python3.8/site-packages/nmma/em/analysis.py", line 622, in main
    result = bilby.run_sampler(
  File "/home/thussenot/.conda/envs/multinest/lib/python3.8/site-packages/bilby/core/sampler/__init__.py", line 262, in run_sampler
    result.save_to_file(extension=save, gzip=gzip, outdir=outdir)
  File "/home/thussenot/.conda/envs/multinest/lib/python3.8/site-packages/bilby/core/result.py", line 773, in save_to_file
    move_old_file(filename, overwrite)
  File "/home/thussenot/.conda/envs/multinest/lib/python3.8/site-packages/bilby/core/utils/io.py", line 408, in move_old_file
    shutil.move(filename, filename + ".old")
  File "/home/thussenot/.conda/envs/multinest/lib/python3.8/shutil.py", line 811, in move
    copy_function(src, real_dst)
  File "/home/thussenot/.conda/envs/multinest/lib/python3.8/shutil.py", line 436, in copy2
    copystat(src, dst, follow_symlinks=follow_symlinks)
  File "/home/thussenot/.conda/envs/multinest/lib/python3.8/shutil.py", line 379, in copystat
    _copyxattr(src, dst, follow_symlinks=follow)
  File "/home/thussenot/.conda/envs/multinest/lib/python3.8/shutil.py", line 321, in _copyxattr
    names = os.listxattr(src, follow_symlinks=follow_symlinks)
FileNotFoundError: [Errno 2] No such file or directory: 'outdirSNgauss32cores/GRB211211A_result.json'
Traceback (most recent call last):
  File "/home/thussenot/.conda/envs/multinest/lib/python3.8/shutil.py", line 791, in move
    os.rename(src, real_dst)
FileNotFoundError: [Errno 2] No such file or directory: 'outdirSNgauss32cores/GRB211211A_result.json' -> 'outdirSNgauss32cores/GRB211211A_result.json.old'

During handling of the above exception, another exception occurred:

Traceback (most recent call last):
  File "/home/thussenot/.conda/envs/multinest/bin/light_curve_analysis", line 8, in <module>
    sys.exit(main())
  File "/home/thussenot/.conda/envs/multinest/lib/python3.8/site-packages/nmma/em/analysis.py", line 622, in main
    result = bilby.run_sampler(
  File "/home/thussenot/.conda/envs/multinest/lib/python3.8/site-packages/bilby/core/sampler/__init__.py", line 262, in run_sampler
    result.save_to_file(extension=save, gzip=gzip, outdir=outdir)
  File "/home/thussenot/.conda/envs/multinest/lib/python3.8/site-packages/bilby/core/result.py", line 773, in save_to_file
    move_old_file(filename, overwrite)
  File "/home/thussenot/.conda/envs/multinest/lib/python3.8/site-packages/bilby/core/utils/io.py", line 408, in move_old_file
    shutil.move(filename, filename + ".old")
  File "/home/thussenot/.conda/envs/multinest/lib/python3.8/shutil.py", line 811, in move
    copy_function(src, real_dst)
  File "/home/thussenot/.conda/envs/multinest/lib/python3.8/shutil.py", line 436, in copy2
    copystat(src, dst, follow_symlinks=follow_symlinks)
  File "/home/thussenot/.conda/envs/multinest/lib/python3.8/shutil.py", line 379, in copystat
    _copyxattr(src, dst, follow_symlinks=follow)
  File "/home/thussenot/.conda/envs/multinest/lib/python3.8/shutil.py", line 321, in _copyxattr
    names = os.listxattr(src, follow_symlinks=follow_symlinks)
FileNotFoundError: [Errno 2] No such file or directory: 'outdirSNgauss32cores/GRB211211A_result.json'
Traceback (most recent call last):
  File "/home/thussenot/.conda/envs/multinest/lib/python3.8/shutil.py", line 791, in move
    os.rename(src, real_dst)
FileNotFoundError: [Errno 2] No such file or directory: 'outdirSNgauss32cores/GRB211211A_result.json' -> 'outdirSNgauss32cores/GRB211211A_result.json.old'

During handling of the above exception, another exception occurred:

Traceback (most recent call last):
  File "/home/thussenot/.conda/envs/multinest/bin/light_curve_analysis", line 8, in <module>
    sys.exit(main())
  File "/home/thussenot/.conda/envs/multinest/lib/python3.8/site-packages/nmma/em/analysis.py", line 622, in main
    result = bilby.run_sampler(
  File "/home/thussenot/.conda/envs/multinest/lib/python3.8/site-packages/bilby/core/sampler/__init__.py", line 262, in run_sampler
    result.save_to_file(extension=save, gzip=gzip, outdir=outdir)
  File "/home/thussenot/.conda/envs/multinest/lib/python3.8/site-packages/bilby/core/result.py", line 773, in save_to_file
    move_old_file(filename, overwrite)
  File "/home/thussenot/.conda/envs/multinest/lib/python3.8/site-packages/bilby/core/utils/io.py", line 408, in move_old_file
    shutil.move(filename, filename + ".old")
  File "/home/thussenot/.conda/envs/multinest/lib/python3.8/shutil.py", line 812, in move
    os.unlink(src)
FileNotFoundError: [Errno 2] No such file or directory: 'outdirSNgauss32cores/GRB211211A_result.json'
Traceback (most recent call last):
  File "/home/thussenot/.conda/envs/multinest/lib/python3.8/shutil.py", line 791, in move
    os.rename(src, real_dst)
FileNotFoundError: [Errno 2] No such file or directory: 'outdirSNgauss32cores/GRB211211A_result.json' -> 'outdirSNgauss32cores/GRB211211A_result.json.old'

During handling of the above exception, another exception occurred:

Traceback (most recent call last):
  File "/home/thussenot/.conda/envs/multinest/bin/light_curve_analysis", line 8, in <module>
    sys.exit(main())
  File "/home/thussenot/.conda/envs/multinest/lib/python3.8/site-packages/nmma/em/analysis.py", line 622, in main
    result = bilby.run_sampler(
  File "/home/thussenot/.conda/envs/multinest/lib/python3.8/site-packages/bilby/core/sampler/__init__.py", line 262, in run_sampler
    result.save_to_file(extension=save, gzip=gzip, outdir=outdir)
  File "/home/thussenot/.conda/envs/multinest/lib/python3.8/site-packages/bilby/core/result.py", line 773, in save_to_file
    move_old_file(filename, overwrite)
  File "/home/thussenot/.conda/envs/multinest/lib/python3.8/site-packages/bilby/core/utils/io.py", line 408, in move_old_file
    shutil.move(filename, filename + ".old")
  File "/home/thussenot/.conda/envs/multinest/lib/python3.8/shutil.py", line 811, in move
    copy_function(src, real_dst)
  File "/home/thussenot/.conda/envs/multinest/lib/python3.8/shutil.py", line 436, in copy2
    copystat(src, dst, follow_symlinks=follow_symlinks)
  File "/home/thussenot/.conda/envs/multinest/lib/python3.8/shutil.py", line 373, in copystat
    st = lookup("stat")(src, follow_symlinks=follow)
FileNotFoundError: [Errno 2] No such file or directory: 'outdirSNgauss32cores/GRB211211A_result.json'
Traceback (most recent call last):
  File "/home/thussenot/.conda/envs/multinest/lib/python3.8/shutil.py", line 791, in move
    os.rename(src, real_dst)
FileNotFoundError: [Errno 2] No such file or directory: 'outdirSNgauss32cores/GRB211211A_result.json' -> 'outdirSNgauss32cores/GRB211211A_result.json.old'

During handling of the above exception, another exception occurred:

Traceback (most recent call last):
  File "/home/thussenot/.conda/envs/multinest/bin/light_curve_analysis", line 8, in <module>
    sys.exit(main())
  File "/home/thussenot/.conda/envs/multinest/lib/python3.8/site-packages/nmma/em/analysis.py", line 622, in main
    result = bilby.run_sampler(
  File "/home/thussenot/.conda/envs/multinest/lib/python3.8/site-packages/bilby/core/sampler/__init__.py", line 262, in run_sampler
    result.save_to_file(extension=save, gzip=gzip, outdir=outdir)
  File "/home/thussenot/.conda/envs/multinest/lib/python3.8/site-packages/bilby/core/result.py", line 773, in save_to_file
    move_old_file(filename, overwrite)
  File "/home/thussenot/.conda/envs/multinest/lib/python3.8/site-packages/bilby/core/utils/io.py", line 408, in move_old_file
    shutil.move(filename, filename + ".old")
  File "/home/thussenot/.conda/envs/multinest/lib/python3.8/shutil.py", line 811, in move
    copy_function(src, real_dst)
  File "/home/thussenot/.conda/envs/multinest/lib/python3.8/shutil.py", line 436, in copy2
    copystat(src, dst, follow_symlinks=follow_symlinks)
  File "/home/thussenot/.conda/envs/multinest/lib/python3.8/shutil.py", line 373, in copystat
    st = lookup("stat")(src, follow_symlinks=follow)
FileNotFoundError: [Errno 2] No such file or directory: 'outdirSNgauss32cores/GRB211211A_result.json'
Traceback (most recent call last):
  File "/home/thussenot/.conda/envs/multinest/lib/python3.8/shutil.py", line 791, in move
    os.rename(src, real_dst)
FileNotFoundError: [Errno 2] No such file or directory: 'outdirSNgauss32cores/GRB211211A_result.json' -> 'outdirSNgauss32cores/GRB211211A_result.json.old'

During handling of the above exception, another exception occurred:

Traceback (most recent call last):
  File "/home/thussenot/.conda/envs/multinest/bin/light_curve_analysis", line 8, in <module>
    sys.exit(main())
  File "/home/thussenot/.conda/envs/multinest/lib/python3.8/site-packages/nmma/em/analysis.py", line 622, in main
    result = bilby.run_sampler(
  File "/home/thussenot/.conda/envs/multinest/lib/python3.8/site-packages/bilby/core/sampler/__init__.py", line 262, in run_sampler
    result.save_to_file(extension=save, gzip=gzip, outdir=outdir)
  File "/home/thussenot/.conda/envs/multinest/lib/python3.8/site-packages/bilby/core/result.py", line 773, in save_to_file
    move_old_file(filename, overwrite)
  File "/home/thussenot/.conda/envs/multinest/lib/python3.8/site-packages/bilby/core/utils/io.py", line 408, in move_old_file
    shutil.move(filename, filename + ".old")
  File "/home/thussenot/.conda/envs/multinest/lib/python3.8/shutil.py", line 811, in move
    copy_function(src, real_dst)
  File "/home/thussenot/.conda/envs/multinest/lib/python3.8/shutil.py", line 436, in copy2
    copystat(src, dst, follow_symlinks=follow_symlinks)
  File "/home/thussenot/.conda/envs/multinest/lib/python3.8/shutil.py", line 373, in copystat
    st = lookup("stat")(src, follow_symlinks=follow)
FileNotFoundError: [Errno 2] No such file or directory: 'outdirSNgauss32cores/GRB211211A_result.json'
Traceback (most recent call last):
  File "/home/thussenot/.conda/envs/multinest/lib/python3.8/shutil.py", line 791, in move
    os.rename(src, real_dst)
FileNotFoundError: [Errno 2] No such file or directory: 'outdirSNgauss32cores/GRB211211A_result.json' -> 'outdirSNgauss32cores/GRB211211A_result.json.old'

During handling of the above exception, another exception occurred:

Traceback (most recent call last):
  File "/home/thussenot/.conda/envs/multinest/bin/light_curve_analysis", line 8, in <module>
    sys.exit(main())
  File "/home/thussenot/.conda/envs/multinest/lib/python3.8/site-packages/nmma/em/analysis.py", line 622, in main
    result = bilby.run_sampler(
  File "/home/thussenot/.conda/envs/multinest/lib/python3.8/site-packages/bilby/core/sampler/__init__.py", line 262, in run_sampler
    result.save_to_file(extension=save, gzip=gzip, outdir=outdir)
  File "/home/thussenot/.conda/envs/multinest/lib/python3.8/site-packages/bilby/core/result.py", line 773, in save_to_file
    move_old_file(filename, overwrite)
  File "/home/thussenot/.conda/envs/multinest/lib/python3.8/site-packages/bilby/core/utils/io.py", line 408, in move_old_file
    shutil.move(filename, filename + ".old")
  File "/home/thussenot/.conda/envs/multinest/lib/python3.8/shutil.py", line 811, in move
    copy_function(src, real_dst)
  File "/home/thussenot/.conda/envs/multinest/lib/python3.8/shutil.py", line 436, in copy2
    copystat(src, dst, follow_symlinks=follow_symlinks)
  File "/home/thussenot/.conda/envs/multinest/lib/python3.8/shutil.py", line 373, in copystat
    st = lookup("stat")(src, follow_symlinks=follow)
FileNotFoundError: [Errno 2] No such file or directory: 'outdirSNgauss32cores/GRB211211A_result.json'
Traceback (most recent call last):
  File "/home/thussenot/.conda/envs/multinest/lib/python3.8/shutil.py", line 791, in move
    os.rename(src, real_dst)
FileNotFoundError: [Errno 2] No such file or directory: 'outdirSNgauss32cores/GRB211211A_result.json' -> 'outdirSNgauss32cores/GRB211211A_result.json.old'

During handling of the above exception, another exception occurred:

Traceback (most recent call last):
  File "/home/thussenot/.conda/envs/multinest/bin/light_curve_analysis", line 8, in <module>
    sys.exit(main())
  File "/home/thussenot/.conda/envs/multinest/lib/python3.8/site-packages/nmma/em/analysis.py", line 622, in main
    result = bilby.run_sampler(
  File "/home/thussenot/.conda/envs/multinest/lib/python3.8/site-packages/bilby/core/sampler/__init__.py", line 262, in run_sampler
    result.save_to_file(extension=save, gzip=gzip, outdir=outdir)
  File "/home/thussenot/.conda/envs/multinest/lib/python3.8/site-packages/bilby/core/result.py", line 773, in save_to_file
    move_old_file(filename, overwrite)
  File "/home/thussenot/.conda/envs/multinest/lib/python3.8/site-packages/bilby/core/utils/io.py", line 408, in move_old_file
    shutil.move(filename, filename + ".old")
  File "/home/thussenot/.conda/envs/multinest/lib/python3.8/shutil.py", line 811, in move
    copy_function(src, real_dst)
  File "/home/thussenot/.conda/envs/multinest/lib/python3.8/shutil.py", line 436, in copy2
    copystat(src, dst, follow_symlinks=follow_symlinks)
  File "/home/thussenot/.conda/envs/multinest/lib/python3.8/shutil.py", line 373, in copystat
    st = lookup("stat")(src, follow_symlinks=follow)
FileNotFoundError: [Errno 2] No such file or directory: 'outdirSNgauss32cores/GRB211211A_result.json'
Traceback (most recent call last):
  File "/home/thussenot/.conda/envs/multinest/lib/python3.8/shutil.py", line 791, in move
    os.rename(src, real_dst)
FileNotFoundError: [Errno 2] No such file or directory: 'outdirSNgauss32cores/GRB211211A_result.json' -> 'outdirSNgauss32cores/GRB211211A_result.json.old'

During handling of the above exception, another exception occurred:

Traceback (most recent call last):
  File "/home/thussenot/.conda/envs/multinest/bin/light_curve_analysis", line 8, in <module>
    sys.exit(main())
  File "/home/thussenot/.conda/envs/multinest/lib/python3.8/site-packages/nmma/em/analysis.py", line 622, in main
    result = bilby.run_sampler(
  File "/home/thussenot/.conda/envs/multinest/lib/python3.8/site-packages/bilby/core/sampler/__init__.py", line 262, in run_sampler
    result.save_to_file(extension=save, gzip=gzip, outdir=outdir)
  File "/home/thussenot/.conda/envs/multinest/lib/python3.8/site-packages/bilby/core/result.py", line 773, in save_to_file
    move_old_file(filename, overwrite)
  File "/home/thussenot/.conda/envs/multinest/lib/python3.8/site-packages/bilby/core/utils/io.py", line 408, in move_old_file
    shutil.move(filename, filename + ".old")
  File "/home/thussenot/.conda/envs/multinest/lib/python3.8/shutil.py", line 811, in move
    copy_function(src, real_dst)
  File "/home/thussenot/.conda/envs/multinest/lib/python3.8/shutil.py", line 436, in copy2
    copystat(src, dst, follow_symlinks=follow_symlinks)
  File "/home/thussenot/.conda/envs/multinest/lib/python3.8/shutil.py", line 373, in copystat
    st = lookup("stat")(src, follow_symlinks=follow)
FileNotFoundError: [Errno 2] No such file or directory: 'outdirSNgauss32cores/GRB211211A_result.json'
11:26 bilby ERROR   : 

Saving the data has failed with the following message:
[Errno 116] Stale file handle
Data has been dumped to outdirSNgauss32cores/GRB211211A_result.pkl.


Traceback (most recent call last):
  File "/home/thussenot/.conda/envs/multinest/bin/light_curve_analysis", line 8, in <module>
    sys.exit(main())
  File "/home/thussenot/.conda/envs/multinest/lib/python3.8/site-packages/nmma/em/analysis.py", line 622, in main
    result = bilby.run_sampler(
  File "/home/thussenot/.conda/envs/multinest/lib/python3.8/site-packages/bilby/core/sampler/__init__.py", line 278, in run_sampler
    result.save_to_file(overwrite=True, extension=save, gzip=gzip, outdir=outdir)
  File "/home/thussenot/.conda/envs/multinest/lib/python3.8/site-packages/bilby/core/result.py", line 773, in save_to_file
    move_old_file(filename, overwrite)
  File "/home/thussenot/.conda/envs/multinest/lib/python3.8/site-packages/bilby/core/utils/io.py", line 403, in move_old_file
    os.remove(filename)
FileNotFoundError: [Errno 2] No such file or directory: 'outdirSNgauss32cores/GRB211211A_result.json'
Traceback (most recent call last):
  File "/home/thussenot/.conda/envs/multinest/lib/python3.8/site-packages/bilby/core/result.py", line 796, in save_to_file
    json.dump(dictionary, file, indent=2, cls=BilbyJsonEncoder)
OSError: [Errno 116] Stale file handle

During handling of the above exception, another exception occurred:

Traceback (most recent call last):
  File "/home/thussenot/.conda/envs/multinest/lib/python3.8/shutil.py", line 791, in move
    os.rename(src, real_dst)
FileNotFoundError: [Errno 2] No such file or directory: 'outdirSNgauss32cores/GRB211211A_result.pkl.temp' -> 'outdirSNgauss32cores/GRB211211A_result.pkl'

During handling of the above exception, another exception occurred:

Traceback (most recent call last):
  File "/home/thussenot/.conda/envs/multinest/bin/light_curve_analysis", line 8, in <module>
    sys.exit(main())
  File "/home/thussenot/.conda/envs/multinest/lib/python3.8/site-packages/nmma/em/analysis.py", line 622, in main
    result = bilby.run_sampler(
  File "/home/thussenot/.conda/envs/multinest/lib/python3.8/site-packages/bilby/core/sampler/__init__.py", line 262, in run_sampler
    result.save_to_file(extension=save, gzip=gzip, outdir=outdir)
  File "/home/thussenot/.conda/envs/multinest/lib/python3.8/site-packages/bilby/core/result.py", line 809, in save_to_file
    safe_file_dump(self, filename, "dill")
  File "/home/thussenot/.conda/envs/multinest/lib/python3.8/site-packages/bilby/core/utils/io.py", line 386, in safe_file_dump
    shutil.move(temp_filename, filename)
  File "/home/thussenot/.conda/envs/multinest/lib/python3.8/shutil.py", line 811, in move
    copy_function(src, real_dst)
  File "/home/thussenot/.conda/envs/multinest/lib/python3.8/shutil.py", line 435, in copy2
    copyfile(src, dst, follow_symlinks=follow_symlinks)
  File "/home/thussenot/.conda/envs/multinest/lib/python3.8/shutil.py", line 264, in copyfile
    with open(src, 'rb') as fsrc, open(dst, 'wb') as fdst:
FileNotFoundError: [Errno 2] No such file or directory: 'outdirSNgauss32cores/GRB211211A_result.pkl.temp'
Traceback (most recent call last):
  File "/home/thussenot/.conda/envs/multinest/bin/light_curve_analysis", line 8, in <module>
    sys.exit(main())
  File "/home/thussenot/.conda/envs/multinest/lib/python3.8/site-packages/nmma/em/analysis.py", line 622, in main
    result = bilby.run_sampler(
  File "/home/thussenot/.conda/envs/multinest/lib/python3.8/site-packages/bilby/core/sampler/__init__.py", line 278, in run_sampler
    result.save_to_file(overwrite=True, extension=save, gzip=gzip, outdir=outdir)
  File "/home/thussenot/.conda/envs/multinest/lib/python3.8/site-packages/bilby/core/result.py", line 773, in save_to_file
    move_old_file(filename, overwrite)
  File "/home/thussenot/.conda/envs/multinest/lib/python3.8/site-packages/bilby/core/utils/io.py", line 403, in move_old_file
    os.remove(filename)
FileNotFoundError: [Errno 2] No such file or directory: 'outdirSNgauss32cores/GRB211211A_result.json'
Traceback (most recent call last):
  File "/home/thussenot/.conda/envs/multinest/bin/light_curve_analysis", line 8, in <module>
    sys.exit(main())
  File "/home/thussenot/.conda/envs/multinest/lib/python3.8/site-packages/nmma/em/analysis.py", line 622, in main
    result = bilby.run_sampler(
  File "/home/thussenot/.conda/envs/multinest/lib/python3.8/site-packages/bilby/core/sampler/__init__.py", line 278, in run_sampler
    result.save_to_file(overwrite=True, extension=save, gzip=gzip, outdir=outdir)
  File "/home/thussenot/.conda/envs/multinest/lib/python3.8/site-packages/bilby/core/result.py", line 773, in save_to_file
    move_old_file(filename, overwrite)
  File "/home/thussenot/.conda/envs/multinest/lib/python3.8/site-packages/bilby/core/utils/io.py", line 403, in move_old_file
    os.remove(filename)
FileNotFoundError: [Errno 2] No such file or directory: 'outdirSNgauss32cores/GRB211211A_result.json'
Traceback (most recent call last):
  File "/home/thussenot/.conda/envs/multinest/bin/light_curve_analysis", line 8, in <module>
    sys.exit(main())
  File "/home/thussenot/.conda/envs/multinest/lib/python3.8/site-packages/nmma/em/analysis.py", line 622, in main
    result = bilby.run_sampler(
  File "/home/thussenot/.conda/envs/multinest/lib/python3.8/site-packages/bilby/core/sampler/__init__.py", line 278, in run_sampler
    result.save_to_file(overwrite=True, extension=save, gzip=gzip, outdir=outdir)
  File "/home/thussenot/.conda/envs/multinest/lib/python3.8/site-packages/bilby/core/result.py", line 773, in save_to_file
    move_old_file(filename, overwrite)
  File "/home/thussenot/.conda/envs/multinest/lib/python3.8/site-packages/bilby/core/utils/io.py", line 403, in move_old_file
    os.remove(filename)
FileNotFoundError: [Errno 2] No such file or directory: 'outdirSNgauss32cores/GRB211211A_result.json'
11:26 bilby INFO    : Summary of results:
nsamples: 13723
ln_noise_evidence:  0.000
ln_evidence: -115.512 +/-  0.080
ln_bayes_factor: -115.512 +/-  0.080

11:26 bilby INFO    : Writing samples file to /home/thussenot/GRB211211A/priors/04_SN_GRB/01_Gauss/outdirSNgauss32cores/GRB211211A_posterior_samples.dat
11:26 bilby INFO    : Summary of results:
nsamples: 13723
ln_noise_evidence:  0.000
ln_evidence: -115.512 +/-  0.080
ln_bayes_factor: -115.512 +/-  0.080

11:26 bilby INFO    : Writing samples file to /home/thussenot/GRB211211A/priors/04_SN_GRB/01_Gauss/outdirSNgauss32cores/GRB211211A_posterior_samples.dat
Traceback (most recent call last):
  File "/home/thussenot/.conda/envs/multinest/bin/light_curve_analysis", line 8, in <module>
    sys.exit(main())
  File "/home/thussenot/.conda/envs/multinest/lib/python3.8/site-packages/nmma/em/analysis.py", line 622, in main
    result = bilby.run_sampler(
  File "/home/thussenot/.conda/envs/multinest/lib/python3.8/site-packages/bilby/core/sampler/__init__.py", line 278, in run_sampler
    result.save_to_file(overwrite=True, extension=save, gzip=gzip, outdir=outdir)
  File "/home/thussenot/.conda/envs/multinest/lib/python3.8/site-packages/bilby/core/result.py", line 773, in save_to_file
    move_old_file(filename, overwrite)
  File "/home/thussenot/.conda/envs/multinest/lib/python3.8/site-packages/bilby/core/utils/io.py", line 403, in move_old_file
    os.remove(filename)
FileNotFoundError: [Errno 2] No such file or directory: 'outdirSNgauss32cores/GRB211211A_result.json'
11:26 bilby INFO    : Summary of results:
nsamples: 13723
ln_noise_evidence:  0.000
ln_evidence: -115.512 +/-  0.080
ln_bayes_factor: -115.512 +/-  0.080

11:26 bilby INFO    : Writing samples file to /home/thussenot/GRB211211A/priors/04_SN_GRB/01_Gauss/outdirSNgauss32cores/GRB211211A_posterior_samples.dat
11:26 bilby INFO    : Summary of results:
nsamples: 13723
ln_noise_evidence:  0.000
ln_evidence: -115.512 +/-  0.080
ln_bayes_factor: -115.512 +/-  0.080

11:26 bilby INFO    : Writing samples file to /home/thussenot/GRB211211A/priors/04_SN_GRB/01_Gauss/outdirSNgauss32cores/GRB211211A_posterior_samples.dat
11:26 bilby INFO    : Summary of results:
nsamples: 13723
ln_noise_evidence:  0.000
ln_evidence: -115.512 +/-  0.080
ln_bayes_factor: -115.512 +/-  0.080

11:26 bilby INFO    : Summary of results:
nsamples: 13723
ln_noise_evidence:  0.000
ln_evidence: -115.512 +/-  0.080
ln_bayes_factor: -115.512 +/-  0.080

11:26 bilby INFO    : Writing samples file to /home/thussenot/GRB211211A/priors/04_SN_GRB/01_Gauss/outdirSNgauss32cores/GRB211211A_posterior_samples.dat
11:26 bilby INFO    : Writing samples file to /home/thussenot/GRB211211A/priors/04_SN_GRB/01_Gauss/outdirSNgauss32cores/GRB211211A_posterior_samples.dat
11:26 bilby INFO    : Summary of results:
nsamples: 13723
ln_noise_evidence:  0.000
ln_evidence: -115.512 +/-  0.080
ln_bayes_factor: -115.512 +/-  0.080

11:26 bilby INFO    : Writing samples file to /home/thussenot/GRB211211A/priors/04_SN_GRB/01_Gauss/outdirSNgauss32cores/GRB211211A_posterior_samples.dat
11:26 bilby INFO    : Summary of results:
nsamples: 13723
ln_noise_evidence:  0.000
ln_evidence: -115.512 +/-  0.080
ln_bayes_factor: -115.512 +/-  0.080

11:26 bilby INFO    : Summary of results:
nsamples: 13723
ln_noise_evidence:  0.000
ln_evidence: -115.512 +/-  0.080
ln_bayes_factor: -115.512 +/-  0.080

11:26 bilby INFO    : Writing samples file to /home/thussenot/GRB211211A/priors/04_SN_GRB/01_Gauss/outdirSNgauss32cores/GRB211211A_posterior_samples.dat
11:26 bilby INFO    : Writing samples file to /home/thussenot/GRB211211A/priors/04_SN_GRB/01_Gauss/outdirSNgauss32cores/GRB211211A_posterior_samples.dat
11:26 bilby INFO    : Summary of results:
nsamples: 13723
ln_noise_evidence:  0.000
ln_evidence: -115.512 +/-  0.080
ln_bayes_factor: -115.512 +/-  0.080

11:26 bilby INFO    : Writing samples file to /home/thussenot/GRB211211A/priors/04_SN_GRB/01_Gauss/outdirSNgauss32cores/GRB211211A_posterior_samples.dat
11:26 bilby INFO    : Summary of results:
nsamples: 13723
ln_noise_evidence:  0.000
ln_evidence: -115.512 +/-  0.080
ln_bayes_factor: -115.512 +/-  0.080

11:26 bilby INFO    : Writing samples file to /home/thussenot/GRB211211A/priors/04_SN_GRB/01_Gauss/outdirSNgauss32cores/GRB211211A_posterior_samples.dat
/home/thussenot/.conda/envs/multinest/lib/python3.8/site-packages/matplotlib/axes/_base.py:2503: UserWarning: Warning: converting a masked element to nan.
  xys = np.asarray(xys)
/home/thussenot/.conda/envs/multinest/lib/python3.8/site-packages/nmma/em/analysis.py:859: UserWarning: Tight layout not applied. tight_layout cannot make axes height small enough to accommodate all axes decorations.
  plt.tight_layout()
/home/thussenot/.conda/envs/multinest/lib/python3.8/site-packages/matplotlib/axes/_base.py:2503: UserWarning: Warning: converting a masked element to nan.
  xys = np.asarray(xys)
/home/thussenot/.conda/envs/multinest/lib/python3.8/site-packages/nmma/em/analysis.py:859: UserWarning: Tight layout not applied. tight_layout cannot make axes height small enough to accommodate all axes decorations.
  plt.tight_layout()
/home/thussenot/.conda/envs/multinest/lib/python3.8/site-packages/matplotlib/axes/_base.py:2503: UserWarning: Warning: converting a masked element to nan.
  xys = np.asarray(xys)
/home/thussenot/.conda/envs/multinest/lib/python3.8/site-packages/nmma/em/analysis.py:859: UserWarning: Tight layout not applied. tight_layout cannot make axes height small enough to accommodate all axes decorations.
  plt.tight_layout()
/home/thussenot/.conda/envs/multinest/lib/python3.8/site-packages/matplotlib/axes/_base.py:2503: UserWarning: Warning: converting a masked element to nan.
  xys = np.asarray(xys)
/home/thussenot/.conda/envs/multinest/lib/python3.8/site-packages/nmma/em/analysis.py:859: UserWarning: Tight layout not applied. tight_layout cannot make axes height small enough to accommodate all axes decorations.
  plt.tight_layout()
/home/thussenot/.conda/envs/multinest/lib/python3.8/site-packages/matplotlib/axes/_base.py:2503: UserWarning: Warning: converting a masked element to nan.
  xys = np.asarray(xys)
/home/thussenot/.conda/envs/multinest/lib/python3.8/site-packages/nmma/em/analysis.py:859: UserWarning: Tight layout not applied. tight_layout cannot make axes height small enough to accommodate all axes decorations.
  plt.tight_layout()
/home/thussenot/.conda/envs/multinest/lib/python3.8/site-packages/matplotlib/axes/_base.py:2503: UserWarning: Warning: converting a masked element to nan.
  xys = np.asarray(xys)
/home/thussenot/.conda/envs/multinest/lib/python3.8/site-packages/nmma/em/analysis.py:859: UserWarning: Tight layout not applied. tight_layout cannot make axes height small enough to accommodate all axes decorations.
  plt.tight_layout()
/home/thussenot/.conda/envs/multinest/lib/python3.8/site-packages/matplotlib/axes/_base.py:2503: UserWarning: Warning: converting a masked element to nan.
  xys = np.asarray(xys)
/home/thussenot/.conda/envs/multinest/lib/python3.8/site-packages/nmma/em/analysis.py:859: UserWarning: Tight layout not applied. tight_layout cannot make axes height small enough to accommodate all axes decorations.
  plt.tight_layout()
/home/thussenot/.conda/envs/multinest/lib/python3.8/site-packages/matplotlib/axes/_base.py:2503: UserWarning: Warning: converting a masked element to nan.
  xys = np.asarray(xys)
/home/thussenot/.conda/envs/multinest/lib/python3.8/site-packages/nmma/em/analysis.py:859: UserWarning: Tight layout not applied. tight_layout cannot make axes height small enough to accommodate all axes decorations.
  plt.tight_layout()
/home/thussenot/.conda/envs/multinest/lib/python3.8/site-packages/matplotlib/axes/_base.py:2503: UserWarning: Warning: converting a masked element to nan.
  xys = np.asarray(xys)
/home/thussenot/.conda/envs/multinest/lib/python3.8/site-packages/nmma/em/analysis.py:859: UserWarning: Tight layout not applied. tight_layout cannot make axes height small enough to accommodate all axes decorations.
  plt.tight_layout()
/home/thussenot/.conda/envs/multinest/lib/python3.8/site-packages/matplotlib/axes/_base.py:2503: UserWarning: Warning: converting a masked element to nan.
  xys = np.asarray(xys)
/home/thussenot/.conda/envs/multinest/lib/python3.8/site-packages/nmma/em/analysis.py:859: UserWarning: Tight layout not applied. tight_layout cannot make axes height small enough to accommodate all axes decorations.
  plt.tight_layout()
/home/thussenot/.conda/envs/multinest/lib/python3.8/site-packages/matplotlib/axes/_base.py:2503: UserWarning: Warning: converting a masked element to nan.
  xys = np.asarray(xys)
/home/thussenot/.conda/envs/multinest/lib/python3.8/site-packages/nmma/em/analysis.py:859: UserWarning: Tight layout not applied. tight_layout cannot make axes height small enough to accommodate all axes decorations.
  plt.tight_layout()
--------------------------------------------------------------------------
Primary job  terminated normally, but 1 process returned
a non-zero exit code. Per user-direction, the job has been aborted.
--------------------------------------------------------------------------
--------------------------------------------------------------------------
mpiexec detected that one or more processes exited with non-zero status, thus causing
the job to be terminated. The first process to do so was:

  Process name: [[6183,1],31]
  Exit code:    1
--------------------------------------------------------------------------
