/home/thussenot/.conda/envs/multinest/lib/python3.8/site-packages/sklearn/base.py:347: InconsistentVersionWarning: Trying to unpickle estimator GaussianProcessRegressor from version 1.0.2 when using version 1.3.0. This might lead to breaking code or invalid results. Use at your own risk. For more info please refer to:
https://scikit-learn.org/stable/model_persistence.html#security-maintainability-limitations
  warnings.warn(
08:07 bilby INFO    : Running for label 'GRB211211A', output will be saved to 'outdirBNSKatophat32cores'
/home/thussenot/.conda/envs/multinest/lib/python3.8/site-packages/sklearn/base.py:347: InconsistentVersionWarning: Trying to unpickle estimator GaussianProcessRegressor from version 1.0.2 when using version 1.3.0. This might lead to breaking code or invalid results. Use at your own risk. For more info please refer to:
https://scikit-learn.org/stable/model_persistence.html#security-maintainability-limitations
  warnings.warn(
08:07 bilby INFO    : Running for label 'GRB211211A', output will be saved to 'outdirBNSKatophat32cores'
/home/thussenot/.conda/envs/multinest/lib/python3.8/site-packages/sklearn/base.py:347: InconsistentVersionWarning: Trying to unpickle estimator GaussianProcessRegressor from version 1.0.2 when using version 1.3.0. This might lead to breaking code or invalid results. Use at your own risk. For more info please refer to:
https://scikit-learn.org/stable/model_persistence.html#security-maintainability-limitations
  warnings.warn(
08:07 bilby INFO    : Running for label 'GRB211211A', output will be saved to 'outdirBNSKatophat32cores'
/home/thussenot/.conda/envs/multinest/lib/python3.8/site-packages/sklearn/base.py:347: InconsistentVersionWarning: Trying to unpickle estimator GaussianProcessRegressor from version 1.0.2 when using version 1.3.0. This might lead to breaking code or invalid results. Use at your own risk. For more info please refer to:
https://scikit-learn.org/stable/model_persistence.html#security-maintainability-limitations
  warnings.warn(
08:07 bilby INFO    : Running for label 'GRB211211A', output will be saved to 'outdirBNSKatophat32cores'
/home/thussenot/.conda/envs/multinest/lib/python3.8/site-packages/sklearn/base.py:347: InconsistentVersionWarning: Trying to unpickle estimator GaussianProcessRegressor from version 1.0.2 when using version 1.3.0. This might lead to breaking code or invalid results. Use at your own risk. For more info please refer to:
https://scikit-learn.org/stable/model_persistence.html#security-maintainability-limitations
  warnings.warn(
08:07 bilby INFO    : Running for label 'GRB211211A', output will be saved to 'outdirBNSKatophat32cores'
/home/thussenot/.conda/envs/multinest/lib/python3.8/site-packages/sklearn/base.py:347: InconsistentVersionWarning: Trying to unpickle estimator GaussianProcessRegressor from version 1.0.2 when using version 1.3.0. This might lead to breaking code or invalid results. Use at your own risk. For more info please refer to:
https://scikit-learn.org/stable/model_persistence.html#security-maintainability-limitations
  warnings.warn(
08:07 bilby INFO    : Running for label 'GRB211211A', output will be saved to 'outdirBNSKatophat32cores'
/home/thussenot/.conda/envs/multinest/lib/python3.8/site-packages/sklearn/base.py:347: InconsistentVersionWarning: Trying to unpickle estimator GaussianProcessRegressor from version 1.0.2 when using version 1.3.0. This might lead to breaking code or invalid results. Use at your own risk. For more info please refer to:
https://scikit-learn.org/stable/model_persistence.html#security-maintainability-limitations
  warnings.warn(
08:07 bilby INFO    : Running for label 'GRB211211A', output will be saved to 'outdirBNSKatophat32cores'
/home/thussenot/.conda/envs/multinest/lib/python3.8/site-packages/sklearn/base.py:347: InconsistentVersionWarning: Trying to unpickle estimator GaussianProcessRegressor from version 1.0.2 when using version 1.3.0. This might lead to breaking code or invalid results. Use at your own risk. For more info please refer to:
https://scikit-learn.org/stable/model_persistence.html#security-maintainability-limitations
  warnings.warn(
08:07 bilby INFO    : Running for label 'GRB211211A', output will be saved to 'outdirBNSKatophat32cores'
/home/thussenot/.conda/envs/multinest/lib/python3.8/site-packages/sklearn/base.py:347: InconsistentVersionWarning: Trying to unpickle estimator GaussianProcessRegressor from version 1.0.2 when using version 1.3.0. This might lead to breaking code or invalid results. Use at your own risk. For more info please refer to:
https://scikit-learn.org/stable/model_persistence.html#security-maintainability-limitations
  warnings.warn(
08:07 bilby INFO    : Running for label 'GRB211211A', output will be saved to 'outdirBNSKatophat32cores'
/home/thussenot/.conda/envs/multinest/lib/python3.8/site-packages/sklearn/base.py:347: InconsistentVersionWarning: Trying to unpickle estimator GaussianProcessRegressor from version 1.0.2 when using version 1.3.0. This might lead to breaking code or invalid results. Use at your own risk. For more info please refer to:
https://scikit-learn.org/stable/model_persistence.html#security-maintainability-limitations
  warnings.warn(
08:07 bilby INFO    : Running for label 'GRB211211A', output will be saved to 'outdirBNSKatophat32cores'
/home/thussenot/.conda/envs/multinest/lib/python3.8/site-packages/sklearn/base.py:347: InconsistentVersionWarning: Trying to unpickle estimator GaussianProcessRegressor from version 1.0.2 when using version 1.3.0. This might lead to breaking code or invalid results. Use at your own risk. For more info please refer to:
https://scikit-learn.org/stable/model_persistence.html#security-maintainability-limitations
  warnings.warn(
08:07 bilby INFO    : Running for label 'GRB211211A', output will be saved to 'outdirBNSKatophat32cores'
/home/thussenot/.conda/envs/multinest/lib/python3.8/site-packages/sklearn/base.py:347: InconsistentVersionWarning: Trying to unpickle estimator GaussianProcessRegressor from version 1.0.2 when using version 1.3.0. This might lead to breaking code or invalid results. Use at your own risk. For more info please refer to:
https://scikit-learn.org/stable/model_persistence.html#security-maintainability-limitations
  warnings.warn(
08:07 bilby INFO    : Running for label 'GRB211211A', output will be saved to 'outdirBNSKatophat32cores'
/home/thussenot/.conda/envs/multinest/lib/python3.8/site-packages/sklearn/base.py:347: InconsistentVersionWarning: Trying to unpickle estimator GaussianProcessRegressor from version 1.0.2 when using version 1.3.0. This might lead to breaking code or invalid results. Use at your own risk. For more info please refer to:
https://scikit-learn.org/stable/model_persistence.html#security-maintainability-limitations
  warnings.warn(
08:07 bilby INFO    : Running for label 'GRB211211A', output will be saved to 'outdirBNSKatophat32cores'
/home/thussenot/.conda/envs/multinest/lib/python3.8/site-packages/sklearn/base.py:347: InconsistentVersionWarning: Trying to unpickle estimator GaussianProcessRegressor from version 1.0.2 when using version 1.3.0. This might lead to breaking code or invalid results. Use at your own risk. For more info please refer to:
https://scikit-learn.org/stable/model_persistence.html#security-maintainability-limitations
  warnings.warn(
08:07 bilby INFO    : Running for label 'GRB211211A', output will be saved to 'outdirBNSKatophat32cores'
/home/thussenot/.conda/envs/multinest/lib/python3.8/site-packages/sklearn/base.py:347: InconsistentVersionWarning: Trying to unpickle estimator GaussianProcessRegressor from version 1.0.2 when using version 1.3.0. This might lead to breaking code or invalid results. Use at your own risk. For more info please refer to:
https://scikit-learn.org/stable/model_persistence.html#security-maintainability-limitations
  warnings.warn(
08:07 bilby INFO    : Running for label 'GRB211211A', output will be saved to 'outdirBNSKatophat32cores'
/home/thussenot/.conda/envs/multinest/lib/python3.8/site-packages/sklearn/base.py:347: InconsistentVersionWarning: Trying to unpickle estimator GaussianProcessRegressor from version 1.0.2 when using version 1.3.0. This might lead to breaking code or invalid results. Use at your own risk. For more info please refer to:
https://scikit-learn.org/stable/model_persistence.html#security-maintainability-limitations
  warnings.warn(
08:07 bilby INFO    : Running for label 'GRB211211A', output will be saved to 'outdirBNSKatophat32cores'
/home/thussenot/.conda/envs/multinest/lib/python3.8/site-packages/sklearn/base.py:347: InconsistentVersionWarning: Trying to unpickle estimator GaussianProcessRegressor from version 1.0.2 when using version 1.3.0. This might lead to breaking code or invalid results. Use at your own risk. For more info please refer to:
https://scikit-learn.org/stable/model_persistence.html#security-maintainability-limitations
  warnings.warn(
08:07 bilby INFO    : Running for label 'GRB211211A', output will be saved to 'outdirBNSKatophat32cores'
/home/thussenot/.conda/envs/multinest/lib/python3.8/site-packages/sklearn/base.py:347: InconsistentVersionWarning: Trying to unpickle estimator GaussianProcessRegressor from version 1.0.2 when using version 1.3.0. This might lead to breaking code or invalid results. Use at your own risk. For more info please refer to:
https://scikit-learn.org/stable/model_persistence.html#security-maintainability-limitations
  warnings.warn(
08:07 bilby INFO    : Running for label 'GRB211211A', output will be saved to 'outdirBNSKatophat32cores'
/home/thussenot/.conda/envs/multinest/lib/python3.8/site-packages/sklearn/base.py:347: InconsistentVersionWarning: Trying to unpickle estimator GaussianProcessRegressor from version 1.0.2 when using version 1.3.0. This might lead to breaking code or invalid results. Use at your own risk. For more info please refer to:
https://scikit-learn.org/stable/model_persistence.html#security-maintainability-limitations
  warnings.warn(
08:07 bilby INFO    : Running for label 'GRB211211A', output will be saved to 'outdirBNSKatophat32cores'
/home/thussenot/.conda/envs/multinest/lib/python3.8/site-packages/sklearn/base.py:347: InconsistentVersionWarning: Trying to unpickle estimator GaussianProcessRegressor from version 1.0.2 when using version 1.3.0. This might lead to breaking code or invalid results. Use at your own risk. For more info please refer to:
https://scikit-learn.org/stable/model_persistence.html#security-maintainability-limitations
  warnings.warn(
08:07 bilby INFO    : Running for label 'GRB211211A', output will be saved to 'outdirBNSKatophat32cores'
/home/thussenot/.conda/envs/multinest/lib/python3.8/site-packages/sklearn/base.py:347: InconsistentVersionWarning: Trying to unpickle estimator GaussianProcessRegressor from version 1.0.2 when using version 1.3.0. This might lead to breaking code or invalid results. Use at your own risk. For more info please refer to:
https://scikit-learn.org/stable/model_persistence.html#security-maintainability-limitations
  warnings.warn(
08:07 bilby INFO    : Running for label 'GRB211211A', output will be saved to 'outdirBNSKatophat32cores'
/home/thussenot/.conda/envs/multinest/lib/python3.8/site-packages/sklearn/base.py:347: InconsistentVersionWarning: Trying to unpickle estimator GaussianProcessRegressor from version 1.0.2 when using version 1.3.0. This might lead to breaking code or invalid results. Use at your own risk. For more info please refer to:
https://scikit-learn.org/stable/model_persistence.html#security-maintainability-limitations
  warnings.warn(
08:08 bilby INFO    : Running for label 'GRB211211A', output will be saved to 'outdirBNSKatophat32cores'
/home/thussenot/.conda/envs/multinest/lib/python3.8/site-packages/sklearn/base.py:347: InconsistentVersionWarning: Trying to unpickle estimator GaussianProcessRegressor from version 1.0.2 when using version 1.3.0. This might lead to breaking code or invalid results. Use at your own risk. For more info please refer to:
https://scikit-learn.org/stable/model_persistence.html#security-maintainability-limitations
  warnings.warn(
08:08 bilby INFO    : Running for label 'GRB211211A', output will be saved to 'outdirBNSKatophat32cores'
/home/thussenot/.conda/envs/multinest/lib/python3.8/site-packages/sklearn/base.py:347: InconsistentVersionWarning: Trying to unpickle estimator GaussianProcessRegressor from version 1.0.2 when using version 1.3.0. This might lead to breaking code or invalid results. Use at your own risk. For more info please refer to:
https://scikit-learn.org/stable/model_persistence.html#security-maintainability-limitations
  warnings.warn(
08:08 bilby INFO    : Running for label 'GRB211211A', output will be saved to 'outdirBNSKatophat32cores'
/home/thussenot/.conda/envs/multinest/lib/python3.8/site-packages/sklearn/base.py:347: InconsistentVersionWarning: Trying to unpickle estimator GaussianProcessRegressor from version 1.0.2 when using version 1.3.0. This might lead to breaking code or invalid results. Use at your own risk. For more info please refer to:
https://scikit-learn.org/stable/model_persistence.html#security-maintainability-limitations
  warnings.warn(
08:08 bilby INFO    : Running for label 'GRB211211A', output will be saved to 'outdirBNSKatophat32cores'
/home/thussenot/.conda/envs/multinest/lib/python3.8/site-packages/sklearn/base.py:347: InconsistentVersionWarning: Trying to unpickle estimator GaussianProcessRegressor from version 1.0.2 when using version 1.3.0. This might lead to breaking code or invalid results. Use at your own risk. For more info please refer to:
https://scikit-learn.org/stable/model_persistence.html#security-maintainability-limitations
  warnings.warn(
08:08 bilby INFO    : Running for label 'GRB211211A', output will be saved to 'outdirBNSKatophat32cores'
/home/thussenot/.conda/envs/multinest/lib/python3.8/site-packages/sklearn/base.py:347: InconsistentVersionWarning: Trying to unpickle estimator GaussianProcessRegressor from version 1.0.2 when using version 1.3.0. This might lead to breaking code or invalid results. Use at your own risk. For more info please refer to:
https://scikit-learn.org/stable/model_persistence.html#security-maintainability-limitations
  warnings.warn(
08:08 bilby INFO    : Running for label 'GRB211211A', output will be saved to 'outdirBNSKatophat32cores'
/home/thussenot/.conda/envs/multinest/lib/python3.8/site-packages/sklearn/base.py:347: InconsistentVersionWarning: Trying to unpickle estimator GaussianProcessRegressor from version 1.0.2 when using version 1.3.0. This might lead to breaking code or invalid results. Use at your own risk. For more info please refer to:
https://scikit-learn.org/stable/model_persistence.html#security-maintainability-limitations
  warnings.warn(
08:08 bilby INFO    : Running for label 'GRB211211A', output will be saved to 'outdirBNSKatophat32cores'
/home/thussenot/.conda/envs/multinest/lib/python3.8/site-packages/sklearn/base.py:347: InconsistentVersionWarning: Trying to unpickle estimator GaussianProcessRegressor from version 1.0.2 when using version 1.3.0. This might lead to breaking code or invalid results. Use at your own risk. For more info please refer to:
https://scikit-learn.org/stable/model_persistence.html#security-maintainability-limitations
  warnings.warn(
08:08 bilby INFO    : Running for label 'GRB211211A', output will be saved to 'outdirBNSKatophat32cores'
/home/thussenot/.conda/envs/multinest/lib/python3.8/site-packages/sklearn/base.py:347: InconsistentVersionWarning: Trying to unpickle estimator GaussianProcessRegressor from version 1.0.2 when using version 1.3.0. This might lead to breaking code or invalid results. Use at your own risk. For more info please refer to:
https://scikit-learn.org/stable/model_persistence.html#security-maintainability-limitations
  warnings.warn(
08:08 bilby INFO    : Running for label 'GRB211211A', output will be saved to 'outdirBNSKatophat32cores'
/home/thussenot/.conda/envs/multinest/lib/python3.8/site-packages/sklearn/base.py:347: InconsistentVersionWarning: Trying to unpickle estimator GaussianProcessRegressor from version 1.0.2 when using version 1.3.0. This might lead to breaking code or invalid results. Use at your own risk. For more info please refer to:
https://scikit-learn.org/stable/model_persistence.html#security-maintainability-limitations
  warnings.warn(
08:08 bilby INFO    : Running for label 'GRB211211A', output will be saved to 'outdirBNSKatophat32cores'
/home/thussenot/.conda/envs/multinest/lib/python3.8/site-packages/sklearn/base.py:347: InconsistentVersionWarning: Trying to unpickle estimator GaussianProcessRegressor from version 1.0.2 when using version 1.3.0. This might lead to breaking code or invalid results. Use at your own risk. For more info please refer to:
https://scikit-learn.org/stable/model_persistence.html#security-maintainability-limitations
  warnings.warn(
08:08 bilby INFO    : Running for label 'GRB211211A', output will be saved to 'outdirBNSKatophat32cores'
08:08 bilby INFO    : Analysis priors:
08:08 bilby INFO    : Analysis priors:
08:08 bilby INFO    : Analysis priors:
08:08 bilby INFO    : Analysis priors:
08:08 bilby INFO    : Analysis priors:
08:08 bilby INFO    : Analysis priors:
08:08 bilby INFO    : Analysis priors:
08:08 bilby INFO    : Analysis priors:
08:08 bilby INFO    : Analysis priors:
08:08 bilby INFO    : Analysis priors:
08:08 bilby INFO    : Analysis priors:
08:08 bilby INFO    : Analysis priors:
08:08 bilby INFO    : Analysis priors:
08:08 bilby INFO    : Analysis priors:
08:08 bilby INFO    : Analysis priors:
08:08 bilby INFO    : Analysis priors:
08:08 bilby INFO    : Analysis priors:
08:08 bilby INFO    : Analysis priors:
08:08 bilby INFO    : Analysis priors:
08:08 bilby INFO    : Analysis priors:
08:08 bilby INFO    : Analysis priors:
08:08 bilby INFO    : Analysis priors:
08:08 bilby INFO    : Analysis priors:
08:08 bilby INFO    : Analysis priors:
08:08 bilby INFO    : Analysis priors:
08:08 bilby INFO    : Analysis priors:
08:08 bilby INFO    : Analysis priors:
08:08 bilby INFO    : Analysis priors:
08:08 bilby INFO    : Analysis priors:
08:08 bilby INFO    : log10_Xlan=Uniform(minimum=-4.5, maximum=-1, name='log10_Xlan', latex_label='log10_Xlan', unit=None, boundary='reflective')
08:08 bilby INFO    : log10_mej=Uniform(minimum=-2.5, maximum=-1, name='log10_mej', latex_label='$\\log_{10}M^{\\rm{dyn}}_{\\rm{ej}}$', unit=None, boundary=None)
08:08 bilby INFO    : log10_vej=Uniform(minimum=-1.8, maximum=-0.01, name='log10_vej', latex_label='$\\log_{10}v$', unit=None, boundary=None)
08:08 bilby INFO    : log10_Xlan=Uniform(minimum=-4.5, maximum=-1, name='log10_Xlan', latex_label='log10_Xlan', unit=None, boundary='reflective')
08:08 bilby INFO    : log10_mej=Uniform(minimum=-2.5, maximum=-1, name='log10_mej', latex_label='$\\log_{10}M^{\\rm{dyn}}_{\\rm{ej}}$', unit=None, boundary=None)
08:08 bilby INFO    : log10_vej=Uniform(minimum=-1.8, maximum=-0.01, name='log10_vej', latex_label='$\\log_{10}v$', unit=None, boundary=None)
08:08 bilby INFO    : log10_Xlan=Uniform(minimum=-4.5, maximum=-1, name='log10_Xlan', latex_label='log10_Xlan', unit=None, boundary='reflective')
08:08 bilby INFO    : log10_mej=Uniform(minimum=-2.5, maximum=-1, name='log10_mej', latex_label='$\\log_{10}M^{\\rm{dyn}}_{\\rm{ej}}$', unit=None, boundary=None)
08:08 bilby INFO    : log10_vej=Uniform(minimum=-1.8, maximum=-0.01, name='log10_vej', latex_label='$\\log_{10}v$', unit=None, boundary=None)
08:08 bilby INFO    : Analysis priors:
08:08 bilby INFO    : log10_Xlan=Uniform(minimum=-4.5, maximum=-1, name='log10_Xlan', latex_label='log10_Xlan', unit=None, boundary='reflective')
08:08 bilby INFO    : log10_mej=Uniform(minimum=-2.5, maximum=-1, name='log10_mej', latex_label='$\\log_{10}M^{\\rm{dyn}}_{\\rm{ej}}$', unit=None, boundary=None)
08:08 bilby INFO    : log10_Xlan=Uniform(minimum=-4.5, maximum=-1, name='log10_Xlan', latex_label='log10_Xlan', unit=None, boundary='reflective')
08:08 bilby INFO    : log10_mej=Uniform(minimum=-2.5, maximum=-1, name='log10_mej', latex_label='$\\log_{10}M^{\\rm{dyn}}_{\\rm{ej}}$', unit=None, boundary=None)
08:08 bilby INFO    : log10_vej=Uniform(minimum=-1.8, maximum=-0.01, name='log10_vej', latex_label='$\\log_{10}v$', unit=None, boundary=None)
08:08 bilby INFO    : log10_Xlan=Uniform(minimum=-4.5, maximum=-1, name='log10_Xlan', latex_label='log10_Xlan', unit=None, boundary='reflective')
08:08 bilby INFO    : log10_mej=Uniform(minimum=-2.5, maximum=-1, name='log10_mej', latex_label='$\\log_{10}M^{\\rm{dyn}}_{\\rm{ej}}$', unit=None, boundary=None)
08:08 bilby INFO    : log10_vej=Uniform(minimum=-1.8, maximum=-0.01, name='log10_vej', latex_label='$\\log_{10}v$', unit=None, boundary=None)
08:08 bilby INFO    : log10_Xlan=Uniform(minimum=-4.5, maximum=-1, name='log10_Xlan', latex_label='log10_Xlan', unit=None, boundary='reflective')
08:08 bilby INFO    : log10_Xlan=Uniform(minimum=-4.5, maximum=-1, name='log10_Xlan', latex_label='log10_Xlan', unit=None, boundary='reflective')
08:08 bilby INFO    : Analysis priors:
08:08 bilby INFO    : log10_Xlan=Uniform(minimum=-4.5, maximum=-1, name='log10_Xlan', latex_label='log10_Xlan', unit=None, boundary='reflective')
08:08 bilby INFO    : log10_Xlan=Uniform(minimum=-4.5, maximum=-1, name='log10_Xlan', latex_label='log10_Xlan', unit=None, boundary='reflective')
08:08 bilby INFO    : log10_mej=Uniform(minimum=-2.5, maximum=-1, name='log10_mej', latex_label='$\\log_{10}M^{\\rm{dyn}}_{\\rm{ej}}$', unit=None, boundary=None)
08:08 bilby INFO    : log10_vej=Uniform(minimum=-1.8, maximum=-0.01, name='log10_vej', latex_label='$\\log_{10}v$', unit=None, boundary=None)
08:08 bilby INFO    : log10_Xlan=Uniform(minimum=-4.5, maximum=-1, name='log10_Xlan', latex_label='log10_Xlan', unit=None, boundary='reflective')
08:08 bilby INFO    : log10_Xlan=Uniform(minimum=-4.5, maximum=-1, name='log10_Xlan', latex_label='log10_Xlan', unit=None, boundary='reflective')
08:08 bilby INFO    : log10_mej=Uniform(minimum=-2.5, maximum=-1, name='log10_mej', latex_label='$\\log_{10}M^{\\rm{dyn}}_{\\rm{ej}}$', unit=None, boundary=None)
08:08 bilby INFO    : log10_vej=Uniform(minimum=-1.8, maximum=-0.01, name='log10_vej', latex_label='$\\log_{10}v$', unit=None, boundary=None)
08:08 bilby INFO    : log10_Xlan=Uniform(minimum=-4.5, maximum=-1, name='log10_Xlan', latex_label='log10_Xlan', unit=None, boundary='reflective')
08:08 bilby INFO    : log10_Xlan=Uniform(minimum=-4.5, maximum=-1, name='log10_Xlan', latex_label='log10_Xlan', unit=None, boundary='reflective')
08:08 bilby INFO    : log10_Xlan=Uniform(minimum=-4.5, maximum=-1, name='log10_Xlan', latex_label='log10_Xlan', unit=None, boundary='reflective')
08:08 bilby INFO    : log10_Xlan=Uniform(minimum=-4.5, maximum=-1, name='log10_Xlan', latex_label='log10_Xlan', unit=None, boundary='reflective')
08:08 bilby INFO    : log10_Xlan=Uniform(minimum=-4.5, maximum=-1, name='log10_Xlan', latex_label='log10_Xlan', unit=None, boundary='reflective')
08:08 bilby INFO    : log10_Xlan=Uniform(minimum=-4.5, maximum=-1, name='log10_Xlan', latex_label='log10_Xlan', unit=None, boundary='reflective')
08:08 bilby INFO    : log10_mej=Uniform(minimum=-2.5, maximum=-1, name='log10_mej', latex_label='$\\log_{10}M^{\\rm{dyn}}_{\\rm{ej}}$', unit=None, boundary=None)
08:08 bilby INFO    : log10_Xlan=Uniform(minimum=-4.5, maximum=-1, name='log10_Xlan', latex_label='log10_Xlan', unit=None, boundary='reflective')
08:08 bilby INFO    : log10_mej=Uniform(minimum=-2.5, maximum=-1, name='log10_mej', latex_label='$\\log_{10}M^{\\rm{dyn}}_{\\rm{ej}}$', unit=None, boundary=None)
08:08 bilby INFO    : log10_Xlan=Uniform(minimum=-4.5, maximum=-1, name='log10_Xlan', latex_label='log10_Xlan', unit=None, boundary='reflective')
08:08 bilby INFO    : log10_Xlan=Uniform(minimum=-4.5, maximum=-1, name='log10_Xlan', latex_label='log10_Xlan', unit=None, boundary='reflective')
08:08 bilby INFO    : log10_mej=Uniform(minimum=-2.5, maximum=-1, name='log10_mej', latex_label='$\\log_{10}M^{\\rm{dyn}}_{\\rm{ej}}$', unit=None, boundary=None)
08:08 bilby INFO    : log10_Xlan=Uniform(minimum=-4.5, maximum=-1, name='log10_Xlan', latex_label='log10_Xlan', unit=None, boundary='reflective')
08:08 bilby INFO    : log10_mej=Uniform(minimum=-2.5, maximum=-1, name='log10_mej', latex_label='$\\log_{10}M^{\\rm{dyn}}_{\\rm{ej}}$', unit=None, boundary=None)
08:08 bilby INFO    : log10_Xlan=Uniform(minimum=-4.5, maximum=-1, name='log10_Xlan', latex_label='log10_Xlan', unit=None, boundary='reflective')
08:08 bilby INFO    : log10_Xlan=Uniform(minimum=-4.5, maximum=-1, name='log10_Xlan', latex_label='log10_Xlan', unit=None, boundary='reflective')
08:08 bilby INFO    : log10_Xlan=Uniform(minimum=-4.5, maximum=-1, name='log10_Xlan', latex_label='log10_Xlan', unit=None, boundary='reflective')
08:08 bilby INFO    : log10_vej=Uniform(minimum=-1.8, maximum=-0.01, name='log10_vej', latex_label='$\\log_{10}v$', unit=None, boundary=None)
08:08 bilby INFO    : log10_Xlan=Uniform(minimum=-4.5, maximum=-1, name='log10_Xlan', latex_label='log10_Xlan', unit=None, boundary='reflective')
08:08 bilby INFO    : log10_Xlan=Uniform(minimum=-4.5, maximum=-1, name='log10_Xlan', latex_label='log10_Xlan', unit=None, boundary='reflective')
08:08 bilby INFO    : log10_mej=Uniform(minimum=-2.5, maximum=-1, name='log10_mej', latex_label='$\\log_{10}M^{\\rm{dyn}}_{\\rm{ej}}$', unit=None, boundary=None)
08:08 bilby INFO    : log10_mej=Uniform(minimum=-2.5, maximum=-1, name='log10_mej', latex_label='$\\log_{10}M^{\\rm{dyn}}_{\\rm{ej}}$', unit=None, boundary=None)
08:08 bilby INFO    : log10_mej=Uniform(minimum=-2.5, maximum=-1, name='log10_mej', latex_label='$\\log_{10}M^{\\rm{dyn}}_{\\rm{ej}}$', unit=None, boundary=None)
08:08 bilby INFO    : log10_vej=Uniform(minimum=-1.8, maximum=-0.01, name='log10_vej', latex_label='$\\log_{10}v$', unit=None, boundary=None)
08:08 bilby INFO    : log10_vej=Uniform(minimum=-1.8, maximum=-0.01, name='log10_vej', latex_label='$\\log_{10}v$', unit=None, boundary=None)
08:08 bilby INFO    : log10_mej=Uniform(minimum=-2.5, maximum=-1, name='log10_mej', latex_label='$\\log_{10}M^{\\rm{dyn}}_{\\rm{ej}}$', unit=None, boundary=None)
08:08 bilby INFO    : log10_Xlan=Uniform(minimum=-4.5, maximum=-1, name='log10_Xlan', latex_label='log10_Xlan', unit=None, boundary='reflective')
08:08 bilby INFO    : log10_mej=Uniform(minimum=-2.5, maximum=-1, name='log10_mej', latex_label='$\\log_{10}M^{\\rm{dyn}}_{\\rm{ej}}$', unit=None, boundary=None)
08:08 bilby INFO    : log10_mej=Uniform(minimum=-2.5, maximum=-1, name='log10_mej', latex_label='$\\log_{10}M^{\\rm{dyn}}_{\\rm{ej}}$', unit=None, boundary=None)
08:08 bilby INFO    : log10_vej=Uniform(minimum=-1.8, maximum=-0.01, name='log10_vej', latex_label='$\\log_{10}v$', unit=None, boundary=None)
08:08 bilby INFO    : log10_Xlan=Uniform(minimum=-4.5, maximum=-1, name='log10_Xlan', latex_label='log10_Xlan', unit=None, boundary='reflective')
08:08 bilby INFO    : log10_mej=Uniform(minimum=-2.5, maximum=-1, name='log10_mej', latex_label='$\\log_{10}M^{\\rm{dyn}}_{\\rm{ej}}$', unit=None, boundary=None)
08:08 bilby INFO    : log10_vej=Uniform(minimum=-1.8, maximum=-0.01, name='log10_vej', latex_label='$\\log_{10}v$', unit=None, boundary=None)
08:08 bilby INFO    : log10_mej=Uniform(minimum=-2.5, maximum=-1, name='log10_mej', latex_label='$\\log_{10}M^{\\rm{dyn}}_{\\rm{ej}}$', unit=None, boundary=None)
08:08 bilby INFO    : log10_mej=Uniform(minimum=-2.5, maximum=-1, name='log10_mej', latex_label='$\\log_{10}M^{\\rm{dyn}}_{\\rm{ej}}$', unit=None, boundary=None)
08:08 bilby INFO    : log10_mej=Uniform(minimum=-2.5, maximum=-1, name='log10_mej', latex_label='$\\log_{10}M^{\\rm{dyn}}_{\\rm{ej}}$', unit=None, boundary=None)
08:08 bilby INFO    : log10_mej=Uniform(minimum=-2.5, maximum=-1, name='log10_mej', latex_label='$\\log_{10}M^{\\rm{dyn}}_{\\rm{ej}}$', unit=None, boundary=None)
08:08 bilby INFO    : log10_mej=Uniform(minimum=-2.5, maximum=-1, name='log10_mej', latex_label='$\\log_{10}M^{\\rm{dyn}}_{\\rm{ej}}$', unit=None, boundary=None)
08:08 bilby INFO    : log10_vej=Uniform(minimum=-1.8, maximum=-0.01, name='log10_vej', latex_label='$\\log_{10}v$', unit=None, boundary=None)
08:08 bilby INFO    : log10_mej=Uniform(minimum=-2.5, maximum=-1, name='log10_mej', latex_label='$\\log_{10}M^{\\rm{dyn}}_{\\rm{ej}}$', unit=None, boundary=None)
08:08 bilby INFO    : log10_mej=Uniform(minimum=-2.5, maximum=-1, name='log10_mej', latex_label='$\\log_{10}M^{\\rm{dyn}}_{\\rm{ej}}$', unit=None, boundary=None)
08:08 bilby INFO    : log10_mej=Uniform(minimum=-2.5, maximum=-1, name='log10_mej', latex_label='$\\log_{10}M^{\\rm{dyn}}_{\\rm{ej}}$', unit=None, boundary=None)
08:08 bilby INFO    : log10_vej=Uniform(minimum=-1.8, maximum=-0.01, name='log10_vej', latex_label='$\\log_{10}v$', unit=None, boundary=None)
08:08 bilby INFO    : log10_vej=Uniform(minimum=-1.8, maximum=-0.01, name='log10_vej', latex_label='$\\log_{10}v$', unit=None, boundary=None)
08:08 bilby INFO    : log10_vej=Uniform(minimum=-1.8, maximum=-0.01, name='log10_vej', latex_label='$\\log_{10}v$', unit=None, boundary=None)
08:08 bilby INFO    : log10_mej=Uniform(minimum=-2.5, maximum=-1, name='log10_mej', latex_label='$\\log_{10}M^{\\rm{dyn}}_{\\rm{ej}}$', unit=None, boundary=None)
08:08 bilby INFO    : log10_vej=Uniform(minimum=-1.8, maximum=-0.01, name='log10_vej', latex_label='$\\log_{10}v$', unit=None, boundary=None)
08:08 bilby INFO    : log10_vej=Uniform(minimum=-1.8, maximum=-0.01, name='log10_vej', latex_label='$\\log_{10}v$', unit=None, boundary=None)
08:08 bilby INFO    : log10_mej=Uniform(minimum=-2.5, maximum=-1, name='log10_mej', latex_label='$\\log_{10}M^{\\rm{dyn}}_{\\rm{ej}}$', unit=None, boundary=None)
08:08 bilby INFO    : log10_vej=Uniform(minimum=-1.8, maximum=-0.01, name='log10_vej', latex_label='$\\log_{10}v$', unit=None, boundary=None)
08:08 bilby INFO    : log10_vej=Uniform(minimum=-1.8, maximum=-0.01, name='log10_vej', latex_label='$\\log_{10}v$', unit=None, boundary=None)
08:08 bilby INFO    : log10_vej=Uniform(minimum=-1.8, maximum=-0.01, name='log10_vej', latex_label='$\\log_{10}v$', unit=None, boundary=None)
08:08 bilby INFO    : log10_vej=Uniform(minimum=-1.8, maximum=-0.01, name='log10_vej', latex_label='$\\log_{10}v$', unit=None, boundary=None)
08:08 bilby INFO    : log10_vej=Uniform(minimum=-1.8, maximum=-0.01, name='log10_vej', latex_label='$\\log_{10}v$', unit=None, boundary=None)
08:08 bilby INFO    : log10_vej=Uniform(minimum=-1.8, maximum=-0.01, name='log10_vej', latex_label='$\\log_{10}v$', unit=None, boundary=None)
08:08 bilby INFO    : log10_vej=Uniform(minimum=-1.8, maximum=-0.01, name='log10_vej', latex_label='$\\log_{10}v$', unit=None, boundary=None)
08:08 bilby INFO    : log10_vej=Uniform(minimum=-1.8, maximum=-0.01, name='log10_vej', latex_label='$\\log_{10}v$', unit=None, boundary=None)
08:08 bilby INFO    : log10_vej=Uniform(minimum=-1.8, maximum=-0.01, name='log10_vej', latex_label='$\\log_{10}v$', unit=None, boundary=None)
08:08 bilby INFO    : log10_vej=Uniform(minimum=-1.8, maximum=-0.01, name='log10_vej', latex_label='$\\log_{10}v$', unit=None, boundary=None)
08:08 bilby INFO    : log10_vej=Uniform(minimum=-1.8, maximum=-0.01, name='log10_vej', latex_label='$\\log_{10}v$', unit=None, boundary=None)
08:08 bilby INFO    : Analysis priors:
08:08 bilby INFO    : log10_Xlan=Uniform(minimum=-4.5, maximum=-1, name='log10_Xlan', latex_label='log10_Xlan', unit=None, boundary='reflective')
08:08 bilby INFO    : inclination_EM=nmma.em.prior.ConditionalGaussianIotaGivenThetaCore(minimum=0.0, maximum=0.7853981633974483, name='inclination_EM', N_sigma=1.0, latex_label='$\\iota$', unit=None, boundary=None)
08:08 bilby INFO    : inclination_EM=nmma.em.prior.ConditionalGaussianIotaGivenThetaCore(minimum=0.0, maximum=0.7853981633974483, name='inclination_EM', N_sigma=1.0, latex_label='$\\iota$', unit=None, boundary=None)
08:08 bilby INFO    : inclination_EM=nmma.em.prior.ConditionalGaussianIotaGivenThetaCore(minimum=0.0, maximum=0.7853981633974483, name='inclination_EM', N_sigma=1.0, latex_label='$\\iota$', unit=None, boundary=None)
08:08 bilby INFO    : inclination_EM=nmma.em.prior.ConditionalGaussianIotaGivenThetaCore(minimum=0.0, maximum=0.7853981633974483, name='inclination_EM', N_sigma=1.0, latex_label='$\\iota$', unit=None, boundary=None)
08:08 bilby INFO    : inclination_EM=nmma.em.prior.ConditionalGaussianIotaGivenThetaCore(minimum=0.0, maximum=0.7853981633974483, name='inclination_EM', N_sigma=1.0, latex_label='$\\iota$', unit=None, boundary=None)
08:08 bilby INFO    : inclination_EM=nmma.em.prior.ConditionalGaussianIotaGivenThetaCore(minimum=0.0, maximum=0.7853981633974483, name='inclination_EM', N_sigma=1.0, latex_label='$\\iota$', unit=None, boundary=None)
08:08 bilby INFO    : inclination_EM=nmma.em.prior.ConditionalGaussianIotaGivenThetaCore(minimum=0.0, maximum=0.7853981633974483, name='inclination_EM', N_sigma=1.0, latex_label='$\\iota$', unit=None, boundary=None)
08:08 bilby INFO    : inclination_EM=nmma.em.prior.ConditionalGaussianIotaGivenThetaCore(minimum=0.0, maximum=0.7853981633974483, name='inclination_EM', N_sigma=1.0, latex_label='$\\iota$', unit=None, boundary=None)
08:08 bilby INFO    : inclination_EM=nmma.em.prior.ConditionalGaussianIotaGivenThetaCore(minimum=0.0, maximum=0.7853981633974483, name='inclination_EM', N_sigma=1.0, latex_label='$\\iota$', unit=None, boundary=None)
08:08 bilby INFO    : inclination_EM=nmma.em.prior.ConditionalGaussianIotaGivenThetaCore(minimum=0.0, maximum=0.7853981633974483, name='inclination_EM', N_sigma=1.0, latex_label='$\\iota$', unit=None, boundary=None)
08:08 bilby INFO    : inclination_EM=nmma.em.prior.ConditionalGaussianIotaGivenThetaCore(minimum=0.0, maximum=0.7853981633974483, name='inclination_EM', N_sigma=1.0, latex_label='$\\iota$', unit=None, boundary=None)
08:08 bilby INFO    : inclination_EM=nmma.em.prior.ConditionalGaussianIotaGivenThetaCore(minimum=0.0, maximum=0.7853981633974483, name='inclination_EM', N_sigma=1.0, latex_label='$\\iota$', unit=None, boundary=None)
08:08 bilby INFO    : inclination_EM=nmma.em.prior.ConditionalGaussianIotaGivenThetaCore(minimum=0.0, maximum=0.7853981633974483, name='inclination_EM', N_sigma=1.0, latex_label='$\\iota$', unit=None, boundary=None)
08:08 bilby INFO    : inclination_EM=nmma.em.prior.ConditionalGaussianIotaGivenThetaCore(minimum=0.0, maximum=0.7853981633974483, name='inclination_EM', N_sigma=1.0, latex_label='$\\iota$', unit=None, boundary=None)
08:08 bilby INFO    : inclination_EM=nmma.em.prior.ConditionalGaussianIotaGivenThetaCore(minimum=0.0, maximum=0.7853981633974483, name='inclination_EM', N_sigma=1.0, latex_label='$\\iota$', unit=None, boundary=None)
08:08 bilby INFO    : inclination_EM=nmma.em.prior.ConditionalGaussianIotaGivenThetaCore(minimum=0.0, maximum=0.7853981633974483, name='inclination_EM', N_sigma=1.0, latex_label='$\\iota$', unit=None, boundary=None)
08:08 bilby INFO    : inclination_EM=nmma.em.prior.ConditionalGaussianIotaGivenThetaCore(minimum=0.0, maximum=0.7853981633974483, name='inclination_EM', N_sigma=1.0, latex_label='$\\iota$', unit=None, boundary=None)
08:08 bilby INFO    : inclination_EM=nmma.em.prior.ConditionalGaussianIotaGivenThetaCore(minimum=0.0, maximum=0.7853981633974483, name='inclination_EM', N_sigma=1.0, latex_label='$\\iota$', unit=None, boundary=None)
08:08 bilby INFO    : inclination_EM=nmma.em.prior.ConditionalGaussianIotaGivenThetaCore(minimum=0.0, maximum=0.7853981633974483, name='inclination_EM', N_sigma=1.0, latex_label='$\\iota$', unit=None, boundary=None)
08:08 bilby INFO    : inclination_EM=nmma.em.prior.ConditionalGaussianIotaGivenThetaCore(minimum=0.0, maximum=0.7853981633974483, name='inclination_EM', N_sigma=1.0, latex_label='$\\iota$', unit=None, boundary=None)
08:08 bilby INFO    : inclination_EM=nmma.em.prior.ConditionalGaussianIotaGivenThetaCore(minimum=0.0, maximum=0.7853981633974483, name='inclination_EM', N_sigma=1.0, latex_label='$\\iota$', unit=None, boundary=None)
08:08 bilby INFO    : log10_mej=Uniform(minimum=-2.5, maximum=-1, name='log10_mej', latex_label='$\\log_{10}M^{\\rm{dyn}}_{\\rm{ej}}$', unit=None, boundary=None)
08:08 bilby INFO    : inclination_EM=nmma.em.prior.ConditionalGaussianIotaGivenThetaCore(minimum=0.0, maximum=0.7853981633974483, name='inclination_EM', N_sigma=1.0, latex_label='$\\iota$', unit=None, boundary=None)
08:08 bilby INFO    : inclination_EM=nmma.em.prior.ConditionalGaussianIotaGivenThetaCore(minimum=0.0, maximum=0.7853981633974483, name='inclination_EM', N_sigma=1.0, latex_label='$\\iota$', unit=None, boundary=None)
08:08 bilby INFO    : inclination_EM=nmma.em.prior.ConditionalGaussianIotaGivenThetaCore(minimum=0.0, maximum=0.7853981633974483, name='inclination_EM', N_sigma=1.0, latex_label='$\\iota$', unit=None, boundary=None)
08:08 bilby INFO    : inclination_EM=nmma.em.prior.ConditionalGaussianIotaGivenThetaCore(minimum=0.0, maximum=0.7853981633974483, name='inclination_EM', N_sigma=1.0, latex_label='$\\iota$', unit=None, boundary=None)
08:08 bilby INFO    : inclination_EM=nmma.em.prior.ConditionalGaussianIotaGivenThetaCore(minimum=0.0, maximum=0.7853981633974483, name='inclination_EM', N_sigma=1.0, latex_label='$\\iota$', unit=None, boundary=None)
08:08 bilby INFO    : inclination_EM=nmma.em.prior.ConditionalGaussianIotaGivenThetaCore(minimum=0.0, maximum=0.7853981633974483, name='inclination_EM', N_sigma=1.0, latex_label='$\\iota$', unit=None, boundary=None)
08:08 bilby INFO    : luminosity_distance=Uniform(minimum=0, maximum=3000, name='luminosity_distance', latex_label='$D_L$', unit=None, boundary=None)
08:08 bilby INFO    : luminosity_distance=Uniform(minimum=0, maximum=3000, name='luminosity_distance', latex_label='$D_L$', unit=None, boundary=None)
08:08 bilby INFO    : luminosity_distance=Uniform(minimum=0, maximum=3000, name='luminosity_distance', latex_label='$D_L$', unit=None, boundary=None)
08:08 bilby INFO    : log10_Xlan=Uniform(minimum=-4.5, maximum=-1, name='log10_Xlan', latex_label='log10_Xlan', unit=None, boundary='reflective')
08:08 bilby INFO    : luminosity_distance=Uniform(minimum=0, maximum=3000, name='luminosity_distance', latex_label='$D_L$', unit=None, boundary=None)
08:08 bilby INFO    : luminosity_distance=Uniform(minimum=0, maximum=3000, name='luminosity_distance', latex_label='$D_L$', unit=None, boundary=None)
08:08 bilby INFO    : luminosity_distance=Uniform(minimum=0, maximum=3000, name='luminosity_distance', latex_label='$D_L$', unit=None, boundary=None)
08:08 bilby INFO    : luminosity_distance=Uniform(minimum=0, maximum=3000, name='luminosity_distance', latex_label='$D_L$', unit=None, boundary=None)
08:08 bilby INFO    : luminosity_distance=Uniform(minimum=0, maximum=3000, name='luminosity_distance', latex_label='$D_L$', unit=None, boundary=None)
08:08 bilby INFO    : luminosity_distance=Uniform(minimum=0, maximum=3000, name='luminosity_distance', latex_label='$D_L$', unit=None, boundary=None)
08:08 bilby INFO    : luminosity_distance=Uniform(minimum=0, maximum=3000, name='luminosity_distance', latex_label='$D_L$', unit=None, boundary=None)
08:08 bilby INFO    : luminosity_distance=Uniform(minimum=0, maximum=3000, name='luminosity_distance', latex_label='$D_L$', unit=None, boundary=None)
08:08 bilby INFO    : luminosity_distance=Uniform(minimum=0, maximum=3000, name='luminosity_distance', latex_label='$D_L$', unit=None, boundary=None)
08:08 bilby INFO    : luminosity_distance=Uniform(minimum=0, maximum=3000, name='luminosity_distance', latex_label='$D_L$', unit=None, boundary=None)
08:08 bilby INFO    : log10_Xlan=Uniform(minimum=-4.5, maximum=-1, name='log10_Xlan', latex_label='log10_Xlan', unit=None, boundary='reflective')
08:08 bilby INFO    : luminosity_distance=Uniform(minimum=0, maximum=3000, name='luminosity_distance', latex_label='$D_L$', unit=None, boundary=None)
08:08 bilby INFO    : luminosity_distance=Uniform(minimum=0, maximum=3000, name='luminosity_distance', latex_label='$D_L$', unit=None, boundary=None)
08:08 bilby INFO    : luminosity_distance=Uniform(minimum=0, maximum=3000, name='luminosity_distance', latex_label='$D_L$', unit=None, boundary=None)
08:08 bilby INFO    : luminosity_distance=Uniform(minimum=0, maximum=3000, name='luminosity_distance', latex_label='$D_L$', unit=None, boundary=None)
08:08 bilby INFO    : luminosity_distance=Uniform(minimum=0, maximum=3000, name='luminosity_distance', latex_label='$D_L$', unit=None, boundary=None)
08:08 bilby INFO    : luminosity_distance=Uniform(minimum=0, maximum=3000, name='luminosity_distance', latex_label='$D_L$', unit=None, boundary=None)
08:08 bilby INFO    : luminosity_distance=Uniform(minimum=0, maximum=3000, name='luminosity_distance', latex_label='$D_L$', unit=None, boundary=None)
08:08 bilby INFO    : log10_vej=Uniform(minimum=-1.8, maximum=-0.01, name='log10_vej', latex_label='$\\log_{10}v$', unit=None, boundary=None)
08:08 bilby INFO    : luminosity_distance=Uniform(minimum=0, maximum=3000, name='luminosity_distance', latex_label='$D_L$', unit=None, boundary=None)
08:08 bilby INFO    : luminosity_distance=Uniform(minimum=0, maximum=3000, name='luminosity_distance', latex_label='$D_L$', unit=None, boundary=None)
08:08 bilby INFO    : luminosity_distance=Uniform(minimum=0, maximum=3000, name='luminosity_distance', latex_label='$D_L$', unit=None, boundary=None)
08:08 bilby INFO    : luminosity_distance=Uniform(minimum=0, maximum=3000, name='luminosity_distance', latex_label='$D_L$', unit=None, boundary=None)
08:08 bilby INFO    : log10_E0=Uniform(minimum=47.0, maximum=55.0, name='log10_E0', latex_label='$\\log_{10}E_0$', unit=None, boundary='reflective')
08:08 bilby INFO    : log10_mej=Uniform(minimum=-2.5, maximum=-1, name='log10_mej', latex_label='$\\log_{10}M^{\\rm{dyn}}_{\\rm{ej}}$', unit=None, boundary=None)
08:08 bilby INFO    : luminosity_distance=Uniform(minimum=0, maximum=3000, name='luminosity_distance', latex_label='$D_L$', unit=None, boundary=None)
08:08 bilby INFO    : luminosity_distance=Uniform(minimum=0, maximum=3000, name='luminosity_distance', latex_label='$D_L$', unit=None, boundary=None)
08:08 bilby INFO    : log10_E0=Uniform(minimum=47.0, maximum=55.0, name='log10_E0', latex_label='$\\log_{10}E_0$', unit=None, boundary='reflective')
08:08 bilby INFO    : log10_E0=Uniform(minimum=47.0, maximum=55.0, name='log10_E0', latex_label='$\\log_{10}E_0$', unit=None, boundary='reflective')
08:08 bilby INFO    : luminosity_distance=Uniform(minimum=0, maximum=3000, name='luminosity_distance', latex_label='$D_L$', unit=None, boundary=None)
08:08 bilby INFO    : log10_E0=Uniform(minimum=47.0, maximum=55.0, name='log10_E0', latex_label='$\\log_{10}E_0$', unit=None, boundary='reflective')
08:08 bilby INFO    : log10_E0=Uniform(minimum=47.0, maximum=55.0, name='log10_E0', latex_label='$\\log_{10}E_0$', unit=None, boundary='reflective')
08:08 bilby INFO    : log10_E0=Uniform(minimum=47.0, maximum=55.0, name='log10_E0', latex_label='$\\log_{10}E_0$', unit=None, boundary='reflective')
08:08 bilby INFO    : log10_E0=Uniform(minimum=47.0, maximum=55.0, name='log10_E0', latex_label='$\\log_{10}E_0$', unit=None, boundary='reflective')
08:08 bilby INFO    : log10_E0=Uniform(minimum=47.0, maximum=55.0, name='log10_E0', latex_label='$\\log_{10}E_0$', unit=None, boundary='reflective')
08:08 bilby INFO    : log10_E0=Uniform(minimum=47.0, maximum=55.0, name='log10_E0', latex_label='$\\log_{10}E_0$', unit=None, boundary='reflective')
08:08 bilby INFO    : log10_E0=Uniform(minimum=47.0, maximum=55.0, name='log10_E0', latex_label='$\\log_{10}E_0$', unit=None, boundary='reflective')
08:08 bilby INFO    : log10_E0=Uniform(minimum=47.0, maximum=55.0, name='log10_E0', latex_label='$\\log_{10}E_0$', unit=None, boundary='reflective')
08:08 bilby INFO    : log10_E0=Uniform(minimum=47.0, maximum=55.0, name='log10_E0', latex_label='$\\log_{10}E_0$', unit=None, boundary='reflective')
08:08 bilby INFO    : log10_E0=Uniform(minimum=47.0, maximum=55.0, name='log10_E0', latex_label='$\\log_{10}E_0$', unit=None, boundary='reflective')
08:08 bilby INFO    : log10_E0=Uniform(minimum=47.0, maximum=55.0, name='log10_E0', latex_label='$\\log_{10}E_0$', unit=None, boundary='reflective')
08:08 bilby INFO    : log10_E0=Uniform(minimum=47.0, maximum=55.0, name='log10_E0', latex_label='$\\log_{10}E_0$', unit=None, boundary='reflective')
08:08 bilby INFO    : log10_E0=Uniform(minimum=47.0, maximum=55.0, name='log10_E0', latex_label='$\\log_{10}E_0$', unit=None, boundary='reflective')
08:08 bilby INFO    : log10_E0=Uniform(minimum=47.0, maximum=55.0, name='log10_E0', latex_label='$\\log_{10}E_0$', unit=None, boundary='reflective')
08:08 bilby INFO    : log10_E0=Uniform(minimum=47.0, maximum=55.0, name='log10_E0', latex_label='$\\log_{10}E_0$', unit=None, boundary='reflective')
08:08 bilby INFO    : log10_E0=Uniform(minimum=47.0, maximum=55.0, name='log10_E0', latex_label='$\\log_{10}E_0$', unit=None, boundary='reflective')
08:08 bilby INFO    : log10_mej=Uniform(minimum=-2.5, maximum=-1, name='log10_mej', latex_label='$\\log_{10}M^{\\rm{dyn}}_{\\rm{ej}}$', unit=None, boundary=None)
08:08 bilby INFO    : log10_E0=Uniform(minimum=47.0, maximum=55.0, name='log10_E0', latex_label='$\\log_{10}E_0$', unit=None, boundary='reflective')
08:08 bilby INFO    : thetaCore=Uniform(minimum=0.01, maximum=0.3141592653589793, name='theta_core', latex_label='$\\theta_c$', unit=None, boundary='reflective')
08:08 bilby INFO    : log10_E0=Uniform(minimum=47.0, maximum=55.0, name='log10_E0', latex_label='$\\log_{10}E_0$', unit=None, boundary='reflective')
08:08 bilby INFO    : log10_E0=Uniform(minimum=47.0, maximum=55.0, name='log10_E0', latex_label='$\\log_{10}E_0$', unit=None, boundary='reflective')
08:08 bilby INFO    : log10_E0=Uniform(minimum=47.0, maximum=55.0, name='log10_E0', latex_label='$\\log_{10}E_0$', unit=None, boundary='reflective')
08:08 bilby INFO    : thetaCore=Uniform(minimum=0.01, maximum=0.3141592653589793, name='theta_core', latex_label='$\\theta_c$', unit=None, boundary='reflective')
08:08 bilby INFO    : log10_E0=Uniform(minimum=47.0, maximum=55.0, name='log10_E0', latex_label='$\\log_{10}E_0$', unit=None, boundary='reflective')
08:08 bilby INFO    : thetaCore=Uniform(minimum=0.01, maximum=0.3141592653589793, name='theta_core', latex_label='$\\theta_c$', unit=None, boundary='reflective')
08:08 bilby INFO    : thetaCore=Uniform(minimum=0.01, maximum=0.3141592653589793, name='theta_core', latex_label='$\\theta_c$', unit=None, boundary='reflective')
08:08 bilby INFO    : thetaCore=Uniform(minimum=0.01, maximum=0.3141592653589793, name='theta_core', latex_label='$\\theta_c$', unit=None, boundary='reflective')
08:08 bilby INFO    : log10_E0=Uniform(minimum=47.0, maximum=55.0, name='log10_E0', latex_label='$\\log_{10}E_0$', unit=None, boundary='reflective')
08:08 bilby INFO    : log10_E0=Uniform(minimum=47.0, maximum=55.0, name='log10_E0', latex_label='$\\log_{10}E_0$', unit=None, boundary='reflective')
08:08 bilby INFO    : thetaCore=Uniform(minimum=0.01, maximum=0.3141592653589793, name='theta_core', latex_label='$\\theta_c$', unit=None, boundary='reflective')
08:08 bilby INFO    : thetaCore=Uniform(minimum=0.01, maximum=0.3141592653589793, name='theta_core', latex_label='$\\theta_c$', unit=None, boundary='reflective')
08:08 bilby INFO    : log10_E0=Uniform(minimum=47.0, maximum=55.0, name='log10_E0', latex_label='$\\log_{10}E_0$', unit=None, boundary='reflective')
08:08 bilby INFO    : thetaCore=Uniform(minimum=0.01, maximum=0.3141592653589793, name='theta_core', latex_label='$\\theta_c$', unit=None, boundary='reflective')
08:08 bilby INFO    : thetaCore=Uniform(minimum=0.01, maximum=0.3141592653589793, name='theta_core', latex_label='$\\theta_c$', unit=None, boundary='reflective')
08:08 bilby INFO    : thetaCore=Uniform(minimum=0.01, maximum=0.3141592653589793, name='theta_core', latex_label='$\\theta_c$', unit=None, boundary='reflective')
08:08 bilby INFO    : thetaCore=Uniform(minimum=0.01, maximum=0.3141592653589793, name='theta_core', latex_label='$\\theta_c$', unit=None, boundary='reflective')
08:08 bilby INFO    : log10_vej=Uniform(minimum=-1.8, maximum=-0.01, name='log10_vej', latex_label='$\\log_{10}v$', unit=None, boundary=None)
08:08 bilby INFO    : thetaCore=Uniform(minimum=0.01, maximum=0.3141592653589793, name='theta_core', latex_label='$\\theta_c$', unit=None, boundary='reflective')
08:08 bilby INFO    : thetaCore=Uniform(minimum=0.01, maximum=0.3141592653589793, name='theta_core', latex_label='$\\theta_c$', unit=None, boundary='reflective')
08:08 bilby INFO    : inclination_EM=nmma.em.prior.ConditionalGaussianIotaGivenThetaCore(minimum=0.0, maximum=0.7853981633974483, name='inclination_EM', N_sigma=1.0, latex_label='$\\iota$', unit=None, boundary=None)
08:08 bilby INFO    : thetaCore=Uniform(minimum=0.01, maximum=0.3141592653589793, name='theta_core', latex_label='$\\theta_c$', unit=None, boundary='reflective')
08:08 bilby INFO    : thetaCore=Uniform(minimum=0.01, maximum=0.3141592653589793, name='theta_core', latex_label='$\\theta_c$', unit=None, boundary='reflective')
08:08 bilby INFO    : thetaCore=Uniform(minimum=0.01, maximum=0.3141592653589793, name='theta_core', latex_label='$\\theta_c$', unit=None, boundary='reflective')
08:08 bilby INFO    : thetaCore=Uniform(minimum=0.01, maximum=0.3141592653589793, name='theta_core', latex_label='$\\theta_c$', unit=None, boundary='reflective')
08:08 bilby INFO    : thetaCore=Uniform(minimum=0.01, maximum=0.3141592653589793, name='theta_core', latex_label='$\\theta_c$', unit=None, boundary='reflective')
08:08 bilby INFO    : log10_n0=Uniform(minimum=-6, maximum=2.0, name='log10_n0', latex_label='$\\log_{10}n_0$', unit=None, boundary='reflective')
08:08 bilby INFO    : log10_n0=Uniform(minimum=-6, maximum=2.0, name='log10_n0', latex_label='$\\log_{10}n_0$', unit=None, boundary='reflective')
08:08 bilby INFO    : log10_vej=Uniform(minimum=-1.8, maximum=-0.01, name='log10_vej', latex_label='$\\log_{10}v$', unit=None, boundary=None)
08:08 bilby INFO    : thetaCore=Uniform(minimum=0.01, maximum=0.3141592653589793, name='theta_core', latex_label='$\\theta_c$', unit=None, boundary='reflective')
08:08 bilby INFO    : thetaCore=Uniform(minimum=0.01, maximum=0.3141592653589793, name='theta_core', latex_label='$\\theta_c$', unit=None, boundary='reflective')
08:08 bilby INFO    : log10_n0=Uniform(minimum=-6, maximum=2.0, name='log10_n0', latex_label='$\\log_{10}n_0$', unit=None, boundary='reflective')
08:08 bilby INFO    : log10_n0=Uniform(minimum=-6, maximum=2.0, name='log10_n0', latex_label='$\\log_{10}n_0$', unit=None, boundary='reflective')
08:08 bilby INFO    : log10_n0=Uniform(minimum=-6, maximum=2.0, name='log10_n0', latex_label='$\\log_{10}n_0$', unit=None, boundary='reflective')
08:08 bilby INFO    : thetaCore=Uniform(minimum=0.01, maximum=0.3141592653589793, name='theta_core', latex_label='$\\theta_c$', unit=None, boundary='reflective')
08:08 bilby INFO    : thetaCore=Uniform(minimum=0.01, maximum=0.3141592653589793, name='theta_core', latex_label='$\\theta_c$', unit=None, boundary='reflective')
08:08 bilby INFO    : log10_n0=Uniform(minimum=-6, maximum=2.0, name='log10_n0', latex_label='$\\log_{10}n_0$', unit=None, boundary='reflective')
08:08 bilby INFO    : thetaCore=Uniform(minimum=0.01, maximum=0.3141592653589793, name='theta_core', latex_label='$\\theta_c$', unit=None, boundary='reflective')
08:08 bilby INFO    : thetaCore=Uniform(minimum=0.01, maximum=0.3141592653589793, name='theta_core', latex_label='$\\theta_c$', unit=None, boundary='reflective')
08:08 bilby INFO    : log10_n0=Uniform(minimum=-6, maximum=2.0, name='log10_n0', latex_label='$\\log_{10}n_0$', unit=None, boundary='reflective')
08:08 bilby INFO    : thetaCore=Uniform(minimum=0.01, maximum=0.3141592653589793, name='theta_core', latex_label='$\\theta_c$', unit=None, boundary='reflective')
08:08 bilby INFO    : log10_n0=Uniform(minimum=-6, maximum=2.0, name='log10_n0', latex_label='$\\log_{10}n_0$', unit=None, boundary='reflective')
08:08 bilby INFO    : log10_n0=Uniform(minimum=-6, maximum=2.0, name='log10_n0', latex_label='$\\log_{10}n_0$', unit=None, boundary='reflective')
08:08 bilby INFO    : log10_n0=Uniform(minimum=-6, maximum=2.0, name='log10_n0', latex_label='$\\log_{10}n_0$', unit=None, boundary='reflective')
08:08 bilby INFO    : log10_n0=Uniform(minimum=-6, maximum=2.0, name='log10_n0', latex_label='$\\log_{10}n_0$', unit=None, boundary='reflective')
08:08 bilby INFO    : thetaCore=Uniform(minimum=0.01, maximum=0.3141592653589793, name='theta_core', latex_label='$\\theta_c$', unit=None, boundary='reflective')
08:08 bilby INFO    : thetaCore=Uniform(minimum=0.01, maximum=0.3141592653589793, name='theta_core', latex_label='$\\theta_c$', unit=None, boundary='reflective')
08:08 bilby INFO    : log10_n0=Uniform(minimum=-6, maximum=2.0, name='log10_n0', latex_label='$\\log_{10}n_0$', unit=None, boundary='reflective')
08:08 bilby INFO    : log10_n0=Uniform(minimum=-6, maximum=2.0, name='log10_n0', latex_label='$\\log_{10}n_0$', unit=None, boundary='reflective')
08:08 bilby INFO    : log10_n0=Uniform(minimum=-6, maximum=2.0, name='log10_n0', latex_label='$\\log_{10}n_0$', unit=None, boundary='reflective')
08:08 bilby INFO    : log10_n0=Uniform(minimum=-6, maximum=2.0, name='log10_n0', latex_label='$\\log_{10}n_0$', unit=None, boundary='reflective')
08:08 bilby INFO    : luminosity_distance=Uniform(minimum=0, maximum=3000, name='luminosity_distance', latex_label='$D_L$', unit=None, boundary=None)
08:08 bilby INFO    : log10_n0=Uniform(minimum=-6, maximum=2.0, name='log10_n0', latex_label='$\\log_{10}n_0$', unit=None, boundary='reflective')
08:08 bilby INFO    : log10_n0=Uniform(minimum=-6, maximum=2.0, name='log10_n0', latex_label='$\\log_{10}n_0$', unit=None, boundary='reflective')
08:08 bilby INFO    : p=Uniform(minimum=2.01, maximum=3.0, name='p', latex_label='$p$', unit=None, boundary=None)
08:08 bilby INFO    : p=Uniform(minimum=2.01, maximum=3.0, name='p', latex_label='$p$', unit=None, boundary=None)
08:08 bilby INFO    : log10_n0=Uniform(minimum=-6, maximum=2.0, name='log10_n0', latex_label='$\\log_{10}n_0$', unit=None, boundary='reflective')
08:08 bilby INFO    : p=Uniform(minimum=2.01, maximum=3.0, name='p', latex_label='$p$', unit=None, boundary=None)
08:08 bilby INFO    : p=Uniform(minimum=2.01, maximum=3.0, name='p', latex_label='$p$', unit=None, boundary=None)
08:08 bilby INFO    : log10_n0=Uniform(minimum=-6, maximum=2.0, name='log10_n0', latex_label='$\\log_{10}n_0$', unit=None, boundary='reflective')
08:08 bilby INFO    : log10_n0=Uniform(minimum=-6, maximum=2.0, name='log10_n0', latex_label='$\\log_{10}n_0$', unit=None, boundary='reflective')
08:08 bilby INFO    : p=Uniform(minimum=2.01, maximum=3.0, name='p', latex_label='$p$', unit=None, boundary=None)
08:08 bilby INFO    : p=Uniform(minimum=2.01, maximum=3.0, name='p', latex_label='$p$', unit=None, boundary=None)
08:08 bilby INFO    : log10_n0=Uniform(minimum=-6, maximum=2.0, name='log10_n0', latex_label='$\\log_{10}n_0$', unit=None, boundary='reflective')
08:08 bilby INFO    : inclination_EM=nmma.em.prior.ConditionalGaussianIotaGivenThetaCore(minimum=0.0, maximum=0.7853981633974483, name='inclination_EM', N_sigma=1.0, latex_label='$\\iota$', unit=None, boundary=None)
08:08 bilby INFO    : p=Uniform(minimum=2.01, maximum=3.0, name='p', latex_label='$p$', unit=None, boundary=None)
08:08 bilby INFO    : log10_n0=Uniform(minimum=-6, maximum=2.0, name='log10_n0', latex_label='$\\log_{10}n_0$', unit=None, boundary='reflective')
08:08 bilby INFO    : p=Uniform(minimum=2.01, maximum=3.0, name='p', latex_label='$p$', unit=None, boundary=None)
08:08 bilby INFO    : p=Uniform(minimum=2.01, maximum=3.0, name='p', latex_label='$p$', unit=None, boundary=None)
08:08 bilby INFO    : p=Uniform(minimum=2.01, maximum=3.0, name='p', latex_label='$p$', unit=None, boundary=None)
08:08 bilby INFO    : log10_n0=Uniform(minimum=-6, maximum=2.0, name='log10_n0', latex_label='$\\log_{10}n_0$', unit=None, boundary='reflective')
08:08 bilby INFO    : log10_n0=Uniform(minimum=-6, maximum=2.0, name='log10_n0', latex_label='$\\log_{10}n_0$', unit=None, boundary='reflective')
08:08 bilby INFO    : log10_n0=Uniform(minimum=-6, maximum=2.0, name='log10_n0', latex_label='$\\log_{10}n_0$', unit=None, boundary='reflective')
08:08 bilby INFO    : log10_n0=Uniform(minimum=-6, maximum=2.0, name='log10_n0', latex_label='$\\log_{10}n_0$', unit=None, boundary='reflective')
08:08 bilby INFO    : p=Uniform(minimum=2.01, maximum=3.0, name='p', latex_label='$p$', unit=None, boundary=None)
08:08 bilby INFO    : log10_E0=Uniform(minimum=47.0, maximum=55.0, name='log10_E0', latex_label='$\\log_{10}E_0$', unit=None, boundary='reflective')
08:08 bilby INFO    : log10_n0=Uniform(minimum=-6, maximum=2.0, name='log10_n0', latex_label='$\\log_{10}n_0$', unit=None, boundary='reflective')
08:08 bilby INFO    : log10_epsilon_e=Uniform(minimum=-5, maximum=0, name='log10_epsilon_e', latex_label='$\\log_{10}\\epsilon_e$', unit=None, boundary='reflective')
08:08 bilby INFO    : log10_epsilon_e=Uniform(minimum=-5, maximum=0, name='log10_epsilon_e', latex_label='$\\log_{10}\\epsilon_e$', unit=None, boundary='reflective')
08:08 bilby INFO    : p=Uniform(minimum=2.01, maximum=3.0, name='p', latex_label='$p$', unit=None, boundary=None)
08:08 bilby INFO    : log10_epsilon_e=Uniform(minimum=-5, maximum=0, name='log10_epsilon_e', latex_label='$\\log_{10}\\epsilon_e$', unit=None, boundary='reflective')
08:08 bilby INFO    : p=Uniform(minimum=2.01, maximum=3.0, name='p', latex_label='$p$', unit=None, boundary=None)
08:08 bilby INFO    : p=Uniform(minimum=2.01, maximum=3.0, name='p', latex_label='$p$', unit=None, boundary=None)
08:08 bilby INFO    : p=Uniform(minimum=2.01, maximum=3.0, name='p', latex_label='$p$', unit=None, boundary=None)
08:08 bilby INFO    : p=Uniform(minimum=2.01, maximum=3.0, name='p', latex_label='$p$', unit=None, boundary=None)
08:08 bilby INFO    : log10_epsilon_e=Uniform(minimum=-5, maximum=0, name='log10_epsilon_e', latex_label='$\\log_{10}\\epsilon_e$', unit=None, boundary='reflective')
08:08 bilby INFO    : inclination_EM=nmma.em.prior.ConditionalGaussianIotaGivenThetaCore(minimum=0.0, maximum=0.7853981633974483, name='inclination_EM', N_sigma=1.0, latex_label='$\\iota$', unit=None, boundary=None)
08:08 bilby INFO    : log10_epsilon_e=Uniform(minimum=-5, maximum=0, name='log10_epsilon_e', latex_label='$\\log_{10}\\epsilon_e$', unit=None, boundary='reflective')
08:08 bilby INFO    : p=Uniform(minimum=2.01, maximum=3.0, name='p', latex_label='$p$', unit=None, boundary=None)
08:08 bilby INFO    : log10_epsilon_e=Uniform(minimum=-5, maximum=0, name='log10_epsilon_e', latex_label='$\\log_{10}\\epsilon_e$', unit=None, boundary='reflective')
08:08 bilby INFO    : p=Uniform(minimum=2.01, maximum=3.0, name='p', latex_label='$p$', unit=None, boundary=None)
08:08 bilby INFO    : p=Uniform(minimum=2.01, maximum=3.0, name='p', latex_label='$p$', unit=None, boundary=None)
08:08 bilby INFO    : p=Uniform(minimum=2.01, maximum=3.0, name='p', latex_label='$p$', unit=None, boundary=None)
08:08 bilby INFO    : log10_epsilon_e=Uniform(minimum=-5, maximum=0, name='log10_epsilon_e', latex_label='$\\log_{10}\\epsilon_e$', unit=None, boundary='reflective')
08:08 bilby INFO    : log10_epsilon_e=Uniform(minimum=-5, maximum=0, name='log10_epsilon_e', latex_label='$\\log_{10}\\epsilon_e$', unit=None, boundary='reflective')
08:08 bilby INFO    : log10_epsilon_e=Uniform(minimum=-5, maximum=0, name='log10_epsilon_e', latex_label='$\\log_{10}\\epsilon_e$', unit=None, boundary='reflective')
08:08 bilby INFO    : log10_epsilon_e=Uniform(minimum=-5, maximum=0, name='log10_epsilon_e', latex_label='$\\log_{10}\\epsilon_e$', unit=None, boundary='reflective')
08:08 bilby INFO    : p=Uniform(minimum=2.01, maximum=3.0, name='p', latex_label='$p$', unit=None, boundary=None)
08:08 bilby INFO    : p=Uniform(minimum=2.01, maximum=3.0, name='p', latex_label='$p$', unit=None, boundary=None)
08:08 bilby INFO    : luminosity_distance=Uniform(minimum=0, maximum=3000, name='luminosity_distance', latex_label='$D_L$', unit=None, boundary=None)
08:08 bilby INFO    : log10_epsilon_B=Uniform(minimum=-10, maximum=0, name='log10_epsilon_B', latex_label='$\\log_{10}\\epsilon_B$', unit=None, boundary='reflective')
08:08 bilby INFO    : p=Uniform(minimum=2.01, maximum=3.0, name='p', latex_label='$p$', unit=None, boundary=None)
08:08 bilby INFO    : p=Uniform(minimum=2.01, maximum=3.0, name='p', latex_label='$p$', unit=None, boundary=None)
08:08 bilby INFO    : p=Uniform(minimum=2.01, maximum=3.0, name='p', latex_label='$p$', unit=None, boundary=None)
08:08 bilby INFO    : p=Uniform(minimum=2.01, maximum=3.0, name='p', latex_label='$p$', unit=None, boundary=None)
08:08 bilby INFO    : log10_epsilon_e=Uniform(minimum=-5, maximum=0, name='log10_epsilon_e', latex_label='$\\log_{10}\\epsilon_e$', unit=None, boundary='reflective')
08:08 bilby INFO    : thetaCore=Uniform(minimum=0.01, maximum=0.3141592653589793, name='theta_core', latex_label='$\\theta_c$', unit=None, boundary='reflective')
08:08 bilby INFO    : log10_epsilon_B=Uniform(minimum=-10, maximum=0, name='log10_epsilon_B', latex_label='$\\log_{10}\\epsilon_B$', unit=None, boundary='reflective')
08:08 bilby INFO    : log10_epsilon_B=Uniform(minimum=-10, maximum=0, name='log10_epsilon_B', latex_label='$\\log_{10}\\epsilon_B$', unit=None, boundary='reflective')
08:08 bilby INFO    : log10_epsilon_e=Uniform(minimum=-5, maximum=0, name='log10_epsilon_e', latex_label='$\\log_{10}\\epsilon_e$', unit=None, boundary='reflective')
08:08 bilby INFO    : log10_epsilon_B=Uniform(minimum=-10, maximum=0, name='log10_epsilon_B', latex_label='$\\log_{10}\\epsilon_B$', unit=None, boundary='reflective')
08:08 bilby INFO    : log10_epsilon_e=Uniform(minimum=-5, maximum=0, name='log10_epsilon_e', latex_label='$\\log_{10}\\epsilon_e$', unit=None, boundary='reflective')
08:08 bilby INFO    : p=Uniform(minimum=2.01, maximum=3.0, name='p', latex_label='$p$', unit=None, boundary=None)
08:08 bilby INFO    : log10_epsilon_e=Uniform(minimum=-5, maximum=0, name='log10_epsilon_e', latex_label='$\\log_{10}\\epsilon_e$', unit=None, boundary='reflective')
08:08 bilby INFO    : KNtimeshift=0.0
08:08 bilby INFO    : log10_epsilon_e=Uniform(minimum=-5, maximum=0, name='log10_epsilon_e', latex_label='$\\log_{10}\\epsilon_e$', unit=None, boundary='reflective')
08:08 bilby INFO    : KNtimeshift=0.0
08:08 bilby INFO    : luminosity_distance=Uniform(minimum=0, maximum=3000, name='luminosity_distance', latex_label='$D_L$', unit=None, boundary=None)
08:08 bilby INFO    : KNtimeshift=0.0
08:08 bilby INFO    : log10_epsilon_e=Uniform(minimum=-5, maximum=0, name='log10_epsilon_e', latex_label='$\\log_{10}\\epsilon_e$', unit=None, boundary='reflective')
08:08 bilby INFO    : log10_epsilon_B=Uniform(minimum=-10, maximum=0, name='log10_epsilon_B', latex_label='$\\log_{10}\\epsilon_B$', unit=None, boundary='reflective')
08:08 bilby INFO    : log10_epsilon_e=Uniform(minimum=-5, maximum=0, name='log10_epsilon_e', latex_label='$\\log_{10}\\epsilon_e$', unit=None, boundary='reflective')
08:08 bilby INFO    : log10_epsilon_e=Uniform(minimum=-5, maximum=0, name='log10_epsilon_e', latex_label='$\\log_{10}\\epsilon_e$', unit=None, boundary='reflective')
08:08 bilby INFO    : KNtimeshift=0.0
08:08 bilby INFO    : log10_epsilon_B=Uniform(minimum=-10, maximum=0, name='log10_epsilon_B', latex_label='$\\log_{10}\\epsilon_B$', unit=None, boundary='reflective')
08:08 bilby INFO    : Ebv=0.0
08:08 bilby INFO    : log10_epsilon_B=Uniform(minimum=-10, maximum=0, name='log10_epsilon_B', latex_label='$\\log_{10}\\epsilon_B$', unit=None, boundary='reflective')
08:08 bilby INFO    : Ebv=0.0
08:08 bilby INFO    : Ebv=0.0
08:08 bilby INFO    : log10_epsilon_e=Uniform(minimum=-5, maximum=0, name='log10_epsilon_e', latex_label='$\\log_{10}\\epsilon_e$', unit=None, boundary='reflective')
08:08 bilby INFO    : log10_epsilon_B=Uniform(minimum=-10, maximum=0, name='log10_epsilon_B', latex_label='$\\log_{10}\\epsilon_B$', unit=None, boundary='reflective')
08:08 bilby INFO    : log10_epsilon_B=Uniform(minimum=-10, maximum=0, name='log10_epsilon_B', latex_label='$\\log_{10}\\epsilon_B$', unit=None, boundary='reflective')
08:08 bilby INFO    : log10_epsilon_B=Uniform(minimum=-10, maximum=0, name='log10_epsilon_B', latex_label='$\\log_{10}\\epsilon_B$', unit=None, boundary='reflective')
08:08 bilby INFO    : KNtimeshift=0.0
08:08 bilby INFO    : KNtimeshift=0.0
08:08 bilby INFO    : log10_epsilon_e=Uniform(minimum=-5, maximum=0, name='log10_epsilon_e', latex_label='$\\log_{10}\\epsilon_e$', unit=None, boundary='reflective')
08:08 bilby INFO    : Ebv=0.0
08:08 bilby INFO    : KNtimeshift=0.0
08:08 bilby INFO    : KNtimeshift=0.0
08:08 bilby INFO    : Analysis likelihood class: <class 'nmma.em.likelihood.OpticalLightCurve'>
08:08 bilby INFO    : KNtimeshift=0.0
08:08 bilby INFO    : log10_epsilon_e=Uniform(minimum=-5, maximum=0, name='log10_epsilon_e', latex_label='$\\log_{10}\\epsilon_e$', unit=None, boundary='reflective')
08:08 bilby INFO    : KNtimeshift=0.0
08:08 bilby INFO    : log10_epsilon_e=Uniform(minimum=-5, maximum=0, name='log10_epsilon_e', latex_label='$\\log_{10}\\epsilon_e$', unit=None, boundary='reflective')
08:08 bilby INFO    : log10_epsilon_e=Uniform(minimum=-5, maximum=0, name='log10_epsilon_e', latex_label='$\\log_{10}\\epsilon_e$', unit=None, boundary='reflective')
08:08 bilby INFO    : log10_epsilon_e=Uniform(minimum=-5, maximum=0, name='log10_epsilon_e', latex_label='$\\log_{10}\\epsilon_e$', unit=None, boundary='reflective')
08:08 bilby INFO    : Ebv=0.0
08:08 bilby INFO    : log10_n0=Uniform(minimum=-6, maximum=2.0, name='log10_n0', latex_label='$\\log_{10}n_0$', unit=None, boundary='reflective')
08:08 bilby INFO    : log10_E0=Uniform(minimum=47.0, maximum=55.0, name='log10_E0', latex_label='$\\log_{10}E_0$', unit=None, boundary='reflective')
08:08 bilby INFO    : Analysis likelihood class: <class 'nmma.em.likelihood.OpticalLightCurve'>
08:08 bilby INFO    : Analysis likelihood noise evidence: 0.0
08:08 bilby INFO    : Ebv=0.0
08:08 bilby INFO    : log10_E0=Uniform(minimum=47.0, maximum=55.0, name='log10_E0', latex_label='$\\log_{10}E_0$', unit=None, boundary='reflective')
08:08 bilby INFO    : log10_epsilon_B=Uniform(minimum=-10, maximum=0, name='log10_epsilon_B', latex_label='$\\log_{10}\\epsilon_B$', unit=None, boundary='reflective')
08:08 bilby INFO    : Ebv=0.0
08:08 bilby INFO    : Analysis likelihood class: <class 'nmma.em.likelihood.OpticalLightCurve'>
08:08 bilby INFO    : Ebv=0.0
08:08 bilby INFO    : log10_epsilon_e=Uniform(minimum=-5, maximum=0, name='log10_epsilon_e', latex_label='$\\log_{10}\\epsilon_e$', unit=None, boundary='reflective')
08:08 bilby INFO    : log10_epsilon_e=Uniform(minimum=-5, maximum=0, name='log10_epsilon_e', latex_label='$\\log_{10}\\epsilon_e$', unit=None, boundary='reflective')
08:08 bilby INFO    : Ebv=0.0
08:08 bilby INFO    : Ebv=0.0
08:08 bilby INFO    : log10_epsilon_B=Uniform(minimum=-10, maximum=0, name='log10_epsilon_B', latex_label='$\\log_{10}\\epsilon_B$', unit=None, boundary='reflective')
08:08 bilby INFO    : KNtimeshift=0.0
08:08 bilby INFO    : log10_epsilon_B=Uniform(minimum=-10, maximum=0, name='log10_epsilon_B', latex_label='$\\log_{10}\\epsilon_B$', unit=None, boundary='reflective')
08:08 bilby INFO    : log10_epsilon_B=Uniform(minimum=-10, maximum=0, name='log10_epsilon_B', latex_label='$\\log_{10}\\epsilon_B$', unit=None, boundary='reflective')
08:08 bilby INFO    : log10_epsilon_e=Uniform(minimum=-5, maximum=0, name='log10_epsilon_e', latex_label='$\\log_{10}\\epsilon_e$', unit=None, boundary='reflective')
08:08 bilby INFO    : log10_epsilon_B=Uniform(minimum=-10, maximum=0, name='log10_epsilon_B', latex_label='$\\log_{10}\\epsilon_B$', unit=None, boundary='reflective')
08:08 bilby INFO    : Analysis likelihood class: <class 'nmma.em.likelihood.OpticalLightCurve'>
08:08 bilby INFO    : Analysis likelihood noise evidence: 0.0
08:08 bilby INFO    : log10_epsilon_B=Uniform(minimum=-10, maximum=0, name='log10_epsilon_B', latex_label='$\\log_{10}\\epsilon_B$', unit=None, boundary='reflective')
08:08 bilby INFO    : Analysis likelihood class: <class 'nmma.em.likelihood.OpticalLightCurve'>
08:08 bilby INFO    : KNtimeshift=0.0
08:08 bilby INFO    : Analysis likelihood class: <class 'nmma.em.likelihood.OpticalLightCurve'>
08:08 bilby INFO    : log10_epsilon_B=Uniform(minimum=-10, maximum=0, name='log10_epsilon_B', latex_label='$\\log_{10}\\epsilon_B$', unit=None, boundary='reflective')
08:08 bilby INFO    : Analysis likelihood noise evidence: 0.0
08:08 bilby INFO    : Analysis likelihood noise evidence: 0.0
08:08 bilby INFO    : log10_epsilon_B=Uniform(minimum=-10, maximum=0, name='log10_epsilon_B', latex_label='$\\log_{10}\\epsilon_B$', unit=None, boundary='reflective')
08:08 bilby INFO    : KNtimeshift=0.0
08:08 bilby INFO    : Analysis likelihood class: <class 'nmma.em.likelihood.OpticalLightCurve'>
08:08 bilby INFO    : Analysis likelihood noise evidence: 0.0
08:08 bilby INFO    : Analysis likelihood class: <class 'nmma.em.likelihood.OpticalLightCurve'>
08:08 bilby INFO    : log10_epsilon_B=Uniform(minimum=-10, maximum=0, name='log10_epsilon_B', latex_label='$\\log_{10}\\epsilon_B$', unit=None, boundary='reflective')
08:08 bilby INFO    : KNtimeshift=0.0
08:08 bilby INFO    : log10_epsilon_B=Uniform(minimum=-10, maximum=0, name='log10_epsilon_B', latex_label='$\\log_{10}\\epsilon_B$', unit=None, boundary='reflective')
08:08 bilby INFO    : KNtimeshift=0.0
08:08 bilby INFO    : Analysis likelihood class: <class 'nmma.em.likelihood.OpticalLightCurve'>
08:08 bilby INFO    : Analysis likelihood noise evidence: 0.0
08:08 bilby INFO    : KNtimeshift=0.0
08:08 bilby INFO    : KNtimeshift=0.0
08:08 bilby INFO    : Ebv=0.0
08:08 bilby INFO    : KNtimeshift=0.0
08:08 bilby INFO    : Ebv=0.0
08:08 bilby INFO    : Analysis likelihood noise evidence: 0.0
08:08 bilby INFO    : Ebv=0.0
08:08 bilby INFO    : Analysis likelihood noise evidence: 0.0
08:08 bilby INFO    : KNtimeshift=0.0
08:08 bilby INFO    : log10_epsilon_B=Uniform(minimum=-10, maximum=0, name='log10_epsilon_B', latex_label='$\\log_{10}\\epsilon_B$', unit=None, boundary='reflective')
08:08 bilby INFO    : Analysis likelihood class: <class 'nmma.em.likelihood.OpticalLightCurve'>
08:08 bilby INFO    : Analysis likelihood noise evidence: 0.0
08:08 bilby INFO    : log10_epsilon_B=Uniform(minimum=-10, maximum=0, name='log10_epsilon_B', latex_label='$\\log_{10}\\epsilon_B$', unit=None, boundary='reflective')
08:08 bilby INFO    : Ebv=0.0
08:08 bilby INFO    : Analysis likelihood class: <class 'nmma.em.likelihood.OpticalLightCurve'>
08:08 bilby INFO    : log10_epsilon_B=Uniform(minimum=-10, maximum=0, name='log10_epsilon_B', latex_label='$\\log_{10}\\epsilon_B$', unit=None, boundary='reflective')
08:08 bilby INFO    : Analysis likelihood noise evidence: 0.0
08:08 bilby INFO    : log10_epsilon_B=Uniform(minimum=-10, maximum=0, name='log10_epsilon_B', latex_label='$\\log_{10}\\epsilon_B$', unit=None, boundary='reflective')
08:08 bilby INFO    : KNtimeshift=0.0
08:08 bilby INFO    : Ebv=0.0
08:08 bilby INFO    : p=Uniform(minimum=2.01, maximum=3.0, name='p', latex_label='$p$', unit=None, boundary=None)
08:08 bilby INFO    : Ebv=0.0
08:08 bilby INFO    : thetaCore=Uniform(minimum=0.01, maximum=0.3141592653589793, name='theta_core', latex_label='$\\theta_c$', unit=None, boundary='reflective')
08:08 bilby INFO    : Analysis likelihood class: <class 'nmma.em.likelihood.OpticalLightCurve'>
08:08 bilby INFO    : thetaCore=Uniform(minimum=0.01, maximum=0.3141592653589793, name='theta_core', latex_label='$\\theta_c$', unit=None, boundary='reflective')
08:08 bilby INFO    : Analysis likelihood class: <class 'nmma.em.likelihood.OpticalLightCurve'>
08:08 bilby INFO    : Analysis likelihood class: <class 'nmma.em.likelihood.OpticalLightCurve'>
08:08 bilby INFO    : Ebv=0.0
08:08 bilby INFO    : Analysis likelihood class: <class 'nmma.em.likelihood.OpticalLightCurve'>
08:08 bilby INFO    : KNtimeshift=0.0
08:08 bilby INFO    : Ebv=0.0
08:08 bilby INFO    : log10_epsilon_B=Uniform(minimum=-10, maximum=0, name='log10_epsilon_B', latex_label='$\\log_{10}\\epsilon_B$', unit=None, boundary='reflective')
08:08 bilby INFO    : KNtimeshift=0.0
08:08 bilby INFO    : log10_epsilon_B=Uniform(minimum=-10, maximum=0, name='log10_epsilon_B', latex_label='$\\log_{10}\\epsilon_B$', unit=None, boundary='reflective')
08:08 bilby INFO    : KNtimeshift=0.0
08:08 bilby INFO    : Ebv=0.0
08:08 bilby INFO    : Analysis likelihood class: <class 'nmma.em.likelihood.OpticalLightCurve'>
08:08 bilby INFO    : KNtimeshift=0.0
08:08 bilby INFO    : Ebv=0.0
08:08 bilby INFO    : Analysis likelihood noise evidence: 0.0
08:08 bilby INFO    : KNtimeshift=0.0
08:08 bilby INFO    : Ebv=0.0
08:08 bilby INFO    : Ebv=0.0
08:08 bilby INFO    : Analysis likelihood class: <class 'nmma.em.likelihood.OpticalLightCurve'>
08:08 bilby INFO    : KNtimeshift=0.0
08:08 bilby INFO    : Ebv=0.0
08:08 bilby INFO    : Ebv=0.0
08:08 bilby INFO    : Analysis likelihood class: <class 'nmma.em.likelihood.OpticalLightCurve'>
08:08 bilby INFO    : Analysis likelihood class: <class 'nmma.em.likelihood.OpticalLightCurve'>
08:08 bilby INFO    : Analysis likelihood noise evidence: 0.0
08:08 bilby INFO    : log10_epsilon_B=Uniform(minimum=-10, maximum=0, name='log10_epsilon_B', latex_label='$\\log_{10}\\epsilon_B$', unit=None, boundary='reflective')
08:08 bilby INFO    : KNtimeshift=0.0
08:08 bilby INFO    : Analysis likelihood class: <class 'nmma.em.likelihood.OpticalLightCurve'>
08:08 bilby INFO    : Analysis likelihood noise evidence: 0.0
08:08 bilby INFO    : log10_n0=Uniform(minimum=-6, maximum=2.0, name='log10_n0', latex_label='$\\log_{10}n_0$', unit=None, boundary='reflective')
08:08 bilby INFO    : Analysis likelihood noise evidence: 0.0
08:08 bilby INFO    : Analysis likelihood noise evidence: 0.0
08:08 bilby INFO    : Analysis likelihood noise evidence: 0.0
08:08 bilby INFO    : Analysis likelihood noise evidence: 0.0
08:08 bilby INFO    : Ebv=0.0
08:08 bilby INFO    : Ebv=0.0
08:08 bilby INFO    : Analysis likelihood noise evidence: 0.0
08:08 bilby INFO    : Analysis likelihood class: <class 'nmma.em.likelihood.OpticalLightCurve'>
08:08 bilby INFO    : Analysis likelihood class: <class 'nmma.em.likelihood.OpticalLightCurve'>
08:08 bilby INFO    : Analysis likelihood noise evidence: 0.0
08:08 bilby INFO    : log10_epsilon_e=Uniform(minimum=-5, maximum=0, name='log10_epsilon_e', latex_label='$\\log_{10}\\epsilon_e$', unit=None, boundary='reflective')
08:08 bilby INFO    : Ebv=0.0
08:08 bilby INFO    : log10_n0=Uniform(minimum=-6, maximum=2.0, name='log10_n0', latex_label='$\\log_{10}n_0$', unit=None, boundary='reflective')
08:08 bilby INFO    : Analysis likelihood class: <class 'nmma.em.likelihood.OpticalLightCurve'>
08:08 bilby INFO    : Analysis likelihood noise evidence: 0.0
08:08 bilby INFO    : Analysis likelihood class: <class 'nmma.em.likelihood.OpticalLightCurve'>
08:08 bilby INFO    : Analysis likelihood class: <class 'nmma.em.likelihood.OpticalLightCurve'>
08:08 bilby INFO    : Analysis likelihood noise evidence: 0.0
08:08 bilby INFO    : Analysis likelihood noise evidence: 0.0
08:08 bilby INFO    : Analysis likelihood class: <class 'nmma.em.likelihood.OpticalLightCurve'>
08:08 bilby INFO    : Analysis likelihood noise evidence: 0.0
08:08 bilby INFO    : Analysis likelihood noise evidence: 0.0
08:08 bilby INFO    : log10_epsilon_B=Uniform(minimum=-10, maximum=0, name='log10_epsilon_B', latex_label='$\\log_{10}\\epsilon_B$', unit=None, boundary='reflective')
08:08 bilby INFO    : Analysis likelihood class: <class 'nmma.em.likelihood.OpticalLightCurve'>
08:08 bilby INFO    : Analysis likelihood noise evidence: 0.0
08:08 bilby INFO    : Analysis likelihood noise evidence: 0.0
08:08 bilby INFO    : Analysis likelihood noise evidence: 0.0
08:08 bilby INFO    : p=Uniform(minimum=2.01, maximum=3.0, name='p', latex_label='$p$', unit=None, boundary=None)
08:08 bilby INFO    : KNtimeshift=0.0
08:08 bilby INFO    : p=Uniform(minimum=2.01, maximum=3.0, name='p', latex_label='$p$', unit=None, boundary=None)
08:08 bilby INFO    : Ebv=0.0
08:08 bilby INFO    : Analysis likelihood class: <class 'nmma.em.likelihood.OpticalLightCurve'>
08:08 bilby INFO    : Analysis likelihood noise evidence: 0.0
08:08 bilby INFO    : log10_epsilon_e=Uniform(minimum=-5, maximum=0, name='log10_epsilon_e', latex_label='$\\log_{10}\\epsilon_e$', unit=None, boundary='reflective')
08:08 bilby INFO    : log10_epsilon_e=Uniform(minimum=-5, maximum=0, name='log10_epsilon_e', latex_label='$\\log_{10}\\epsilon_e$', unit=None, boundary='reflective')
08:08 bilby INFO    : log10_epsilon_B=Uniform(minimum=-10, maximum=0, name='log10_epsilon_B', latex_label='$\\log_{10}\\epsilon_B$', unit=None, boundary='reflective')
08:08 bilby INFO    : log10_epsilon_B=Uniform(minimum=-10, maximum=0, name='log10_epsilon_B', latex_label='$\\log_{10}\\epsilon_B$', unit=None, boundary='reflective')
08:08 bilby INFO    : KNtimeshift=0.0
08:08 bilby INFO    : KNtimeshift=0.0
08:08 bilby INFO    : Ebv=0.0
08:08 bilby INFO    : Ebv=0.0
08:08 bilby INFO    : Analysis likelihood class: <class 'nmma.em.likelihood.OpticalLightCurve'>
08:08 bilby INFO    : Analysis likelihood class: <class 'nmma.em.likelihood.OpticalLightCurve'>
08:08 bilby INFO    : Analysis likelihood noise evidence: 0.0
08:08 bilby INFO    : Analysis likelihood noise evidence: 0.0
08:08 bilby INFO    : inclination_EM=nmma.em.prior.ConditionalGaussianIotaGivenThetaCore(minimum=0.0, maximum=0.7853981633974483, name='inclination_EM', N_sigma=1.0, latex_label='$\\iota$', unit=None, boundary=None)
08:08 bilby INFO    : luminosity_distance=Uniform(minimum=0, maximum=3000, name='luminosity_distance', latex_label='$D_L$', unit=None, boundary=None)
08:08 bilby INFO    : log10_E0=Uniform(minimum=47.0, maximum=55.0, name='log10_E0', latex_label='$\\log_{10}E_0$', unit=None, boundary='reflective')
08:08 bilby INFO    : thetaCore=Uniform(minimum=0.01, maximum=0.3141592653589793, name='theta_core', latex_label='$\\theta_c$', unit=None, boundary='reflective')
08:08 bilby INFO    : log10_n0=Uniform(minimum=-6, maximum=2.0, name='log10_n0', latex_label='$\\log_{10}n_0$', unit=None, boundary='reflective')
08:08 bilby INFO    : p=Uniform(minimum=2.01, maximum=3.0, name='p', latex_label='$p$', unit=None, boundary=None)
08:08 bilby INFO    : log10_epsilon_e=Uniform(minimum=-5, maximum=0, name='log10_epsilon_e', latex_label='$\\log_{10}\\epsilon_e$', unit=None, boundary='reflective')
08:08 bilby INFO    : log10_epsilon_B=Uniform(minimum=-10, maximum=0, name='log10_epsilon_B', latex_label='$\\log_{10}\\epsilon_B$', unit=None, boundary='reflective')
08:08 bilby INFO    : KNtimeshift=0.0
08:08 bilby INFO    : Ebv=0.0
08:08 bilby INFO    : Analysis likelihood class: <class 'nmma.em.likelihood.OpticalLightCurve'>
08:08 bilby INFO    : Analysis likelihood noise evidence: 0.0
08:08 bilby INFO    : inclination_EM=nmma.em.prior.ConditionalGaussianIotaGivenThetaCore(minimum=0.0, maximum=0.7853981633974483, name='inclination_EM', N_sigma=1.0, latex_label='$\\iota$', unit=None, boundary=None)
08:08 bilby INFO    : luminosity_distance=Uniform(minimum=0, maximum=3000, name='luminosity_distance', latex_label='$D_L$', unit=None, boundary=None)
08:08 bilby INFO    : log10_E0=Uniform(minimum=47.0, maximum=55.0, name='log10_E0', latex_label='$\\log_{10}E_0$', unit=None, boundary='reflective')
08:08 bilby INFO    : thetaCore=Uniform(minimum=0.01, maximum=0.3141592653589793, name='theta_core', latex_label='$\\theta_c$', unit=None, boundary='reflective')
08:08 bilby INFO    : log10_n0=Uniform(minimum=-6, maximum=2.0, name='log10_n0', latex_label='$\\log_{10}n_0$', unit=None, boundary='reflective')
08:08 bilby INFO    : p=Uniform(minimum=2.01, maximum=3.0, name='p', latex_label='$p$', unit=None, boundary=None)
08:08 bilby INFO    : log10_epsilon_e=Uniform(minimum=-5, maximum=0, name='log10_epsilon_e', latex_label='$\\log_{10}\\epsilon_e$', unit=None, boundary='reflective')
08:08 bilby INFO    : log10_epsilon_B=Uniform(minimum=-10, maximum=0, name='log10_epsilon_B', latex_label='$\\log_{10}\\epsilon_B$', unit=None, boundary='reflective')
08:08 bilby INFO    : KNtimeshift=0.0
08:08 bilby INFO    : Ebv=0.0
08:08 bilby INFO    : Analysis likelihood class: <class 'nmma.em.likelihood.OpticalLightCurve'>
08:08 bilby INFO    : Analysis likelihood noise evidence: 0.0
08:10 bilby INFO    : Single likelihood evaluation took 1.360e+00 s
08:10 bilby WARNING : Supplied argument 'queue_size' not an argument of 'Pymultinest', removing.
08:10 bilby WARNING : Supplied argument 'check_point_delta_t' not an argument of 'Pymultinest', removing.
08:10 bilby INFO    : Using sampler Pymultinest with kwargs {'importance_nested_sampling': False, 'resume': True, 'verbose': True, 'sampling_efficiency': 'parameter', 'n_live_points': 2048, 'n_params': 11, 'n_clustering_params': None, 'wrapped_params': None, 'multimodal': True, 'const_efficiency_mode': False, 'evidence_tolerance': 0.5, 'n_iter_before_update': 100, 'null_log_evidence': -1e+90, 'max_modes': 100, 'mode_tolerance': -1e+90, 'seed': 42, 'context': 0, 'write_output': True, 'log_zero': -1e+100, 'max_iter': 0, 'init_MPI': False, 'dump_callback': <bound method Pymultinest._dump_callback of <bilby.core.sampler.pymultinest.Pymultinest object at 0x15551b408df0>>}
08:10 bilby INFO    : Temporary directory incompatible with MPI, will run in original directory
08:10 bilby INFO    : Using output file outdirBNSKatophat32cores/pm_GRB211211A/
08:10 bilby INFO    : Single likelihood evaluation took 1.386e+00 s
08:10 bilby WARNING : Supplied argument 'queue_size' not an argument of 'Pymultinest', removing.
08:10 bilby WARNING : Supplied argument 'check_point_delta_t' not an argument of 'Pymultinest', removing.
08:10 bilby INFO    : Using sampler Pymultinest with kwargs {'importance_nested_sampling': False, 'resume': True, 'verbose': True, 'sampling_efficiency': 'parameter', 'n_live_points': 2048, 'n_params': 11, 'n_clustering_params': None, 'wrapped_params': None, 'multimodal': True, 'const_efficiency_mode': False, 'evidence_tolerance': 0.5, 'n_iter_before_update': 100, 'null_log_evidence': -1e+90, 'max_modes': 100, 'mode_tolerance': -1e+90, 'seed': 42, 'context': 0, 'write_output': True, 'log_zero': -1e+100, 'max_iter': 0, 'init_MPI': False, 'dump_callback': <bound method Pymultinest._dump_callback of <bilby.core.sampler.pymultinest.Pymultinest object at 0x1555072088e0>>}
08:10 bilby INFO    : Temporary directory incompatible with MPI, will run in original directory
08:10 bilby INFO    : Using output file outdirBNSKatophat32cores/pm_GRB211211A/
08:10 bilby INFO    : Single likelihood evaluation took 1.407e+00 s
08:10 bilby WARNING : Supplied argument 'queue_size' not an argument of 'Pymultinest', removing.
08:10 bilby WARNING : Supplied argument 'check_point_delta_t' not an argument of 'Pymultinest', removing.
08:10 bilby INFO    : Using sampler Pymultinest with kwargs {'importance_nested_sampling': False, 'resume': True, 'verbose': True, 'sampling_efficiency': 'parameter', 'n_live_points': 2048, 'n_params': 11, 'n_clustering_params': None, 'wrapped_params': None, 'multimodal': True, 'const_efficiency_mode': False, 'evidence_tolerance': 0.5, 'n_iter_before_update': 100, 'null_log_evidence': -1e+90, 'max_modes': 100, 'mode_tolerance': -1e+90, 'seed': 42, 'context': 0, 'write_output': True, 'log_zero': -1e+100, 'max_iter': 0, 'init_MPI': False, 'dump_callback': <bound method Pymultinest._dump_callback of <bilby.core.sampler.pymultinest.Pymultinest object at 0x15551b40d490>>}
08:10 bilby INFO    : Temporary directory incompatible with MPI, will run in original directory
08:10 bilby INFO    : Using output file outdirBNSKatophat32cores/pm_GRB211211A/
08:10 bilby INFO    : Single likelihood evaluation took 1.433e+00 s
08:10 bilby INFO    : Single likelihood evaluation took 1.430e+00 s
08:10 bilby WARNING : Supplied argument 'queue_size' not an argument of 'Pymultinest', removing.
08:10 bilby WARNING : Supplied argument 'check_point_delta_t' not an argument of 'Pymultinest', removing.
08:10 bilby INFO    : Using sampler Pymultinest with kwargs {'importance_nested_sampling': False, 'resume': True, 'verbose': True, 'sampling_efficiency': 'parameter', 'n_live_points': 2048, 'n_params': 11, 'n_clustering_params': None, 'wrapped_params': None, 'multimodal': True, 'const_efficiency_mode': False, 'evidence_tolerance': 0.5, 'n_iter_before_update': 100, 'null_log_evidence': -1e+90, 'max_modes': 100, 'mode_tolerance': -1e+90, 'seed': 42, 'context': 0, 'write_output': True, 'log_zero': -1e+100, 'max_iter': 0, 'init_MPI': False, 'dump_callback': <bound method Pymultinest._dump_callback of <bilby.core.sampler.pymultinest.Pymultinest object at 0x155507202e20>>}
08:10 bilby INFO    : Temporary directory incompatible with MPI, will run in original directory
08:10 bilby INFO    : Using output file outdirBNSKatophat32cores/pm_GRB211211A/
08:10 bilby WARNING : Supplied argument 'queue_size' not an argument of 'Pymultinest', removing.
08:10 bilby WARNING : Supplied argument 'check_point_delta_t' not an argument of 'Pymultinest', removing.
08:10 bilby INFO    : Using sampler Pymultinest with kwargs {'importance_nested_sampling': False, 'resume': True, 'verbose': True, 'sampling_efficiency': 'parameter', 'n_live_points': 2048, 'n_params': 11, 'n_clustering_params': None, 'wrapped_params': None, 'multimodal': True, 'const_efficiency_mode': False, 'evidence_tolerance': 0.5, 'n_iter_before_update': 100, 'null_log_evidence': -1e+90, 'max_modes': 100, 'mode_tolerance': -1e+90, 'seed': 42, 'context': 0, 'write_output': True, 'log_zero': -1e+100, 'max_iter': 0, 'init_MPI': False, 'dump_callback': <bound method Pymultinest._dump_callback of <bilby.core.sampler.pymultinest.Pymultinest object at 0x15551b40b610>>}
08:10 bilby INFO    : Temporary directory incompatible with MPI, will run in original directory
08:10 bilby INFO    : Using output file outdirBNSKatophat32cores/pm_GRB211211A/
08:10 bilby INFO    : Single likelihood evaluation took 1.449e+00 s
08:10 bilby INFO    : Single likelihood evaluation took 1.457e+00 s
08:10 bilby WARNING : Supplied argument 'queue_size' not an argument of 'Pymultinest', removing.
08:10 bilby WARNING : Supplied argument 'check_point_delta_t' not an argument of 'Pymultinest', removing.
08:10 bilby INFO    : Using sampler Pymultinest with kwargs {'importance_nested_sampling': False, 'resume': True, 'verbose': True, 'sampling_efficiency': 'parameter', 'n_live_points': 2048, 'n_params': 11, 'n_clustering_params': None, 'wrapped_params': None, 'multimodal': True, 'const_efficiency_mode': False, 'evidence_tolerance': 0.5, 'n_iter_before_update': 100, 'null_log_evidence': -1e+90, 'max_modes': 100, 'mode_tolerance': -1e+90, 'seed': 42, 'context': 0, 'write_output': True, 'log_zero': -1e+100, 'max_iter': 0, 'init_MPI': False, 'dump_callback': <bound method Pymultinest._dump_callback of <bilby.core.sampler.pymultinest.Pymultinest object at 0x15551b409a90>>}
08:10 bilby INFO    : Temporary directory incompatible with MPI, will run in original directory
08:10 bilby INFO    : Using output file outdirBNSKatophat32cores/pm_GRB211211A/
08:10 bilby WARNING : Supplied argument 'queue_size' not an argument of 'Pymultinest', removing.
08:10 bilby WARNING : Supplied argument 'check_point_delta_t' not an argument of 'Pymultinest', removing.
08:10 bilby INFO    : Using sampler Pymultinest with kwargs {'importance_nested_sampling': False, 'resume': True, 'verbose': True, 'sampling_efficiency': 'parameter', 'n_live_points': 2048, 'n_params': 11, 'n_clustering_params': None, 'wrapped_params': None, 'multimodal': True, 'const_efficiency_mode': False, 'evidence_tolerance': 0.5, 'n_iter_before_update': 100, 'null_log_evidence': -1e+90, 'max_modes': 100, 'mode_tolerance': -1e+90, 'seed': 42, 'context': 0, 'write_output': True, 'log_zero': -1e+100, 'max_iter': 0, 'init_MPI': False, 'dump_callback': <bound method Pymultinest._dump_callback of <bilby.core.sampler.pymultinest.Pymultinest object at 0x155528012970>>}
08:10 bilby INFO    : Temporary directory incompatible with MPI, will run in original directory
08:10 bilby INFO    : Using output file outdirBNSKatophat32cores/pm_GRB211211A/
08:10 bilby INFO    : Single likelihood evaluation took 1.429e+00 s
08:10 bilby INFO    : Single likelihood evaluation took 1.458e+00 s
08:10 bilby WARNING : Supplied argument 'queue_size' not an argument of 'Pymultinest', removing.
08:10 bilby WARNING : Supplied argument 'check_point_delta_t' not an argument of 'Pymultinest', removing.
08:10 bilby INFO    : Using sampler Pymultinest with kwargs {'importance_nested_sampling': False, 'resume': True, 'verbose': True, 'sampling_efficiency': 'parameter', 'n_live_points': 2048, 'n_params': 11, 'n_clustering_params': None, 'wrapped_params': None, 'multimodal': True, 'const_efficiency_mode': False, 'evidence_tolerance': 0.5, 'n_iter_before_update': 100, 'null_log_evidence': -1e+90, 'max_modes': 100, 'mode_tolerance': -1e+90, 'seed': 42, 'context': 0, 'write_output': True, 'log_zero': -1e+100, 'max_iter': 0, 'init_MPI': False, 'dump_callback': <bound method Pymultinest._dump_callback of <bilby.core.sampler.pymultinest.Pymultinest object at 0x15551b4099a0>>}
08:10 bilby INFO    : Temporary directory incompatible with MPI, will run in original directory
08:10 bilby INFO    : Using output file outdirBNSKatophat32cores/pm_GRB211211A/
08:10 bilby INFO    : Single likelihood evaluation took 1.464e+00 s
08:10 bilby WARNING : Supplied argument 'queue_size' not an argument of 'Pymultinest', removing.
08:10 bilby WARNING : Supplied argument 'check_point_delta_t' not an argument of 'Pymultinest', removing.
08:10 bilby INFO    : Using sampler Pymultinest with kwargs {'importance_nested_sampling': False, 'resume': True, 'verbose': True, 'sampling_efficiency': 'parameter', 'n_live_points': 2048, 'n_params': 11, 'n_clustering_params': None, 'wrapped_params': None, 'multimodal': True, 'const_efficiency_mode': False, 'evidence_tolerance': 0.5, 'n_iter_before_update': 100, 'null_log_evidence': -1e+90, 'max_modes': 100, 'mode_tolerance': -1e+90, 'seed': 42, 'context': 0, 'write_output': True, 'log_zero': -1e+100, 'max_iter': 0, 'init_MPI': False, 'dump_callback': <bound method Pymultinest._dump_callback of <bilby.core.sampler.pymultinest.Pymultinest object at 0x1555072058b0>>}
08:10 bilby INFO    : Temporary directory incompatible with MPI, will run in original directory
08:10 bilby INFO    : Using output file outdirBNSKatophat32cores/pm_GRB211211A/
08:10 bilby INFO    : Single likelihood evaluation took 1.477e+00 s
08:10 bilby WARNING : Supplied argument 'queue_size' not an argument of 'Pymultinest', removing.
08:10 bilby WARNING : Supplied argument 'check_point_delta_t' not an argument of 'Pymultinest', removing.
08:10 bilby INFO    : Using sampler Pymultinest with kwargs {'importance_nested_sampling': False, 'resume': True, 'verbose': True, 'sampling_efficiency': 'parameter', 'n_live_points': 2048, 'n_params': 11, 'n_clustering_params': None, 'wrapped_params': None, 'multimodal': True, 'const_efficiency_mode': False, 'evidence_tolerance': 0.5, 'n_iter_before_update': 100, 'null_log_evidence': -1e+90, 'max_modes': 100, 'mode_tolerance': -1e+90, 'seed': 42, 'context': 0, 'write_output': True, 'log_zero': -1e+100, 'max_iter': 0, 'init_MPI': False, 'dump_callback': <bound method Pymultinest._dump_callback of <bilby.core.sampler.pymultinest.Pymultinest object at 0x155528015730>>}
08:10 bilby INFO    : Temporary directory incompatible with MPI, will run in original directory
08:10 bilby INFO    : Using output file outdirBNSKatophat32cores/pm_GRB211211A/
08:10 bilby INFO    : Single likelihood evaluation took 1.485e+00 s
08:10 bilby INFO    : Single likelihood evaluation took 1.489e+00 s
08:10 bilby INFO    : Single likelihood evaluation took 1.494e+00 s
08:10 bilby INFO    : Single likelihood evaluation took 1.508e+00 s
08:10 bilby WARNING : Supplied argument 'queue_size' not an argument of 'Pymultinest', removing.
08:10 bilby WARNING : Supplied argument 'check_point_delta_t' not an argument of 'Pymultinest', removing.
08:10 bilby INFO    : Using sampler Pymultinest with kwargs {'importance_nested_sampling': False, 'resume': True, 'verbose': True, 'sampling_efficiency': 'parameter', 'n_live_points': 2048, 'n_params': 11, 'n_clustering_params': None, 'wrapped_params': None, 'multimodal': True, 'const_efficiency_mode': False, 'evidence_tolerance': 0.5, 'n_iter_before_update': 100, 'null_log_evidence': -1e+90, 'max_modes': 100, 'mode_tolerance': -1e+90, 'seed': 42, 'context': 0, 'write_output': True, 'log_zero': -1e+100, 'max_iter': 0, 'init_MPI': False, 'dump_callback': <bound method Pymultinest._dump_callback of <bilby.core.sampler.pymultinest.Pymultinest object at 0x1555072076d0>>}
08:10 bilby INFO    : Temporary directory incompatible with MPI, will run in original directory
08:10 bilby INFO    : Using output file outdirBNSKatophat32cores/pm_GRB211211A/
08:10 bilby WARNING : Supplied argument 'queue_size' not an argument of 'Pymultinest', removing.
08:10 bilby WARNING : Supplied argument 'check_point_delta_t' not an argument of 'Pymultinest', removing.
08:10 bilby INFO    : Using sampler Pymultinest with kwargs {'importance_nested_sampling': False, 'resume': True, 'verbose': True, 'sampling_efficiency': 'parameter', 'n_live_points': 2048, 'n_params': 11, 'n_clustering_params': None, 'wrapped_params': None, 'multimodal': True, 'const_efficiency_mode': False, 'evidence_tolerance': 0.5, 'n_iter_before_update': 100, 'null_log_evidence': -1e+90, 'max_modes': 100, 'mode_tolerance': -1e+90, 'seed': 42, 'context': 0, 'write_output': True, 'log_zero': -1e+100, 'max_iter': 0, 'init_MPI': False, 'dump_callback': <bound method Pymultinest._dump_callback of <bilby.core.sampler.pymultinest.Pymultinest object at 0x155528017460>>}
08:10 bilby INFO    : Temporary directory incompatible with MPI, will run in original directory
08:10 bilby INFO    : Using output file outdirBNSKatophat32cores/pm_GRB211211A/
08:10 bilby WARNING : Supplied argument 'queue_size' not an argument of 'Pymultinest', removing.
08:10 bilby WARNING : Supplied argument 'check_point_delta_t' not an argument of 'Pymultinest', removing.
08:10 bilby INFO    : Using sampler Pymultinest with kwargs {'importance_nested_sampling': False, 'resume': True, 'verbose': True, 'sampling_efficiency': 'parameter', 'n_live_points': 2048, 'n_params': 11, 'n_clustering_params': None, 'wrapped_params': None, 'multimodal': True, 'const_efficiency_mode': False, 'evidence_tolerance': 0.5, 'n_iter_before_update': 100, 'null_log_evidence': -1e+90, 'max_modes': 100, 'mode_tolerance': -1e+90, 'seed': 42, 'context': 0, 'write_output': True, 'log_zero': -1e+100, 'max_iter': 0, 'init_MPI': False, 'dump_callback': <bound method Pymultinest._dump_callback of <bilby.core.sampler.pymultinest.Pymultinest object at 0x155528016160>>}
08:10 bilby INFO    : Temporary directory incompatible with MPI, will run in original directory
08:10 bilby INFO    : Using output file outdirBNSKatophat32cores/pm_GRB211211A/
08:10 bilby INFO    : Single likelihood evaluation took 1.507e+00 s
08:10 bilby INFO    : Single likelihood evaluation took 1.513e+00 s
08:10 bilby WARNING : Supplied argument 'queue_size' not an argument of 'Pymultinest', removing.
08:10 bilby WARNING : Supplied argument 'check_point_delta_t' not an argument of 'Pymultinest', removing.
08:10 bilby INFO    : Using sampler Pymultinest with kwargs {'importance_nested_sampling': False, 'resume': True, 'verbose': True, 'sampling_efficiency': 'parameter', 'n_live_points': 2048, 'n_params': 11, 'n_clustering_params': None, 'wrapped_params': None, 'multimodal': True, 'const_efficiency_mode': False, 'evidence_tolerance': 0.5, 'n_iter_before_update': 100, 'null_log_evidence': -1e+90, 'max_modes': 100, 'mode_tolerance': -1e+90, 'seed': 42, 'context': 0, 'write_output': True, 'log_zero': -1e+100, 'max_iter': 0, 'init_MPI': False, 'dump_callback': <bound method Pymultinest._dump_callback of <bilby.core.sampler.pymultinest.Pymultinest object at 0x155507205bb0>>}
08:10 bilby INFO    : Temporary directory incompatible with MPI, will run in original directory
08:10 bilby INFO    : Using output file outdirBNSKatophat32cores/pm_GRB211211A/
08:10 bilby WARNING : Supplied argument 'queue_size' not an argument of 'Pymultinest', removing.
08:10 bilby WARNING : Supplied argument 'check_point_delta_t' not an argument of 'Pymultinest', removing.
08:10 bilby INFO    : Using sampler Pymultinest with kwargs {'importance_nested_sampling': False, 'resume': True, 'verbose': True, 'sampling_efficiency': 'parameter', 'n_live_points': 2048, 'n_params': 11, 'n_clustering_params': None, 'wrapped_params': None, 'multimodal': True, 'const_efficiency_mode': False, 'evidence_tolerance': 0.5, 'n_iter_before_update': 100, 'null_log_evidence': -1e+90, 'max_modes': 100, 'mode_tolerance': -1e+90, 'seed': 42, 'context': 0, 'write_output': True, 'log_zero': -1e+100, 'max_iter': 0, 'init_MPI': False, 'dump_callback': <bound method Pymultinest._dump_callback of <bilby.core.sampler.pymultinest.Pymultinest object at 0x155507206af0>>}
08:10 bilby INFO    : Temporary directory incompatible with MPI, will run in original directory
08:10 bilby INFO    : Using output file outdirBNSKatophat32cores/pm_GRB211211A/
08:10 bilby WARNING : Supplied argument 'queue_size' not an argument of 'Pymultinest', removing.
08:10 bilby WARNING : Supplied argument 'check_point_delta_t' not an argument of 'Pymultinest', removing.
08:10 bilby INFO    : Using sampler Pymultinest with kwargs {'importance_nested_sampling': False, 'resume': True, 'verbose': True, 'sampling_efficiency': 'parameter', 'n_live_points': 2048, 'n_params': 11, 'n_clustering_params': None, 'wrapped_params': None, 'multimodal': True, 'const_efficiency_mode': False, 'evidence_tolerance': 0.5, 'n_iter_before_update': 100, 'null_log_evidence': -1e+90, 'max_modes': 100, 'mode_tolerance': -1e+90, 'seed': 42, 'context': 0, 'write_output': True, 'log_zero': -1e+100, 'max_iter': 0, 'init_MPI': False, 'dump_callback': <bound method Pymultinest._dump_callback of <bilby.core.sampler.pymultinest.Pymultinest object at 0x155507205ac0>>}
08:10 bilby INFO    : Temporary directory incompatible with MPI, will run in original directory
08:10 bilby INFO    : Using output file outdirBNSKatophat32cores/pm_GRB211211A/
08:10 bilby WARNING : Supplied argument 'queue_size' not an argument of 'Pymultinest', removing.
08:10 bilby WARNING : Supplied argument 'check_point_delta_t' not an argument of 'Pymultinest', removing.
08:10 bilby INFO    : Using sampler Pymultinest with kwargs {'importance_nested_sampling': False, 'resume': True, 'verbose': True, 'sampling_efficiency': 'parameter', 'n_live_points': 2048, 'n_params': 11, 'n_clustering_params': None, 'wrapped_params': None, 'multimodal': True, 'const_efficiency_mode': False, 'evidence_tolerance': 0.5, 'n_iter_before_update': 100, 'null_log_evidence': -1e+90, 'max_modes': 100, 'mode_tolerance': -1e+90, 'seed': 42, 'context': 0, 'write_output': True, 'log_zero': -1e+100, 'max_iter': 0, 'init_MPI': False, 'dump_callback': <bound method Pymultinest._dump_callback of <bilby.core.sampler.pymultinest.Pymultinest object at 0x15551b40a940>>}
08:10 bilby INFO    : Temporary directory incompatible with MPI, will run in original directory
08:10 bilby INFO    : Using output file outdirBNSKatophat32cores/pm_GRB211211A/
08:10 bilby INFO    : Single likelihood evaluation took 1.528e+00 s
08:10 bilby INFO    : Single likelihood evaluation took 1.533e+00 s
08:10 bilby INFO    : Single likelihood evaluation took 1.542e+00 s
08:10 bilby WARNING : Supplied argument 'queue_size' not an argument of 'Pymultinest', removing.
08:10 bilby WARNING : Supplied argument 'check_point_delta_t' not an argument of 'Pymultinest', removing.
08:10 bilby INFO    : Using sampler Pymultinest with kwargs {'importance_nested_sampling': False, 'resume': True, 'verbose': True, 'sampling_efficiency': 'parameter', 'n_live_points': 2048, 'n_params': 11, 'n_clustering_params': None, 'wrapped_params': None, 'multimodal': True, 'const_efficiency_mode': False, 'evidence_tolerance': 0.5, 'n_iter_before_update': 100, 'null_log_evidence': -1e+90, 'max_modes': 100, 'mode_tolerance': -1e+90, 'seed': 42, 'context': 0, 'write_output': True, 'log_zero': -1e+100, 'max_iter': 0, 'init_MPI': False, 'dump_callback': <bound method Pymultinest._dump_callback of <bilby.core.sampler.pymultinest.Pymultinest object at 0x15551b40c640>>}
08:10 bilby INFO    : Temporary directory incompatible with MPI, will run in original directory
08:10 bilby INFO    : Using output file outdirBNSKatophat32cores/pm_GRB211211A/
08:10 bilby WARNING : Supplied argument 'queue_size' not an argument of 'Pymultinest', removing.
08:10 bilby WARNING : Supplied argument 'check_point_delta_t' not an argument of 'Pymultinest', removing.
08:10 bilby INFO    : Using sampler Pymultinest with kwargs {'importance_nested_sampling': False, 'resume': True, 'verbose': True, 'sampling_efficiency': 'parameter', 'n_live_points': 2048, 'n_params': 11, 'n_clustering_params': None, 'wrapped_params': None, 'multimodal': True, 'const_efficiency_mode': False, 'evidence_tolerance': 0.5, 'n_iter_before_update': 100, 'null_log_evidence': -1e+90, 'max_modes': 100, 'mode_tolerance': -1e+90, 'seed': 42, 'context': 0, 'write_output': True, 'log_zero': -1e+100, 'max_iter': 0, 'init_MPI': False, 'dump_callback': <bound method Pymultinest._dump_callback of <bilby.core.sampler.pymultinest.Pymultinest object at 0x155507209760>>}
08:10 bilby INFO    : Temporary directory incompatible with MPI, will run in original directory
08:10 bilby INFO    : Using output file outdirBNSKatophat32cores/pm_GRB211211A/
08:10 bilby INFO    : Single likelihood evaluation took 1.571e+00 s
08:10 bilby INFO    : Single likelihood evaluation took 1.578e+00 s
08:10 bilby WARNING : Supplied argument 'queue_size' not an argument of 'Pymultinest', removing.
08:10 bilby WARNING : Supplied argument 'check_point_delta_t' not an argument of 'Pymultinest', removing.
08:10 bilby INFO    : Using sampler Pymultinest with kwargs {'importance_nested_sampling': False, 'resume': True, 'verbose': True, 'sampling_efficiency': 'parameter', 'n_live_points': 2048, 'n_params': 11, 'n_clustering_params': None, 'wrapped_params': None, 'multimodal': True, 'const_efficiency_mode': False, 'evidence_tolerance': 0.5, 'n_iter_before_update': 100, 'null_log_evidence': -1e+90, 'max_modes': 100, 'mode_tolerance': -1e+90, 'seed': 42, 'context': 0, 'write_output': True, 'log_zero': -1e+100, 'max_iter': 0, 'init_MPI': False, 'dump_callback': <bound method Pymultinest._dump_callback of <bilby.core.sampler.pymultinest.Pymultinest object at 0x15551b40e4f0>>}
08:10 bilby INFO    : Temporary directory incompatible with MPI, will run in original directory
08:10 bilby INFO    : Using output file outdirBNSKatophat32cores/pm_GRB211211A/
08:10 bilby WARNING : Supplied argument 'queue_size' not an argument of 'Pymultinest', removing.
08:10 bilby WARNING : Supplied argument 'check_point_delta_t' not an argument of 'Pymultinest', removing.
08:10 bilby INFO    : Using sampler Pymultinest with kwargs {'importance_nested_sampling': False, 'resume': True, 'verbose': True, 'sampling_efficiency': 'parameter', 'n_live_points': 2048, 'n_params': 11, 'n_clustering_params': None, 'wrapped_params': None, 'multimodal': True, 'const_efficiency_mode': False, 'evidence_tolerance': 0.5, 'n_iter_before_update': 100, 'null_log_evidence': -1e+90, 'max_modes': 100, 'mode_tolerance': -1e+90, 'seed': 42, 'context': 0, 'write_output': True, 'log_zero': -1e+100, 'max_iter': 0, 'init_MPI': False, 'dump_callback': <bound method Pymultinest._dump_callback of <bilby.core.sampler.pymultinest.Pymultinest object at 0x155507208550>>}
08:10 bilby INFO    : Temporary directory incompatible with MPI, will run in original directory
08:10 bilby INFO    : Using output file outdirBNSKatophat32cores/pm_GRB211211A/
08:10 bilby INFO    : Single likelihood evaluation took 1.587e+00 s
08:10 bilby WARNING : Supplied argument 'queue_size' not an argument of 'Pymultinest', removing.
08:10 bilby WARNING : Supplied argument 'check_point_delta_t' not an argument of 'Pymultinest', removing.
08:10 bilby INFO    : Using sampler Pymultinest with kwargs {'importance_nested_sampling': False, 'resume': True, 'verbose': True, 'sampling_efficiency': 'parameter', 'n_live_points': 2048, 'n_params': 11, 'n_clustering_params': None, 'wrapped_params': None, 'multimodal': True, 'const_efficiency_mode': False, 'evidence_tolerance': 0.5, 'n_iter_before_update': 100, 'null_log_evidence': -1e+90, 'max_modes': 100, 'mode_tolerance': -1e+90, 'seed': 42, 'context': 0, 'write_output': True, 'log_zero': -1e+100, 'max_iter': 0, 'init_MPI': False, 'dump_callback': <bound method Pymultinest._dump_callback of <bilby.core.sampler.pymultinest.Pymultinest object at 0x1555072059d0>>}
08:10 bilby INFO    : Temporary directory incompatible with MPI, will run in original directory
08:10 bilby INFO    : Using output file outdirBNSKatophat32cores/pm_GRB211211A/
08:10 bilby INFO    : Single likelihood evaluation took 1.599e+00 s
08:10 bilby INFO    : Single likelihood evaluation took 1.593e+00 s
08:10 bilby WARNING : Supplied argument 'queue_size' not an argument of 'Pymultinest', removing.
08:10 bilby WARNING : Supplied argument 'check_point_delta_t' not an argument of 'Pymultinest', removing.
08:10 bilby INFO    : Using sampler Pymultinest with kwargs {'importance_nested_sampling': False, 'resume': True, 'verbose': True, 'sampling_efficiency': 'parameter', 'n_live_points': 2048, 'n_params': 11, 'n_clustering_params': None, 'wrapped_params': None, 'multimodal': True, 'const_efficiency_mode': False, 'evidence_tolerance': 0.5, 'n_iter_before_update': 100, 'null_log_evidence': -1e+90, 'max_modes': 100, 'mode_tolerance': -1e+90, 'seed': 42, 'context': 0, 'write_output': True, 'log_zero': -1e+100, 'max_iter': 0, 'init_MPI': False, 'dump_callback': <bound method Pymultinest._dump_callback of <bilby.core.sampler.pymultinest.Pymultinest object at 0x155528016550>>}
08:10 bilby INFO    : Temporary directory incompatible with MPI, will run in original directory
08:10 bilby INFO    : Using output file outdirBNSKatophat32cores/pm_GRB211211A/
08:10 bilby WARNING : Supplied argument 'queue_size' not an argument of 'Pymultinest', removing.
08:10 bilby WARNING : Supplied argument 'check_point_delta_t' not an argument of 'Pymultinest', removing.
08:10 bilby INFO    : Using sampler Pymultinest with kwargs {'importance_nested_sampling': False, 'resume': True, 'verbose': True, 'sampling_efficiency': 'parameter', 'n_live_points': 2048, 'n_params': 11, 'n_clustering_params': None, 'wrapped_params': None, 'multimodal': True, 'const_efficiency_mode': False, 'evidence_tolerance': 0.5, 'n_iter_before_update': 100, 'null_log_evidence': -1e+90, 'max_modes': 100, 'mode_tolerance': -1e+90, 'seed': 42, 'context': 0, 'write_output': True, 'log_zero': -1e+100, 'max_iter': 0, 'init_MPI': False, 'dump_callback': <bound method Pymultinest._dump_callback of <bilby.core.sampler.pymultinest.Pymultinest object at 0x155507209730>>}
08:10 bilby INFO    : Temporary directory incompatible with MPI, will run in original directory
08:10 bilby INFO    : Using output file outdirBNSKatophat32cores/pm_GRB211211A/
08:10 bilby INFO    : Single likelihood evaluation took 1.619e+00 s
08:10 bilby INFO    : Single likelihood evaluation took 1.631e+00 s
08:10 bilby WARNING : Supplied argument 'queue_size' not an argument of 'Pymultinest', removing.
08:10 bilby WARNING : Supplied argument 'check_point_delta_t' not an argument of 'Pymultinest', removing.
08:10 bilby INFO    : Using sampler Pymultinest with kwargs {'importance_nested_sampling': False, 'resume': True, 'verbose': True, 'sampling_efficiency': 'parameter', 'n_live_points': 2048, 'n_params': 11, 'n_clustering_params': None, 'wrapped_params': None, 'multimodal': True, 'const_efficiency_mode': False, 'evidence_tolerance': 0.5, 'n_iter_before_update': 100, 'null_log_evidence': -1e+90, 'max_modes': 100, 'mode_tolerance': -1e+90, 'seed': 42, 'context': 0, 'write_output': True, 'log_zero': -1e+100, 'max_iter': 0, 'init_MPI': False, 'dump_callback': <bound method Pymultinest._dump_callback of <bilby.core.sampler.pymultinest.Pymultinest object at 0x15552800f880>>}
08:10 bilby INFO    : Temporary directory incompatible with MPI, will run in original directory
08:10 bilby INFO    : Using output file outdirBNSKatophat32cores/pm_GRB211211A/
08:10 bilby WARNING : Supplied argument 'queue_size' not an argument of 'Pymultinest', removing.
08:10 bilby WARNING : Supplied argument 'check_point_delta_t' not an argument of 'Pymultinest', removing.
08:10 bilby INFO    : Using sampler Pymultinest with kwargs {'importance_nested_sampling': False, 'resume': True, 'verbose': True, 'sampling_efficiency': 'parameter', 'n_live_points': 2048, 'n_params': 11, 'n_clustering_params': None, 'wrapped_params': None, 'multimodal': True, 'const_efficiency_mode': False, 'evidence_tolerance': 0.5, 'n_iter_before_update': 100, 'null_log_evidence': -1e+90, 'max_modes': 100, 'mode_tolerance': -1e+90, 'seed': 42, 'context': 0, 'write_output': True, 'log_zero': -1e+100, 'max_iter': 0, 'init_MPI': False, 'dump_callback': <bound method Pymultinest._dump_callback of <bilby.core.sampler.pymultinest.Pymultinest object at 0x15552800be50>>}
08:10 bilby INFO    : Temporary directory incompatible with MPI, will run in original directory
08:10 bilby INFO    : Using output file outdirBNSKatophat32cores/pm_GRB211211A/
08:10 bilby INFO    : Single likelihood evaluation took 1.661e+00 s
08:10 bilby INFO    : Single likelihood evaluation took 1.652e+00 s
08:10 bilby INFO    : Single likelihood evaluation took 1.661e+00 s
08:10 bilby WARNING : Supplied argument 'queue_size' not an argument of 'Pymultinest', removing.
08:10 bilby WARNING : Supplied argument 'check_point_delta_t' not an argument of 'Pymultinest', removing.
08:10 bilby INFO    : Using sampler Pymultinest with kwargs {'importance_nested_sampling': False, 'resume': True, 'verbose': True, 'sampling_efficiency': 'parameter', 'n_live_points': 2048, 'n_params': 11, 'n_clustering_params': None, 'wrapped_params': None, 'multimodal': True, 'const_efficiency_mode': False, 'evidence_tolerance': 0.5, 'n_iter_before_update': 100, 'null_log_evidence': -1e+90, 'max_modes': 100, 'mode_tolerance': -1e+90, 'seed': 42, 'context': 0, 'write_output': True, 'log_zero': -1e+100, 'max_iter': 0, 'init_MPI': False, 'dump_callback': <bound method Pymultinest._dump_callback of <bilby.core.sampler.pymultinest.Pymultinest object at 0x155507209430>>}
08:10 bilby INFO    : Temporary directory incompatible with MPI, will run in original directory
08:10 bilby INFO    : Using output file outdirBNSKatophat32cores/pm_GRB211211A/
08:10 bilby WARNING : Supplied argument 'queue_size' not an argument of 'Pymultinest', removing.
08:10 bilby WARNING : Supplied argument 'check_point_delta_t' not an argument of 'Pymultinest', removing.
08:10 bilby INFO    : Using sampler Pymultinest with kwargs {'importance_nested_sampling': False, 'resume': True, 'verbose': True, 'sampling_efficiency': 'parameter', 'n_live_points': 2048, 'n_params': 11, 'n_clustering_params': None, 'wrapped_params': None, 'multimodal': True, 'const_efficiency_mode': False, 'evidence_tolerance': 0.5, 'n_iter_before_update': 100, 'null_log_evidence': -1e+90, 'max_modes': 100, 'mode_tolerance': -1e+90, 'seed': 42, 'context': 0, 'write_output': True, 'log_zero': -1e+100, 'max_iter': 0, 'init_MPI': False, 'dump_callback': <bound method Pymultinest._dump_callback of <bilby.core.sampler.pymultinest.Pymultinest object at 0x155507202e80>>}
08:10 bilby INFO    : Temporary directory incompatible with MPI, will run in original directory
08:10 bilby INFO    : Using output file outdirBNSKatophat32cores/pm_GRB211211A/
08:10 bilby WARNING : Supplied argument 'queue_size' not an argument of 'Pymultinest', removing.
08:10 bilby WARNING : Supplied argument 'check_point_delta_t' not an argument of 'Pymultinest', removing.
08:10 bilby INFO    : Using sampler Pymultinest with kwargs {'importance_nested_sampling': False, 'resume': True, 'verbose': True, 'sampling_efficiency': 'parameter', 'n_live_points': 2048, 'n_params': 11, 'n_clustering_params': None, 'wrapped_params': None, 'multimodal': True, 'const_efficiency_mode': False, 'evidence_tolerance': 0.5, 'n_iter_before_update': 100, 'null_log_evidence': -1e+90, 'max_modes': 100, 'mode_tolerance': -1e+90, 'seed': 42, 'context': 0, 'write_output': True, 'log_zero': -1e+100, 'max_iter': 0, 'init_MPI': False, 'dump_callback': <bound method Pymultinest._dump_callback of <bilby.core.sampler.pymultinest.Pymultinest object at 0x15551b40c670>>}
08:10 bilby INFO    : Temporary directory incompatible with MPI, will run in original directory
08:10 bilby INFO    : Using output file outdirBNSKatophat32cores/pm_GRB211211A/
08:10 bilby WARNING : Supplied argument 'queue_size' not an argument of 'Pymultinest', removing.
08:10 bilby WARNING : Supplied argument 'check_point_delta_t' not an argument of 'Pymultinest', removing.
08:10 bilby INFO    : Using sampler Pymultinest with kwargs {'importance_nested_sampling': False, 'resume': True, 'verbose': True, 'sampling_efficiency': 'parameter', 'n_live_points': 2048, 'n_params': 11, 'n_clustering_params': None, 'wrapped_params': None, 'multimodal': True, 'const_efficiency_mode': False, 'evidence_tolerance': 0.5, 'n_iter_before_update': 100, 'null_log_evidence': -1e+90, 'max_modes': 100, 'mode_tolerance': -1e+90, 'seed': 42, 'context': 0, 'write_output': True, 'log_zero': -1e+100, 'max_iter': 0, 'init_MPI': False, 'dump_callback': <bound method Pymultinest._dump_callback of <bilby.core.sampler.pymultinest.Pymultinest object at 0x155507204a60>>}
08:10 bilby INFO    : Temporary directory incompatible with MPI, will run in original directory
08:10 bilby INFO    : Using output file outdirBNSKatophat32cores/pm_GRB211211A/
08:11 bilby INFO    : Single likelihood evaluation took 1.681e+00 s
08:11 bilby WARNING : Supplied argument 'queue_size' not an argument of 'Pymultinest', removing.
08:11 bilby WARNING : Supplied argument 'check_point_delta_t' not an argument of 'Pymultinest', removing.
08:11 bilby INFO    : Using sampler Pymultinest with kwargs {'importance_nested_sampling': False, 'resume': True, 'verbose': True, 'sampling_efficiency': 'parameter', 'n_live_points': 2048, 'n_params': 11, 'n_clustering_params': None, 'wrapped_params': None, 'multimodal': True, 'const_efficiency_mode': False, 'evidence_tolerance': 0.5, 'n_iter_before_update': 100, 'null_log_evidence': -1e+90, 'max_modes': 100, 'mode_tolerance': -1e+90, 'seed': 42, 'context': 0, 'write_output': True, 'log_zero': -1e+100, 'max_iter': 0, 'init_MPI': False, 'dump_callback': <bound method Pymultinest._dump_callback of <bilby.core.sampler.pymultinest.Pymultinest object at 0x1555072059d0>>}
08:11 bilby INFO    : Temporary directory incompatible with MPI, will run in original directory
08:11 bilby INFO    : Using output file outdirBNSKatophat32cores/pm_GRB211211A/
08:11 bilby INFO    : Single likelihood evaluation took 1.704e+00 s
08:11 bilby WARNING : Supplied argument 'queue_size' not an argument of 'Pymultinest', removing.
08:11 bilby WARNING : Supplied argument 'check_point_delta_t' not an argument of 'Pymultinest', removing.
08:11 bilby INFO    : Using sampler Pymultinest with kwargs {'importance_nested_sampling': False, 'resume': True, 'verbose': True, 'sampling_efficiency': 'parameter', 'n_live_points': 2048, 'n_params': 11, 'n_clustering_params': None, 'wrapped_params': None, 'multimodal': True, 'const_efficiency_mode': False, 'evidence_tolerance': 0.5, 'n_iter_before_update': 100, 'null_log_evidence': -1e+90, 'max_modes': 100, 'mode_tolerance': -1e+90, 'seed': 42, 'context': 0, 'write_output': True, 'log_zero': -1e+100, 'max_iter': 0, 'init_MPI': False, 'dump_callback': <bound method Pymultinest._dump_callback of <bilby.core.sampler.pymultinest.Pymultinest object at 0x15551b40d430>>}
08:11 bilby INFO    : Temporary directory incompatible with MPI, will run in original directory
08:11 bilby INFO    : Using output file outdirBNSKatophat32cores/pm_GRB211211A/
12:25 bilby INFO    : Sampling time: 4:14:24.227557
12:25 bilby INFO    : Sampling time: 4:14:03.549352
12:25 bilby INFO    : Sampling time: 4:14:24.782961
12:25 bilby INFO    : Sampling time: 4:14:21.279825
Traceback (most recent call last):
  File "/home/thussenot/.conda/envs/multinest/lib/python3.8/shutil.py", line 791, in move
    os.rename(src, real_dst)
FileNotFoundError: [Errno 2] No such file or directory: 'outdirBNSKatophat32cores/GRB211211A_result.json' -> 'outdirBNSKatophat32cores/GRB211211A_result.json.old'

During handling of the above exception, another exception occurred:

Traceback (most recent call last):
  File "/home/thussenot/.conda/envs/multinest/bin/light_curve_analysis", line 8, in <module>
    sys.exit(main())
  File "/home/thussenot/.conda/envs/multinest/lib/python3.8/site-packages/nmma/em/analysis.py", line 622, in main
    result = bilby.run_sampler(
  File "/home/thussenot/.conda/envs/multinest/lib/python3.8/site-packages/bilby/core/sampler/__init__.py", line 262, in run_sampler
    result.save_to_file(extension=save, gzip=gzip, outdir=outdir)
  File "/home/thussenot/.conda/envs/multinest/lib/python3.8/site-packages/bilby/core/result.py", line 773, in save_to_file
    move_old_file(filename, overwrite)
  File "/home/thussenot/.conda/envs/multinest/lib/python3.8/site-packages/bilby/core/utils/io.py", line 408, in move_old_file
    shutil.move(filename, filename + ".old")
  File "/home/thussenot/.conda/envs/multinest/lib/python3.8/shutil.py", line 811, in move
    copy_function(src, real_dst)
  File "/home/thussenot/.conda/envs/multinest/lib/python3.8/shutil.py", line 435, in copy2
    copyfile(src, dst, follow_symlinks=follow_symlinks)
  File "/home/thussenot/.conda/envs/multinest/lib/python3.8/shutil.py", line 264, in copyfile
    with open(src, 'rb') as fsrc, open(dst, 'wb') as fdst:
FileNotFoundError: [Errno 2] No such file or directory: 'outdirBNSKatophat32cores/GRB211211A_result.json'
12:25 bilby INFO    : Sampling time: 4:14:07.997639
12:25 bilby INFO    : Sampling time: 4:14:13.604648
12:25 bilby INFO    : Sampling time: 4:14:25.732828
12:25 bilby INFO    : Sampling time: 4:14:31.065864
12:25 bilby INFO    : Sampling time: 4:14:16.128471
12:25 bilby INFO    : Sampling time: 4:14:34.928087
12:25 bilby INFO    : Sampling time: 4:14:31.088314
12:25 bilby INFO    : Sampling time: 4:14:32.853638
Traceback (most recent call last):
  File "/home/thussenot/.conda/envs/multinest/lib/python3.8/shutil.py", line 791, in move
    os.rename(src, real_dst)
FileNotFoundError: [Errno 2] No such file or directory: 'outdirBNSKatophat32cores/GRB211211A_result.json' -> 'outdirBNSKatophat32cores/GRB211211A_result.json.old'

During handling of the above exception, another exception occurred:

Traceback (most recent call last):
  File "/home/thussenot/.conda/envs/multinest/bin/light_curve_analysis", line 8, in <module>
    sys.exit(main())
  File "/home/thussenot/.conda/envs/multinest/lib/python3.8/site-packages/nmma/em/analysis.py", line 622, in main
    result = bilby.run_sampler(
  File "/home/thussenot/.conda/envs/multinest/lib/python3.8/site-packages/bilby/core/sampler/__init__.py", line 262, in run_sampler
    result.save_to_file(extension=save, gzip=gzip, outdir=outdir)
  File "/home/thussenot/.conda/envs/multinest/lib/python3.8/site-packages/bilby/core/result.py", line 773, in save_to_file
    move_old_file(filename, overwrite)
  File "/home/thussenot/.conda/envs/multinest/lib/python3.8/site-packages/bilby/core/utils/io.py", line 408, in move_old_file
    shutil.move(filename, filename + ".old")
  File "/home/thussenot/.conda/envs/multinest/lib/python3.8/shutil.py", line 811, in move
    copy_function(src, real_dst)
  File "/home/thussenot/.conda/envs/multinest/lib/python3.8/shutil.py", line 435, in copy2
    copyfile(src, dst, follow_symlinks=follow_symlinks)
  File "/home/thussenot/.conda/envs/multinest/lib/python3.8/shutil.py", line 285, in copyfile
    copyfileobj(fsrc, fdst)
  File "/home/thussenot/.conda/envs/multinest/lib/python3.8/shutil.py", line 205, in copyfileobj
    buf = fsrc_read(length)
OSError: [Errno 116] Stale file handle
12:25 bilby INFO    : Sampling time: 4:14:13.663515
12:25 bilby INFO    : Sampling time: 4:14:21.614688
12:25 bilby INFO    : Sampling time: 4:14:30.273240
12:25 bilby INFO    : Sampling time: 4:14:19.860877
12:25 bilby INFO    : Sampling time: 4:14:37.184277
12:25 bilby INFO    : Sampling time: 4:14:25.787471
12:25 bilby INFO    : Sampling time: 4:14:09.924291
12:25 bilby INFO    : Sampling time: 4:14:28.531240
12:25 bilby INFO    : Sampling time: 4:14:33.017060
12:25 bilby INFO    : Sampling time: 4:14:26.107286
12:25 bilby INFO    : Sampling time: 4:14:29.518754
12:25 bilby INFO    : Sampling time: 4:14:11.082259
12:25 bilby INFO    : Sampling time: 4:14:18.451765
12:25 bilby INFO    : Sampling time: 4:14:36.063117
12:25 bilby INFO    : Sampling time: 4:14:10.025560
12:25 bilby INFO    : Sampling time: 4:14:15.704495
Traceback (most recent call last):
  File "/home/thussenot/.conda/envs/multinest/lib/python3.8/shutil.py", line 791, in move
    os.rename(src, real_dst)
FileNotFoundError: [Errno 2] No such file or directory: 'outdirBNSKatophat32cores/GRB211211A_result.json' -> 'outdirBNSKatophat32cores/GRB211211A_result.json.old'

During handling of the above exception, another exception occurred:

Traceback (most recent call last):
  File "/home/thussenot/.conda/envs/multinest/bin/light_curve_analysis", line 8, in <module>
    sys.exit(main())
  File "/home/thussenot/.conda/envs/multinest/lib/python3.8/site-packages/nmma/em/analysis.py", line 622, in main
    result = bilby.run_sampler(
  File "/home/thussenot/.conda/envs/multinest/lib/python3.8/site-packages/bilby/core/sampler/__init__.py", line 262, in run_sampler
    result.save_to_file(extension=save, gzip=gzip, outdir=outdir)
  File "/home/thussenot/.conda/envs/multinest/lib/python3.8/site-packages/bilby/core/result.py", line 773, in save_to_file
    move_old_file(filename, overwrite)
  File "/home/thussenot/.conda/envs/multinest/lib/python3.8/site-packages/bilby/core/utils/io.py", line 408, in move_old_file
    shutil.move(filename, filename + ".old")
  File "/home/thussenot/.conda/envs/multinest/lib/python3.8/shutil.py", line 811, in move
    copy_function(src, real_dst)
  File "/home/thussenot/.conda/envs/multinest/lib/python3.8/shutil.py", line 435, in copy2
    copyfile(src, dst, follow_symlinks=follow_symlinks)
  File "/home/thussenot/.conda/envs/multinest/lib/python3.8/shutil.py", line 264, in copyfile
    with open(src, 'rb') as fsrc, open(dst, 'wb') as fdst:
FileNotFoundError: [Errno 2] No such file or directory: 'outdirBNSKatophat32cores/GRB211211A_result.json'
12:25 bilby INFO    : Sampling time: 4:14:25.433531
12:25 bilby INFO    : Sampling time: 4:14:18.301573
12:25 bilby INFO    : Sampling time: 4:14:24.605046
12:25 bilby INFO    : Sampling time: 4:14:09.928411
Traceback (most recent call last):
  File "/home/thussenot/.conda/envs/multinest/lib/python3.8/shutil.py", line 791, in move
    os.rename(src, real_dst)
FileNotFoundError: [Errno 2] No such file or directory: 'outdirBNSKatophat32cores/GRB211211A_result.json' -> 'outdirBNSKatophat32cores/GRB211211A_result.json.old'

During handling of the above exception, another exception occurred:

Traceback (most recent call last):
  File "/home/thussenot/.conda/envs/multinest/bin/light_curve_analysis", line 8, in <module>
    sys.exit(main())
  File "/home/thussenot/.conda/envs/multinest/lib/python3.8/site-packages/nmma/em/analysis.py", line 622, in main
    result = bilby.run_sampler(
  File "/home/thussenot/.conda/envs/multinest/lib/python3.8/site-packages/bilby/core/sampler/__init__.py", line 262, in run_sampler
    result.save_to_file(extension=save, gzip=gzip, outdir=outdir)
  File "/home/thussenot/.conda/envs/multinest/lib/python3.8/site-packages/bilby/core/result.py", line 773, in save_to_file
    move_old_file(filename, overwrite)
  File "/home/thussenot/.conda/envs/multinest/lib/python3.8/site-packages/bilby/core/utils/io.py", line 408, in move_old_file
    shutil.move(filename, filename + ".old")
  File "/home/thussenot/.conda/envs/multinest/lib/python3.8/shutil.py", line 811, in move
    copy_function(src, real_dst)
  File "/home/thussenot/.conda/envs/multinest/lib/python3.8/shutil.py", line 435, in copy2
    copyfile(src, dst, follow_symlinks=follow_symlinks)
  File "/home/thussenot/.conda/envs/multinest/lib/python3.8/shutil.py", line 264, in copyfile
    with open(src, 'rb') as fsrc, open(dst, 'wb') as fdst:
FileNotFoundError: [Errno 2] No such file or directory: 'outdirBNSKatophat32cores/GRB211211A_result.json'
Traceback (most recent call last):
  File "/home/thussenot/.conda/envs/multinest/lib/python3.8/shutil.py", line 791, in move
    os.rename(src, real_dst)
FileNotFoundError: [Errno 2] No such file or directory: 'outdirBNSKatophat32cores/GRB211211A_result.json' -> 'outdirBNSKatophat32cores/GRB211211A_result.json.old'

During handling of the above exception, another exception occurred:

Traceback (most recent call last):
  File "/home/thussenot/.conda/envs/multinest/bin/light_curve_analysis", line 8, in <module>
    sys.exit(main())
  File "/home/thussenot/.conda/envs/multinest/lib/python3.8/site-packages/nmma/em/analysis.py", line 622, in main
    result = bilby.run_sampler(
  File "/home/thussenot/.conda/envs/multinest/lib/python3.8/site-packages/bilby/core/sampler/__init__.py", line 262, in run_sampler
    result.save_to_file(extension=save, gzip=gzip, outdir=outdir)
  File "/home/thussenot/.conda/envs/multinest/lib/python3.8/site-packages/bilby/core/result.py", line 773, in save_to_file
    move_old_file(filename, overwrite)
  File "/home/thussenot/.conda/envs/multinest/lib/python3.8/site-packages/bilby/core/utils/io.py", line 408, in move_old_file
    shutil.move(filename, filename + ".old")
  File "/home/thussenot/.conda/envs/multinest/lib/python3.8/shutil.py", line 811, in move
    copy_function(src, real_dst)
  File "/home/thussenot/.conda/envs/multinest/lib/python3.8/shutil.py", line 435, in copy2
    copyfile(src, dst, follow_symlinks=follow_symlinks)
  File "/home/thussenot/.conda/envs/multinest/lib/python3.8/shutil.py", line 264, in copyfile
    with open(src, 'rb') as fsrc, open(dst, 'wb') as fdst:
FileNotFoundError: [Errno 2] No such file or directory: 'outdirBNSKatophat32cores/GRB211211A_result.json'
Traceback (most recent call last):
  File "/home/thussenot/.conda/envs/multinest/lib/python3.8/shutil.py", line 791, in move
    os.rename(src, real_dst)
FileNotFoundError: [Errno 2] No such file or directory: 'outdirBNSKatophat32cores/GRB211211A_result.json' -> 'outdirBNSKatophat32cores/GRB211211A_result.json.old'

During handling of the above exception, another exception occurred:

Traceback (most recent call last):
  File "/home/thussenot/.conda/envs/multinest/bin/light_curve_analysis", line 8, in <module>
    sys.exit(main())
  File "/home/thussenot/.conda/envs/multinest/lib/python3.8/site-packages/nmma/em/analysis.py", line 622, in main
    result = bilby.run_sampler(
  File "/home/thussenot/.conda/envs/multinest/lib/python3.8/site-packages/bilby/core/sampler/__init__.py", line 262, in run_sampler
    result.save_to_file(extension=save, gzip=gzip, outdir=outdir)
  File "/home/thussenot/.conda/envs/multinest/lib/python3.8/site-packages/bilby/core/result.py", line 773, in save_to_file
    move_old_file(filename, overwrite)
  File "/home/thussenot/.conda/envs/multinest/lib/python3.8/site-packages/bilby/core/utils/io.py", line 408, in move_old_file
    shutil.move(filename, filename + ".old")
  File "/home/thussenot/.conda/envs/multinest/lib/python3.8/shutil.py", line 811, in move
    copy_function(src, real_dst)
  File "/home/thussenot/.conda/envs/multinest/lib/python3.8/shutil.py", line 435, in copy2
    copyfile(src, dst, follow_symlinks=follow_symlinks)
  File "/home/thussenot/.conda/envs/multinest/lib/python3.8/shutil.py", line 264, in copyfile
    with open(src, 'rb') as fsrc, open(dst, 'wb') as fdst:
FileNotFoundError: [Errno 2] No such file or directory: 'outdirBNSKatophat32cores/GRB211211A_result.json'
Traceback (most recent call last):
  File "/home/thussenot/.conda/envs/multinest/lib/python3.8/shutil.py", line 791, in move
    os.rename(src, real_dst)
FileNotFoundError: [Errno 2] No such file or directory: 'outdirBNSKatophat32cores/GRB211211A_result.json' -> 'outdirBNSKatophat32cores/GRB211211A_result.json.old'

During handling of the above exception, another exception occurred:

Traceback (most recent call last):
  File "/home/thussenot/.conda/envs/multinest/bin/light_curve_analysis", line 8, in <module>
    sys.exit(main())
  File "/home/thussenot/.conda/envs/multinest/lib/python3.8/site-packages/nmma/em/analysis.py", line 622, in main
    result = bilby.run_sampler(
  File "/home/thussenot/.conda/envs/multinest/lib/python3.8/site-packages/bilby/core/sampler/__init__.py", line 262, in run_sampler
    result.save_to_file(extension=save, gzip=gzip, outdir=outdir)
  File "/home/thussenot/.conda/envs/multinest/lib/python3.8/site-packages/bilby/core/result.py", line 773, in save_to_file
    move_old_file(filename, overwrite)
  File "/home/thussenot/.conda/envs/multinest/lib/python3.8/site-packages/bilby/core/utils/io.py", line 408, in move_old_file
    shutil.move(filename, filename + ".old")
  File "/home/thussenot/.conda/envs/multinest/lib/python3.8/shutil.py", line 811, in move
    copy_function(src, real_dst)
  File "/home/thussenot/.conda/envs/multinest/lib/python3.8/shutil.py", line 435, in copy2
    copyfile(src, dst, follow_symlinks=follow_symlinks)
  File "/home/thussenot/.conda/envs/multinest/lib/python3.8/shutil.py", line 264, in copyfile
    with open(src, 'rb') as fsrc, open(dst, 'wb') as fdst:
FileNotFoundError: [Errno 2] No such file or directory: 'outdirBNSKatophat32cores/GRB211211A_result.json'
12:25 bilby ERROR   : 

Saving the data has failed with the following message:
[Errno 116] Stale file handle
Data has been dumped to outdirBNSKatophat32cores/GRB211211A_result.pkl.


Traceback (most recent call last):
  File "/home/thussenot/.conda/envs/multinest/lib/python3.8/shutil.py", line 791, in move
    os.rename(src, real_dst)
FileNotFoundError: [Errno 2] No such file or directory: 'outdirBNSKatophat32cores/GRB211211A_result.json' -> 'outdirBNSKatophat32cores/GRB211211A_result.json.old'

During handling of the above exception, another exception occurred:

Traceback (most recent call last):
  File "/home/thussenot/.conda/envs/multinest/bin/light_curve_analysis", line 8, in <module>
    sys.exit(main())
  File "/home/thussenot/.conda/envs/multinest/lib/python3.8/site-packages/nmma/em/analysis.py", line 622, in main
    result = bilby.run_sampler(
  File "/home/thussenot/.conda/envs/multinest/lib/python3.8/site-packages/bilby/core/sampler/__init__.py", line 262, in run_sampler
    result.save_to_file(extension=save, gzip=gzip, outdir=outdir)
  File "/home/thussenot/.conda/envs/multinest/lib/python3.8/site-packages/bilby/core/result.py", line 773, in save_to_file
    move_old_file(filename, overwrite)
  File "/home/thussenot/.conda/envs/multinest/lib/python3.8/site-packages/bilby/core/utils/io.py", line 408, in move_old_file
    shutil.move(filename, filename + ".old")
  File "/home/thussenot/.conda/envs/multinest/lib/python3.8/shutil.py", line 811, in move
    copy_function(src, real_dst)
  File "/home/thussenot/.conda/envs/multinest/lib/python3.8/shutil.py", line 435, in copy2
    copyfile(src, dst, follow_symlinks=follow_symlinks)
  File "/home/thussenot/.conda/envs/multinest/lib/python3.8/shutil.py", line 264, in copyfile
    with open(src, 'rb') as fsrc, open(dst, 'wb') as fdst:
FileNotFoundError: [Errno 2] No such file or directory: 'outdirBNSKatophat32cores/GRB211211A_result.json'
Traceback (most recent call last):
  File "/home/thussenot/.conda/envs/multinest/lib/python3.8/site-packages/bilby/core/result.py", line 796, in save_to_file
    json.dump(dictionary, file, indent=2, cls=BilbyJsonEncoder)
  File "/home/thussenot/.conda/envs/multinest/lib/python3.8/json/__init__.py", line 180, in dump
    fp.write(chunk)
OSError: [Errno 5] Input/output error

During handling of the above exception, another exception occurred:

OSError: [Errno 5] Input/output error

During handling of the above exception, another exception occurred:

Traceback (most recent call last):
  File "/home/thussenot/.conda/envs/multinest/lib/python3.8/site-packages/bilby/core/result.py", line 796, in save_to_file
    json.dump(dictionary, file, indent=2, cls=BilbyJsonEncoder)
OSError: [Errno 116] Stale file handle

During handling of the above exception, another exception occurred:

Traceback (most recent call last):
  File "/home/thussenot/.conda/envs/multinest/lib/python3.8/shutil.py", line 791, in move
    os.rename(src, real_dst)
FileNotFoundError: [Errno 2] No such file or directory: 'outdirBNSKatophat32cores/GRB211211A_result.pkl.temp' -> 'outdirBNSKatophat32cores/GRB211211A_result.pkl'

During handling of the above exception, another exception occurred:

Traceback (most recent call last):
  File "/home/thussenot/.conda/envs/multinest/bin/light_curve_analysis", line 8, in <module>
    sys.exit(main())
  File "/home/thussenot/.conda/envs/multinest/lib/python3.8/site-packages/nmma/em/analysis.py", line 622, in main
    result = bilby.run_sampler(
  File "/home/thussenot/.conda/envs/multinest/lib/python3.8/site-packages/bilby/core/sampler/__init__.py", line 262, in run_sampler
    result.save_to_file(extension=save, gzip=gzip, outdir=outdir)
  File "/home/thussenot/.conda/envs/multinest/lib/python3.8/site-packages/bilby/core/result.py", line 809, in save_to_file
    safe_file_dump(self, filename, "dill")
  File "/home/thussenot/.conda/envs/multinest/lib/python3.8/site-packages/bilby/core/utils/io.py", line 386, in safe_file_dump
    shutil.move(temp_filename, filename)
  File "/home/thussenot/.conda/envs/multinest/lib/python3.8/shutil.py", line 811, in move
    copy_function(src, real_dst)
  File "/home/thussenot/.conda/envs/multinest/lib/python3.8/shutil.py", line 435, in copy2
    copyfile(src, dst, follow_symlinks=follow_symlinks)
  File "/home/thussenot/.conda/envs/multinest/lib/python3.8/shutil.py", line 264, in copyfile
    with open(src, 'rb') as fsrc, open(dst, 'wb') as fdst:
FileNotFoundError: [Errno 2] No such file or directory: 'outdirBNSKatophat32cores/GRB211211A_result.pkl.temp'
Traceback (most recent call last):
  File "/home/thussenot/.conda/envs/multinest/lib/python3.8/site-packages/bilby/core/result.py", line 796, in save_to_file
    json.dump(dictionary, file, indent=2, cls=BilbyJsonEncoder)
  File "/home/thussenot/.conda/envs/multinest/lib/python3.8/json/__init__.py", line 180, in dump
    fp.write(chunk)
OSError: [Errno 5] Input/output error

During handling of the above exception, another exception occurred:

OSError: [Errno 5] Input/output error

During handling of the above exception, another exception occurred:

Traceback (most recent call last):
  File "/home/thussenot/.conda/envs/multinest/lib/python3.8/site-packages/bilby/core/result.py", line 796, in save_to_file
    json.dump(dictionary, file, indent=2, cls=BilbyJsonEncoder)
OSError: [Errno 116] Stale file handle

During handling of the above exception, another exception occurred:

Traceback (most recent call last):
  File "/home/thussenot/.conda/envs/multinest/lib/python3.8/shutil.py", line 791, in move
    os.rename(src, real_dst)
FileNotFoundError: [Errno 2] No such file or directory: 'outdirBNSKatophat32cores/GRB211211A_result.pkl.temp' -> 'outdirBNSKatophat32cores/GRB211211A_result.pkl'

During handling of the above exception, another exception occurred:

Traceback (most recent call last):
  File "/home/thussenot/.conda/envs/multinest/bin/light_curve_analysis", line 8, in <module>
    sys.exit(main())
  File "/home/thussenot/.conda/envs/multinest/lib/python3.8/site-packages/nmma/em/analysis.py", line 622, in main
    result = bilby.run_sampler(
  File "/home/thussenot/.conda/envs/multinest/lib/python3.8/site-packages/bilby/core/sampler/__init__.py", line 262, in run_sampler
    result.save_to_file(extension=save, gzip=gzip, outdir=outdir)
  File "/home/thussenot/.conda/envs/multinest/lib/python3.8/site-packages/bilby/core/result.py", line 809, in save_to_file
    safe_file_dump(self, filename, "dill")
  File "/home/thussenot/.conda/envs/multinest/lib/python3.8/site-packages/bilby/core/utils/io.py", line 386, in safe_file_dump
    shutil.move(temp_filename, filename)
  File "/home/thussenot/.conda/envs/multinest/lib/python3.8/shutil.py", line 811, in move
    copy_function(src, real_dst)
  File "/home/thussenot/.conda/envs/multinest/lib/python3.8/shutil.py", line 435, in copy2
    copyfile(src, dst, follow_symlinks=follow_symlinks)
  File "/home/thussenot/.conda/envs/multinest/lib/python3.8/shutil.py", line 264, in copyfile
    with open(src, 'rb') as fsrc, open(dst, 'wb') as fdst:
FileNotFoundError: [Errno 2] No such file or directory: 'outdirBNSKatophat32cores/GRB211211A_result.pkl.temp'
Traceback (most recent call last):
  File "/home/thussenot/.conda/envs/multinest/lib/python3.8/shutil.py", line 791, in move
    os.rename(src, real_dst)
FileNotFoundError: [Errno 2] No such file or directory: 'outdirBNSKatophat32cores/GRB211211A_result.json' -> 'outdirBNSKatophat32cores/GRB211211A_result.json.old'

During handling of the above exception, another exception occurred:

Traceback (most recent call last):
  File "/home/thussenot/.conda/envs/multinest/bin/light_curve_analysis", line 8, in <module>
    sys.exit(main())
  File "/home/thussenot/.conda/envs/multinest/lib/python3.8/site-packages/nmma/em/analysis.py", line 622, in main
    result = bilby.run_sampler(
  File "/home/thussenot/.conda/envs/multinest/lib/python3.8/site-packages/bilby/core/sampler/__init__.py", line 262, in run_sampler
    result.save_to_file(extension=save, gzip=gzip, outdir=outdir)
  File "/home/thussenot/.conda/envs/multinest/lib/python3.8/site-packages/bilby/core/result.py", line 773, in save_to_file
    move_old_file(filename, overwrite)
  File "/home/thussenot/.conda/envs/multinest/lib/python3.8/site-packages/bilby/core/utils/io.py", line 408, in move_old_file
    shutil.move(filename, filename + ".old")
  File "/home/thussenot/.conda/envs/multinest/lib/python3.8/shutil.py", line 812, in move
    os.unlink(src)
FileNotFoundError: [Errno 2] No such file or directory: 'outdirBNSKatophat32cores/GRB211211A_result.json'
Traceback (most recent call last):
  File "/home/thussenot/.conda/envs/multinest/lib/python3.8/shutil.py", line 791, in move
    os.rename(src, real_dst)
FileNotFoundError: [Errno 2] No such file or directory: 'outdirBNSKatophat32cores/GRB211211A_result.json' -> 'outdirBNSKatophat32cores/GRB211211A_result.json.old'

During handling of the above exception, another exception occurred:

Traceback (most recent call last):
  File "/home/thussenot/.conda/envs/multinest/bin/light_curve_analysis", line 8, in <module>
    sys.exit(main())
  File "/home/thussenot/.conda/envs/multinest/lib/python3.8/site-packages/nmma/em/analysis.py", line 622, in main
    result = bilby.run_sampler(
  File "/home/thussenot/.conda/envs/multinest/lib/python3.8/site-packages/bilby/core/sampler/__init__.py", line 262, in run_sampler
    result.save_to_file(extension=save, gzip=gzip, outdir=outdir)
  File "/home/thussenot/.conda/envs/multinest/lib/python3.8/site-packages/bilby/core/result.py", line 773, in save_to_file
    move_old_file(filename, overwrite)
  File "/home/thussenot/.conda/envs/multinest/lib/python3.8/site-packages/bilby/core/utils/io.py", line 408, in move_old_file
    shutil.move(filename, filename + ".old")
  File "/home/thussenot/.conda/envs/multinest/lib/python3.8/shutil.py", line 812, in move
    os.unlink(src)
FileNotFoundError: [Errno 2] No such file or directory: 'outdirBNSKatophat32cores/GRB211211A_result.json'
12:25 bilby ERROR   : 

Saving the data has failed with the following message:
[Errno 116] Stale file handle
Data has been dumped to outdirBNSKatophat32cores/GRB211211A_result.pkl.


12:25 bilby ERROR   : 

Saving the data has failed with the following message:
[Errno 116] Stale file handle
Data has been dumped to outdirBNSKatophat32cores/GRB211211A_result.pkl.


12:25 bilby ERROR   : 

Saving the data has failed with the following message:
[Errno 116] Stale file handle
Data has been dumped to outdirBNSKatophat32cores/GRB211211A_result.pkl.


Traceback (most recent call last):
  File "/home/thussenot/.conda/envs/multinest/lib/python3.8/site-packages/bilby/core/result.py", line 796, in save_to_file
    json.dump(dictionary, file, indent=2, cls=BilbyJsonEncoder)
OSError: [Errno 116] Stale file handle

During handling of the above exception, another exception occurred:

Traceback (most recent call last):
  File "/home/thussenot/.conda/envs/multinest/lib/python3.8/shutil.py", line 791, in move
    os.rename(src, real_dst)
FileNotFoundError: [Errno 2] No such file or directory: 'outdirBNSKatophat32cores/GRB211211A_result.pkl.temp' -> 'outdirBNSKatophat32cores/GRB211211A_result.pkl'

During handling of the above exception, another exception occurred:

Traceback (most recent call last):
  File "/home/thussenot/.conda/envs/multinest/bin/light_curve_analysis", line 8, in <module>
    sys.exit(main())
  File "/home/thussenot/.conda/envs/multinest/lib/python3.8/site-packages/nmma/em/analysis.py", line 622, in main
    result = bilby.run_sampler(
  File "/home/thussenot/.conda/envs/multinest/lib/python3.8/site-packages/bilby/core/sampler/__init__.py", line 262, in run_sampler
    result.save_to_file(extension=save, gzip=gzip, outdir=outdir)
  File "/home/thussenot/.conda/envs/multinest/lib/python3.8/site-packages/bilby/core/result.py", line 809, in save_to_file
    safe_file_dump(self, filename, "dill")
  File "/home/thussenot/.conda/envs/multinest/lib/python3.8/site-packages/bilby/core/utils/io.py", line 386, in safe_file_dump
    shutil.move(temp_filename, filename)
  File "/home/thussenot/.conda/envs/multinest/lib/python3.8/shutil.py", line 811, in move
    copy_function(src, real_dst)
  File "/home/thussenot/.conda/envs/multinest/lib/python3.8/shutil.py", line 435, in copy2
    copyfile(src, dst, follow_symlinks=follow_symlinks)
  File "/home/thussenot/.conda/envs/multinest/lib/python3.8/shutil.py", line 264, in copyfile
    with open(src, 'rb') as fsrc, open(dst, 'wb') as fdst:
FileNotFoundError: [Errno 2] No such file or directory: 'outdirBNSKatophat32cores/GRB211211A_result.pkl.temp'
OSError: [Errno 5] Input/output error

During handling of the above exception, another exception occurred:

Traceback (most recent call last):
  File "/home/thussenot/.conda/envs/multinest/lib/python3.8/site-packages/bilby/core/result.py", line 796, in save_to_file
    json.dump(dictionary, file, indent=2, cls=BilbyJsonEncoder)
OSError: [Errno 116] Stale file handle

During handling of the above exception, another exception occurred:

Traceback (most recent call last):
  File "/home/thussenot/.conda/envs/multinest/lib/python3.8/shutil.py", line 791, in move
    os.rename(src, real_dst)
FileNotFoundError: [Errno 2] No such file or directory: 'outdirBNSKatophat32cores/GRB211211A_result.pkl.temp' -> 'outdirBNSKatophat32cores/GRB211211A_result.pkl'

During handling of the above exception, another exception occurred:

Traceback (most recent call last):
  File "/home/thussenot/.conda/envs/multinest/bin/light_curve_analysis", line 8, in <module>
    sys.exit(main())
  File "/home/thussenot/.conda/envs/multinest/lib/python3.8/site-packages/nmma/em/analysis.py", line 622, in main
    result = bilby.run_sampler(
  File "/home/thussenot/.conda/envs/multinest/lib/python3.8/site-packages/bilby/core/sampler/__init__.py", line 262, in run_sampler
    result.save_to_file(extension=save, gzip=gzip, outdir=outdir)
  File "/home/thussenot/.conda/envs/multinest/lib/python3.8/site-packages/bilby/core/result.py", line 809, in save_to_file
    safe_file_dump(self, filename, "dill")
  File "/home/thussenot/.conda/envs/multinest/lib/python3.8/site-packages/bilby/core/utils/io.py", line 386, in safe_file_dump
    shutil.move(temp_filename, filename)
  File "/home/thussenot/.conda/envs/multinest/lib/python3.8/shutil.py", line 811, in move
    copy_function(src, real_dst)
  File "/home/thussenot/.conda/envs/multinest/lib/python3.8/shutil.py", line 435, in copy2
    copyfile(src, dst, follow_symlinks=follow_symlinks)
  File "/home/thussenot/.conda/envs/multinest/lib/python3.8/shutil.py", line 264, in copyfile
    with open(src, 'rb') as fsrc, open(dst, 'wb') as fdst:
FileNotFoundError: [Errno 2] No such file or directory: 'outdirBNSKatophat32cores/GRB211211A_result.pkl.temp'
OSError: [Errno 5] Input/output error

During handling of the above exception, another exception occurred:

Traceback (most recent call last):
  File "/home/thussenot/.conda/envs/multinest/lib/python3.8/site-packages/bilby/core/result.py", line 796, in save_to_file
    json.dump(dictionary, file, indent=2, cls=BilbyJsonEncoder)
OSError: [Errno 116] Stale file handle

During handling of the above exception, another exception occurred:

Traceback (most recent call last):
  File "/home/thussenot/.conda/envs/multinest/lib/python3.8/shutil.py", line 791, in move
    os.rename(src, real_dst)
FileNotFoundError: [Errno 2] No such file or directory: 'outdirBNSKatophat32cores/GRB211211A_result.pkl.temp' -> 'outdirBNSKatophat32cores/GRB211211A_result.pkl'

During handling of the above exception, another exception occurred:

Traceback (most recent call last):
  File "/home/thussenot/.conda/envs/multinest/bin/light_curve_analysis", line 8, in <module>
    sys.exit(main())
  File "/home/thussenot/.conda/envs/multinest/lib/python3.8/site-packages/nmma/em/analysis.py", line 622, in main
    result = bilby.run_sampler(
  File "/home/thussenot/.conda/envs/multinest/lib/python3.8/site-packages/bilby/core/sampler/__init__.py", line 262, in run_sampler
    result.save_to_file(extension=save, gzip=gzip, outdir=outdir)
  File "/home/thussenot/.conda/envs/multinest/lib/python3.8/site-packages/bilby/core/result.py", line 809, in save_to_file
    safe_file_dump(self, filename, "dill")
  File "/home/thussenot/.conda/envs/multinest/lib/python3.8/site-packages/bilby/core/utils/io.py", line 386, in safe_file_dump
    shutil.move(temp_filename, filename)
  File "/home/thussenot/.conda/envs/multinest/lib/python3.8/shutil.py", line 811, in move
    copy_function(src, real_dst)
  File "/home/thussenot/.conda/envs/multinest/lib/python3.8/shutil.py", line 435, in copy2
    copyfile(src, dst, follow_symlinks=follow_symlinks)
  File "/home/thussenot/.conda/envs/multinest/lib/python3.8/shutil.py", line 264, in copyfile
    with open(src, 'rb') as fsrc, open(dst, 'wb') as fdst:
FileNotFoundError: [Errno 2] No such file or directory: 'outdirBNSKatophat32cores/GRB211211A_result.pkl.temp'
Traceback (most recent call last):
  File "/home/thussenot/.conda/envs/multinest/lib/python3.8/site-packages/bilby/core/result.py", line 796, in save_to_file
    json.dump(dictionary, file, indent=2, cls=BilbyJsonEncoder)
OSError: [Errno 116] Stale file handle

During handling of the above exception, another exception occurred:

Traceback (most recent call last):
  File "/home/thussenot/.conda/envs/multinest/lib/python3.8/shutil.py", line 791, in move
    os.rename(src, real_dst)
FileNotFoundError: [Errno 2] No such file or directory: 'outdirBNSKatophat32cores/GRB211211A_result.pkl.temp' -> 'outdirBNSKatophat32cores/GRB211211A_result.pkl'

During handling of the above exception, another exception occurred:

Traceback (most recent call last):
  File "/home/thussenot/.conda/envs/multinest/bin/light_curve_analysis", line 8, in <module>
    sys.exit(main())
  File "/home/thussenot/.conda/envs/multinest/lib/python3.8/site-packages/nmma/em/analysis.py", line 622, in main
    result = bilby.run_sampler(
  File "/home/thussenot/.conda/envs/multinest/lib/python3.8/site-packages/bilby/core/sampler/__init__.py", line 262, in run_sampler
    result.save_to_file(extension=save, gzip=gzip, outdir=outdir)
  File "/home/thussenot/.conda/envs/multinest/lib/python3.8/site-packages/bilby/core/result.py", line 809, in save_to_file
    safe_file_dump(self, filename, "dill")
  File "/home/thussenot/.conda/envs/multinest/lib/python3.8/site-packages/bilby/core/utils/io.py", line 386, in safe_file_dump
    shutil.move(temp_filename, filename)
  File "/home/thussenot/.conda/envs/multinest/lib/python3.8/shutil.py", line 811, in move
    copy_function(src, real_dst)
  File "/home/thussenot/.conda/envs/multinest/lib/python3.8/shutil.py", line 435, in copy2
    copyfile(src, dst, follow_symlinks=follow_symlinks)
  File "/home/thussenot/.conda/envs/multinest/lib/python3.8/shutil.py", line 264, in copyfile
    with open(src, 'rb') as fsrc, open(dst, 'wb') as fdst:
FileNotFoundError: [Errno 2] No such file or directory: 'outdirBNSKatophat32cores/GRB211211A_result.pkl.temp'
12:25 bilby INFO    : Summary of results:
nsamples: 14010
ln_noise_evidence:  0.000
ln_evidence: -108.679 +/-  0.084
ln_bayes_factor: -108.679 +/-  0.084

12:25 bilby INFO    : Writing samples file to /home/thussenot/GRB211211A/priors/02_BNS_Kasen_GRB/02_Tophat/outdirBNSKatophat32cores/GRB211211A_posterior_samples.dat
Traceback (most recent call last):
  File "/home/thussenot/.conda/envs/multinest/bin/light_curve_analysis", line 8, in <module>
    sys.exit(main())
  File "/home/thussenot/.conda/envs/multinest/lib/python3.8/site-packages/nmma/em/analysis.py", line 622, in main
    result = bilby.run_sampler(
  File "/home/thussenot/.conda/envs/multinest/lib/python3.8/site-packages/bilby/core/sampler/__init__.py", line 278, in run_sampler
    result.save_to_file(overwrite=True, extension=save, gzip=gzip, outdir=outdir)
  File "/home/thussenot/.conda/envs/multinest/lib/python3.8/site-packages/bilby/core/result.py", line 773, in save_to_file
    move_old_file(filename, overwrite)
  File "/home/thussenot/.conda/envs/multinest/lib/python3.8/site-packages/bilby/core/utils/io.py", line 403, in move_old_file
    os.remove(filename)
FileNotFoundError: [Errno 2] No such file or directory: 'outdirBNSKatophat32cores/GRB211211A_result.json'
Traceback (most recent call last):
  File "/home/thussenot/.conda/envs/multinest/bin/light_curve_analysis", line 8, in <module>
    sys.exit(main())
  File "/home/thussenot/.conda/envs/multinest/lib/python3.8/site-packages/nmma/em/analysis.py", line 622, in main
    result = bilby.run_sampler(
  File "/home/thussenot/.conda/envs/multinest/lib/python3.8/site-packages/bilby/core/sampler/__init__.py", line 278, in run_sampler
    result.save_to_file(overwrite=True, extension=save, gzip=gzip, outdir=outdir)
  File "/home/thussenot/.conda/envs/multinest/lib/python3.8/site-packages/bilby/core/result.py", line 773, in save_to_file
    move_old_file(filename, overwrite)
  File "/home/thussenot/.conda/envs/multinest/lib/python3.8/site-packages/bilby/core/utils/io.py", line 403, in move_old_file
    os.remove(filename)
FileNotFoundError: [Errno 2] No such file or directory: 'outdirBNSKatophat32cores/GRB211211A_result.json'
Traceback (most recent call last):
  File "/home/thussenot/.conda/envs/multinest/bin/light_curve_analysis", line 8, in <module>
    sys.exit(main())
  File "/home/thussenot/.conda/envs/multinest/lib/python3.8/site-packages/nmma/em/analysis.py", line 622, in main
    result = bilby.run_sampler(
  File "/home/thussenot/.conda/envs/multinest/lib/python3.8/site-packages/bilby/core/sampler/__init__.py", line 278, in run_sampler
    result.save_to_file(overwrite=True, extension=save, gzip=gzip, outdir=outdir)
  File "/home/thussenot/.conda/envs/multinest/lib/python3.8/site-packages/bilby/core/result.py", line 773, in save_to_file
    move_old_file(filename, overwrite)
  File "/home/thussenot/.conda/envs/multinest/lib/python3.8/site-packages/bilby/core/utils/io.py", line 403, in move_old_file
    os.remove(filename)
FileNotFoundError: [Errno 2] No such file or directory: 'outdirBNSKatophat32cores/GRB211211A_result.json'
Traceback (most recent call last):
  File "/home/thussenot/.conda/envs/multinest/bin/light_curve_analysis", line 8, in <module>
    sys.exit(main())
  File "/home/thussenot/.conda/envs/multinest/lib/python3.8/site-packages/nmma/em/analysis.py", line 622, in main
    result = bilby.run_sampler(
  File "/home/thussenot/.conda/envs/multinest/lib/python3.8/site-packages/bilby/core/sampler/__init__.py", line 278, in run_sampler
    result.save_to_file(overwrite=True, extension=save, gzip=gzip, outdir=outdir)
  File "/home/thussenot/.conda/envs/multinest/lib/python3.8/site-packages/bilby/core/result.py", line 773, in save_to_file
    move_old_file(filename, overwrite)
  File "/home/thussenot/.conda/envs/multinest/lib/python3.8/site-packages/bilby/core/utils/io.py", line 403, in move_old_file
    os.remove(filename)
FileNotFoundError: [Errno 2] No such file or directory: 'outdirBNSKatophat32cores/GRB211211A_result.json'
Traceback (most recent call last):
  File "/home/thussenot/.conda/envs/multinest/bin/light_curve_analysis", line 8, in <module>
    sys.exit(main())
  File "/home/thussenot/.conda/envs/multinest/lib/python3.8/site-packages/nmma/em/analysis.py", line 622, in main
    result = bilby.run_sampler(
  File "/home/thussenot/.conda/envs/multinest/lib/python3.8/site-packages/bilby/core/sampler/__init__.py", line 278, in run_sampler
    result.save_to_file(overwrite=True, extension=save, gzip=gzip, outdir=outdir)
  File "/home/thussenot/.conda/envs/multinest/lib/python3.8/site-packages/bilby/core/result.py", line 773, in save_to_file
    move_old_file(filename, overwrite)
  File "/home/thussenot/.conda/envs/multinest/lib/python3.8/site-packages/bilby/core/utils/io.py", line 403, in move_old_file
    os.remove(filename)
FileNotFoundError: [Errno 2] No such file or directory: 'outdirBNSKatophat32cores/GRB211211A_result.json'
Traceback (most recent call last):
  File "/home/thussenot/.conda/envs/multinest/bin/light_curve_analysis", line 8, in <module>
    sys.exit(main())
  File "/home/thussenot/.conda/envs/multinest/lib/python3.8/site-packages/nmma/em/analysis.py", line 622, in main
    result = bilby.run_sampler(
  File "/home/thussenot/.conda/envs/multinest/lib/python3.8/site-packages/bilby/core/sampler/__init__.py", line 278, in run_sampler
    result.save_to_file(overwrite=True, extension=save, gzip=gzip, outdir=outdir)
  File "/home/thussenot/.conda/envs/multinest/lib/python3.8/site-packages/bilby/core/result.py", line 773, in save_to_file
    move_old_file(filename, overwrite)
  File "/home/thussenot/.conda/envs/multinest/lib/python3.8/site-packages/bilby/core/utils/io.py", line 403, in move_old_file
    os.remove(filename)
FileNotFoundError: [Errno 2] No such file or directory: 'outdirBNSKatophat32cores/GRB211211A_result.json'
Traceback (most recent call last):
  File "/home/thussenot/.conda/envs/multinest/bin/light_curve_analysis", line 8, in <module>
    sys.exit(main())
  File "/home/thussenot/.conda/envs/multinest/lib/python3.8/site-packages/nmma/em/analysis.py", line 622, in main
    result = bilby.run_sampler(
  File "/home/thussenot/.conda/envs/multinest/lib/python3.8/site-packages/bilby/core/sampler/__init__.py", line 278, in run_sampler
    result.save_to_file(overwrite=True, extension=save, gzip=gzip, outdir=outdir)
  File "/home/thussenot/.conda/envs/multinest/lib/python3.8/site-packages/bilby/core/result.py", line 773, in save_to_file
    move_old_file(filename, overwrite)
  File "/home/thussenot/.conda/envs/multinest/lib/python3.8/site-packages/bilby/core/utils/io.py", line 403, in move_old_file
    os.remove(filename)
FileNotFoundError: [Errno 2] No such file or directory: 'outdirBNSKatophat32cores/GRB211211A_result.json'
12:25 bilby INFO    : Summary of results:
nsamples: 14010
ln_noise_evidence:  0.000
ln_evidence: -108.679 +/-  0.084
ln_bayes_factor: -108.679 +/-  0.084

12:25 bilby INFO    : Writing samples file to /home/thussenot/GRB211211A/priors/02_BNS_Kasen_GRB/02_Tophat/outdirBNSKatophat32cores/GRB211211A_posterior_samples.dat
12:25 bilby INFO    : Summary of results:
nsamples: 14010
ln_noise_evidence:  0.000
ln_evidence: -108.679 +/-  0.084
ln_bayes_factor: -108.679 +/-  0.084

12:25 bilby INFO    : Writing samples file to /home/thussenot/GRB211211A/priors/02_BNS_Kasen_GRB/02_Tophat/outdirBNSKatophat32cores/GRB211211A_posterior_samples.dat
12:25 bilby INFO    : Summary of results:
nsamples: 14010
ln_noise_evidence:  0.000
ln_evidence: -108.679 +/-  0.084
ln_bayes_factor: -108.679 +/-  0.084

12:25 bilby INFO    : Writing samples file to /home/thussenot/GRB211211A/priors/02_BNS_Kasen_GRB/02_Tophat/outdirBNSKatophat32cores/GRB211211A_posterior_samples.dat
12:25 bilby INFO    : Summary of results:
nsamples: 14010
ln_noise_evidence:  0.000
ln_evidence: -108.679 +/-  0.084
ln_bayes_factor: -108.679 +/-  0.084

12:25 bilby INFO    : Summary of results:
nsamples: 14010
ln_noise_evidence:  0.000
ln_evidence: -108.679 +/-  0.084
ln_bayes_factor: -108.679 +/-  0.084

12:25 bilby INFO    : Summary of results:
nsamples: 14010
ln_noise_evidence:  0.000
ln_evidence: -108.679 +/-  0.084
ln_bayes_factor: -108.679 +/-  0.084

12:25 bilby INFO    : Writing samples file to /home/thussenot/GRB211211A/priors/02_BNS_Kasen_GRB/02_Tophat/outdirBNSKatophat32cores/GRB211211A_posterior_samples.dat
12:25 bilby INFO    : Writing samples file to /home/thussenot/GRB211211A/priors/02_BNS_Kasen_GRB/02_Tophat/outdirBNSKatophat32cores/GRB211211A_posterior_samples.dat
12:25 bilby INFO    : Summary of results:
nsamples: 14010
ln_noise_evidence:  0.000
ln_evidence: -108.679 +/-  0.084
ln_bayes_factor: -108.679 +/-  0.084

12:25 bilby INFO    : Writing samples file to /home/thussenot/GRB211211A/priors/02_BNS_Kasen_GRB/02_Tophat/outdirBNSKatophat32cores/GRB211211A_posterior_samples.dat
12:25 bilby INFO    : Writing samples file to /home/thussenot/GRB211211A/priors/02_BNS_Kasen_GRB/02_Tophat/outdirBNSKatophat32cores/GRB211211A_posterior_samples.dat
12:25 bilby INFO    : Summary of results:
nsamples: 14010
ln_noise_evidence:  0.000
ln_evidence: -108.679 +/-  0.084
ln_bayes_factor: -108.679 +/-  0.084

12:25 bilby INFO    : Writing samples file to /home/thussenot/GRB211211A/priors/02_BNS_Kasen_GRB/02_Tophat/outdirBNSKatophat32cores/GRB211211A_posterior_samples.dat
/home/thussenot/.conda/envs/multinest/lib/python3.8/site-packages/matplotlib/axes/_base.py:2503: UserWarning: Warning: converting a masked element to nan.
  xys = np.asarray(xys)
/home/thussenot/.conda/envs/multinest/lib/python3.8/site-packages/nmma/em/analysis.py:859: UserWarning: Tight layout not applied. tight_layout cannot make axes height small enough to accommodate all axes decorations.
  plt.tight_layout()
/home/thussenot/.conda/envs/multinest/lib/python3.8/site-packages/matplotlib/axes/_base.py:2503: UserWarning: Warning: converting a masked element to nan.
  xys = np.asarray(xys)
/home/thussenot/.conda/envs/multinest/lib/python3.8/site-packages/nmma/em/analysis.py:859: UserWarning: Tight layout not applied. tight_layout cannot make axes height small enough to accommodate all axes decorations.
  plt.tight_layout()
/home/thussenot/.conda/envs/multinest/lib/python3.8/site-packages/matplotlib/axes/_base.py:2503: UserWarning: Warning: converting a masked element to nan.
  xys = np.asarray(xys)
/home/thussenot/.conda/envs/multinest/lib/python3.8/site-packages/nmma/em/analysis.py:859: UserWarning: Tight layout not applied. tight_layout cannot make axes height small enough to accommodate all axes decorations.
  plt.tight_layout()
/home/thussenot/.conda/envs/multinest/lib/python3.8/site-packages/matplotlib/axes/_base.py:2503: UserWarning: Warning: converting a masked element to nan.
  xys = np.asarray(xys)
/home/thussenot/.conda/envs/multinest/lib/python3.8/site-packages/nmma/em/analysis.py:859: UserWarning: Tight layout not applied. tight_layout cannot make axes height small enough to accommodate all axes decorations.
  plt.tight_layout()
/home/thussenot/.conda/envs/multinest/lib/python3.8/site-packages/matplotlib/axes/_base.py:2503: UserWarning: Warning: converting a masked element to nan.
  xys = np.asarray(xys)
/home/thussenot/.conda/envs/multinest/lib/python3.8/site-packages/nmma/em/analysis.py:859: UserWarning: Tight layout not applied. tight_layout cannot make axes height small enough to accommodate all axes decorations.
  plt.tight_layout()
/home/thussenot/.conda/envs/multinest/lib/python3.8/site-packages/matplotlib/axes/_base.py:2503: UserWarning: Warning: converting a masked element to nan.
  xys = np.asarray(xys)
/home/thussenot/.conda/envs/multinest/lib/python3.8/site-packages/nmma/em/analysis.py:859: UserWarning: Tight layout not applied. tight_layout cannot make axes height small enough to accommodate all axes decorations.
  plt.tight_layout()
/home/thussenot/.conda/envs/multinest/lib/python3.8/site-packages/matplotlib/axes/_base.py:2503: UserWarning: Warning: converting a masked element to nan.
  xys = np.asarray(xys)
/home/thussenot/.conda/envs/multinest/lib/python3.8/site-packages/nmma/em/analysis.py:859: UserWarning: Tight layout not applied. tight_layout cannot make axes height small enough to accommodate all axes decorations.
  plt.tight_layout()
/home/thussenot/.conda/envs/multinest/lib/python3.8/site-packages/matplotlib/axes/_base.py:2503: UserWarning: Warning: converting a masked element to nan.
  xys = np.asarray(xys)
/home/thussenot/.conda/envs/multinest/lib/python3.8/site-packages/nmma/em/analysis.py:859: UserWarning: Tight layout not applied. tight_layout cannot make axes height small enough to accommodate all axes decorations.
  plt.tight_layout()
/home/thussenot/.conda/envs/multinest/lib/python3.8/site-packages/matplotlib/axes/_base.py:2503: UserWarning: Warning: converting a masked element to nan.
  xys = np.asarray(xys)
/home/thussenot/.conda/envs/multinest/lib/python3.8/site-packages/nmma/em/analysis.py:859: UserWarning: Tight layout not applied. tight_layout cannot make axes height small enough to accommodate all axes decorations.
  plt.tight_layout()
--------------------------------------------------------------------------
Primary job  terminated normally, but 1 process returned
a non-zero exit code. Per user-direction, the job has been aborted.
--------------------------------------------------------------------------
--------------------------------------------------------------------------
mpiexec detected that one or more processes exited with non-zero status, thus causing
the job to be terminated. The first process to do so was:

  Process name: [[61885,1],1]
  Exit code:    1
--------------------------------------------------------------------------
