/home/thussenot/.conda/envs/multinest/lib/python3.8/site-packages/sklearn/base.py:347: InconsistentVersionWarning: Trying to unpickle estimator GaussianProcessRegressor from version 1.0.2 when using version 1.3.0. This might lead to breaking code or invalid results. Use at your own risk. For more info please refer to:
https://scikit-learn.org/stable/model_persistence.html#security-maintainability-limitations
  warnings.warn(
18:00 bilby INFO    : Running for label 'GRB211211A', output will be saved to 'outdirBNSKagauss32cores'
/home/thussenot/.conda/envs/multinest/lib/python3.8/site-packages/sklearn/base.py:347: InconsistentVersionWarning: Trying to unpickle estimator GaussianProcessRegressor from version 1.0.2 when using version 1.3.0. This might lead to breaking code or invalid results. Use at your own risk. For more info please refer to:
https://scikit-learn.org/stable/model_persistence.html#security-maintainability-limitations
  warnings.warn(
18:00 bilby INFO    : Running for label 'GRB211211A', output will be saved to 'outdirBNSKagauss32cores'
/home/thussenot/.conda/envs/multinest/lib/python3.8/site-packages/sklearn/base.py:347: InconsistentVersionWarning: Trying to unpickle estimator GaussianProcessRegressor from version 1.0.2 when using version 1.3.0. This might lead to breaking code or invalid results. Use at your own risk. For more info please refer to:
https://scikit-learn.org/stable/model_persistence.html#security-maintainability-limitations
  warnings.warn(
18:00 bilby INFO    : Running for label 'GRB211211A', output will be saved to 'outdirBNSKagauss32cores'
/home/thussenot/.conda/envs/multinest/lib/python3.8/site-packages/sklearn/base.py:347: InconsistentVersionWarning: Trying to unpickle estimator GaussianProcessRegressor from version 1.0.2 when using version 1.3.0. This might lead to breaking code or invalid results. Use at your own risk. For more info please refer to:
https://scikit-learn.org/stable/model_persistence.html#security-maintainability-limitations
  warnings.warn(
18:00 bilby INFO    : Running for label 'GRB211211A', output will be saved to 'outdirBNSKagauss32cores'
/home/thussenot/.conda/envs/multinest/lib/python3.8/site-packages/sklearn/base.py:347: InconsistentVersionWarning: Trying to unpickle estimator GaussianProcessRegressor from version 1.0.2 when using version 1.3.0. This might lead to breaking code or invalid results. Use at your own risk. For more info please refer to:
https://scikit-learn.org/stable/model_persistence.html#security-maintainability-limitations
  warnings.warn(
18:00 bilby INFO    : Running for label 'GRB211211A', output will be saved to 'outdirBNSKagauss32cores'
/home/thussenot/.conda/envs/multinest/lib/python3.8/site-packages/sklearn/base.py:347: InconsistentVersionWarning: Trying to unpickle estimator GaussianProcessRegressor from version 1.0.2 when using version 1.3.0. This might lead to breaking code or invalid results. Use at your own risk. For more info please refer to:
https://scikit-learn.org/stable/model_persistence.html#security-maintainability-limitations
  warnings.warn(
18:00 bilby INFO    : Running for label 'GRB211211A', output will be saved to 'outdirBNSKagauss32cores'
/home/thussenot/.conda/envs/multinest/lib/python3.8/site-packages/sklearn/base.py:347: InconsistentVersionWarning: Trying to unpickle estimator GaussianProcessRegressor from version 1.0.2 when using version 1.3.0. This might lead to breaking code or invalid results. Use at your own risk. For more info please refer to:
https://scikit-learn.org/stable/model_persistence.html#security-maintainability-limitations
  warnings.warn(
18:00 bilby INFO    : Running for label 'GRB211211A', output will be saved to 'outdirBNSKagauss32cores'
/home/thussenot/.conda/envs/multinest/lib/python3.8/site-packages/sklearn/base.py:347: InconsistentVersionWarning: Trying to unpickle estimator GaussianProcessRegressor from version 1.0.2 when using version 1.3.0. This might lead to breaking code or invalid results. Use at your own risk. For more info please refer to:
https://scikit-learn.org/stable/model_persistence.html#security-maintainability-limitations
  warnings.warn(
18:00 bilby INFO    : Running for label 'GRB211211A', output will be saved to 'outdirBNSKagauss32cores'
/home/thussenot/.conda/envs/multinest/lib/python3.8/site-packages/sklearn/base.py:347: InconsistentVersionWarning: Trying to unpickle estimator GaussianProcessRegressor from version 1.0.2 when using version 1.3.0. This might lead to breaking code or invalid results. Use at your own risk. For more info please refer to:
https://scikit-learn.org/stable/model_persistence.html#security-maintainability-limitations
  warnings.warn(
18:00 bilby INFO    : Running for label 'GRB211211A', output will be saved to 'outdirBNSKagauss32cores'
/home/thussenot/.conda/envs/multinest/lib/python3.8/site-packages/sklearn/base.py:347: InconsistentVersionWarning: Trying to unpickle estimator GaussianProcessRegressor from version 1.0.2 when using version 1.3.0. This might lead to breaking code or invalid results. Use at your own risk. For more info please refer to:
https://scikit-learn.org/stable/model_persistence.html#security-maintainability-limitations
  warnings.warn(
18:00 bilby INFO    : Running for label 'GRB211211A', output will be saved to 'outdirBNSKagauss32cores'
/home/thussenot/.conda/envs/multinest/lib/python3.8/site-packages/sklearn/base.py:347: InconsistentVersionWarning: Trying to unpickle estimator GaussianProcessRegressor from version 1.0.2 when using version 1.3.0. This might lead to breaking code or invalid results. Use at your own risk. For more info please refer to:
https://scikit-learn.org/stable/model_persistence.html#security-maintainability-limitations
  warnings.warn(
18:00 bilby INFO    : Running for label 'GRB211211A', output will be saved to 'outdirBNSKagauss32cores'
/home/thussenot/.conda/envs/multinest/lib/python3.8/site-packages/sklearn/base.py:347: InconsistentVersionWarning: Trying to unpickle estimator GaussianProcessRegressor from version 1.0.2 when using version 1.3.0. This might lead to breaking code or invalid results. Use at your own risk. For more info please refer to:
https://scikit-learn.org/stable/model_persistence.html#security-maintainability-limitations
  warnings.warn(
18:00 bilby INFO    : Running for label 'GRB211211A', output will be saved to 'outdirBNSKagauss32cores'
/home/thussenot/.conda/envs/multinest/lib/python3.8/site-packages/sklearn/base.py:347: InconsistentVersionWarning: Trying to unpickle estimator GaussianProcessRegressor from version 1.0.2 when using version 1.3.0. This might lead to breaking code or invalid results. Use at your own risk. For more info please refer to:
https://scikit-learn.org/stable/model_persistence.html#security-maintainability-limitations
  warnings.warn(
18:00 bilby INFO    : Running for label 'GRB211211A', output will be saved to 'outdirBNSKagauss32cores'
/home/thussenot/.conda/envs/multinest/lib/python3.8/site-packages/sklearn/base.py:347: InconsistentVersionWarning: Trying to unpickle estimator GaussianProcessRegressor from version 1.0.2 when using version 1.3.0. This might lead to breaking code or invalid results. Use at your own risk. For more info please refer to:
https://scikit-learn.org/stable/model_persistence.html#security-maintainability-limitations
  warnings.warn(
18:00 bilby INFO    : Running for label 'GRB211211A', output will be saved to 'outdirBNSKagauss32cores'
/home/thussenot/.conda/envs/multinest/lib/python3.8/site-packages/sklearn/base.py:347: InconsistentVersionWarning: Trying to unpickle estimator GaussianProcessRegressor from version 1.0.2 when using version 1.3.0. This might lead to breaking code or invalid results. Use at your own risk. For more info please refer to:
https://scikit-learn.org/stable/model_persistence.html#security-maintainability-limitations
  warnings.warn(
18:00 bilby INFO    : Running for label 'GRB211211A', output will be saved to 'outdirBNSKagauss32cores'
/home/thussenot/.conda/envs/multinest/lib/python3.8/site-packages/sklearn/base.py:347: InconsistentVersionWarning: Trying to unpickle estimator GaussianProcessRegressor from version 1.0.2 when using version 1.3.0. This might lead to breaking code or invalid results. Use at your own risk. For more info please refer to:
https://scikit-learn.org/stable/model_persistence.html#security-maintainability-limitations
  warnings.warn(
18:00 bilby INFO    : Running for label 'GRB211211A', output will be saved to 'outdirBNSKagauss32cores'
/home/thussenot/.conda/envs/multinest/lib/python3.8/site-packages/sklearn/base.py:347: InconsistentVersionWarning: Trying to unpickle estimator GaussianProcessRegressor from version 1.0.2 when using version 1.3.0. This might lead to breaking code or invalid results. Use at your own risk. For more info please refer to:
https://scikit-learn.org/stable/model_persistence.html#security-maintainability-limitations
  warnings.warn(
18:00 bilby INFO    : Running for label 'GRB211211A', output will be saved to 'outdirBNSKagauss32cores'
/home/thussenot/.conda/envs/multinest/lib/python3.8/site-packages/sklearn/base.py:347: InconsistentVersionWarning: Trying to unpickle estimator GaussianProcessRegressor from version 1.0.2 when using version 1.3.0. This might lead to breaking code or invalid results. Use at your own risk. For more info please refer to:
https://scikit-learn.org/stable/model_persistence.html#security-maintainability-limitations
  warnings.warn(
18:00 bilby INFO    : Running for label 'GRB211211A', output will be saved to 'outdirBNSKagauss32cores'
/home/thussenot/.conda/envs/multinest/lib/python3.8/site-packages/sklearn/base.py:347: InconsistentVersionWarning: Trying to unpickle estimator GaussianProcessRegressor from version 1.0.2 when using version 1.3.0. This might lead to breaking code or invalid results. Use at your own risk. For more info please refer to:
https://scikit-learn.org/stable/model_persistence.html#security-maintainability-limitations
  warnings.warn(
18:00 bilby INFO    : Running for label 'GRB211211A', output will be saved to 'outdirBNSKagauss32cores'
/home/thussenot/.conda/envs/multinest/lib/python3.8/site-packages/sklearn/base.py:347: InconsistentVersionWarning: Trying to unpickle estimator GaussianProcessRegressor from version 1.0.2 when using version 1.3.0. This might lead to breaking code or invalid results. Use at your own risk. For more info please refer to:
https://scikit-learn.org/stable/model_persistence.html#security-maintainability-limitations
  warnings.warn(
18:00 bilby INFO    : Running for label 'GRB211211A', output will be saved to 'outdirBNSKagauss32cores'
/home/thussenot/.conda/envs/multinest/lib/python3.8/site-packages/sklearn/base.py:347: InconsistentVersionWarning: Trying to unpickle estimator GaussianProcessRegressor from version 1.0.2 when using version 1.3.0. This might lead to breaking code or invalid results. Use at your own risk. For more info please refer to:
https://scikit-learn.org/stable/model_persistence.html#security-maintainability-limitations
  warnings.warn(
18:00 bilby INFO    : Running for label 'GRB211211A', output will be saved to 'outdirBNSKagauss32cores'
/home/thussenot/.conda/envs/multinest/lib/python3.8/site-packages/sklearn/base.py:347: InconsistentVersionWarning: Trying to unpickle estimator GaussianProcessRegressor from version 1.0.2 when using version 1.3.0. This might lead to breaking code or invalid results. Use at your own risk. For more info please refer to:
https://scikit-learn.org/stable/model_persistence.html#security-maintainability-limitations
  warnings.warn(
18:00 bilby INFO    : Running for label 'GRB211211A', output will be saved to 'outdirBNSKagauss32cores'
/home/thussenot/.conda/envs/multinest/lib/python3.8/site-packages/sklearn/base.py:347: InconsistentVersionWarning: Trying to unpickle estimator GaussianProcessRegressor from version 1.0.2 when using version 1.3.0. This might lead to breaking code or invalid results. Use at your own risk. For more info please refer to:
https://scikit-learn.org/stable/model_persistence.html#security-maintainability-limitations
  warnings.warn(
18:00 bilby INFO    : Running for label 'GRB211211A', output will be saved to 'outdirBNSKagauss32cores'
/home/thussenot/.conda/envs/multinest/lib/python3.8/site-packages/sklearn/base.py:347: InconsistentVersionWarning: Trying to unpickle estimator GaussianProcessRegressor from version 1.0.2 when using version 1.3.0. This might lead to breaking code or invalid results. Use at your own risk. For more info please refer to:
https://scikit-learn.org/stable/model_persistence.html#security-maintainability-limitations
  warnings.warn(
18:00 bilby INFO    : Running for label 'GRB211211A', output will be saved to 'outdirBNSKagauss32cores'
/home/thussenot/.conda/envs/multinest/lib/python3.8/site-packages/sklearn/base.py:347: InconsistentVersionWarning: Trying to unpickle estimator GaussianProcessRegressor from version 1.0.2 when using version 1.3.0. This might lead to breaking code or invalid results. Use at your own risk. For more info please refer to:
https://scikit-learn.org/stable/model_persistence.html#security-maintainability-limitations
  warnings.warn(
18:00 bilby INFO    : Running for label 'GRB211211A', output will be saved to 'outdirBNSKagauss32cores'
/home/thussenot/.conda/envs/multinest/lib/python3.8/site-packages/sklearn/base.py:347: InconsistentVersionWarning: Trying to unpickle estimator GaussianProcessRegressor from version 1.0.2 when using version 1.3.0. This might lead to breaking code or invalid results. Use at your own risk. For more info please refer to:
https://scikit-learn.org/stable/model_persistence.html#security-maintainability-limitations
  warnings.warn(
18:00 bilby INFO    : Running for label 'GRB211211A', output will be saved to 'outdirBNSKagauss32cores'
/home/thussenot/.conda/envs/multinest/lib/python3.8/site-packages/sklearn/base.py:347: InconsistentVersionWarning: Trying to unpickle estimator GaussianProcessRegressor from version 1.0.2 when using version 1.3.0. This might lead to breaking code or invalid results. Use at your own risk. For more info please refer to:
https://scikit-learn.org/stable/model_persistence.html#security-maintainability-limitations
  warnings.warn(
18:00 bilby INFO    : Running for label 'GRB211211A', output will be saved to 'outdirBNSKagauss32cores'
/home/thussenot/.conda/envs/multinest/lib/python3.8/site-packages/sklearn/base.py:347: InconsistentVersionWarning: Trying to unpickle estimator GaussianProcessRegressor from version 1.0.2 when using version 1.3.0. This might lead to breaking code or invalid results. Use at your own risk. For more info please refer to:
https://scikit-learn.org/stable/model_persistence.html#security-maintainability-limitations
  warnings.warn(
18:00 bilby INFO    : Running for label 'GRB211211A', output will be saved to 'outdirBNSKagauss32cores'
/home/thussenot/.conda/envs/multinest/lib/python3.8/site-packages/sklearn/base.py:347: InconsistentVersionWarning: Trying to unpickle estimator GaussianProcessRegressor from version 1.0.2 when using version 1.3.0. This might lead to breaking code or invalid results. Use at your own risk. For more info please refer to:
https://scikit-learn.org/stable/model_persistence.html#security-maintainability-limitations
  warnings.warn(
18:00 bilby INFO    : Running for label 'GRB211211A', output will be saved to 'outdirBNSKagauss32cores'
/home/thussenot/.conda/envs/multinest/lib/python3.8/site-packages/sklearn/base.py:347: InconsistentVersionWarning: Trying to unpickle estimator GaussianProcessRegressor from version 1.0.2 when using version 1.3.0. This might lead to breaking code or invalid results. Use at your own risk. For more info please refer to:
https://scikit-learn.org/stable/model_persistence.html#security-maintainability-limitations
  warnings.warn(
18:00 bilby INFO    : Running for label 'GRB211211A', output will be saved to 'outdirBNSKagauss32cores'
/home/thussenot/.conda/envs/multinest/lib/python3.8/site-packages/sklearn/base.py:347: InconsistentVersionWarning: Trying to unpickle estimator GaussianProcessRegressor from version 1.0.2 when using version 1.3.0. This might lead to breaking code or invalid results. Use at your own risk. For more info please refer to:
https://scikit-learn.org/stable/model_persistence.html#security-maintainability-limitations
  warnings.warn(
18:00 bilby INFO    : Running for label 'GRB211211A', output will be saved to 'outdirBNSKagauss32cores'
/home/thussenot/.conda/envs/multinest/lib/python3.8/site-packages/sklearn/base.py:347: InconsistentVersionWarning: Trying to unpickle estimator GaussianProcessRegressor from version 1.0.2 when using version 1.3.0. This might lead to breaking code or invalid results. Use at your own risk. For more info please refer to:
https://scikit-learn.org/stable/model_persistence.html#security-maintainability-limitations
  warnings.warn(
18:00 bilby INFO    : Running for label 'GRB211211A', output will be saved to 'outdirBNSKagauss32cores'
18:00 bilby INFO    : Analysis priors:
18:00 bilby INFO    : Analysis priors:
18:00 bilby INFO    : Analysis priors:
18:00 bilby INFO    : Analysis priors:
18:00 bilby INFO    : Analysis priors:
18:00 bilby INFO    : Analysis priors:
18:00 bilby INFO    : Analysis priors:
18:00 bilby INFO    : Analysis priors:
18:00 bilby INFO    : Analysis priors:
18:00 bilby INFO    : Analysis priors:
18:00 bilby INFO    : Analysis priors:
18:00 bilby INFO    : Analysis priors:
18:00 bilby INFO    : Analysis priors:
18:00 bilby INFO    : Analysis priors:
18:00 bilby INFO    : Analysis priors:
18:00 bilby INFO    : log10_Xlan=Uniform(minimum=-4.5, maximum=-1, name='log10_Xlan', latex_label='log10_Xlan', unit=None, boundary='reflective')
18:00 bilby INFO    : Analysis priors:
18:00 bilby INFO    : Analysis priors:
18:00 bilby INFO    : Analysis priors:
18:00 bilby INFO    : log10_Xlan=Uniform(minimum=-4.5, maximum=-1, name='log10_Xlan', latex_label='log10_Xlan', unit=None, boundary='reflective')
18:00 bilby INFO    : Analysis priors:
18:00 bilby INFO    : Analysis priors:
18:00 bilby INFO    : log10_Xlan=Uniform(minimum=-4.5, maximum=-1, name='log10_Xlan', latex_label='log10_Xlan', unit=None, boundary='reflective')
18:00 bilby INFO    : Analysis priors:
18:00 bilby INFO    : Analysis priors:
18:00 bilby INFO    : log10_Xlan=Uniform(minimum=-4.5, maximum=-1, name='log10_Xlan', latex_label='log10_Xlan', unit=None, boundary='reflective')
18:00 bilby INFO    : Analysis priors:
18:00 bilby INFO    : log10_Xlan=Uniform(minimum=-4.5, maximum=-1, name='log10_Xlan', latex_label='log10_Xlan', unit=None, boundary='reflective')
18:00 bilby INFO    : Analysis priors:
18:00 bilby INFO    : log10_Xlan=Uniform(minimum=-4.5, maximum=-1, name='log10_Xlan', latex_label='log10_Xlan', unit=None, boundary='reflective')
18:00 bilby INFO    : Analysis priors:
18:00 bilby INFO    : log10_Xlan=Uniform(minimum=-4.5, maximum=-1, name='log10_Xlan', latex_label='log10_Xlan', unit=None, boundary='reflective')
18:00 bilby INFO    : Analysis priors:
18:00 bilby INFO    : log10_Xlan=Uniform(minimum=-4.5, maximum=-1, name='log10_Xlan', latex_label='log10_Xlan', unit=None, boundary='reflective')
18:00 bilby INFO    : Analysis priors:
18:00 bilby INFO    : Analysis priors:
18:00 bilby INFO    : log10_Xlan=Uniform(minimum=-4.5, maximum=-1, name='log10_Xlan', latex_label='log10_Xlan', unit=None, boundary='reflective')
18:00 bilby INFO    : Analysis priors:
18:00 bilby INFO    : Analysis priors:
18:00 bilby INFO    : log10_Xlan=Uniform(minimum=-4.5, maximum=-1, name='log10_Xlan', latex_label='log10_Xlan', unit=None, boundary='reflective')
18:00 bilby INFO    : Analysis priors:
18:00 bilby INFO    : log10_Xlan=Uniform(minimum=-4.5, maximum=-1, name='log10_Xlan', latex_label='log10_Xlan', unit=None, boundary='reflective')
18:00 bilby INFO    : log10_Xlan=Uniform(minimum=-4.5, maximum=-1, name='log10_Xlan', latex_label='log10_Xlan', unit=None, boundary='reflective')
18:00 bilby INFO    : log10_Xlan=Uniform(minimum=-4.5, maximum=-1, name='log10_Xlan', latex_label='log10_Xlan', unit=None, boundary='reflective')
18:00 bilby INFO    : log10_Xlan=Uniform(minimum=-4.5, maximum=-1, name='log10_Xlan', latex_label='log10_Xlan', unit=None, boundary='reflective')
18:00 bilby INFO    : log10_Xlan=Uniform(minimum=-4.5, maximum=-1, name='log10_Xlan', latex_label='log10_Xlan', unit=None, boundary='reflective')
18:00 bilby INFO    : log10_Xlan=Uniform(minimum=-4.5, maximum=-1, name='log10_Xlan', latex_label='log10_Xlan', unit=None, boundary='reflective')
18:00 bilby INFO    : log10_Xlan=Uniform(minimum=-4.5, maximum=-1, name='log10_Xlan', latex_label='log10_Xlan', unit=None, boundary='reflective')
18:00 bilby INFO    : log10_Xlan=Uniform(minimum=-4.5, maximum=-1, name='log10_Xlan', latex_label='log10_Xlan', unit=None, boundary='reflective')
18:00 bilby INFO    : log10_Xlan=Uniform(minimum=-4.5, maximum=-1, name='log10_Xlan', latex_label='log10_Xlan', unit=None, boundary='reflective')
18:00 bilby INFO    : log10_Xlan=Uniform(minimum=-4.5, maximum=-1, name='log10_Xlan', latex_label='log10_Xlan', unit=None, boundary='reflective')
18:00 bilby INFO    : log10_Xlan=Uniform(minimum=-4.5, maximum=-1, name='log10_Xlan', latex_label='log10_Xlan', unit=None, boundary='reflective')
18:00 bilby INFO    : log10_Xlan=Uniform(minimum=-4.5, maximum=-1, name='log10_Xlan', latex_label='log10_Xlan', unit=None, boundary='reflective')
18:00 bilby INFO    : log10_Xlan=Uniform(minimum=-4.5, maximum=-1, name='log10_Xlan', latex_label='log10_Xlan', unit=None, boundary='reflective')
18:00 bilby INFO    : log10_Xlan=Uniform(minimum=-4.5, maximum=-1, name='log10_Xlan', latex_label='log10_Xlan', unit=None, boundary='reflective')
18:00 bilby INFO    : log10_Xlan=Uniform(minimum=-4.5, maximum=-1, name='log10_Xlan', latex_label='log10_Xlan', unit=None, boundary='reflective')
18:00 bilby INFO    : log10_mej=Uniform(minimum=-2.5, maximum=-1, name='log10_mej', latex_label='$\\log_{10}M^{\\rm{dyn}}_{\\rm{ej}}$', unit=None, boundary=None)
18:00 bilby INFO    : log10_Xlan=Uniform(minimum=-4.5, maximum=-1, name='log10_Xlan', latex_label='log10_Xlan', unit=None, boundary='reflective')
18:00 bilby INFO    : log10_Xlan=Uniform(minimum=-4.5, maximum=-1, name='log10_Xlan', latex_label='log10_Xlan', unit=None, boundary='reflective')
18:00 bilby INFO    : log10_mej=Uniform(minimum=-2.5, maximum=-1, name='log10_mej', latex_label='$\\log_{10}M^{\\rm{dyn}}_{\\rm{ej}}$', unit=None, boundary=None)
18:00 bilby INFO    : log10_Xlan=Uniform(minimum=-4.5, maximum=-1, name='log10_Xlan', latex_label='log10_Xlan', unit=None, boundary='reflective')
18:00 bilby INFO    : log10_mej=Uniform(minimum=-2.5, maximum=-1, name='log10_mej', latex_label='$\\log_{10}M^{\\rm{dyn}}_{\\rm{ej}}$', unit=None, boundary=None)
18:00 bilby INFO    : log10_mej=Uniform(minimum=-2.5, maximum=-1, name='log10_mej', latex_label='$\\log_{10}M^{\\rm{dyn}}_{\\rm{ej}}$', unit=None, boundary=None)
18:00 bilby INFO    : log10_Xlan=Uniform(minimum=-4.5, maximum=-1, name='log10_Xlan', latex_label='log10_Xlan', unit=None, boundary='reflective')
18:00 bilby INFO    : log10_Xlan=Uniform(minimum=-4.5, maximum=-1, name='log10_Xlan', latex_label='log10_Xlan', unit=None, boundary='reflective')
18:00 bilby INFO    : log10_mej=Uniform(minimum=-2.5, maximum=-1, name='log10_mej', latex_label='$\\log_{10}M^{\\rm{dyn}}_{\\rm{ej}}$', unit=None, boundary=None)
18:00 bilby INFO    : log10_mej=Uniform(minimum=-2.5, maximum=-1, name='log10_mej', latex_label='$\\log_{10}M^{\\rm{dyn}}_{\\rm{ej}}$', unit=None, boundary=None)
18:00 bilby INFO    : log10_Xlan=Uniform(minimum=-4.5, maximum=-1, name='log10_Xlan', latex_label='log10_Xlan', unit=None, boundary='reflective')
18:00 bilby INFO    : log10_mej=Uniform(minimum=-2.5, maximum=-1, name='log10_mej', latex_label='$\\log_{10}M^{\\rm{dyn}}_{\\rm{ej}}$', unit=None, boundary=None)
18:00 bilby INFO    : log10_mej=Uniform(minimum=-2.5, maximum=-1, name='log10_mej', latex_label='$\\log_{10}M^{\\rm{dyn}}_{\\rm{ej}}$', unit=None, boundary=None)
18:00 bilby INFO    : log10_mej=Uniform(minimum=-2.5, maximum=-1, name='log10_mej', latex_label='$\\log_{10}M^{\\rm{dyn}}_{\\rm{ej}}$', unit=None, boundary=None)
18:00 bilby INFO    : log10_mej=Uniform(minimum=-2.5, maximum=-1, name='log10_mej', latex_label='$\\log_{10}M^{\\rm{dyn}}_{\\rm{ej}}$', unit=None, boundary=None)
18:00 bilby INFO    : log10_mej=Uniform(minimum=-2.5, maximum=-1, name='log10_mej', latex_label='$\\log_{10}M^{\\rm{dyn}}_{\\rm{ej}}$', unit=None, boundary=None)
18:00 bilby INFO    : log10_mej=Uniform(minimum=-2.5, maximum=-1, name='log10_mej', latex_label='$\\log_{10}M^{\\rm{dyn}}_{\\rm{ej}}$', unit=None, boundary=None)
18:00 bilby INFO    : log10_mej=Uniform(minimum=-2.5, maximum=-1, name='log10_mej', latex_label='$\\log_{10}M^{\\rm{dyn}}_{\\rm{ej}}$', unit=None, boundary=None)
18:00 bilby INFO    : log10_mej=Uniform(minimum=-2.5, maximum=-1, name='log10_mej', latex_label='$\\log_{10}M^{\\rm{dyn}}_{\\rm{ej}}$', unit=None, boundary=None)
18:00 bilby INFO    : log10_mej=Uniform(minimum=-2.5, maximum=-1, name='log10_mej', latex_label='$\\log_{10}M^{\\rm{dyn}}_{\\rm{ej}}$', unit=None, boundary=None)
18:00 bilby INFO    : log10_mej=Uniform(minimum=-2.5, maximum=-1, name='log10_mej', latex_label='$\\log_{10}M^{\\rm{dyn}}_{\\rm{ej}}$', unit=None, boundary=None)
18:00 bilby INFO    : log10_mej=Uniform(minimum=-2.5, maximum=-1, name='log10_mej', latex_label='$\\log_{10}M^{\\rm{dyn}}_{\\rm{ej}}$', unit=None, boundary=None)
18:00 bilby INFO    : log10_mej=Uniform(minimum=-2.5, maximum=-1, name='log10_mej', latex_label='$\\log_{10}M^{\\rm{dyn}}_{\\rm{ej}}$', unit=None, boundary=None)
18:00 bilby INFO    : log10_mej=Uniform(minimum=-2.5, maximum=-1, name='log10_mej', latex_label='$\\log_{10}M^{\\rm{dyn}}_{\\rm{ej}}$', unit=None, boundary=None)
18:00 bilby INFO    : log10_mej=Uniform(minimum=-2.5, maximum=-1, name='log10_mej', latex_label='$\\log_{10}M^{\\rm{dyn}}_{\\rm{ej}}$', unit=None, boundary=None)
18:00 bilby INFO    : log10_mej=Uniform(minimum=-2.5, maximum=-1, name='log10_mej', latex_label='$\\log_{10}M^{\\rm{dyn}}_{\\rm{ej}}$', unit=None, boundary=None)
18:00 bilby INFO    : log10_mej=Uniform(minimum=-2.5, maximum=-1, name='log10_mej', latex_label='$\\log_{10}M^{\\rm{dyn}}_{\\rm{ej}}$', unit=None, boundary=None)
18:00 bilby INFO    : log10_mej=Uniform(minimum=-2.5, maximum=-1, name='log10_mej', latex_label='$\\log_{10}M^{\\rm{dyn}}_{\\rm{ej}}$', unit=None, boundary=None)
18:00 bilby INFO    : log10_mej=Uniform(minimum=-2.5, maximum=-1, name='log10_mej', latex_label='$\\log_{10}M^{\\rm{dyn}}_{\\rm{ej}}$', unit=None, boundary=None)
18:00 bilby INFO    : log10_mej=Uniform(minimum=-2.5, maximum=-1, name='log10_mej', latex_label='$\\log_{10}M^{\\rm{dyn}}_{\\rm{ej}}$', unit=None, boundary=None)
18:00 bilby INFO    : log10_mej=Uniform(minimum=-2.5, maximum=-1, name='log10_mej', latex_label='$\\log_{10}M^{\\rm{dyn}}_{\\rm{ej}}$', unit=None, boundary=None)
18:00 bilby INFO    : log10_vej=Uniform(minimum=-1.8, maximum=-0.01, name='log10_vej', latex_label='$\\log_{10}v$', unit=None, boundary=None)
18:00 bilby INFO    : log10_mej=Uniform(minimum=-2.5, maximum=-1, name='log10_mej', latex_label='$\\log_{10}M^{\\rm{dyn}}_{\\rm{ej}}$', unit=None, boundary=None)
18:00 bilby INFO    : log10_mej=Uniform(minimum=-2.5, maximum=-1, name='log10_mej', latex_label='$\\log_{10}M^{\\rm{dyn}}_{\\rm{ej}}$', unit=None, boundary=None)
18:00 bilby INFO    : log10_mej=Uniform(minimum=-2.5, maximum=-1, name='log10_mej', latex_label='$\\log_{10}M^{\\rm{dyn}}_{\\rm{ej}}$', unit=None, boundary=None)
18:00 bilby INFO    : log10_vej=Uniform(minimum=-1.8, maximum=-0.01, name='log10_vej', latex_label='$\\log_{10}v$', unit=None, boundary=None)
18:00 bilby INFO    : log10_vej=Uniform(minimum=-1.8, maximum=-0.01, name='log10_vej', latex_label='$\\log_{10}v$', unit=None, boundary=None)
18:00 bilby INFO    : log10_mej=Uniform(minimum=-2.5, maximum=-1, name='log10_mej', latex_label='$\\log_{10}M^{\\rm{dyn}}_{\\rm{ej}}$', unit=None, boundary=None)
18:00 bilby INFO    : log10_mej=Uniform(minimum=-2.5, maximum=-1, name='log10_mej', latex_label='$\\log_{10}M^{\\rm{dyn}}_{\\rm{ej}}$', unit=None, boundary=None)
18:00 bilby INFO    : log10_vej=Uniform(minimum=-1.8, maximum=-0.01, name='log10_vej', latex_label='$\\log_{10}v$', unit=None, boundary=None)
18:00 bilby INFO    : log10_vej=Uniform(minimum=-1.8, maximum=-0.01, name='log10_vej', latex_label='$\\log_{10}v$', unit=None, boundary=None)
18:00 bilby INFO    : log10_vej=Uniform(minimum=-1.8, maximum=-0.01, name='log10_vej', latex_label='$\\log_{10}v$', unit=None, boundary=None)
18:00 bilby INFO    : log10_vej=Uniform(minimum=-1.8, maximum=-0.01, name='log10_vej', latex_label='$\\log_{10}v$', unit=None, boundary=None)
18:00 bilby INFO    : log10_vej=Uniform(minimum=-1.8, maximum=-0.01, name='log10_vej', latex_label='$\\log_{10}v$', unit=None, boundary=None)
18:00 bilby INFO    : log10_vej=Uniform(minimum=-1.8, maximum=-0.01, name='log10_vej', latex_label='$\\log_{10}v$', unit=None, boundary=None)
18:00 bilby INFO    : log10_vej=Uniform(minimum=-1.8, maximum=-0.01, name='log10_vej', latex_label='$\\log_{10}v$', unit=None, boundary=None)
18:00 bilby INFO    : log10_vej=Uniform(minimum=-1.8, maximum=-0.01, name='log10_vej', latex_label='$\\log_{10}v$', unit=None, boundary=None)
18:00 bilby INFO    : log10_vej=Uniform(minimum=-1.8, maximum=-0.01, name='log10_vej', latex_label='$\\log_{10}v$', unit=None, boundary=None)
18:00 bilby INFO    : log10_vej=Uniform(minimum=-1.8, maximum=-0.01, name='log10_vej', latex_label='$\\log_{10}v$', unit=None, boundary=None)
18:00 bilby INFO    : log10_vej=Uniform(minimum=-1.8, maximum=-0.01, name='log10_vej', latex_label='$\\log_{10}v$', unit=None, boundary=None)
18:00 bilby INFO    : log10_vej=Uniform(minimum=-1.8, maximum=-0.01, name='log10_vej', latex_label='$\\log_{10}v$', unit=None, boundary=None)
18:00 bilby INFO    : log10_vej=Uniform(minimum=-1.8, maximum=-0.01, name='log10_vej', latex_label='$\\log_{10}v$', unit=None, boundary=None)
18:00 bilby INFO    : log10_vej=Uniform(minimum=-1.8, maximum=-0.01, name='log10_vej', latex_label='$\\log_{10}v$', unit=None, boundary=None)
18:00 bilby INFO    : log10_vej=Uniform(minimum=-1.8, maximum=-0.01, name='log10_vej', latex_label='$\\log_{10}v$', unit=None, boundary=None)
18:00 bilby INFO    : log10_vej=Uniform(minimum=-1.8, maximum=-0.01, name='log10_vej', latex_label='$\\log_{10}v$', unit=None, boundary=None)
18:00 bilby INFO    : log10_vej=Uniform(minimum=-1.8, maximum=-0.01, name='log10_vej', latex_label='$\\log_{10}v$', unit=None, boundary=None)
18:00 bilby INFO    : log10_vej=Uniform(minimum=-1.8, maximum=-0.01, name='log10_vej', latex_label='$\\log_{10}v$', unit=None, boundary=None)
18:00 bilby INFO    : log10_vej=Uniform(minimum=-1.8, maximum=-0.01, name='log10_vej', latex_label='$\\log_{10}v$', unit=None, boundary=None)
18:00 bilby INFO    : log10_vej=Uniform(minimum=-1.8, maximum=-0.01, name='log10_vej', latex_label='$\\log_{10}v$', unit=None, boundary=None)
18:00 bilby INFO    : log10_vej=Uniform(minimum=-1.8, maximum=-0.01, name='log10_vej', latex_label='$\\log_{10}v$', unit=None, boundary=None)
18:00 bilby INFO    : log10_vej=Uniform(minimum=-1.8, maximum=-0.01, name='log10_vej', latex_label='$\\log_{10}v$', unit=None, boundary=None)
18:00 bilby INFO    : log10_vej=Uniform(minimum=-1.8, maximum=-0.01, name='log10_vej', latex_label='$\\log_{10}v$', unit=None, boundary=None)
18:00 bilby INFO    : log10_vej=Uniform(minimum=-1.8, maximum=-0.01, name='log10_vej', latex_label='$\\log_{10}v$', unit=None, boundary=None)
18:00 bilby INFO    : log10_vej=Uniform(minimum=-1.8, maximum=-0.01, name='log10_vej', latex_label='$\\log_{10}v$', unit=None, boundary=None)
18:00 bilby INFO    : log10_vej=Uniform(minimum=-1.8, maximum=-0.01, name='log10_vej', latex_label='$\\log_{10}v$', unit=None, boundary=None)
18:00 bilby INFO    : log10_vej=Uniform(minimum=-1.8, maximum=-0.01, name='log10_vej', latex_label='$\\log_{10}v$', unit=None, boundary=None)
18:00 bilby INFO    : log10_vej=Uniform(minimum=-1.8, maximum=-0.01, name='log10_vej', latex_label='$\\log_{10}v$', unit=None, boundary=None)
18:00 bilby INFO    : Analysis priors:
18:00 bilby INFO    : log10_Xlan=Uniform(minimum=-4.5, maximum=-1, name='log10_Xlan', latex_label='log10_Xlan', unit=None, boundary='reflective')
18:00 bilby INFO    : log10_mej=Uniform(minimum=-2.5, maximum=-1, name='log10_mej', latex_label='$\\log_{10}M^{\\rm{dyn}}_{\\rm{ej}}$', unit=None, boundary=None)
18:00 bilby INFO    : inclination_EM=nmma.em.prior.ConditionalGaussianIotaGivenThetaCore(minimum=0.0, maximum=0.7853981633974483, name='inclination_EM', N_sigma=1.0, latex_label='$\\iota$', unit=None, boundary=None)
18:00 bilby INFO    : inclination_EM=nmma.em.prior.ConditionalGaussianIotaGivenThetaCore(minimum=0.0, maximum=0.7853981633974483, name='inclination_EM', N_sigma=1.0, latex_label='$\\iota$', unit=None, boundary=None)
18:00 bilby INFO    : log10_vej=Uniform(minimum=-1.8, maximum=-0.01, name='log10_vej', latex_label='$\\log_{10}v$', unit=None, boundary=None)
18:00 bilby INFO    : inclination_EM=nmma.em.prior.ConditionalGaussianIotaGivenThetaCore(minimum=0.0, maximum=0.7853981633974483, name='inclination_EM', N_sigma=1.0, latex_label='$\\iota$', unit=None, boundary=None)
18:00 bilby INFO    : inclination_EM=nmma.em.prior.ConditionalGaussianIotaGivenThetaCore(minimum=0.0, maximum=0.7853981633974483, name='inclination_EM', N_sigma=1.0, latex_label='$\\iota$', unit=None, boundary=None)
18:00 bilby INFO    : inclination_EM=nmma.em.prior.ConditionalGaussianIotaGivenThetaCore(minimum=0.0, maximum=0.7853981633974483, name='inclination_EM', N_sigma=1.0, latex_label='$\\iota$', unit=None, boundary=None)
18:00 bilby INFO    : inclination_EM=nmma.em.prior.ConditionalGaussianIotaGivenThetaCore(minimum=0.0, maximum=0.7853981633974483, name='inclination_EM', N_sigma=1.0, latex_label='$\\iota$', unit=None, boundary=None)
18:00 bilby INFO    : inclination_EM=nmma.em.prior.ConditionalGaussianIotaGivenThetaCore(minimum=0.0, maximum=0.7853981633974483, name='inclination_EM', N_sigma=1.0, latex_label='$\\iota$', unit=None, boundary=None)
18:00 bilby INFO    : inclination_EM=nmma.em.prior.ConditionalGaussianIotaGivenThetaCore(minimum=0.0, maximum=0.7853981633974483, name='inclination_EM', N_sigma=1.0, latex_label='$\\iota$', unit=None, boundary=None)
18:00 bilby INFO    : inclination_EM=nmma.em.prior.ConditionalGaussianIotaGivenThetaCore(minimum=0.0, maximum=0.7853981633974483, name='inclination_EM', N_sigma=1.0, latex_label='$\\iota$', unit=None, boundary=None)
18:00 bilby INFO    : inclination_EM=nmma.em.prior.ConditionalGaussianIotaGivenThetaCore(minimum=0.0, maximum=0.7853981633974483, name='inclination_EM', N_sigma=1.0, latex_label='$\\iota$', unit=None, boundary=None)
18:00 bilby INFO    : inclination_EM=nmma.em.prior.ConditionalGaussianIotaGivenThetaCore(minimum=0.0, maximum=0.7853981633974483, name='inclination_EM', N_sigma=1.0, latex_label='$\\iota$', unit=None, boundary=None)
18:00 bilby INFO    : inclination_EM=nmma.em.prior.ConditionalGaussianIotaGivenThetaCore(minimum=0.0, maximum=0.7853981633974483, name='inclination_EM', N_sigma=1.0, latex_label='$\\iota$', unit=None, boundary=None)
18:00 bilby INFO    : inclination_EM=nmma.em.prior.ConditionalGaussianIotaGivenThetaCore(minimum=0.0, maximum=0.7853981633974483, name='inclination_EM', N_sigma=1.0, latex_label='$\\iota$', unit=None, boundary=None)
18:00 bilby INFO    : inclination_EM=nmma.em.prior.ConditionalGaussianIotaGivenThetaCore(minimum=0.0, maximum=0.7853981633974483, name='inclination_EM', N_sigma=1.0, latex_label='$\\iota$', unit=None, boundary=None)
18:00 bilby INFO    : inclination_EM=nmma.em.prior.ConditionalGaussianIotaGivenThetaCore(minimum=0.0, maximum=0.7853981633974483, name='inclination_EM', N_sigma=1.0, latex_label='$\\iota$', unit=None, boundary=None)
18:00 bilby INFO    : inclination_EM=nmma.em.prior.ConditionalGaussianIotaGivenThetaCore(minimum=0.0, maximum=0.7853981633974483, name='inclination_EM', N_sigma=1.0, latex_label='$\\iota$', unit=None, boundary=None)
18:00 bilby INFO    : inclination_EM=nmma.em.prior.ConditionalGaussianIotaGivenThetaCore(minimum=0.0, maximum=0.7853981633974483, name='inclination_EM', N_sigma=1.0, latex_label='$\\iota$', unit=None, boundary=None)
18:00 bilby INFO    : inclination_EM=nmma.em.prior.ConditionalGaussianIotaGivenThetaCore(minimum=0.0, maximum=0.7853981633974483, name='inclination_EM', N_sigma=1.0, latex_label='$\\iota$', unit=None, boundary=None)
18:00 bilby INFO    : inclination_EM=nmma.em.prior.ConditionalGaussianIotaGivenThetaCore(minimum=0.0, maximum=0.7853981633974483, name='inclination_EM', N_sigma=1.0, latex_label='$\\iota$', unit=None, boundary=None)
18:00 bilby INFO    : inclination_EM=nmma.em.prior.ConditionalGaussianIotaGivenThetaCore(minimum=0.0, maximum=0.7853981633974483, name='inclination_EM', N_sigma=1.0, latex_label='$\\iota$', unit=None, boundary=None)
18:00 bilby INFO    : inclination_EM=nmma.em.prior.ConditionalGaussianIotaGivenThetaCore(minimum=0.0, maximum=0.7853981633974483, name='inclination_EM', N_sigma=1.0, latex_label='$\\iota$', unit=None, boundary=None)
18:00 bilby INFO    : inclination_EM=nmma.em.prior.ConditionalGaussianIotaGivenThetaCore(minimum=0.0, maximum=0.7853981633974483, name='inclination_EM', N_sigma=1.0, latex_label='$\\iota$', unit=None, boundary=None)
18:00 bilby INFO    : inclination_EM=nmma.em.prior.ConditionalGaussianIotaGivenThetaCore(minimum=0.0, maximum=0.7853981633974483, name='inclination_EM', N_sigma=1.0, latex_label='$\\iota$', unit=None, boundary=None)
18:00 bilby INFO    : inclination_EM=nmma.em.prior.ConditionalGaussianIotaGivenThetaCore(minimum=0.0, maximum=0.7853981633974483, name='inclination_EM', N_sigma=1.0, latex_label='$\\iota$', unit=None, boundary=None)
18:00 bilby INFO    : inclination_EM=nmma.em.prior.ConditionalGaussianIotaGivenThetaCore(minimum=0.0, maximum=0.7853981633974483, name='inclination_EM', N_sigma=1.0, latex_label='$\\iota$', unit=None, boundary=None)
18:00 bilby INFO    : inclination_EM=nmma.em.prior.ConditionalGaussianIotaGivenThetaCore(minimum=0.0, maximum=0.7853981633974483, name='inclination_EM', N_sigma=1.0, latex_label='$\\iota$', unit=None, boundary=None)
18:00 bilby INFO    : inclination_EM=nmma.em.prior.ConditionalGaussianIotaGivenThetaCore(minimum=0.0, maximum=0.7853981633974483, name='inclination_EM', N_sigma=1.0, latex_label='$\\iota$', unit=None, boundary=None)
18:00 bilby INFO    : inclination_EM=nmma.em.prior.ConditionalGaussianIotaGivenThetaCore(minimum=0.0, maximum=0.7853981633974483, name='inclination_EM', N_sigma=1.0, latex_label='$\\iota$', unit=None, boundary=None)
18:00 bilby INFO    : inclination_EM=nmma.em.prior.ConditionalGaussianIotaGivenThetaCore(minimum=0.0, maximum=0.7853981633974483, name='inclination_EM', N_sigma=1.0, latex_label='$\\iota$', unit=None, boundary=None)
18:00 bilby INFO    : inclination_EM=nmma.em.prior.ConditionalGaussianIotaGivenThetaCore(minimum=0.0, maximum=0.7853981633974483, name='inclination_EM', N_sigma=1.0, latex_label='$\\iota$', unit=None, boundary=None)
18:00 bilby INFO    : luminosity_distance=Uniform(minimum=0, maximum=3000, name='luminosity_distance', latex_label='$D_L$', unit=None, boundary=None)
18:00 bilby INFO    : luminosity_distance=Uniform(minimum=0, maximum=3000, name='luminosity_distance', latex_label='$D_L$', unit=None, boundary=None)
18:00 bilby INFO    : luminosity_distance=Uniform(minimum=0, maximum=3000, name='luminosity_distance', latex_label='$D_L$', unit=None, boundary=None)
18:00 bilby INFO    : luminosity_distance=Uniform(minimum=0, maximum=3000, name='luminosity_distance', latex_label='$D_L$', unit=None, boundary=None)
18:00 bilby INFO    : luminosity_distance=Uniform(minimum=0, maximum=3000, name='luminosity_distance', latex_label='$D_L$', unit=None, boundary=None)
18:00 bilby INFO    : luminosity_distance=Uniform(minimum=0, maximum=3000, name='luminosity_distance', latex_label='$D_L$', unit=None, boundary=None)
18:00 bilby INFO    : luminosity_distance=Uniform(minimum=0, maximum=3000, name='luminosity_distance', latex_label='$D_L$', unit=None, boundary=None)
18:00 bilby INFO    : luminosity_distance=Uniform(minimum=0, maximum=3000, name='luminosity_distance', latex_label='$D_L$', unit=None, boundary=None)
18:00 bilby INFO    : luminosity_distance=Uniform(minimum=0, maximum=3000, name='luminosity_distance', latex_label='$D_L$', unit=None, boundary=None)
18:00 bilby INFO    : luminosity_distance=Uniform(minimum=0, maximum=3000, name='luminosity_distance', latex_label='$D_L$', unit=None, boundary=None)
18:00 bilby INFO    : luminosity_distance=Uniform(minimum=0, maximum=3000, name='luminosity_distance', latex_label='$D_L$', unit=None, boundary=None)
18:00 bilby INFO    : luminosity_distance=Uniform(minimum=0, maximum=3000, name='luminosity_distance', latex_label='$D_L$', unit=None, boundary=None)
18:00 bilby INFO    : luminosity_distance=Uniform(minimum=0, maximum=3000, name='luminosity_distance', latex_label='$D_L$', unit=None, boundary=None)
18:00 bilby INFO    : luminosity_distance=Uniform(minimum=0, maximum=3000, name='luminosity_distance', latex_label='$D_L$', unit=None, boundary=None)
18:00 bilby INFO    : luminosity_distance=Uniform(minimum=0, maximum=3000, name='luminosity_distance', latex_label='$D_L$', unit=None, boundary=None)
18:00 bilby INFO    : luminosity_distance=Uniform(minimum=0, maximum=3000, name='luminosity_distance', latex_label='$D_L$', unit=None, boundary=None)
18:00 bilby INFO    : luminosity_distance=Uniform(minimum=0, maximum=3000, name='luminosity_distance', latex_label='$D_L$', unit=None, boundary=None)
18:00 bilby INFO    : luminosity_distance=Uniform(minimum=0, maximum=3000, name='luminosity_distance', latex_label='$D_L$', unit=None, boundary=None)
18:00 bilby INFO    : inclination_EM=nmma.em.prior.ConditionalGaussianIotaGivenThetaCore(minimum=0.0, maximum=0.7853981633974483, name='inclination_EM', N_sigma=1.0, latex_label='$\\iota$', unit=None, boundary=None)
18:00 bilby INFO    : luminosity_distance=Uniform(minimum=0, maximum=3000, name='luminosity_distance', latex_label='$D_L$', unit=None, boundary=None)
18:00 bilby INFO    : luminosity_distance=Uniform(minimum=0, maximum=3000, name='luminosity_distance', latex_label='$D_L$', unit=None, boundary=None)
18:00 bilby INFO    : luminosity_distance=Uniform(minimum=0, maximum=3000, name='luminosity_distance', latex_label='$D_L$', unit=None, boundary=None)
18:00 bilby INFO    : luminosity_distance=Uniform(minimum=0, maximum=3000, name='luminosity_distance', latex_label='$D_L$', unit=None, boundary=None)
18:00 bilby INFO    : luminosity_distance=Uniform(minimum=0, maximum=3000, name='luminosity_distance', latex_label='$D_L$', unit=None, boundary=None)
18:00 bilby INFO    : luminosity_distance=Uniform(minimum=0, maximum=3000, name='luminosity_distance', latex_label='$D_L$', unit=None, boundary=None)
18:00 bilby INFO    : luminosity_distance=Uniform(minimum=0, maximum=3000, name='luminosity_distance', latex_label='$D_L$', unit=None, boundary=None)
18:00 bilby INFO    : luminosity_distance=Uniform(minimum=0, maximum=3000, name='luminosity_distance', latex_label='$D_L$', unit=None, boundary=None)
18:00 bilby INFO    : luminosity_distance=Uniform(minimum=0, maximum=3000, name='luminosity_distance', latex_label='$D_L$', unit=None, boundary=None)
18:00 bilby INFO    : luminosity_distance=Uniform(minimum=0, maximum=3000, name='luminosity_distance', latex_label='$D_L$', unit=None, boundary=None)
18:00 bilby INFO    : log10_E0=Uniform(minimum=47.0, maximum=55.0, name='log10_E0', latex_label='$\\log_{10}E_0$', unit=None, boundary='reflective')
18:00 bilby INFO    : luminosity_distance=Uniform(minimum=0, maximum=3000, name='luminosity_distance', latex_label='$D_L$', unit=None, boundary=None)
18:00 bilby INFO    : log10_E0=Uniform(minimum=47.0, maximum=55.0, name='log10_E0', latex_label='$\\log_{10}E_0$', unit=None, boundary='reflective')
18:00 bilby INFO    : luminosity_distance=Uniform(minimum=0, maximum=3000, name='luminosity_distance', latex_label='$D_L$', unit=None, boundary=None)
18:00 bilby INFO    : log10_E0=Uniform(minimum=47.0, maximum=55.0, name='log10_E0', latex_label='$\\log_{10}E_0$', unit=None, boundary='reflective')
18:00 bilby INFO    : log10_E0=Uniform(minimum=47.0, maximum=55.0, name='log10_E0', latex_label='$\\log_{10}E_0$', unit=None, boundary='reflective')
18:00 bilby INFO    : log10_E0=Uniform(minimum=47.0, maximum=55.0, name='log10_E0', latex_label='$\\log_{10}E_0$', unit=None, boundary='reflective')
18:00 bilby INFO    : log10_E0=Uniform(minimum=47.0, maximum=55.0, name='log10_E0', latex_label='$\\log_{10}E_0$', unit=None, boundary='reflective')
18:00 bilby INFO    : log10_E0=Uniform(minimum=47.0, maximum=55.0, name='log10_E0', latex_label='$\\log_{10}E_0$', unit=None, boundary='reflective')
18:00 bilby INFO    : log10_E0=Uniform(minimum=47.0, maximum=55.0, name='log10_E0', latex_label='$\\log_{10}E_0$', unit=None, boundary='reflective')
18:00 bilby INFO    : log10_E0=Uniform(minimum=47.0, maximum=55.0, name='log10_E0', latex_label='$\\log_{10}E_0$', unit=None, boundary='reflective')
18:00 bilby INFO    : log10_E0=Uniform(minimum=47.0, maximum=55.0, name='log10_E0', latex_label='$\\log_{10}E_0$', unit=None, boundary='reflective')
18:00 bilby INFO    : log10_E0=Uniform(minimum=47.0, maximum=55.0, name='log10_E0', latex_label='$\\log_{10}E_0$', unit=None, boundary='reflective')
18:00 bilby INFO    : log10_E0=Uniform(minimum=47.0, maximum=55.0, name='log10_E0', latex_label='$\\log_{10}E_0$', unit=None, boundary='reflective')
18:00 bilby INFO    : log10_E0=Uniform(minimum=47.0, maximum=55.0, name='log10_E0', latex_label='$\\log_{10}E_0$', unit=None, boundary='reflective')
18:00 bilby INFO    : log10_E0=Uniform(minimum=47.0, maximum=55.0, name='log10_E0', latex_label='$\\log_{10}E_0$', unit=None, boundary='reflective')
18:00 bilby INFO    : log10_E0=Uniform(minimum=47.0, maximum=55.0, name='log10_E0', latex_label='$\\log_{10}E_0$', unit=None, boundary='reflective')
18:00 bilby INFO    : log10_E0=Uniform(minimum=47.0, maximum=55.0, name='log10_E0', latex_label='$\\log_{10}E_0$', unit=None, boundary='reflective')
18:00 bilby INFO    : log10_E0=Uniform(minimum=47.0, maximum=55.0, name='log10_E0', latex_label='$\\log_{10}E_0$', unit=None, boundary='reflective')
18:00 bilby INFO    : log10_E0=Uniform(minimum=47.0, maximum=55.0, name='log10_E0', latex_label='$\\log_{10}E_0$', unit=None, boundary='reflective')
18:00 bilby INFO    : log10_E0=Uniform(minimum=47.0, maximum=55.0, name='log10_E0', latex_label='$\\log_{10}E_0$', unit=None, boundary='reflective')
18:00 bilby INFO    : log10_E0=Uniform(minimum=47.0, maximum=55.0, name='log10_E0', latex_label='$\\log_{10}E_0$', unit=None, boundary='reflective')
18:00 bilby INFO    : luminosity_distance=Uniform(minimum=0, maximum=3000, name='luminosity_distance', latex_label='$D_L$', unit=None, boundary=None)
18:00 bilby INFO    : log10_E0=Uniform(minimum=47.0, maximum=55.0, name='log10_E0', latex_label='$\\log_{10}E_0$', unit=None, boundary='reflective')
18:00 bilby INFO    : log10_E0=Uniform(minimum=47.0, maximum=55.0, name='log10_E0', latex_label='$\\log_{10}E_0$', unit=None, boundary='reflective')
18:00 bilby INFO    : log10_E0=Uniform(minimum=47.0, maximum=55.0, name='log10_E0', latex_label='$\\log_{10}E_0$', unit=None, boundary='reflective')
18:00 bilby INFO    : log10_E0=Uniform(minimum=47.0, maximum=55.0, name='log10_E0', latex_label='$\\log_{10}E_0$', unit=None, boundary='reflective')
18:00 bilby INFO    : log10_E0=Uniform(minimum=47.0, maximum=55.0, name='log10_E0', latex_label='$\\log_{10}E_0$', unit=None, boundary='reflective')
18:00 bilby INFO    : log10_E0=Uniform(minimum=47.0, maximum=55.0, name='log10_E0', latex_label='$\\log_{10}E_0$', unit=None, boundary='reflective')
18:00 bilby INFO    : thetaCore=Uniform(minimum=0.01, maximum=0.3141592653589793, name='theta_core', latex_label='$\\theta_c$', unit=None, boundary='reflective')
18:00 bilby INFO    : log10_E0=Uniform(minimum=47.0, maximum=55.0, name='log10_E0', latex_label='$\\log_{10}E_0$', unit=None, boundary='reflective')
18:00 bilby INFO    : thetaCore=Uniform(minimum=0.01, maximum=0.3141592653589793, name='theta_core', latex_label='$\\theta_c$', unit=None, boundary='reflective')
18:00 bilby INFO    : thetaCore=Uniform(minimum=0.01, maximum=0.3141592653589793, name='theta_core', latex_label='$\\theta_c$', unit=None, boundary='reflective')
18:00 bilby INFO    : log10_E0=Uniform(minimum=47.0, maximum=55.0, name='log10_E0', latex_label='$\\log_{10}E_0$', unit=None, boundary='reflective')
18:00 bilby INFO    : log10_E0=Uniform(minimum=47.0, maximum=55.0, name='log10_E0', latex_label='$\\log_{10}E_0$', unit=None, boundary='reflective')
18:00 bilby INFO    : log10_E0=Uniform(minimum=47.0, maximum=55.0, name='log10_E0', latex_label='$\\log_{10}E_0$', unit=None, boundary='reflective')
18:00 bilby INFO    : thetaCore=Uniform(minimum=0.01, maximum=0.3141592653589793, name='theta_core', latex_label='$\\theta_c$', unit=None, boundary='reflective')
18:00 bilby INFO    : thetaCore=Uniform(minimum=0.01, maximum=0.3141592653589793, name='theta_core', latex_label='$\\theta_c$', unit=None, boundary='reflective')
18:00 bilby INFO    : thetaCore=Uniform(minimum=0.01, maximum=0.3141592653589793, name='theta_core', latex_label='$\\theta_c$', unit=None, boundary='reflective')
18:00 bilby INFO    : thetaCore=Uniform(minimum=0.01, maximum=0.3141592653589793, name='theta_core', latex_label='$\\theta_c$', unit=None, boundary='reflective')
18:00 bilby INFO    : thetaCore=Uniform(minimum=0.01, maximum=0.3141592653589793, name='theta_core', latex_label='$\\theta_c$', unit=None, boundary='reflective')
18:00 bilby INFO    : thetaCore=Uniform(minimum=0.01, maximum=0.3141592653589793, name='theta_core', latex_label='$\\theta_c$', unit=None, boundary='reflective')
18:00 bilby INFO    : thetaCore=Uniform(minimum=0.01, maximum=0.3141592653589793, name='theta_core', latex_label='$\\theta_c$', unit=None, boundary='reflective')
18:00 bilby INFO    : thetaCore=Uniform(minimum=0.01, maximum=0.3141592653589793, name='theta_core', latex_label='$\\theta_c$', unit=None, boundary='reflective')
18:00 bilby INFO    : thetaCore=Uniform(minimum=0.01, maximum=0.3141592653589793, name='theta_core', latex_label='$\\theta_c$', unit=None, boundary='reflective')
18:00 bilby INFO    : thetaCore=Uniform(minimum=0.01, maximum=0.3141592653589793, name='theta_core', latex_label='$\\theta_c$', unit=None, boundary='reflective')
18:00 bilby INFO    : thetaCore=Uniform(minimum=0.01, maximum=0.3141592653589793, name='theta_core', latex_label='$\\theta_c$', unit=None, boundary='reflective')
18:00 bilby INFO    : thetaCore=Uniform(minimum=0.01, maximum=0.3141592653589793, name='theta_core', latex_label='$\\theta_c$', unit=None, boundary='reflective')
18:00 bilby INFO    : thetaCore=Uniform(minimum=0.01, maximum=0.3141592653589793, name='theta_core', latex_label='$\\theta_c$', unit=None, boundary='reflective')
18:00 bilby INFO    : thetaCore=Uniform(minimum=0.01, maximum=0.3141592653589793, name='theta_core', latex_label='$\\theta_c$', unit=None, boundary='reflective')
18:00 bilby INFO    : thetaCore=Uniform(minimum=0.01, maximum=0.3141592653589793, name='theta_core', latex_label='$\\theta_c$', unit=None, boundary='reflective')
18:00 bilby INFO    : thetaCore=Uniform(minimum=0.01, maximum=0.3141592653589793, name='theta_core', latex_label='$\\theta_c$', unit=None, boundary='reflective')
18:00 bilby INFO    : thetaCore=Uniform(minimum=0.01, maximum=0.3141592653589793, name='theta_core', latex_label='$\\theta_c$', unit=None, boundary='reflective')
18:00 bilby INFO    : thetaCore=Uniform(minimum=0.01, maximum=0.3141592653589793, name='theta_core', latex_label='$\\theta_c$', unit=None, boundary='reflective')
18:00 bilby INFO    : thetaCore=Uniform(minimum=0.01, maximum=0.3141592653589793, name='theta_core', latex_label='$\\theta_c$', unit=None, boundary='reflective')
18:00 bilby INFO    : thetaWing=Uniform(minimum=0.01, maximum=0.7853981633974483, name='theta_wing', latex_label='$\\theta_w$', unit=None, boundary=None)
18:00 bilby INFO    : thetaCore=Uniform(minimum=0.01, maximum=0.3141592653589793, name='theta_core', latex_label='$\\theta_c$', unit=None, boundary='reflective')
18:00 bilby INFO    : log10_E0=Uniform(minimum=47.0, maximum=55.0, name='log10_E0', latex_label='$\\log_{10}E_0$', unit=None, boundary='reflective')
18:00 bilby INFO    : thetaCore=Uniform(minimum=0.01, maximum=0.3141592653589793, name='theta_core', latex_label='$\\theta_c$', unit=None, boundary='reflective')
18:00 bilby INFO    : thetaCore=Uniform(minimum=0.01, maximum=0.3141592653589793, name='theta_core', latex_label='$\\theta_c$', unit=None, boundary='reflective')
18:00 bilby INFO    : thetaCore=Uniform(minimum=0.01, maximum=0.3141592653589793, name='theta_core', latex_label='$\\theta_c$', unit=None, boundary='reflective')
18:00 bilby INFO    : thetaCore=Uniform(minimum=0.01, maximum=0.3141592653589793, name='theta_core', latex_label='$\\theta_c$', unit=None, boundary='reflective')
18:00 bilby INFO    : thetaWing=Uniform(minimum=0.01, maximum=0.7853981633974483, name='theta_wing', latex_label='$\\theta_w$', unit=None, boundary=None)
18:00 bilby INFO    : thetaWing=Uniform(minimum=0.01, maximum=0.7853981633974483, name='theta_wing', latex_label='$\\theta_w$', unit=None, boundary=None)
18:00 bilby INFO    : thetaWing=Uniform(minimum=0.01, maximum=0.7853981633974483, name='theta_wing', latex_label='$\\theta_w$', unit=None, boundary=None)
18:00 bilby INFO    : thetaCore=Uniform(minimum=0.01, maximum=0.3141592653589793, name='theta_core', latex_label='$\\theta_c$', unit=None, boundary='reflective')
18:00 bilby INFO    : thetaWing=Uniform(minimum=0.01, maximum=0.7853981633974483, name='theta_wing', latex_label='$\\theta_w$', unit=None, boundary=None)
18:00 bilby INFO    : thetaCore=Uniform(minimum=0.01, maximum=0.3141592653589793, name='theta_core', latex_label='$\\theta_c$', unit=None, boundary='reflective')
18:00 bilby INFO    : thetaWing=Uniform(minimum=0.01, maximum=0.7853981633974483, name='theta_wing', latex_label='$\\theta_w$', unit=None, boundary=None)
18:00 bilby INFO    : thetaWing=Uniform(minimum=0.01, maximum=0.7853981633974483, name='theta_wing', latex_label='$\\theta_w$', unit=None, boundary=None)
18:00 bilby INFO    : thetaWing=Uniform(minimum=0.01, maximum=0.7853981633974483, name='theta_wing', latex_label='$\\theta_w$', unit=None, boundary=None)
18:00 bilby INFO    : thetaCore=Uniform(minimum=0.01, maximum=0.3141592653589793, name='theta_core', latex_label='$\\theta_c$', unit=None, boundary='reflective')
18:00 bilby INFO    : thetaWing=Uniform(minimum=0.01, maximum=0.7853981633974483, name='theta_wing', latex_label='$\\theta_w$', unit=None, boundary=None)
18:00 bilby INFO    : thetaWing=Uniform(minimum=0.01, maximum=0.7853981633974483, name='theta_wing', latex_label='$\\theta_w$', unit=None, boundary=None)
18:00 bilby INFO    : thetaWing=Uniform(minimum=0.01, maximum=0.7853981633974483, name='theta_wing', latex_label='$\\theta_w$', unit=None, boundary=None)
18:00 bilby INFO    : thetaWing=Uniform(minimum=0.01, maximum=0.7853981633974483, name='theta_wing', latex_label='$\\theta_w$', unit=None, boundary=None)
18:00 bilby INFO    : thetaWing=Uniform(minimum=0.01, maximum=0.7853981633974483, name='theta_wing', latex_label='$\\theta_w$', unit=None, boundary=None)
18:00 bilby INFO    : thetaWing=Uniform(minimum=0.01, maximum=0.7853981633974483, name='theta_wing', latex_label='$\\theta_w$', unit=None, boundary=None)
18:00 bilby INFO    : thetaWing=Uniform(minimum=0.01, maximum=0.7853981633974483, name='theta_wing', latex_label='$\\theta_w$', unit=None, boundary=None)
18:00 bilby INFO    : thetaWing=Uniform(minimum=0.01, maximum=0.7853981633974483, name='theta_wing', latex_label='$\\theta_w$', unit=None, boundary=None)
18:00 bilby INFO    : thetaWing=Uniform(minimum=0.01, maximum=0.7853981633974483, name='theta_wing', latex_label='$\\theta_w$', unit=None, boundary=None)
18:00 bilby INFO    : thetaWing=Uniform(minimum=0.01, maximum=0.7853981633974483, name='theta_wing', latex_label='$\\theta_w$', unit=None, boundary=None)
18:00 bilby INFO    : thetaWing=Uniform(minimum=0.01, maximum=0.7853981633974483, name='theta_wing', latex_label='$\\theta_w$', unit=None, boundary=None)
18:00 bilby INFO    : thetaWing=Uniform(minimum=0.01, maximum=0.7853981633974483, name='theta_wing', latex_label='$\\theta_w$', unit=None, boundary=None)
18:00 bilby INFO    : thetaWing=Uniform(minimum=0.01, maximum=0.7853981633974483, name='theta_wing', latex_label='$\\theta_w$', unit=None, boundary=None)
18:00 bilby INFO    : thetaWing=Uniform(minimum=0.01, maximum=0.7853981633974483, name='theta_wing', latex_label='$\\theta_w$', unit=None, boundary=None)
18:00 bilby INFO    : log10_n0=Uniform(minimum=-6, maximum=2.0, name='log10_n0', latex_label='$\\log_{10}n_0$', unit=None, boundary='reflective')
18:00 bilby INFO    : log10_n0=Uniform(minimum=-6, maximum=2.0, name='log10_n0', latex_label='$\\log_{10}n_0$', unit=None, boundary='reflective')
18:00 bilby INFO    : thetaWing=Uniform(minimum=0.01, maximum=0.7853981633974483, name='theta_wing', latex_label='$\\theta_w$', unit=None, boundary=None)
18:00 bilby INFO    : log10_n0=Uniform(minimum=-6, maximum=2.0, name='log10_n0', latex_label='$\\log_{10}n_0$', unit=None, boundary='reflective')
18:00 bilby INFO    : thetaCore=Uniform(minimum=0.01, maximum=0.3141592653589793, name='theta_core', latex_label='$\\theta_c$', unit=None, boundary='reflective')
18:00 bilby INFO    : thetaWing=Uniform(minimum=0.01, maximum=0.7853981633974483, name='theta_wing', latex_label='$\\theta_w$', unit=None, boundary=None)
18:00 bilby INFO    : thetaWing=Uniform(minimum=0.01, maximum=0.7853981633974483, name='theta_wing', latex_label='$\\theta_w$', unit=None, boundary=None)
18:00 bilby INFO    : thetaWing=Uniform(minimum=0.01, maximum=0.7853981633974483, name='theta_wing', latex_label='$\\theta_w$', unit=None, boundary=None)
18:00 bilby INFO    : log10_n0=Uniform(minimum=-6, maximum=2.0, name='log10_n0', latex_label='$\\log_{10}n_0$', unit=None, boundary='reflective')
18:00 bilby INFO    : log10_n0=Uniform(minimum=-6, maximum=2.0, name='log10_n0', latex_label='$\\log_{10}n_0$', unit=None, boundary='reflective')
18:00 bilby INFO    : log10_n0=Uniform(minimum=-6, maximum=2.0, name='log10_n0', latex_label='$\\log_{10}n_0$', unit=None, boundary='reflective')
18:00 bilby INFO    : thetaWing=Uniform(minimum=0.01, maximum=0.7853981633974483, name='theta_wing', latex_label='$\\theta_w$', unit=None, boundary=None)
18:00 bilby INFO    : log10_n0=Uniform(minimum=-6, maximum=2.0, name='log10_n0', latex_label='$\\log_{10}n_0$', unit=None, boundary='reflective')
18:00 bilby INFO    : log10_n0=Uniform(minimum=-6, maximum=2.0, name='log10_n0', latex_label='$\\log_{10}n_0$', unit=None, boundary='reflective')
18:00 bilby INFO    : thetaWing=Uniform(minimum=0.01, maximum=0.7853981633974483, name='theta_wing', latex_label='$\\theta_w$', unit=None, boundary=None)
18:00 bilby INFO    : thetaWing=Uniform(minimum=0.01, maximum=0.7853981633974483, name='theta_wing', latex_label='$\\theta_w$', unit=None, boundary=None)
18:00 bilby INFO    : log10_n0=Uniform(minimum=-6, maximum=2.0, name='log10_n0', latex_label='$\\log_{10}n_0$', unit=None, boundary='reflective')
18:00 bilby INFO    : log10_n0=Uniform(minimum=-6, maximum=2.0, name='log10_n0', latex_label='$\\log_{10}n_0$', unit=None, boundary='reflective')
18:00 bilby INFO    : thetaWing=Uniform(minimum=0.01, maximum=0.7853981633974483, name='theta_wing', latex_label='$\\theta_w$', unit=None, boundary=None)
18:00 bilby INFO    : log10_n0=Uniform(minimum=-6, maximum=2.0, name='log10_n0', latex_label='$\\log_{10}n_0$', unit=None, boundary='reflective')
18:00 bilby INFO    : log10_n0=Uniform(minimum=-6, maximum=2.0, name='log10_n0', latex_label='$\\log_{10}n_0$', unit=None, boundary='reflective')
18:00 bilby INFO    : log10_n0=Uniform(minimum=-6, maximum=2.0, name='log10_n0', latex_label='$\\log_{10}n_0$', unit=None, boundary='reflective')
18:00 bilby INFO    : log10_n0=Uniform(minimum=-6, maximum=2.0, name='log10_n0', latex_label='$\\log_{10}n_0$', unit=None, boundary='reflective')
18:00 bilby INFO    : log10_n0=Uniform(minimum=-6, maximum=2.0, name='log10_n0', latex_label='$\\log_{10}n_0$', unit=None, boundary='reflective')
18:00 bilby INFO    : log10_n0=Uniform(minimum=-6, maximum=2.0, name='log10_n0', latex_label='$\\log_{10}n_0$', unit=None, boundary='reflective')
18:00 bilby INFO    : log10_n0=Uniform(minimum=-6, maximum=2.0, name='log10_n0', latex_label='$\\log_{10}n_0$', unit=None, boundary='reflective')
18:00 bilby INFO    : log10_n0=Uniform(minimum=-6, maximum=2.0, name='log10_n0', latex_label='$\\log_{10}n_0$', unit=None, boundary='reflective')
18:00 bilby INFO    : log10_n0=Uniform(minimum=-6, maximum=2.0, name='log10_n0', latex_label='$\\log_{10}n_0$', unit=None, boundary='reflective')
18:00 bilby INFO    : log10_n0=Uniform(minimum=-6, maximum=2.0, name='log10_n0', latex_label='$\\log_{10}n_0$', unit=None, boundary='reflective')
18:00 bilby INFO    : log10_n0=Uniform(minimum=-6, maximum=2.0, name='log10_n0', latex_label='$\\log_{10}n_0$', unit=None, boundary='reflective')
18:00 bilby INFO    : p=Uniform(minimum=2.01, maximum=3.0, name='p', latex_label='$p$', unit=None, boundary=None)
18:00 bilby INFO    : p=Uniform(minimum=2.01, maximum=3.0, name='p', latex_label='$p$', unit=None, boundary=None)
18:00 bilby INFO    : p=Uniform(minimum=2.01, maximum=3.0, name='p', latex_label='$p$', unit=None, boundary=None)
18:00 bilby INFO    : log10_n0=Uniform(minimum=-6, maximum=2.0, name='log10_n0', latex_label='$\\log_{10}n_0$', unit=None, boundary='reflective')
18:00 bilby INFO    : thetaWing=Uniform(minimum=0.01, maximum=0.7853981633974483, name='theta_wing', latex_label='$\\theta_w$', unit=None, boundary=None)
18:00 bilby INFO    : log10_n0=Uniform(minimum=-6, maximum=2.0, name='log10_n0', latex_label='$\\log_{10}n_0$', unit=None, boundary='reflective')
18:00 bilby INFO    : log10_n0=Uniform(minimum=-6, maximum=2.0, name='log10_n0', latex_label='$\\log_{10}n_0$', unit=None, boundary='reflective')
18:00 bilby INFO    : log10_n0=Uniform(minimum=-6, maximum=2.0, name='log10_n0', latex_label='$\\log_{10}n_0$', unit=None, boundary='reflective')
18:00 bilby INFO    : p=Uniform(minimum=2.01, maximum=3.0, name='p', latex_label='$p$', unit=None, boundary=None)
18:00 bilby INFO    : log10_n0=Uniform(minimum=-6, maximum=2.0, name='log10_n0', latex_label='$\\log_{10}n_0$', unit=None, boundary='reflective')
18:00 bilby INFO    : p=Uniform(minimum=2.01, maximum=3.0, name='p', latex_label='$p$', unit=None, boundary=None)
18:00 bilby INFO    : log10_n0=Uniform(minimum=-6, maximum=2.0, name='log10_n0', latex_label='$\\log_{10}n_0$', unit=None, boundary='reflective')
18:00 bilby INFO    : p=Uniform(minimum=2.01, maximum=3.0, name='p', latex_label='$p$', unit=None, boundary=None)
18:00 bilby INFO    : p=Uniform(minimum=2.01, maximum=3.0, name='p', latex_label='$p$', unit=None, boundary=None)
18:00 bilby INFO    : log10_n0=Uniform(minimum=-6, maximum=2.0, name='log10_n0', latex_label='$\\log_{10}n_0$', unit=None, boundary='reflective')
18:00 bilby INFO    : p=Uniform(minimum=2.01, maximum=3.0, name='p', latex_label='$p$', unit=None, boundary=None)
18:00 bilby INFO    : p=Uniform(minimum=2.01, maximum=3.0, name='p', latex_label='$p$', unit=None, boundary=None)
18:00 bilby INFO    : log10_n0=Uniform(minimum=-6, maximum=2.0, name='log10_n0', latex_label='$\\log_{10}n_0$', unit=None, boundary='reflective')
18:00 bilby INFO    : p=Uniform(minimum=2.01, maximum=3.0, name='p', latex_label='$p$', unit=None, boundary=None)
18:00 bilby INFO    : p=Uniform(minimum=2.01, maximum=3.0, name='p', latex_label='$p$', unit=None, boundary=None)
18:00 bilby INFO    : p=Uniform(minimum=2.01, maximum=3.0, name='p', latex_label='$p$', unit=None, boundary=None)
18:00 bilby INFO    : log10_n0=Uniform(minimum=-6, maximum=2.0, name='log10_n0', latex_label='$\\log_{10}n_0$', unit=None, boundary='reflective')
18:00 bilby INFO    : p=Uniform(minimum=2.01, maximum=3.0, name='p', latex_label='$p$', unit=None, boundary=None)
18:00 bilby INFO    : log10_epsilon_e=Uniform(minimum=-5, maximum=0, name='log10_epsilon_e', latex_label='$\\log_{10}\\epsilon_e$', unit=None, boundary='reflective')
18:00 bilby INFO    : p=Uniform(minimum=2.01, maximum=3.0, name='p', latex_label='$p$', unit=None, boundary=None)
18:00 bilby INFO    : p=Uniform(minimum=2.01, maximum=3.0, name='p', latex_label='$p$', unit=None, boundary=None)
18:00 bilby INFO    : p=Uniform(minimum=2.01, maximum=3.0, name='p', latex_label='$p$', unit=None, boundary=None)
18:00 bilby INFO    : p=Uniform(minimum=2.01, maximum=3.0, name='p', latex_label='$p$', unit=None, boundary=None)
18:00 bilby INFO    : p=Uniform(minimum=2.01, maximum=3.0, name='p', latex_label='$p$', unit=None, boundary=None)
18:00 bilby INFO    : p=Uniform(minimum=2.01, maximum=3.0, name='p', latex_label='$p$', unit=None, boundary=None)
18:00 bilby INFO    : log10_epsilon_e=Uniform(minimum=-5, maximum=0, name='log10_epsilon_e', latex_label='$\\log_{10}\\epsilon_e$', unit=None, boundary='reflective')
18:00 bilby INFO    : p=Uniform(minimum=2.01, maximum=3.0, name='p', latex_label='$p$', unit=None, boundary=None)
18:00 bilby INFO    : log10_epsilon_e=Uniform(minimum=-5, maximum=0, name='log10_epsilon_e', latex_label='$\\log_{10}\\epsilon_e$', unit=None, boundary='reflective')
18:00 bilby INFO    : p=Uniform(minimum=2.01, maximum=3.0, name='p', latex_label='$p$', unit=None, boundary=None)
18:00 bilby INFO    : log10_n0=Uniform(minimum=-6, maximum=2.0, name='log10_n0', latex_label='$\\log_{10}n_0$', unit=None, boundary='reflective')
18:00 bilby INFO    : p=Uniform(minimum=2.01, maximum=3.0, name='p', latex_label='$p$', unit=None, boundary=None)
18:00 bilby INFO    : p=Uniform(minimum=2.01, maximum=3.0, name='p', latex_label='$p$', unit=None, boundary=None)
18:00 bilby INFO    : log10_epsilon_e=Uniform(minimum=-5, maximum=0, name='log10_epsilon_e', latex_label='$\\log_{10}\\epsilon_e$', unit=None, boundary='reflective')
18:00 bilby INFO    : log10_epsilon_e=Uniform(minimum=-5, maximum=0, name='log10_epsilon_e', latex_label='$\\log_{10}\\epsilon_e$', unit=None, boundary='reflective')
18:00 bilby INFO    : p=Uniform(minimum=2.01, maximum=3.0, name='p', latex_label='$p$', unit=None, boundary=None)
18:00 bilby INFO    : log10_epsilon_e=Uniform(minimum=-5, maximum=0, name='log10_epsilon_e', latex_label='$\\log_{10}\\epsilon_e$', unit=None, boundary='reflective')
18:00 bilby INFO    : log10_epsilon_e=Uniform(minimum=-5, maximum=0, name='log10_epsilon_e', latex_label='$\\log_{10}\\epsilon_e$', unit=None, boundary='reflective')
18:00 bilby INFO    : p=Uniform(minimum=2.01, maximum=3.0, name='p', latex_label='$p$', unit=None, boundary=None)
18:00 bilby INFO    : p=Uniform(minimum=2.01, maximum=3.0, name='p', latex_label='$p$', unit=None, boundary=None)
18:00 bilby INFO    : log10_epsilon_e=Uniform(minimum=-5, maximum=0, name='log10_epsilon_e', latex_label='$\\log_{10}\\epsilon_e$', unit=None, boundary='reflective')
18:00 bilby INFO    : p=Uniform(minimum=2.01, maximum=3.0, name='p', latex_label='$p$', unit=None, boundary=None)
18:00 bilby INFO    : p=Uniform(minimum=2.01, maximum=3.0, name='p', latex_label='$p$', unit=None, boundary=None)
18:00 bilby INFO    : log10_epsilon_e=Uniform(minimum=-5, maximum=0, name='log10_epsilon_e', latex_label='$\\log_{10}\\epsilon_e$', unit=None, boundary='reflective')
18:00 bilby INFO    : log10_epsilon_e=Uniform(minimum=-5, maximum=0, name='log10_epsilon_e', latex_label='$\\log_{10}\\epsilon_e$', unit=None, boundary='reflective')
18:00 bilby INFO    : log10_epsilon_e=Uniform(minimum=-5, maximum=0, name='log10_epsilon_e', latex_label='$\\log_{10}\\epsilon_e$', unit=None, boundary='reflective')
18:00 bilby INFO    : p=Uniform(minimum=2.01, maximum=3.0, name='p', latex_label='$p$', unit=None, boundary=None)
18:00 bilby INFO    : log10_epsilon_e=Uniform(minimum=-5, maximum=0, name='log10_epsilon_e', latex_label='$\\log_{10}\\epsilon_e$', unit=None, boundary='reflective')
18:00 bilby INFO    : p=Uniform(minimum=2.01, maximum=3.0, name='p', latex_label='$p$', unit=None, boundary=None)
18:00 bilby INFO    : log10_epsilon_B=Uniform(minimum=-10, maximum=0, name='log10_epsilon_B', latex_label='$\\log_{10}\\epsilon_B$', unit=None, boundary='reflective')
18:00 bilby INFO    : log10_epsilon_e=Uniform(minimum=-5, maximum=0, name='log10_epsilon_e', latex_label='$\\log_{10}\\epsilon_e$', unit=None, boundary='reflective')
18:00 bilby INFO    : log10_epsilon_e=Uniform(minimum=-5, maximum=0, name='log10_epsilon_e', latex_label='$\\log_{10}\\epsilon_e$', unit=None, boundary='reflective')
18:00 bilby INFO    : log10_epsilon_e=Uniform(minimum=-5, maximum=0, name='log10_epsilon_e', latex_label='$\\log_{10}\\epsilon_e$', unit=None, boundary='reflective')
18:00 bilby INFO    : log10_epsilon_e=Uniform(minimum=-5, maximum=0, name='log10_epsilon_e', latex_label='$\\log_{10}\\epsilon_e$', unit=None, boundary='reflective')
18:00 bilby INFO    : log10_epsilon_e=Uniform(minimum=-5, maximum=0, name='log10_epsilon_e', latex_label='$\\log_{10}\\epsilon_e$', unit=None, boundary='reflective')
18:00 bilby INFO    : log10_epsilon_B=Uniform(minimum=-10, maximum=0, name='log10_epsilon_B', latex_label='$\\log_{10}\\epsilon_B$', unit=None, boundary='reflective')
18:00 bilby INFO    : log10_epsilon_B=Uniform(minimum=-10, maximum=0, name='log10_epsilon_B', latex_label='$\\log_{10}\\epsilon_B$', unit=None, boundary='reflective')
18:00 bilby INFO    : log10_epsilon_e=Uniform(minimum=-5, maximum=0, name='log10_epsilon_e', latex_label='$\\log_{10}\\epsilon_e$', unit=None, boundary='reflective')
18:00 bilby INFO    : log10_epsilon_e=Uniform(minimum=-5, maximum=0, name='log10_epsilon_e', latex_label='$\\log_{10}\\epsilon_e$', unit=None, boundary='reflective')
18:00 bilby INFO    : log10_epsilon_B=Uniform(minimum=-10, maximum=0, name='log10_epsilon_B', latex_label='$\\log_{10}\\epsilon_B$', unit=None, boundary='reflective')
18:00 bilby INFO    : log10_epsilon_e=Uniform(minimum=-5, maximum=0, name='log10_epsilon_e', latex_label='$\\log_{10}\\epsilon_e$', unit=None, boundary='reflective')
18:00 bilby INFO    : log10_epsilon_e=Uniform(minimum=-5, maximum=0, name='log10_epsilon_e', latex_label='$\\log_{10}\\epsilon_e$', unit=None, boundary='reflective')
18:00 bilby INFO    : log10_epsilon_e=Uniform(minimum=-5, maximum=0, name='log10_epsilon_e', latex_label='$\\log_{10}\\epsilon_e$', unit=None, boundary='reflective')
18:00 bilby INFO    : log10_epsilon_e=Uniform(minimum=-5, maximum=0, name='log10_epsilon_e', latex_label='$\\log_{10}\\epsilon_e$', unit=None, boundary='reflective')
18:00 bilby INFO    : p=Uniform(minimum=2.01, maximum=3.0, name='p', latex_label='$p$', unit=None, boundary=None)
18:00 bilby INFO    : log10_epsilon_B=Uniform(minimum=-10, maximum=0, name='log10_epsilon_B', latex_label='$\\log_{10}\\epsilon_B$', unit=None, boundary='reflective')
18:00 bilby INFO    : log10_epsilon_B=Uniform(minimum=-10, maximum=0, name='log10_epsilon_B', latex_label='$\\log_{10}\\epsilon_B$', unit=None, boundary='reflective')
18:00 bilby INFO    : log10_epsilon_e=Uniform(minimum=-5, maximum=0, name='log10_epsilon_e', latex_label='$\\log_{10}\\epsilon_e$', unit=None, boundary='reflective')
18:00 bilby INFO    : log10_epsilon_B=Uniform(minimum=-10, maximum=0, name='log10_epsilon_B', latex_label='$\\log_{10}\\epsilon_B$', unit=None, boundary='reflective')
18:00 bilby INFO    : log10_epsilon_B=Uniform(minimum=-10, maximum=0, name='log10_epsilon_B', latex_label='$\\log_{10}\\epsilon_B$', unit=None, boundary='reflective')
18:00 bilby INFO    : log10_epsilon_B=Uniform(minimum=-10, maximum=0, name='log10_epsilon_B', latex_label='$\\log_{10}\\epsilon_B$', unit=None, boundary='reflective')
18:00 bilby INFO    : KNtimeshift=0.0
18:00 bilby INFO    : Ebv=0.0
18:00 bilby INFO    : KNtimeshift=0.0
18:00 bilby INFO    : log10_epsilon_e=Uniform(minimum=-5, maximum=0, name='log10_epsilon_e', latex_label='$\\log_{10}\\epsilon_e$', unit=None, boundary='reflective')
18:00 bilby INFO    : KNtimeshift=0.0
18:00 bilby INFO    : KNtimeshift=0.0
18:00 bilby INFO    : log10_epsilon_e=Uniform(minimum=-5, maximum=0, name='log10_epsilon_e', latex_label='$\\log_{10}\\epsilon_e$', unit=None, boundary='reflective')
18:00 bilby INFO    : KNtimeshift=0.0
18:00 bilby INFO    : log10_epsilon_B=Uniform(minimum=-10, maximum=0, name='log10_epsilon_B', latex_label='$\\log_{10}\\epsilon_B$', unit=None, boundary='reflective')
18:00 bilby INFO    : KNtimeshift=0.0
18:00 bilby INFO    : Ebv=0.0
18:00 bilby INFO    : KNtimeshift=0.0
18:00 bilby INFO    : log10_epsilon_e=Uniform(minimum=-5, maximum=0, name='log10_epsilon_e', latex_label='$\\log_{10}\\epsilon_e$', unit=None, boundary='reflective')
18:00 bilby INFO    : log10_epsilon_e=Uniform(minimum=-5, maximum=0, name='log10_epsilon_e', latex_label='$\\log_{10}\\epsilon_e$', unit=None, boundary='reflective')
18:00 bilby INFO    : log10_epsilon_B=Uniform(minimum=-10, maximum=0, name='log10_epsilon_B', latex_label='$\\log_{10}\\epsilon_B$', unit=None, boundary='reflective')
18:00 bilby INFO    : KNtimeshift=0.0
18:00 bilby INFO    : log10_epsilon_B=Uniform(minimum=-10, maximum=0, name='log10_epsilon_B', latex_label='$\\log_{10}\\epsilon_B$', unit=None, boundary='reflective')
18:00 bilby INFO    : log10_epsilon_e=Uniform(minimum=-5, maximum=0, name='log10_epsilon_e', latex_label='$\\log_{10}\\epsilon_e$', unit=None, boundary='reflective')
18:00 bilby INFO    : Ebv=0.0
18:00 bilby INFO    : Ebv=0.0
18:00 bilby INFO    : Analysis likelihood class: <class 'nmma.em.likelihood.OpticalLightCurve'>
18:00 bilby INFO    : Ebv=0.0
18:00 bilby INFO    : log10_epsilon_B=Uniform(minimum=-10, maximum=0, name='log10_epsilon_B', latex_label='$\\log_{10}\\epsilon_B$', unit=None, boundary='reflective')
18:00 bilby INFO    : Ebv=0.0
18:00 bilby INFO    : log10_epsilon_B=Uniform(minimum=-10, maximum=0, name='log10_epsilon_B', latex_label='$\\log_{10}\\epsilon_B$', unit=None, boundary='reflective')
18:00 bilby INFO    : log10_epsilon_B=Uniform(minimum=-10, maximum=0, name='log10_epsilon_B', latex_label='$\\log_{10}\\epsilon_B$', unit=None, boundary='reflective')
18:00 bilby INFO    : log10_epsilon_e=Uniform(minimum=-5, maximum=0, name='log10_epsilon_e', latex_label='$\\log_{10}\\epsilon_e$', unit=None, boundary='reflective')
18:00 bilby INFO    : Ebv=0.0
18:00 bilby INFO    : log10_epsilon_B=Uniform(minimum=-10, maximum=0, name='log10_epsilon_B', latex_label='$\\log_{10}\\epsilon_B$', unit=None, boundary='reflective')
18:00 bilby INFO    : KNtimeshift=0.0
18:00 bilby INFO    : KNtimeshift=0.0
18:00 bilby INFO    : Ebv=0.0
18:00 bilby INFO    : log10_epsilon_B=Uniform(minimum=-10, maximum=0, name='log10_epsilon_B', latex_label='$\\log_{10}\\epsilon_B$', unit=None, boundary='reflective')
18:00 bilby INFO    : log10_epsilon_B=Uniform(minimum=-10, maximum=0, name='log10_epsilon_B', latex_label='$\\log_{10}\\epsilon_B$', unit=None, boundary='reflective')
18:00 bilby INFO    : KNtimeshift=0.0
18:00 bilby INFO    : Analysis likelihood class: <class 'nmma.em.likelihood.OpticalLightCurve'>
18:00 bilby INFO    : log10_epsilon_e=Uniform(minimum=-5, maximum=0, name='log10_epsilon_e', latex_label='$\\log_{10}\\epsilon_e$', unit=None, boundary='reflective')
18:00 bilby INFO    : log10_epsilon_B=Uniform(minimum=-10, maximum=0, name='log10_epsilon_B', latex_label='$\\log_{10}\\epsilon_B$', unit=None, boundary='reflective')
18:00 bilby INFO    : KNtimeshift=0.0
18:00 bilby INFO    : Analysis likelihood class: <class 'nmma.em.likelihood.OpticalLightCurve'>
18:00 bilby INFO    : Analysis likelihood noise evidence: 0.0
18:00 bilby INFO    : Analysis likelihood class: <class 'nmma.em.likelihood.OpticalLightCurve'>
18:00 bilby INFO    : log10_epsilon_B=Uniform(minimum=-10, maximum=0, name='log10_epsilon_B', latex_label='$\\log_{10}\\epsilon_B$', unit=None, boundary='reflective')
18:00 bilby INFO    : KNtimeshift=0.0
18:00 bilby INFO    : KNtimeshift=0.0
18:00 bilby INFO    : Analysis likelihood class: <class 'nmma.em.likelihood.OpticalLightCurve'>
18:00 bilby INFO    : log10_epsilon_B=Uniform(minimum=-10, maximum=0, name='log10_epsilon_B', latex_label='$\\log_{10}\\epsilon_B$', unit=None, boundary='reflective')
18:00 bilby INFO    : KNtimeshift=0.0
18:00 bilby INFO    : Ebv=0.0
18:00 bilby INFO    : Analysis likelihood class: <class 'nmma.em.likelihood.OpticalLightCurve'>
18:00 bilby INFO    : KNtimeshift=0.0
18:00 bilby INFO    : Ebv=0.0
18:00 bilby INFO    : KNtimeshift=0.0
18:00 bilby INFO    : Analysis likelihood class: <class 'nmma.em.likelihood.OpticalLightCurve'>
18:00 bilby INFO    : KNtimeshift=0.0
18:00 bilby INFO    : Ebv=0.0
18:00 bilby INFO    : KNtimeshift=0.0
18:00 bilby INFO    : Ebv=0.0
18:00 bilby INFO    : Analysis likelihood class: <class 'nmma.em.likelihood.OpticalLightCurve'>
18:00 bilby INFO    : KNtimeshift=0.0
18:00 bilby INFO    : Ebv=0.0
18:00 bilby INFO    : log10_epsilon_B=Uniform(minimum=-10, maximum=0, name='log10_epsilon_B', latex_label='$\\log_{10}\\epsilon_B$', unit=None, boundary='reflective')
18:00 bilby INFO    : KNtimeshift=0.0
18:00 bilby INFO    : Ebv=0.0
18:00 bilby INFO    : log10_epsilon_B=Uniform(minimum=-10, maximum=0, name='log10_epsilon_B', latex_label='$\\log_{10}\\epsilon_B$', unit=None, boundary='reflective')
18:00 bilby INFO    : log10_epsilon_B=Uniform(minimum=-10, maximum=0, name='log10_epsilon_B', latex_label='$\\log_{10}\\epsilon_B$', unit=None, boundary='reflective')
18:00 bilby INFO    : KNtimeshift=0.0
18:00 bilby INFO    : log10_epsilon_B=Uniform(minimum=-10, maximum=0, name='log10_epsilon_B', latex_label='$\\log_{10}\\epsilon_B$', unit=None, boundary='reflective')
18:00 bilby INFO    : KNtimeshift=0.0
18:00 bilby INFO    : log10_epsilon_B=Uniform(minimum=-10, maximum=0, name='log10_epsilon_B', latex_label='$\\log_{10}\\epsilon_B$', unit=None, boundary='reflective')
18:00 bilby INFO    : KNtimeshift=0.0
18:00 bilby INFO    : Analysis likelihood noise evidence: 0.0
18:00 bilby INFO    : Ebv=0.0
18:00 bilby INFO    : Analysis likelihood class: <class 'nmma.em.likelihood.OpticalLightCurve'>
18:00 bilby INFO    : Analysis likelihood noise evidence: 0.0
18:00 bilby INFO    : Analysis likelihood noise evidence: 0.0
18:00 bilby INFO    : log10_epsilon_B=Uniform(minimum=-10, maximum=0, name='log10_epsilon_B', latex_label='$\\log_{10}\\epsilon_B$', unit=None, boundary='reflective')
18:00 bilby INFO    : KNtimeshift=0.0
18:00 bilby INFO    : Ebv=0.0
18:00 bilby INFO    : Ebv=0.0
18:00 bilby INFO    : Analysis likelihood noise evidence: 0.0
18:00 bilby INFO    : KNtimeshift=0.0
18:00 bilby INFO    : Analysis likelihood class: <class 'nmma.em.likelihood.OpticalLightCurve'>
18:00 bilby INFO    : Analysis likelihood noise evidence: 0.0
18:00 bilby INFO    : Analysis likelihood class: <class 'nmma.em.likelihood.OpticalLightCurve'>
18:00 bilby INFO    : log10_epsilon_B=Uniform(minimum=-10, maximum=0, name='log10_epsilon_B', latex_label='$\\log_{10}\\epsilon_B$', unit=None, boundary='reflective')
18:00 bilby INFO    : KNtimeshift=0.0
18:00 bilby INFO    : Ebv=0.0
18:00 bilby INFO    : Analysis likelihood class: <class 'nmma.em.likelihood.OpticalLightCurve'>
18:00 bilby INFO    : log10_epsilon_B=Uniform(minimum=-10, maximum=0, name='log10_epsilon_B', latex_label='$\\log_{10}\\epsilon_B$', unit=None, boundary='reflective')
18:00 bilby INFO    : KNtimeshift=0.0
18:00 bilby INFO    : log10_epsilon_B=Uniform(minimum=-10, maximum=0, name='log10_epsilon_B', latex_label='$\\log_{10}\\epsilon_B$', unit=None, boundary='reflective')
18:00 bilby INFO    : KNtimeshift=0.0
18:00 bilby INFO    : Analysis likelihood noise evidence: 0.0
18:00 bilby INFO    : Ebv=0.0
18:00 bilby INFO    : Analysis likelihood class: <class 'nmma.em.likelihood.OpticalLightCurve'>
18:00 bilby INFO    : Analysis likelihood class: <class 'nmma.em.likelihood.OpticalLightCurve'>
18:00 bilby INFO    : Analysis likelihood noise evidence: 0.0
18:00 bilby INFO    : Analysis likelihood class: <class 'nmma.em.likelihood.OpticalLightCurve'>
18:00 bilby INFO    : Analysis likelihood noise evidence: 0.0
18:00 bilby INFO    : Ebv=0.0
18:00 bilby INFO    : Analysis likelihood class: <class 'nmma.em.likelihood.OpticalLightCurve'>
18:00 bilby INFO    : Analysis likelihood noise evidence: 0.0
18:00 bilby INFO    : Analysis likelihood class: <class 'nmma.em.likelihood.OpticalLightCurve'>
18:00 bilby INFO    : Analysis likelihood noise evidence: 0.0
18:00 bilby INFO    : KNtimeshift=0.0
18:00 bilby INFO    : Ebv=0.0
18:00 bilby INFO    : Ebv=0.0
18:00 bilby INFO    : Analysis likelihood class: <class 'nmma.em.likelihood.OpticalLightCurve'>
18:00 bilby INFO    : Ebv=0.0
18:00 bilby INFO    : Analysis likelihood class: <class 'nmma.em.likelihood.OpticalLightCurve'>
18:00 bilby INFO    : log10_epsilon_B=Uniform(minimum=-10, maximum=0, name='log10_epsilon_B', latex_label='$\\log_{10}\\epsilon_B$', unit=None, boundary='reflective')
18:00 bilby INFO    : KNtimeshift=0.0
18:00 bilby INFO    : Analysis likelihood noise evidence: 0.0
18:00 bilby INFO    : Ebv=0.0
18:00 bilby INFO    : Analysis likelihood class: <class 'nmma.em.likelihood.OpticalLightCurve'>
18:00 bilby INFO    : Analysis likelihood noise evidence: 0.0
18:00 bilby INFO    : Analysis likelihood class: <class 'nmma.em.likelihood.OpticalLightCurve'>
18:00 bilby INFO    : Analysis likelihood noise evidence: 0.0
18:00 bilby INFO    : Ebv=0.0
18:00 bilby INFO    : Analysis likelihood class: <class 'nmma.em.likelihood.OpticalLightCurve'>
18:00 bilby INFO    : Analysis likelihood noise evidence: 0.0
18:00 bilby INFO    : Analysis likelihood noise evidence: 0.0
18:00 bilby INFO    : Ebv=0.0
18:00 bilby INFO    : Analysis likelihood noise evidence: 0.0
18:00 bilby INFO    : Ebv=0.0
18:00 bilby INFO    : Analysis likelihood class: <class 'nmma.em.likelihood.OpticalLightCurve'>
18:00 bilby INFO    : Ebv=0.0
18:00 bilby INFO    : Analysis likelihood noise evidence: 0.0
18:00 bilby INFO    : Analysis likelihood noise evidence: 0.0
18:00 bilby INFO    : Analysis likelihood class: <class 'nmma.em.likelihood.OpticalLightCurve'>
18:00 bilby INFO    : Analysis likelihood noise evidence: 0.0
18:00 bilby INFO    : Ebv=0.0
18:00 bilby INFO    : Analysis likelihood class: <class 'nmma.em.likelihood.OpticalLightCurve'>
18:00 bilby INFO    : Ebv=0.0
18:00 bilby INFO    : Analysis likelihood class: <class 'nmma.em.likelihood.OpticalLightCurve'>
18:00 bilby INFO    : Analysis likelihood class: <class 'nmma.em.likelihood.OpticalLightCurve'>
18:00 bilby INFO    : Analysis likelihood noise evidence: 0.0
18:00 bilby INFO    : Ebv=0.0
18:00 bilby INFO    : Analysis likelihood class: <class 'nmma.em.likelihood.OpticalLightCurve'>
18:00 bilby INFO    : Analysis likelihood class: <class 'nmma.em.likelihood.OpticalLightCurve'>
18:00 bilby INFO    : Analysis likelihood noise evidence: 0.0
18:00 bilby INFO    : Analysis likelihood noise evidence: 0.0
18:00 bilby INFO    : Analysis likelihood class: <class 'nmma.em.likelihood.OpticalLightCurve'>
18:00 bilby INFO    : Analysis likelihood noise evidence: 0.0
18:00 bilby INFO    : Analysis likelihood noise evidence: 0.0
18:00 bilby INFO    : Analysis likelihood class: <class 'nmma.em.likelihood.OpticalLightCurve'>
18:00 bilby INFO    : Analysis likelihood noise evidence: 0.0
18:00 bilby INFO    : Analysis likelihood noise evidence: 0.0
18:00 bilby INFO    : Analysis likelihood noise evidence: 0.0
18:00 bilby INFO    : Analysis likelihood noise evidence: 0.0
18:00 bilby INFO    : Analysis likelihood noise evidence: 0.0
18:00 bilby INFO    : Analysis likelihood noise evidence: 0.0
18:00 bilby INFO    : inclination_EM=nmma.em.prior.ConditionalGaussianIotaGivenThetaCore(minimum=0.0, maximum=0.7853981633974483, name='inclination_EM', N_sigma=1.0, latex_label='$\\iota$', unit=None, boundary=None)
18:00 bilby INFO    : luminosity_distance=Uniform(minimum=0, maximum=3000, name='luminosity_distance', latex_label='$D_L$', unit=None, boundary=None)
18:00 bilby INFO    : log10_E0=Uniform(minimum=47.0, maximum=55.0, name='log10_E0', latex_label='$\\log_{10}E_0$', unit=None, boundary='reflective')
18:00 bilby INFO    : thetaCore=Uniform(minimum=0.01, maximum=0.3141592653589793, name='theta_core', latex_label='$\\theta_c$', unit=None, boundary='reflective')
18:00 bilby INFO    : thetaWing=Uniform(minimum=0.01, maximum=0.7853981633974483, name='theta_wing', latex_label='$\\theta_w$', unit=None, boundary=None)
18:00 bilby INFO    : log10_n0=Uniform(minimum=-6, maximum=2.0, name='log10_n0', latex_label='$\\log_{10}n_0$', unit=None, boundary='reflective')
18:00 bilby INFO    : p=Uniform(minimum=2.01, maximum=3.0, name='p', latex_label='$p$', unit=None, boundary=None)
18:00 bilby INFO    : log10_epsilon_e=Uniform(minimum=-5, maximum=0, name='log10_epsilon_e', latex_label='$\\log_{10}\\epsilon_e$', unit=None, boundary='reflective')
18:00 bilby INFO    : log10_epsilon_B=Uniform(minimum=-10, maximum=0, name='log10_epsilon_B', latex_label='$\\log_{10}\\epsilon_B$', unit=None, boundary='reflective')
18:00 bilby INFO    : KNtimeshift=0.0
18:00 bilby INFO    : Ebv=0.0
18:00 bilby INFO    : Analysis likelihood class: <class 'nmma.em.likelihood.OpticalLightCurve'>
18:00 bilby INFO    : Analysis likelihood noise evidence: 0.0
18:05 bilby INFO    : Single likelihood evaluation took 2.852e+00 s
18:05 bilby INFO    : Single likelihood evaluation took 2.875e+00 s
18:05 bilby WARNING : Supplied argument 'queue_size' not an argument of 'Pymultinest', removing.
18:05 bilby WARNING : Supplied argument 'check_point_delta_t' not an argument of 'Pymultinest', removing.
18:05 bilby INFO    : Using sampler Pymultinest with kwargs {'importance_nested_sampling': False, 'resume': True, 'verbose': True, 'sampling_efficiency': 'parameter', 'n_live_points': 2048, 'n_params': 12, 'n_clustering_params': None, 'wrapped_params': None, 'multimodal': True, 'const_efficiency_mode': False, 'evidence_tolerance': 0.5, 'n_iter_before_update': 100, 'null_log_evidence': -1e+90, 'max_modes': 100, 'mode_tolerance': -1e+90, 'seed': 42, 'context': 0, 'write_output': True, 'log_zero': -1e+100, 'max_iter': 0, 'init_MPI': False, 'dump_callback': <bound method Pymultinest._dump_callback of <bilby.core.sampler.pymultinest.Pymultinest object at 0x1555031a7280>>}
18:05 bilby INFO    : Temporary directory incompatible with MPI, will run in original directory
18:05 bilby INFO    : Using output file outdirBNSKagauss32cores/pm_GRB211211A/
18:05 bilby WARNING : Supplied argument 'queue_size' not an argument of 'Pymultinest', removing.
18:05 bilby WARNING : Supplied argument 'check_point_delta_t' not an argument of 'Pymultinest', removing.
18:05 bilby INFO    : Using sampler Pymultinest with kwargs {'importance_nested_sampling': False, 'resume': True, 'verbose': True, 'sampling_efficiency': 'parameter', 'n_live_points': 2048, 'n_params': 12, 'n_clustering_params': None, 'wrapped_params': None, 'multimodal': True, 'const_efficiency_mode': False, 'evidence_tolerance': 0.5, 'n_iter_before_update': 100, 'null_log_evidence': -1e+90, 'max_modes': 100, 'mode_tolerance': -1e+90, 'seed': 42, 'context': 0, 'write_output': True, 'log_zero': -1e+100, 'max_iter': 0, 'init_MPI': False, 'dump_callback': <bound method Pymultinest._dump_callback of <bilby.core.sampler.pymultinest.Pymultinest object at 0x1555031ab3d0>>}
18:05 bilby INFO    : Temporary directory incompatible with MPI, will run in original directory
18:05 bilby INFO    : Using output file outdirBNSKagauss32cores/pm_GRB211211A/
18:05 bilby INFO    : Single likelihood evaluation took 2.928e+00 s
18:05 bilby WARNING : Supplied argument 'queue_size' not an argument of 'Pymultinest', removing.
18:05 bilby WARNING : Supplied argument 'check_point_delta_t' not an argument of 'Pymultinest', removing.
18:05 bilby INFO    : Using sampler Pymultinest with kwargs {'importance_nested_sampling': False, 'resume': True, 'verbose': True, 'sampling_efficiency': 'parameter', 'n_live_points': 2048, 'n_params': 12, 'n_clustering_params': None, 'wrapped_params': None, 'multimodal': True, 'const_efficiency_mode': False, 'evidence_tolerance': 0.5, 'n_iter_before_update': 100, 'null_log_evidence': -1e+90, 'max_modes': 100, 'mode_tolerance': -1e+90, 'seed': 42, 'context': 0, 'write_output': True, 'log_zero': -1e+100, 'max_iter': 0, 'init_MPI': False, 'dump_callback': <bound method Pymultinest._dump_callback of <bilby.core.sampler.pymultinest.Pymultinest object at 0x155503220a00>>}
18:05 bilby INFO    : Temporary directory incompatible with MPI, will run in original directory
18:05 bilby INFO    : Using output file outdirBNSKagauss32cores/pm_GRB211211A/
18:05 bilby INFO    : Single likelihood evaluation took 2.978e+00 s
18:05 bilby INFO    : Single likelihood evaluation took 3.020e+00 s
18:06 bilby WARNING : Supplied argument 'queue_size' not an argument of 'Pymultinest', removing.
18:06 bilby WARNING : Supplied argument 'check_point_delta_t' not an argument of 'Pymultinest', removing.
18:06 bilby INFO    : Using sampler Pymultinest with kwargs {'importance_nested_sampling': False, 'resume': True, 'verbose': True, 'sampling_efficiency': 'parameter', 'n_live_points': 2048, 'n_params': 12, 'n_clustering_params': None, 'wrapped_params': None, 'multimodal': True, 'const_efficiency_mode': False, 'evidence_tolerance': 0.5, 'n_iter_before_update': 100, 'null_log_evidence': -1e+90, 'max_modes': 100, 'mode_tolerance': -1e+90, 'seed': 42, 'context': 0, 'write_output': True, 'log_zero': -1e+100, 'max_iter': 0, 'init_MPI': False, 'dump_callback': <bound method Pymultinest._dump_callback of <bilby.core.sampler.pymultinest.Pymultinest object at 0x1555031a82e0>>}
18:06 bilby INFO    : Temporary directory incompatible with MPI, will run in original directory
18:06 bilby INFO    : Using output file outdirBNSKagauss32cores/pm_GRB211211A/
18:06 bilby INFO    : Single likelihood evaluation took 3.071e+00 s
18:06 bilby INFO    : Single likelihood evaluation took 3.070e+00 s
18:06 bilby WARNING : Supplied argument 'queue_size' not an argument of 'Pymultinest', removing.
18:06 bilby WARNING : Supplied argument 'check_point_delta_t' not an argument of 'Pymultinest', removing.
18:06 bilby INFO    : Using sampler Pymultinest with kwargs {'importance_nested_sampling': False, 'resume': True, 'verbose': True, 'sampling_efficiency': 'parameter', 'n_live_points': 2048, 'n_params': 12, 'n_clustering_params': None, 'wrapped_params': None, 'multimodal': True, 'const_efficiency_mode': False, 'evidence_tolerance': 0.5, 'n_iter_before_update': 100, 'null_log_evidence': -1e+90, 'max_modes': 100, 'mode_tolerance': -1e+90, 'seed': 42, 'context': 0, 'write_output': True, 'log_zero': -1e+100, 'max_iter': 0, 'init_MPI': False, 'dump_callback': <bound method Pymultinest._dump_callback of <bilby.core.sampler.pymultinest.Pymultinest object at 0x1555031a4700>>}
18:06 bilby INFO    : Temporary directory incompatible with MPI, will run in original directory
18:06 bilby INFO    : Using output file outdirBNSKagauss32cores/pm_GRB211211A/
18:06 bilby INFO    : Single likelihood evaluation took 3.094e+00 s
18:06 bilby WARNING : Supplied argument 'queue_size' not an argument of 'Pymultinest', removing.
18:06 bilby WARNING : Supplied argument 'check_point_delta_t' not an argument of 'Pymultinest', removing.
18:06 bilby INFO    : Using sampler Pymultinest with kwargs {'importance_nested_sampling': False, 'resume': True, 'verbose': True, 'sampling_efficiency': 'parameter', 'n_live_points': 2048, 'n_params': 12, 'n_clustering_params': None, 'wrapped_params': None, 'multimodal': True, 'const_efficiency_mode': False, 'evidence_tolerance': 0.5, 'n_iter_before_update': 100, 'null_log_evidence': -1e+90, 'max_modes': 100, 'mode_tolerance': -1e+90, 'seed': 42, 'context': 0, 'write_output': True, 'log_zero': -1e+100, 'max_iter': 0, 'init_MPI': False, 'dump_callback': <bound method Pymultinest._dump_callback of <bilby.core.sampler.pymultinest.Pymultinest object at 0x1555031a71c0>>}
18:06 bilby INFO    : Temporary directory incompatible with MPI, will run in original directory
18:06 bilby INFO    : Using output file outdirBNSKagauss32cores/pm_GRB211211A/
18:06 bilby WARNING : Supplied argument 'queue_size' not an argument of 'Pymultinest', removing.
18:06 bilby WARNING : Supplied argument 'check_point_delta_t' not an argument of 'Pymultinest', removing.
18:06 bilby INFO    : Using sampler Pymultinest with kwargs {'importance_nested_sampling': False, 'resume': True, 'verbose': True, 'sampling_efficiency': 'parameter', 'n_live_points': 2048, 'n_params': 12, 'n_clustering_params': None, 'wrapped_params': None, 'multimodal': True, 'const_efficiency_mode': False, 'evidence_tolerance': 0.5, 'n_iter_before_update': 100, 'null_log_evidence': -1e+90, 'max_modes': 100, 'mode_tolerance': -1e+90, 'seed': 42, 'context': 0, 'write_output': True, 'log_zero': -1e+100, 'max_iter': 0, 'init_MPI': False, 'dump_callback': <bound method Pymultinest._dump_callback of <bilby.core.sampler.pymultinest.Pymultinest object at 0x1555031a5640>>}
18:06 bilby INFO    : Temporary directory incompatible with MPI, will run in original directory
18:06 bilby INFO    : Using output file outdirBNSKagauss32cores/pm_GRB211211A/
18:06 bilby WARNING : Supplied argument 'queue_size' not an argument of 'Pymultinest', removing.
18:06 bilby WARNING : Supplied argument 'check_point_delta_t' not an argument of 'Pymultinest', removing.
18:06 bilby INFO    : Using sampler Pymultinest with kwargs {'importance_nested_sampling': False, 'resume': True, 'verbose': True, 'sampling_efficiency': 'parameter', 'n_live_points': 2048, 'n_params': 12, 'n_clustering_params': None, 'wrapped_params': None, 'multimodal': True, 'const_efficiency_mode': False, 'evidence_tolerance': 0.5, 'n_iter_before_update': 100, 'null_log_evidence': -1e+90, 'max_modes': 100, 'mode_tolerance': -1e+90, 'seed': 42, 'context': 0, 'write_output': True, 'log_zero': -1e+100, 'max_iter': 0, 'init_MPI': False, 'dump_callback': <bound method Pymultinest._dump_callback of <bilby.core.sampler.pymultinest.Pymultinest object at 0x1555031a8430>>}
18:06 bilby INFO    : Temporary directory incompatible with MPI, will run in original directory
18:06 bilby INFO    : Using output file outdirBNSKagauss32cores/pm_GRB211211A/
18:06 bilby INFO    : Single likelihood evaluation took 3.189e+00 s
18:06 bilby INFO    : Single likelihood evaluation took 3.209e+00 s
18:06 bilby WARNING : Supplied argument 'queue_size' not an argument of 'Pymultinest', removing.
18:06 bilby WARNING : Supplied argument 'check_point_delta_t' not an argument of 'Pymultinest', removing.
18:06 bilby INFO    : Using sampler Pymultinest with kwargs {'importance_nested_sampling': False, 'resume': True, 'verbose': True, 'sampling_efficiency': 'parameter', 'n_live_points': 2048, 'n_params': 12, 'n_clustering_params': None, 'wrapped_params': None, 'multimodal': True, 'const_efficiency_mode': False, 'evidence_tolerance': 0.5, 'n_iter_before_update': 100, 'null_log_evidence': -1e+90, 'max_modes': 100, 'mode_tolerance': -1e+90, 'seed': 42, 'context': 0, 'write_output': True, 'log_zero': -1e+100, 'max_iter': 0, 'init_MPI': False, 'dump_callback': <bound method Pymultinest._dump_callback of <bilby.core.sampler.pymultinest.Pymultinest object at 0x1555031aa280>>}
18:06 bilby INFO    : Temporary directory incompatible with MPI, will run in original directory
18:06 bilby INFO    : Using output file outdirBNSKagauss32cores/pm_GRB211211A/
18:06 bilby INFO    : Single likelihood evaluation took 3.324e+00 s
18:06 bilby INFO    : Single likelihood evaluation took 3.276e+00 s
18:06 bilby WARNING : Supplied argument 'queue_size' not an argument of 'Pymultinest', removing.
18:06 bilby WARNING : Supplied argument 'check_point_delta_t' not an argument of 'Pymultinest', removing.
18:06 bilby INFO    : Using sampler Pymultinest with kwargs {'importance_nested_sampling': False, 'resume': True, 'verbose': True, 'sampling_efficiency': 'parameter', 'n_live_points': 2048, 'n_params': 12, 'n_clustering_params': None, 'wrapped_params': None, 'multimodal': True, 'const_efficiency_mode': False, 'evidence_tolerance': 0.5, 'n_iter_before_update': 100, 'null_log_evidence': -1e+90, 'max_modes': 100, 'mode_tolerance': -1e+90, 'seed': 42, 'context': 0, 'write_output': True, 'log_zero': -1e+100, 'max_iter': 0, 'init_MPI': False, 'dump_callback': <bound method Pymultinest._dump_callback of <bilby.core.sampler.pymultinest.Pymultinest object at 0x1555031a5490>>}
18:06 bilby INFO    : Temporary directory incompatible with MPI, will run in original directory
18:06 bilby INFO    : Using output file outdirBNSKagauss32cores/pm_GRB211211A/
18:06 bilby WARNING : Supplied argument 'queue_size' not an argument of 'Pymultinest', removing.
18:06 bilby WARNING : Supplied argument 'check_point_delta_t' not an argument of 'Pymultinest', removing.
18:06 bilby INFO    : Using sampler Pymultinest with kwargs {'importance_nested_sampling': False, 'resume': True, 'verbose': True, 'sampling_efficiency': 'parameter', 'n_live_points': 2048, 'n_params': 12, 'n_clustering_params': None, 'wrapped_params': None, 'multimodal': True, 'const_efficiency_mode': False, 'evidence_tolerance': 0.5, 'n_iter_before_update': 100, 'null_log_evidence': -1e+90, 'max_modes': 100, 'mode_tolerance': -1e+90, 'seed': 42, 'context': 0, 'write_output': True, 'log_zero': -1e+100, 'max_iter': 0, 'init_MPI': False, 'dump_callback': <bound method Pymultinest._dump_callback of <bilby.core.sampler.pymultinest.Pymultinest object at 0x1555031a5520>>}
18:06 bilby INFO    : Temporary directory incompatible with MPI, will run in original directory
18:06 bilby INFO    : Using output file outdirBNSKagauss32cores/pm_GRB211211A/
18:06 bilby WARNING : Supplied argument 'queue_size' not an argument of 'Pymultinest', removing.
18:06 bilby WARNING : Supplied argument 'check_point_delta_t' not an argument of 'Pymultinest', removing.
18:06 bilby INFO    : Using sampler Pymultinest with kwargs {'importance_nested_sampling': False, 'resume': True, 'verbose': True, 'sampling_efficiency': 'parameter', 'n_live_points': 2048, 'n_params': 12, 'n_clustering_params': None, 'wrapped_params': None, 'multimodal': True, 'const_efficiency_mode': False, 'evidence_tolerance': 0.5, 'n_iter_before_update': 100, 'null_log_evidence': -1e+90, 'max_modes': 100, 'mode_tolerance': -1e+90, 'seed': 42, 'context': 0, 'write_output': True, 'log_zero': -1e+100, 'max_iter': 0, 'init_MPI': False, 'dump_callback': <bound method Pymultinest._dump_callback of <bilby.core.sampler.pymultinest.Pymultinest object at 0x1555031a8340>>}
18:06 bilby INFO    : Temporary directory incompatible with MPI, will run in original directory
18:06 bilby INFO    : Using output file outdirBNSKagauss32cores/pm_GRB211211A/
18:06 bilby INFO    : Single likelihood evaluation took 3.273e+00 s
18:06 bilby INFO    : Single likelihood evaluation took 3.348e+00 s
18:06 bilby WARNING : Supplied argument 'queue_size' not an argument of 'Pymultinest', removing.
18:06 bilby WARNING : Supplied argument 'check_point_delta_t' not an argument of 'Pymultinest', removing.
18:06 bilby INFO    : Using sampler Pymultinest with kwargs {'importance_nested_sampling': False, 'resume': True, 'verbose': True, 'sampling_efficiency': 'parameter', 'n_live_points': 2048, 'n_params': 12, 'n_clustering_params': None, 'wrapped_params': None, 'multimodal': True, 'const_efficiency_mode': False, 'evidence_tolerance': 0.5, 'n_iter_before_update': 100, 'null_log_evidence': -1e+90, 'max_modes': 100, 'mode_tolerance': -1e+90, 'seed': 42, 'context': 0, 'write_output': True, 'log_zero': -1e+100, 'max_iter': 0, 'init_MPI': False, 'dump_callback': <bound method Pymultinest._dump_callback of <bilby.core.sampler.pymultinest.Pymultinest object at 0x1555031ac400>>}
18:06 bilby INFO    : Temporary directory incompatible with MPI, will run in original directory
18:06 bilby INFO    : Using output file outdirBNSKagauss32cores/pm_GRB211211A/
18:06 bilby INFO    : Single likelihood evaluation took 3.364e+00 s
18:06 bilby WARNING : Supplied argument 'queue_size' not an argument of 'Pymultinest', removing.
18:06 bilby WARNING : Supplied argument 'check_point_delta_t' not an argument of 'Pymultinest', removing.
18:06 bilby INFO    : Using sampler Pymultinest with kwargs {'importance_nested_sampling': False, 'resume': True, 'verbose': True, 'sampling_efficiency': 'parameter', 'n_live_points': 2048, 'n_params': 12, 'n_clustering_params': None, 'wrapped_params': None, 'multimodal': True, 'const_efficiency_mode': False, 'evidence_tolerance': 0.5, 'n_iter_before_update': 100, 'null_log_evidence': -1e+90, 'max_modes': 100, 'mode_tolerance': -1e+90, 'seed': 42, 'context': 0, 'write_output': True, 'log_zero': -1e+100, 'max_iter': 0, 'init_MPI': False, 'dump_callback': <bound method Pymultinest._dump_callback of <bilby.core.sampler.pymultinest.Pymultinest object at 0x1555031a9220>>}
18:06 bilby INFO    : Temporary directory incompatible with MPI, will run in original directory
18:06 bilby INFO    : Using output file outdirBNSKagauss32cores/pm_GRB211211A/
18:06 bilby INFO    : Single likelihood evaluation took 3.355e+00 s
18:06 bilby INFO    : Single likelihood evaluation took 3.458e+00 s
18:06 bilby INFO    : Single likelihood evaluation took 3.381e+00 s
18:06 bilby WARNING : Supplied argument 'queue_size' not an argument of 'Pymultinest', removing.
18:06 bilby WARNING : Supplied argument 'check_point_delta_t' not an argument of 'Pymultinest', removing.
18:06 bilby INFO    : Using sampler Pymultinest with kwargs {'importance_nested_sampling': False, 'resume': True, 'verbose': True, 'sampling_efficiency': 'parameter', 'n_live_points': 2048, 'n_params': 12, 'n_clustering_params': None, 'wrapped_params': None, 'multimodal': True, 'const_efficiency_mode': False, 'evidence_tolerance': 0.5, 'n_iter_before_update': 100, 'null_log_evidence': -1e+90, 'max_modes': 100, 'mode_tolerance': -1e+90, 'seed': 42, 'context': 0, 'write_output': True, 'log_zero': -1e+100, 'max_iter': 0, 'init_MPI': False, 'dump_callback': <bound method Pymultinest._dump_callback of <bilby.core.sampler.pymultinest.Pymultinest object at 0x155503220700>>}
18:06 bilby INFO    : Temporary directory incompatible with MPI, will run in original directory
18:06 bilby INFO    : Using output file outdirBNSKagauss32cores/pm_GRB211211A/
18:06 bilby WARNING : Supplied argument 'queue_size' not an argument of 'Pymultinest', removing.
18:06 bilby WARNING : Supplied argument 'check_point_delta_t' not an argument of 'Pymultinest', removing.
18:06 bilby INFO    : Using sampler Pymultinest with kwargs {'importance_nested_sampling': False, 'resume': True, 'verbose': True, 'sampling_efficiency': 'parameter', 'n_live_points': 2048, 'n_params': 12, 'n_clustering_params': None, 'wrapped_params': None, 'multimodal': True, 'const_efficiency_mode': False, 'evidence_tolerance': 0.5, 'n_iter_before_update': 100, 'null_log_evidence': -1e+90, 'max_modes': 100, 'mode_tolerance': -1e+90, 'seed': 42, 'context': 0, 'write_output': True, 'log_zero': -1e+100, 'max_iter': 0, 'init_MPI': False, 'dump_callback': <bound method Pymultinest._dump_callback of <bilby.core.sampler.pymultinest.Pymultinest object at 0x1555031a3b20>>}
18:06 bilby INFO    : Temporary directory incompatible with MPI, will run in original directory
18:06 bilby INFO    : Using output file outdirBNSKagauss32cores/pm_GRB211211A/
18:06 bilby WARNING : Supplied argument 'queue_size' not an argument of 'Pymultinest', removing.
18:06 bilby WARNING : Supplied argument 'check_point_delta_t' not an argument of 'Pymultinest', removing.
18:06 bilby INFO    : Using sampler Pymultinest with kwargs {'importance_nested_sampling': False, 'resume': True, 'verbose': True, 'sampling_efficiency': 'parameter', 'n_live_points': 2048, 'n_params': 12, 'n_clustering_params': None, 'wrapped_params': None, 'multimodal': True, 'const_efficiency_mode': False, 'evidence_tolerance': 0.5, 'n_iter_before_update': 100, 'null_log_evidence': -1e+90, 'max_modes': 100, 'mode_tolerance': -1e+90, 'seed': 42, 'context': 0, 'write_output': True, 'log_zero': -1e+100, 'max_iter': 0, 'init_MPI': False, 'dump_callback': <bound method Pymultinest._dump_callback of <bilby.core.sampler.pymultinest.Pymultinest object at 0x1555031a8520>>}
18:06 bilby INFO    : Temporary directory incompatible with MPI, will run in original directory
18:06 bilby INFO    : Using output file outdirBNSKagauss32cores/pm_GRB211211A/
18:06 bilby WARNING : Supplied argument 'queue_size' not an argument of 'Pymultinest', removing.
18:06 bilby WARNING : Supplied argument 'check_point_delta_t' not an argument of 'Pymultinest', removing.
18:06 bilby INFO    : Using sampler Pymultinest with kwargs {'importance_nested_sampling': False, 'resume': True, 'verbose': True, 'sampling_efficiency': 'parameter', 'n_live_points': 2048, 'n_params': 12, 'n_clustering_params': None, 'wrapped_params': None, 'multimodal': True, 'const_efficiency_mode': False, 'evidence_tolerance': 0.5, 'n_iter_before_update': 100, 'null_log_evidence': -1e+90, 'max_modes': 100, 'mode_tolerance': -1e+90, 'seed': 42, 'context': 0, 'write_output': True, 'log_zero': -1e+100, 'max_iter': 0, 'init_MPI': False, 'dump_callback': <bound method Pymultinest._dump_callback of <bilby.core.sampler.pymultinest.Pymultinest object at 0x1555031a91f0>>}
18:06 bilby INFO    : Temporary directory incompatible with MPI, will run in original directory
18:06 bilby INFO    : Using output file outdirBNSKagauss32cores/pm_GRB211211A/
18:06 bilby INFO    : Single likelihood evaluation took 3.546e+00 s
18:06 bilby INFO    : Single likelihood evaluation took 3.424e+00 s
18:06 bilby INFO    : Single likelihood evaluation took 3.570e+00 s
18:06 bilby WARNING : Supplied argument 'queue_size' not an argument of 'Pymultinest', removing.
18:06 bilby WARNING : Supplied argument 'check_point_delta_t' not an argument of 'Pymultinest', removing.
18:06 bilby INFO    : Using sampler Pymultinest with kwargs {'importance_nested_sampling': False, 'resume': True, 'verbose': True, 'sampling_efficiency': 'parameter', 'n_live_points': 2048, 'n_params': 12, 'n_clustering_params': None, 'wrapped_params': None, 'multimodal': True, 'const_efficiency_mode': False, 'evidence_tolerance': 0.5, 'n_iter_before_update': 100, 'null_log_evidence': -1e+90, 'max_modes': 100, 'mode_tolerance': -1e+90, 'seed': 42, 'context': 0, 'write_output': True, 'log_zero': -1e+100, 'max_iter': 0, 'init_MPI': False, 'dump_callback': <bound method Pymultinest._dump_callback of <bilby.core.sampler.pymultinest.Pymultinest object at 0x1555031a93d0>>}
18:06 bilby INFO    : Temporary directory incompatible with MPI, will run in original directory
18:06 bilby INFO    : Using output file outdirBNSKagauss32cores/pm_GRB211211A/
18:06 bilby WARNING : Supplied argument 'queue_size' not an argument of 'Pymultinest', removing.
18:06 bilby WARNING : Supplied argument 'check_point_delta_t' not an argument of 'Pymultinest', removing.
18:06 bilby INFO    : Using sampler Pymultinest with kwargs {'importance_nested_sampling': False, 'resume': True, 'verbose': True, 'sampling_efficiency': 'parameter', 'n_live_points': 2048, 'n_params': 12, 'n_clustering_params': None, 'wrapped_params': None, 'multimodal': True, 'const_efficiency_mode': False, 'evidence_tolerance': 0.5, 'n_iter_before_update': 100, 'null_log_evidence': -1e+90, 'max_modes': 100, 'mode_tolerance': -1e+90, 'seed': 42, 'context': 0, 'write_output': True, 'log_zero': -1e+100, 'max_iter': 0, 'init_MPI': False, 'dump_callback': <bound method Pymultinest._dump_callback of <bilby.core.sampler.pymultinest.Pymultinest object at 0x1555031ab160>>}
18:06 bilby INFO    : Temporary directory incompatible with MPI, will run in original directory
18:06 bilby INFO    : Using output file outdirBNSKagauss32cores/pm_GRB211211A/
18:06 bilby INFO    : Single likelihood evaluation took 3.531e+00 s
18:06 bilby WARNING : Supplied argument 'queue_size' not an argument of 'Pymultinest', removing.
18:06 bilby WARNING : Supplied argument 'check_point_delta_t' not an argument of 'Pymultinest', removing.
18:06 bilby INFO    : Using sampler Pymultinest with kwargs {'importance_nested_sampling': False, 'resume': True, 'verbose': True, 'sampling_efficiency': 'parameter', 'n_live_points': 2048, 'n_params': 12, 'n_clustering_params': None, 'wrapped_params': None, 'multimodal': True, 'const_efficiency_mode': False, 'evidence_tolerance': 0.5, 'n_iter_before_update': 100, 'null_log_evidence': -1e+90, 'max_modes': 100, 'mode_tolerance': -1e+90, 'seed': 42, 'context': 0, 'write_output': True, 'log_zero': -1e+100, 'max_iter': 0, 'init_MPI': False, 'dump_callback': <bound method Pymultinest._dump_callback of <bilby.core.sampler.pymultinest.Pymultinest object at 0x155503220790>>}
18:06 bilby INFO    : Temporary directory incompatible with MPI, will run in original directory
18:06 bilby INFO    : Using output file outdirBNSKagauss32cores/pm_GRB211211A/
18:06 bilby WARNING : Supplied argument 'queue_size' not an argument of 'Pymultinest', removing.
18:06 bilby WARNING : Supplied argument 'check_point_delta_t' not an argument of 'Pymultinest', removing.
18:06 bilby INFO    : Using sampler Pymultinest with kwargs {'importance_nested_sampling': False, 'resume': True, 'verbose': True, 'sampling_efficiency': 'parameter', 'n_live_points': 2048, 'n_params': 12, 'n_clustering_params': None, 'wrapped_params': None, 'multimodal': True, 'const_efficiency_mode': False, 'evidence_tolerance': 0.5, 'n_iter_before_update': 100, 'null_log_evidence': -1e+90, 'max_modes': 100, 'mode_tolerance': -1e+90, 'seed': 42, 'context': 0, 'write_output': True, 'log_zero': -1e+100, 'max_iter': 0, 'init_MPI': False, 'dump_callback': <bound method Pymultinest._dump_callback of <bilby.core.sampler.pymultinest.Pymultinest object at 0x1555031ac2e0>>}
18:06 bilby INFO    : Temporary directory incompatible with MPI, will run in original directory
18:06 bilby INFO    : Using output file outdirBNSKagauss32cores/pm_GRB211211A/
18:06 bilby INFO    : Single likelihood evaluation took 3.550e+00 s
18:06 bilby WARNING : Supplied argument 'queue_size' not an argument of 'Pymultinest', removing.
18:06 bilby WARNING : Supplied argument 'check_point_delta_t' not an argument of 'Pymultinest', removing.
18:06 bilby INFO    : Using sampler Pymultinest with kwargs {'importance_nested_sampling': False, 'resume': True, 'verbose': True, 'sampling_efficiency': 'parameter', 'n_live_points': 2048, 'n_params': 12, 'n_clustering_params': None, 'wrapped_params': None, 'multimodal': True, 'const_efficiency_mode': False, 'evidence_tolerance': 0.5, 'n_iter_before_update': 100, 'null_log_evidence': -1e+90, 'max_modes': 100, 'mode_tolerance': -1e+90, 'seed': 42, 'context': 0, 'write_output': True, 'log_zero': -1e+100, 'max_iter': 0, 'init_MPI': False, 'dump_callback': <bound method Pymultinest._dump_callback of <bilby.core.sampler.pymultinest.Pymultinest object at 0x1555031a8310>>}
18:06 bilby INFO    : Temporary directory incompatible with MPI, will run in original directory
18:06 bilby INFO    : Using output file outdirBNSKagauss32cores/pm_GRB211211A/
18:07 bilby INFO    : Single likelihood evaluation took 3.611e+00 s
18:07 bilby WARNING : Supplied argument 'queue_size' not an argument of 'Pymultinest', removing.
18:07 bilby WARNING : Supplied argument 'check_point_delta_t' not an argument of 'Pymultinest', removing.
18:07 bilby INFO    : Using sampler Pymultinest with kwargs {'importance_nested_sampling': False, 'resume': True, 'verbose': True, 'sampling_efficiency': 'parameter', 'n_live_points': 2048, 'n_params': 12, 'n_clustering_params': None, 'wrapped_params': None, 'multimodal': True, 'const_efficiency_mode': False, 'evidence_tolerance': 0.5, 'n_iter_before_update': 100, 'null_log_evidence': -1e+90, 'max_modes': 100, 'mode_tolerance': -1e+90, 'seed': 42, 'context': 0, 'write_output': True, 'log_zero': -1e+100, 'max_iter': 0, 'init_MPI': False, 'dump_callback': <bound method Pymultinest._dump_callback of <bilby.core.sampler.pymultinest.Pymultinest object at 0x1555031a8250>>}
18:07 bilby INFO    : Temporary directory incompatible with MPI, will run in original directory
18:07 bilby INFO    : Using output file outdirBNSKagauss32cores/pm_GRB211211A/
18:07 bilby INFO    : Single likelihood evaluation took 3.670e+00 s
18:07 bilby WARNING : Supplied argument 'queue_size' not an argument of 'Pymultinest', removing.
18:07 bilby WARNING : Supplied argument 'check_point_delta_t' not an argument of 'Pymultinest', removing.
18:07 bilby INFO    : Using sampler Pymultinest with kwargs {'importance_nested_sampling': False, 'resume': True, 'verbose': True, 'sampling_efficiency': 'parameter', 'n_live_points': 2048, 'n_params': 12, 'n_clustering_params': None, 'wrapped_params': None, 'multimodal': True, 'const_efficiency_mode': False, 'evidence_tolerance': 0.5, 'n_iter_before_update': 100, 'null_log_evidence': -1e+90, 'max_modes': 100, 'mode_tolerance': -1e+90, 'seed': 42, 'context': 0, 'write_output': True, 'log_zero': -1e+100, 'max_iter': 0, 'init_MPI': False, 'dump_callback': <bound method Pymultinest._dump_callback of <bilby.core.sampler.pymultinest.Pymultinest object at 0x1555031a6580>>}
18:07 bilby INFO    : Temporary directory incompatible with MPI, will run in original directory
18:07 bilby INFO    : Using output file outdirBNSKagauss32cores/pm_GRB211211A/
18:07 bilby INFO    : Single likelihood evaluation took 3.710e+00 s
18:07 bilby WARNING : Supplied argument 'queue_size' not an argument of 'Pymultinest', removing.
18:07 bilby WARNING : Supplied argument 'check_point_delta_t' not an argument of 'Pymultinest', removing.
18:07 bilby INFO    : Using sampler Pymultinest with kwargs {'importance_nested_sampling': False, 'resume': True, 'verbose': True, 'sampling_efficiency': 'parameter', 'n_live_points': 2048, 'n_params': 12, 'n_clustering_params': None, 'wrapped_params': None, 'multimodal': True, 'const_efficiency_mode': False, 'evidence_tolerance': 0.5, 'n_iter_before_update': 100, 'null_log_evidence': -1e+90, 'max_modes': 100, 'mode_tolerance': -1e+90, 'seed': 42, 'context': 0, 'write_output': True, 'log_zero': -1e+100, 'max_iter': 0, 'init_MPI': False, 'dump_callback': <bound method Pymultinest._dump_callback of <bilby.core.sampler.pymultinest.Pymultinest object at 0x1555031ab2e0>>}
18:07 bilby INFO    : Temporary directory incompatible with MPI, will run in original directory
18:07 bilby INFO    : Using output file outdirBNSKagauss32cores/pm_GRB211211A/
18:07 bilby INFO    : Single likelihood evaluation took 3.701e+00 s
18:07 bilby WARNING : Supplied argument 'queue_size' not an argument of 'Pymultinest', removing.
18:07 bilby WARNING : Supplied argument 'check_point_delta_t' not an argument of 'Pymultinest', removing.
18:07 bilby INFO    : Using sampler Pymultinest with kwargs {'importance_nested_sampling': False, 'resume': True, 'verbose': True, 'sampling_efficiency': 'parameter', 'n_live_points': 2048, 'n_params': 12, 'n_clustering_params': None, 'wrapped_params': None, 'multimodal': True, 'const_efficiency_mode': False, 'evidence_tolerance': 0.5, 'n_iter_before_update': 100, 'null_log_evidence': -1e+90, 'max_modes': 100, 'mode_tolerance': -1e+90, 'seed': 42, 'context': 0, 'write_output': True, 'log_zero': -1e+100, 'max_iter': 0, 'init_MPI': False, 'dump_callback': <bound method Pymultinest._dump_callback of <bilby.core.sampler.pymultinest.Pymultinest object at 0x1555031a53a0>>}
18:07 bilby INFO    : Temporary directory incompatible with MPI, will run in original directory
18:07 bilby INFO    : Using output file outdirBNSKagauss32cores/pm_GRB211211A/
18:07 bilby INFO    : Single likelihood evaluation took 3.741e+00 s
18:07 bilby INFO    : Single likelihood evaluation took 3.807e+00 s
18:07 bilby INFO    : Single likelihood evaluation took 3.812e+00 s
18:07 bilby INFO    : Single likelihood evaluation took 3.837e+00 s
18:07 bilby WARNING : Supplied argument 'queue_size' not an argument of 'Pymultinest', removing.
18:07 bilby WARNING : Supplied argument 'check_point_delta_t' not an argument of 'Pymultinest', removing.
18:07 bilby INFO    : Using sampler Pymultinest with kwargs {'importance_nested_sampling': False, 'resume': True, 'verbose': True, 'sampling_efficiency': 'parameter', 'n_live_points': 2048, 'n_params': 12, 'n_clustering_params': None, 'wrapped_params': None, 'multimodal': True, 'const_efficiency_mode': False, 'evidence_tolerance': 0.5, 'n_iter_before_update': 100, 'null_log_evidence': -1e+90, 'max_modes': 100, 'mode_tolerance': -1e+90, 'seed': 42, 'context': 0, 'write_output': True, 'log_zero': -1e+100, 'max_iter': 0, 'init_MPI': False, 'dump_callback': <bound method Pymultinest._dump_callback of <bilby.core.sampler.pymultinest.Pymultinest object at 0x1555031aa340>>}
18:07 bilby INFO    : Temporary directory incompatible with MPI, will run in original directory
18:07 bilby INFO    : Using output file outdirBNSKagauss32cores/pm_GRB211211A/
18:07 bilby WARNING : Supplied argument 'queue_size' not an argument of 'Pymultinest', removing.
18:07 bilby WARNING : Supplied argument 'check_point_delta_t' not an argument of 'Pymultinest', removing.
18:07 bilby INFO    : Using sampler Pymultinest with kwargs {'importance_nested_sampling': False, 'resume': True, 'verbose': True, 'sampling_efficiency': 'parameter', 'n_live_points': 2048, 'n_params': 12, 'n_clustering_params': None, 'wrapped_params': None, 'multimodal': True, 'const_efficiency_mode': False, 'evidence_tolerance': 0.5, 'n_iter_before_update': 100, 'null_log_evidence': -1e+90, 'max_modes': 100, 'mode_tolerance': -1e+90, 'seed': 42, 'context': 0, 'write_output': True, 'log_zero': -1e+100, 'max_iter': 0, 'init_MPI': False, 'dump_callback': <bound method Pymultinest._dump_callback of <bilby.core.sampler.pymultinest.Pymultinest object at 0x1555031a7250>>}
18:07 bilby INFO    : Temporary directory incompatible with MPI, will run in original directory
18:07 bilby INFO    : Using output file outdirBNSKagauss32cores/pm_GRB211211A/
18:07 bilby WARNING : Supplied argument 'queue_size' not an argument of 'Pymultinest', removing.
18:07 bilby WARNING : Supplied argument 'check_point_delta_t' not an argument of 'Pymultinest', removing.
18:07 bilby INFO    : Using sampler Pymultinest with kwargs {'importance_nested_sampling': False, 'resume': True, 'verbose': True, 'sampling_efficiency': 'parameter', 'n_live_points': 2048, 'n_params': 12, 'n_clustering_params': None, 'wrapped_params': None, 'multimodal': True, 'const_efficiency_mode': False, 'evidence_tolerance': 0.5, 'n_iter_before_update': 100, 'null_log_evidence': -1e+90, 'max_modes': 100, 'mode_tolerance': -1e+90, 'seed': 42, 'context': 0, 'write_output': True, 'log_zero': -1e+100, 'max_iter': 0, 'init_MPI': False, 'dump_callback': <bound method Pymultinest._dump_callback of <bilby.core.sampler.pymultinest.Pymultinest object at 0x1555032209a0>>}
18:07 bilby INFO    : Temporary directory incompatible with MPI, will run in original directory
18:07 bilby INFO    : Using output file outdirBNSKagauss32cores/pm_GRB211211A/
18:07 bilby WARNING : Supplied argument 'queue_size' not an argument of 'Pymultinest', removing.
18:07 bilby WARNING : Supplied argument 'check_point_delta_t' not an argument of 'Pymultinest', removing.
18:07 bilby INFO    : Using sampler Pymultinest with kwargs {'importance_nested_sampling': False, 'resume': True, 'verbose': True, 'sampling_efficiency': 'parameter', 'n_live_points': 2048, 'n_params': 12, 'n_clustering_params': None, 'wrapped_params': None, 'multimodal': True, 'const_efficiency_mode': False, 'evidence_tolerance': 0.5, 'n_iter_before_update': 100, 'null_log_evidence': -1e+90, 'max_modes': 100, 'mode_tolerance': -1e+90, 'seed': 42, 'context': 0, 'write_output': True, 'log_zero': -1e+100, 'max_iter': 0, 'init_MPI': False, 'dump_callback': <bound method Pymultinest._dump_callback of <bilby.core.sampler.pymultinest.Pymultinest object at 0x1555031a61c0>>}
18:07 bilby INFO    : Temporary directory incompatible with MPI, will run in original directory
18:07 bilby INFO    : Using output file outdirBNSKagauss32cores/pm_GRB211211A/
18:07 bilby INFO    : Single likelihood evaluation took 4.016e+00 s
18:07 bilby WARNING : Supplied argument 'queue_size' not an argument of 'Pymultinest', removing.
18:07 bilby WARNING : Supplied argument 'check_point_delta_t' not an argument of 'Pymultinest', removing.
18:07 bilby INFO    : Using sampler Pymultinest with kwargs {'importance_nested_sampling': False, 'resume': True, 'verbose': True, 'sampling_efficiency': 'parameter', 'n_live_points': 2048, 'n_params': 12, 'n_clustering_params': None, 'wrapped_params': None, 'multimodal': True, 'const_efficiency_mode': False, 'evidence_tolerance': 0.5, 'n_iter_before_update': 100, 'null_log_evidence': -1e+90, 'max_modes': 100, 'mode_tolerance': -1e+90, 'seed': 42, 'context': 0, 'write_output': True, 'log_zero': -1e+100, 'max_iter': 0, 'init_MPI': False, 'dump_callback': <bound method Pymultinest._dump_callback of <bilby.core.sampler.pymultinest.Pymultinest object at 0x1555031a2550>>}
18:07 bilby INFO    : Temporary directory incompatible with MPI, will run in original directory
18:07 bilby INFO    : Using output file outdirBNSKagauss32cores/pm_GRB211211A/
23:02 bilby INFO    : Sampling time: 1 day, 3:30:23.181026
23:02 bilby INFO    : Sampling time: 1 day, 3:31:05.870918
23:02 bilby INFO    : Sampling time: 1 day, 3:31:28.818761
23:02 bilby INFO    : Sampling time: 1 day, 3:31:23.698558
23:02 bilby INFO    : Sampling time: 1 day, 3:30:57.567107
23:02 bilby INFO    : Sampling time: 1 day, 3:30:16.847504
23:02 bilby INFO    : Sampling time: 1 day, 3:30:08.989959
23:02 bilby INFO    : Sampling time: 1 day, 3:30:18.557484
23:02 bilby INFO    : Sampling time: 1 day, 3:30:57.441102
23:02 bilby INFO    : Sampling time: 1 day, 3:30:57.623285
23:02 bilby INFO    : Sampling time: 1 day, 3:31:15.253197
23:02 bilby INFO    : Sampling time: 1 day, 3:30:42.490660
23:02 bilby INFO    : Sampling time: 1 day, 3:31:21.650364
23:02 bilby INFO    : Sampling time: 1 day, 3:31:08.674062
Traceback (most recent call last):
  File "/home/thussenot/.conda/envs/multinest/lib/python3.8/shutil.py", line 791, in move
    os.rename(src, real_dst)
FileNotFoundError: [Errno 2] No such file or directory: 'outdirBNSKagauss32cores/GRB211211A_result.json' -> 'outdirBNSKagauss32cores/GRB211211A_result.json.old'

During handling of the above exception, another exception occurred:

Traceback (most recent call last):
  File "/home/thussenot/.conda/envs/multinest/bin/light_curve_analysis", line 8, in <module>
    sys.exit(main())
  File "/home/thussenot/.conda/envs/multinest/lib/python3.8/site-packages/nmma/em/analysis.py", line 622, in main
    result = bilby.run_sampler(
  File "/home/thussenot/.conda/envs/multinest/lib/python3.8/site-packages/bilby/core/sampler/__init__.py", line 262, in run_sampler
    result.save_to_file(extension=save, gzip=gzip, outdir=outdir)
  File "/home/thussenot/.conda/envs/multinest/lib/python3.8/site-packages/bilby/core/result.py", line 773, in save_to_file
    move_old_file(filename, overwrite)
  File "/home/thussenot/.conda/envs/multinest/lib/python3.8/site-packages/bilby/core/utils/io.py", line 408, in move_old_file
    shutil.move(filename, filename + ".old")
  File "/home/thussenot/.conda/envs/multinest/lib/python3.8/shutil.py", line 811, in move
    copy_function(src, real_dst)
  File "/home/thussenot/.conda/envs/multinest/lib/python3.8/shutil.py", line 435, in copy2
    copyfile(src, dst, follow_symlinks=follow_symlinks)
  File "/home/thussenot/.conda/envs/multinest/lib/python3.8/shutil.py", line 264, in copyfile
    with open(src, 'rb') as fsrc, open(dst, 'wb') as fdst:
FileNotFoundError: [Errno 2] No such file or directory: 'outdirBNSKagauss32cores/GRB211211A_result.json'
23:02 bilby INFO    : Sampling time: 1 day, 3:31:50.366675
23:02 bilby INFO    : Sampling time: 1 day, 3:31:22.854944
23:02 bilby INFO    : Sampling time: 1 day, 3:30:53.158857
23:02 bilby INFO    : Sampling time: 1 day, 3:31:26.972777
23:02 bilby INFO    : Sampling time: 1 day, 3:30:59.980701
23:02 bilby INFO    : Sampling time: 1 day, 3:30:59.073811
23:02 bilby INFO    : Sampling time: 1 day, 3:31:36.699453
23:02 bilby INFO    : Sampling time: 1 day, 3:31:10.411802
23:02 bilby INFO    : Sampling time: 1 day, 3:30:46.235075
23:02 bilby INFO    : Sampling time: 1 day, 3:29:54.517672
23:02 bilby INFO    : Sampling time: 1 day, 3:31:51.717223
23:02 bilby INFO    : Sampling time: 1 day, 3:30:25.255567
23:02 bilby INFO    : Sampling time: 1 day, 3:30:43.364731
23:02 bilby INFO    : Sampling time: 1 day, 3:30:43.987562
23:02 bilby INFO    : Sampling time: 1 day, 3:30:45.937450
23:02 bilby INFO    : Sampling time: 1 day, 3:30:32.207435
23:02 bilby INFO    : Sampling time: 1 day, 3:30:30.510661
23:02 bilby INFO    : Sampling time: 1 day, 3:30:17.464069
Traceback (most recent call last):
  File "/home/thussenot/.conda/envs/multinest/lib/python3.8/shutil.py", line 791, in move
    os.rename(src, real_dst)
FileNotFoundError: [Errno 2] No such file or directory: 'outdirBNSKagauss32cores/GRB211211A_result.json' -> 'outdirBNSKagauss32cores/GRB211211A_result.json.old'

During handling of the above exception, another exception occurred:

Traceback (most recent call last):
  File "/home/thussenot/.conda/envs/multinest/bin/light_curve_analysis", line 8, in <module>
    sys.exit(main())
  File "/home/thussenot/.conda/envs/multinest/lib/python3.8/site-packages/nmma/em/analysis.py", line 622, in main
    result = bilby.run_sampler(
  File "/home/thussenot/.conda/envs/multinest/lib/python3.8/site-packages/bilby/core/sampler/__init__.py", line 262, in run_sampler
    result.save_to_file(extension=save, gzip=gzip, outdir=outdir)
  File "/home/thussenot/.conda/envs/multinest/lib/python3.8/site-packages/bilby/core/result.py", line 773, in save_to_file
    move_old_file(filename, overwrite)
  File "/home/thussenot/.conda/envs/multinest/lib/python3.8/site-packages/bilby/core/utils/io.py", line 408, in move_old_file
    shutil.move(filename, filename + ".old")
  File "/home/thussenot/.conda/envs/multinest/lib/python3.8/shutil.py", line 811, in move
    copy_function(src, real_dst)
  File "/home/thussenot/.conda/envs/multinest/lib/python3.8/shutil.py", line 435, in copy2
    copyfile(src, dst, follow_symlinks=follow_symlinks)
  File "/home/thussenot/.conda/envs/multinest/lib/python3.8/shutil.py", line 264, in copyfile
    with open(src, 'rb') as fsrc, open(dst, 'wb') as fdst:
FileNotFoundError: [Errno 2] No such file or directory: 'outdirBNSKagauss32cores/GRB211211A_result.json'
Traceback (most recent call last):
  File "/home/thussenot/.conda/envs/multinest/lib/python3.8/shutil.py", line 791, in move
    os.rename(src, real_dst)
FileNotFoundError: [Errno 2] No such file or directory: 'outdirBNSKagauss32cores/GRB211211A_result.json' -> 'outdirBNSKagauss32cores/GRB211211A_result.json.old'

During handling of the above exception, another exception occurred:

Traceback (most recent call last):
  File "/home/thussenot/.conda/envs/multinest/bin/light_curve_analysis", line 8, in <module>
    sys.exit(main())
  File "/home/thussenot/.conda/envs/multinest/lib/python3.8/site-packages/nmma/em/analysis.py", line 622, in main
    result = bilby.run_sampler(
  File "/home/thussenot/.conda/envs/multinest/lib/python3.8/site-packages/bilby/core/sampler/__init__.py", line 262, in run_sampler
    result.save_to_file(extension=save, gzip=gzip, outdir=outdir)
  File "/home/thussenot/.conda/envs/multinest/lib/python3.8/site-packages/bilby/core/result.py", line 773, in save_to_file
    move_old_file(filename, overwrite)
  File "/home/thussenot/.conda/envs/multinest/lib/python3.8/site-packages/bilby/core/utils/io.py", line 408, in move_old_file
    shutil.move(filename, filename + ".old")
  File "/home/thussenot/.conda/envs/multinest/lib/python3.8/shutil.py", line 811, in move
    copy_function(src, real_dst)
  File "/home/thussenot/.conda/envs/multinest/lib/python3.8/shutil.py", line 435, in copy2
    copyfile(src, dst, follow_symlinks=follow_symlinks)
  File "/home/thussenot/.conda/envs/multinest/lib/python3.8/shutil.py", line 264, in copyfile
    with open(src, 'rb') as fsrc, open(dst, 'wb') as fdst:
FileNotFoundError: [Errno 2] No such file or directory: 'outdirBNSKagauss32cores/GRB211211A_result.json'
Traceback (most recent call last):
  File "/home/thussenot/.conda/envs/multinest/lib/python3.8/shutil.py", line 791, in move
    os.rename(src, real_dst)
FileNotFoundError: [Errno 2] No such file or directory: 'outdirBNSKagauss32cores/GRB211211A_result.json' -> 'outdirBNSKagauss32cores/GRB211211A_result.json.old'

During handling of the above exception, another exception occurred:

Traceback (most recent call last):
  File "/home/thussenot/.conda/envs/multinest/bin/light_curve_analysis", line 8, in <module>
    sys.exit(main())
  File "/home/thussenot/.conda/envs/multinest/lib/python3.8/site-packages/nmma/em/analysis.py", line 622, in main
    result = bilby.run_sampler(
  File "/home/thussenot/.conda/envs/multinest/lib/python3.8/site-packages/bilby/core/sampler/__init__.py", line 262, in run_sampler
    result.save_to_file(extension=save, gzip=gzip, outdir=outdir)
  File "/home/thussenot/.conda/envs/multinest/lib/python3.8/site-packages/bilby/core/result.py", line 773, in save_to_file
    move_old_file(filename, overwrite)
  File "/home/thussenot/.conda/envs/multinest/lib/python3.8/site-packages/bilby/core/utils/io.py", line 408, in move_old_file
    shutil.move(filename, filename + ".old")
  File "/home/thussenot/.conda/envs/multinest/lib/python3.8/shutil.py", line 811, in move
    copy_function(src, real_dst)
  File "/home/thussenot/.conda/envs/multinest/lib/python3.8/shutil.py", line 435, in copy2
    copyfile(src, dst, follow_symlinks=follow_symlinks)
  File "/home/thussenot/.conda/envs/multinest/lib/python3.8/shutil.py", line 264, in copyfile
    with open(src, 'rb') as fsrc, open(dst, 'wb') as fdst:
FileNotFoundError: [Errno 2] No such file or directory: 'outdirBNSKagauss32cores/GRB211211A_result.json'
Traceback (most recent call last):
  File "/home/thussenot/.conda/envs/multinest/lib/python3.8/shutil.py", line 791, in move
    os.rename(src, real_dst)
FileNotFoundError: [Errno 2] No such file or directory: 'outdirBNSKagauss32cores/GRB211211A_result.json' -> 'outdirBNSKagauss32cores/GRB211211A_result.json.old'

During handling of the above exception, another exception occurred:

Traceback (most recent call last):
  File "/home/thussenot/.conda/envs/multinest/bin/light_curve_analysis", line 8, in <module>
    sys.exit(main())
  File "/home/thussenot/.conda/envs/multinest/lib/python3.8/site-packages/nmma/em/analysis.py", line 622, in main
    result = bilby.run_sampler(
  File "/home/thussenot/.conda/envs/multinest/lib/python3.8/site-packages/bilby/core/sampler/__init__.py", line 262, in run_sampler
    result.save_to_file(extension=save, gzip=gzip, outdir=outdir)
  File "/home/thussenot/.conda/envs/multinest/lib/python3.8/site-packages/bilby/core/result.py", line 773, in save_to_file
    move_old_file(filename, overwrite)
  File "/home/thussenot/.conda/envs/multinest/lib/python3.8/site-packages/bilby/core/utils/io.py", line 408, in move_old_file
    shutil.move(filename, filename + ".old")
  File "/home/thussenot/.conda/envs/multinest/lib/python3.8/shutil.py", line 811, in move
    copy_function(src, real_dst)
  File "/home/thussenot/.conda/envs/multinest/lib/python3.8/shutil.py", line 435, in copy2
    copyfile(src, dst, follow_symlinks=follow_symlinks)
  File "/home/thussenot/.conda/envs/multinest/lib/python3.8/shutil.py", line 264, in copyfile
    with open(src, 'rb') as fsrc, open(dst, 'wb') as fdst:
FileNotFoundError: [Errno 2] No such file or directory: 'outdirBNSKagauss32cores/GRB211211A_result.json'
Traceback (most recent call last):
  File "/home/thussenot/.conda/envs/multinest/lib/python3.8/shutil.py", line 791, in move
    os.rename(src, real_dst)
FileNotFoundError: [Errno 2] No such file or directory: 'outdirBNSKagauss32cores/GRB211211A_result.json' -> 'outdirBNSKagauss32cores/GRB211211A_result.json.old'

During handling of the above exception, another exception occurred:

Traceback (most recent call last):
  File "/home/thussenot/.conda/envs/multinest/bin/light_curve_analysis", line 8, in <module>
    sys.exit(main())
  File "/home/thussenot/.conda/envs/multinest/lib/python3.8/site-packages/nmma/em/analysis.py", line 622, in main
    result = bilby.run_sampler(
  File "/home/thussenot/.conda/envs/multinest/lib/python3.8/site-packages/bilby/core/sampler/__init__.py", line 262, in run_sampler
    result.save_to_file(extension=save, gzip=gzip, outdir=outdir)
  File "/home/thussenot/.conda/envs/multinest/lib/python3.8/site-packages/bilby/core/result.py", line 773, in save_to_file
    move_old_file(filename, overwrite)
  File "/home/thussenot/.conda/envs/multinest/lib/python3.8/site-packages/bilby/core/utils/io.py", line 408, in move_old_file
    shutil.move(filename, filename + ".old")
  File "/home/thussenot/.conda/envs/multinest/lib/python3.8/shutil.py", line 811, in move
    copy_function(src, real_dst)
  File "/home/thussenot/.conda/envs/multinest/lib/python3.8/shutil.py", line 435, in copy2
    copyfile(src, dst, follow_symlinks=follow_symlinks)
  File "/home/thussenot/.conda/envs/multinest/lib/python3.8/shutil.py", line 264, in copyfile
    with open(src, 'rb') as fsrc, open(dst, 'wb') as fdst:
FileNotFoundError: [Errno 2] No such file or directory: 'outdirBNSKagauss32cores/GRB211211A_result.json'
Traceback (most recent call last):
  File "/home/thussenot/.conda/envs/multinest/lib/python3.8/shutil.py", line 791, in move
    os.rename(src, real_dst)
FileNotFoundError: [Errno 2] No such file or directory: 'outdirBNSKagauss32cores/GRB211211A_result.json' -> 'outdirBNSKagauss32cores/GRB211211A_result.json.old'

During handling of the above exception, another exception occurred:

Traceback (most recent call last):
  File "/home/thussenot/.conda/envs/multinest/bin/light_curve_analysis", line 8, in <module>
    sys.exit(main())
  File "/home/thussenot/.conda/envs/multinest/lib/python3.8/site-packages/nmma/em/analysis.py", line 622, in main
    result = bilby.run_sampler(
  File "/home/thussenot/.conda/envs/multinest/lib/python3.8/site-packages/bilby/core/sampler/__init__.py", line 262, in run_sampler
    result.save_to_file(extension=save, gzip=gzip, outdir=outdir)
  File "/home/thussenot/.conda/envs/multinest/lib/python3.8/site-packages/bilby/core/result.py", line 773, in save_to_file
    move_old_file(filename, overwrite)
  File "/home/thussenot/.conda/envs/multinest/lib/python3.8/site-packages/bilby/core/utils/io.py", line 408, in move_old_file
    shutil.move(filename, filename + ".old")
  File "/home/thussenot/.conda/envs/multinest/lib/python3.8/shutil.py", line 811, in move
    copy_function(src, real_dst)
  File "/home/thussenot/.conda/envs/multinest/lib/python3.8/shutil.py", line 435, in copy2
    copyfile(src, dst, follow_symlinks=follow_symlinks)
  File "/home/thussenot/.conda/envs/multinest/lib/python3.8/shutil.py", line 264, in copyfile
    with open(src, 'rb') as fsrc, open(dst, 'wb') as fdst:
FileNotFoundError: [Errno 2] No such file or directory: 'outdirBNSKagauss32cores/GRB211211A_result.json'
Traceback (most recent call last):
  File "/home/thussenot/.conda/envs/multinest/lib/python3.8/shutil.py", line 791, in move
    os.rename(src, real_dst)
FileNotFoundError: [Errno 2] No such file or directory: 'outdirBNSKagauss32cores/GRB211211A_result.json' -> 'outdirBNSKagauss32cores/GRB211211A_result.json.old'

During handling of the above exception, another exception occurred:

Traceback (most recent call last):
  File "/home/thussenot/.conda/envs/multinest/bin/light_curve_analysis", line 8, in <module>
    sys.exit(main())
  File "/home/thussenot/.conda/envs/multinest/lib/python3.8/site-packages/nmma/em/analysis.py", line 622, in main
    result = bilby.run_sampler(
  File "/home/thussenot/.conda/envs/multinest/lib/python3.8/site-packages/bilby/core/sampler/__init__.py", line 262, in run_sampler
    result.save_to_file(extension=save, gzip=gzip, outdir=outdir)
  File "/home/thussenot/.conda/envs/multinest/lib/python3.8/site-packages/bilby/core/result.py", line 773, in save_to_file
    move_old_file(filename, overwrite)
  File "/home/thussenot/.conda/envs/multinest/lib/python3.8/site-packages/bilby/core/utils/io.py", line 408, in move_old_file
    shutil.move(filename, filename + ".old")
  File "/home/thussenot/.conda/envs/multinest/lib/python3.8/shutil.py", line 811, in move
    copy_function(src, real_dst)
  File "/home/thussenot/.conda/envs/multinest/lib/python3.8/shutil.py", line 435, in copy2
    copyfile(src, dst, follow_symlinks=follow_symlinks)
  File "/home/thussenot/.conda/envs/multinest/lib/python3.8/shutil.py", line 264, in copyfile
    with open(src, 'rb') as fsrc, open(dst, 'wb') as fdst:
FileNotFoundError: [Errno 2] No such file or directory: 'outdirBNSKagauss32cores/GRB211211A_result.json'
Traceback (most recent call last):
  File "/home/thussenot/.conda/envs/multinest/lib/python3.8/shutil.py", line 791, in move
    os.rename(src, real_dst)
FileNotFoundError: [Errno 2] No such file or directory: 'outdirBNSKagauss32cores/GRB211211A_result.json' -> 'outdirBNSKagauss32cores/GRB211211A_result.json.old'

During handling of the above exception, another exception occurred:

Traceback (most recent call last):
  File "/home/thussenot/.conda/envs/multinest/bin/light_curve_analysis", line 8, in <module>
    sys.exit(main())
  File "/home/thussenot/.conda/envs/multinest/lib/python3.8/site-packages/nmma/em/analysis.py", line 622, in main
    result = bilby.run_sampler(
  File "/home/thussenot/.conda/envs/multinest/lib/python3.8/site-packages/bilby/core/sampler/__init__.py", line 262, in run_sampler
    result.save_to_file(extension=save, gzip=gzip, outdir=outdir)
  File "/home/thussenot/.conda/envs/multinest/lib/python3.8/site-packages/bilby/core/result.py", line 773, in save_to_file
    move_old_file(filename, overwrite)
  File "/home/thussenot/.conda/envs/multinest/lib/python3.8/site-packages/bilby/core/utils/io.py", line 408, in move_old_file
    shutil.move(filename, filename + ".old")
  File "/home/thussenot/.conda/envs/multinest/lib/python3.8/shutil.py", line 811, in move
    copy_function(src, real_dst)
  File "/home/thussenot/.conda/envs/multinest/lib/python3.8/shutil.py", line 435, in copy2
    copyfile(src, dst, follow_symlinks=follow_symlinks)
  File "/home/thussenot/.conda/envs/multinest/lib/python3.8/shutil.py", line 264, in copyfile
    with open(src, 'rb') as fsrc, open(dst, 'wb') as fdst:
FileNotFoundError: [Errno 2] No such file or directory: 'outdirBNSKagauss32cores/GRB211211A_result.json'
Traceback (most recent call last):
  File "/home/thussenot/.conda/envs/multinest/lib/python3.8/shutil.py", line 791, in move
    os.rename(src, real_dst)
FileNotFoundError: [Errno 2] No such file or directory: 'outdirBNSKagauss32cores/GRB211211A_result.json' -> 'outdirBNSKagauss32cores/GRB211211A_result.json.old'

During handling of the above exception, another exception occurred:

Traceback (most recent call last):
  File "/home/thussenot/.conda/envs/multinest/bin/light_curve_analysis", line 8, in <module>
    sys.exit(main())
  File "/home/thussenot/.conda/envs/multinest/lib/python3.8/site-packages/nmma/em/analysis.py", line 622, in main
    result = bilby.run_sampler(
  File "/home/thussenot/.conda/envs/multinest/lib/python3.8/site-packages/bilby/core/sampler/__init__.py", line 262, in run_sampler
    result.save_to_file(extension=save, gzip=gzip, outdir=outdir)
  File "/home/thussenot/.conda/envs/multinest/lib/python3.8/site-packages/bilby/core/result.py", line 773, in save_to_file
    move_old_file(filename, overwrite)
  File "/home/thussenot/.conda/envs/multinest/lib/python3.8/site-packages/bilby/core/utils/io.py", line 408, in move_old_file
    shutil.move(filename, filename + ".old")
  File "/home/thussenot/.conda/envs/multinest/lib/python3.8/shutil.py", line 811, in move
    copy_function(src, real_dst)
  File "/home/thussenot/.conda/envs/multinest/lib/python3.8/shutil.py", line 435, in copy2
    copyfile(src, dst, follow_symlinks=follow_symlinks)
  File "/home/thussenot/.conda/envs/multinest/lib/python3.8/shutil.py", line 264, in copyfile
    with open(src, 'rb') as fsrc, open(dst, 'wb') as fdst:
FileNotFoundError: [Errno 2] No such file or directory: 'outdirBNSKagauss32cores/GRB211211A_result.json'
Traceback (most recent call last):
  File "/home/thussenot/.conda/envs/multinest/lib/python3.8/shutil.py", line 791, in move
    os.rename(src, real_dst)
FileNotFoundError: [Errno 2] No such file or directory: 'outdirBNSKagauss32cores/GRB211211A_result.json' -> 'outdirBNSKagauss32cores/GRB211211A_result.json.old'

During handling of the above exception, another exception occurred:

Traceback (most recent call last):
  File "/home/thussenot/.conda/envs/multinest/bin/light_curve_analysis", line 8, in <module>
    sys.exit(main())
  File "/home/thussenot/.conda/envs/multinest/lib/python3.8/site-packages/nmma/em/analysis.py", line 622, in main
    result = bilby.run_sampler(
  File "/home/thussenot/.conda/envs/multinest/lib/python3.8/site-packages/bilby/core/sampler/__init__.py", line 262, in run_sampler
    result.save_to_file(extension=save, gzip=gzip, outdir=outdir)
  File "/home/thussenot/.conda/envs/multinest/lib/python3.8/site-packages/bilby/core/result.py", line 773, in save_to_file
    move_old_file(filename, overwrite)
  File "/home/thussenot/.conda/envs/multinest/lib/python3.8/site-packages/bilby/core/utils/io.py", line 408, in move_old_file
    shutil.move(filename, filename + ".old")
  File "/home/thussenot/.conda/envs/multinest/lib/python3.8/shutil.py", line 811, in move
    copy_function(src, real_dst)
  File "/home/thussenot/.conda/envs/multinest/lib/python3.8/shutil.py", line 435, in copy2
    copyfile(src, dst, follow_symlinks=follow_symlinks)
  File "/home/thussenot/.conda/envs/multinest/lib/python3.8/shutil.py", line 264, in copyfile
    with open(src, 'rb') as fsrc, open(dst, 'wb') as fdst:
FileNotFoundError: [Errno 2] No such file or directory: 'outdirBNSKagauss32cores/GRB211211A_result.json'
23:02 bilby ERROR   : 

Saving the data has failed with the following message:
[Errno 116] Stale file handle
Data has been dumped to outdirBNSKagauss32cores/GRB211211A_result.pkl.


Traceback (most recent call last):
  File "/home/thussenot/.conda/envs/multinest/bin/light_curve_analysis", line 8, in <module>
    sys.exit(main())
  File "/home/thussenot/.conda/envs/multinest/lib/python3.8/site-packages/nmma/em/analysis.py", line 622, in main
    result = bilby.run_sampler(
  File "/home/thussenot/.conda/envs/multinest/lib/python3.8/site-packages/bilby/core/sampler/__init__.py", line 278, in run_sampler
    result.save_to_file(overwrite=True, extension=save, gzip=gzip, outdir=outdir)
  File "/home/thussenot/.conda/envs/multinest/lib/python3.8/site-packages/bilby/core/result.py", line 773, in save_to_file
    move_old_file(filename, overwrite)
  File "/home/thussenot/.conda/envs/multinest/lib/python3.8/site-packages/bilby/core/utils/io.py", line 403, in move_old_file
    os.remove(filename)
FileNotFoundError: [Errno 2] No such file or directory: 'outdirBNSKagauss32cores/GRB211211A_result.json'
Traceback (most recent call last):
  File "/home/thussenot/.conda/envs/multinest/bin/light_curve_analysis", line 8, in <module>
    sys.exit(main())
  File "/home/thussenot/.conda/envs/multinest/lib/python3.8/site-packages/nmma/em/analysis.py", line 622, in main
    result = bilby.run_sampler(
  File "/home/thussenot/.conda/envs/multinest/lib/python3.8/site-packages/bilby/core/sampler/__init__.py", line 278, in run_sampler
    result.save_to_file(overwrite=True, extension=save, gzip=gzip, outdir=outdir)
  File "/home/thussenot/.conda/envs/multinest/lib/python3.8/site-packages/bilby/core/result.py", line 773, in save_to_file
    move_old_file(filename, overwrite)
  File "/home/thussenot/.conda/envs/multinest/lib/python3.8/site-packages/bilby/core/utils/io.py", line 403, in move_old_file
    os.remove(filename)
FileNotFoundError: [Errno 2] No such file or directory: 'outdirBNSKagauss32cores/GRB211211A_result.json'
Traceback (most recent call last):
  File "/home/thussenot/.conda/envs/multinest/bin/light_curve_analysis", line 8, in <module>
    sys.exit(main())
  File "/home/thussenot/.conda/envs/multinest/lib/python3.8/site-packages/nmma/em/analysis.py", line 622, in main
    result = bilby.run_sampler(
  File "/home/thussenot/.conda/envs/multinest/lib/python3.8/site-packages/bilby/core/sampler/__init__.py", line 278, in run_sampler
    result.save_to_file(overwrite=True, extension=save, gzip=gzip, outdir=outdir)
  File "/home/thussenot/.conda/envs/multinest/lib/python3.8/site-packages/bilby/core/result.py", line 773, in save_to_file
    move_old_file(filename, overwrite)
  File "/home/thussenot/.conda/envs/multinest/lib/python3.8/site-packages/bilby/core/utils/io.py", line 403, in move_old_file
    os.remove(filename)
FileNotFoundError: [Errno 2] No such file or directory: 'outdirBNSKagauss32cores/GRB211211A_result.json'
Traceback (most recent call last):
  File "/home/thussenot/.conda/envs/multinest/bin/light_curve_analysis", line 8, in <module>
    sys.exit(main())
  File "/home/thussenot/.conda/envs/multinest/lib/python3.8/site-packages/nmma/em/analysis.py", line 622, in main
    result = bilby.run_sampler(
  File "/home/thussenot/.conda/envs/multinest/lib/python3.8/site-packages/bilby/core/sampler/__init__.py", line 278, in run_sampler
    result.save_to_file(overwrite=True, extension=save, gzip=gzip, outdir=outdir)
  File "/home/thussenot/.conda/envs/multinest/lib/python3.8/site-packages/bilby/core/result.py", line 773, in save_to_file
    move_old_file(filename, overwrite)
  File "/home/thussenot/.conda/envs/multinest/lib/python3.8/site-packages/bilby/core/utils/io.py", line 403, in move_old_file
    os.remove(filename)
FileNotFoundError: [Errno 2] No such file or directory: 'outdirBNSKagauss32cores/GRB211211A_result.json'
Traceback (most recent call last):
  File "/home/thussenot/.conda/envs/multinest/bin/light_curve_analysis", line 8, in <module>
    sys.exit(main())
  File "/home/thussenot/.conda/envs/multinest/lib/python3.8/site-packages/nmma/em/analysis.py", line 622, in main
    result = bilby.run_sampler(
  File "/home/thussenot/.conda/envs/multinest/lib/python3.8/site-packages/bilby/core/sampler/__init__.py", line 278, in run_sampler
    result.save_to_file(overwrite=True, extension=save, gzip=gzip, outdir=outdir)
  File "/home/thussenot/.conda/envs/multinest/lib/python3.8/site-packages/bilby/core/result.py", line 773, in save_to_file
    move_old_file(filename, overwrite)
  File "/home/thussenot/.conda/envs/multinest/lib/python3.8/site-packages/bilby/core/utils/io.py", line 403, in move_old_file
    os.remove(filename)
FileNotFoundError: [Errno 2] No such file or directory: 'outdirBNSKagauss32cores/GRB211211A_result.json'
Traceback (most recent call last):
  File "/home/thussenot/.conda/envs/multinest/bin/light_curve_analysis", line 8, in <module>
    sys.exit(main())
  File "/home/thussenot/.conda/envs/multinest/lib/python3.8/site-packages/nmma/em/analysis.py", line 622, in main
    result = bilby.run_sampler(
  File "/home/thussenot/.conda/envs/multinest/lib/python3.8/site-packages/bilby/core/sampler/__init__.py", line 278, in run_sampler
    result.save_to_file(overwrite=True, extension=save, gzip=gzip, outdir=outdir)
  File "/home/thussenot/.conda/envs/multinest/lib/python3.8/site-packages/bilby/core/result.py", line 773, in save_to_file
    move_old_file(filename, overwrite)
  File "/home/thussenot/.conda/envs/multinest/lib/python3.8/site-packages/bilby/core/utils/io.py", line 403, in move_old_file
    os.remove(filename)
FileNotFoundError: [Errno 2] No such file or directory: 'outdirBNSKagauss32cores/GRB211211A_result.json'
Traceback (most recent call last):
  File "/home/thussenot/.conda/envs/multinest/bin/light_curve_analysis", line 8, in <module>
    sys.exit(main())
  File "/home/thussenot/.conda/envs/multinest/lib/python3.8/site-packages/nmma/em/analysis.py", line 622, in main
    result = bilby.run_sampler(
  File "/home/thussenot/.conda/envs/multinest/lib/python3.8/site-packages/bilby/core/sampler/__init__.py", line 278, in run_sampler
    result.save_to_file(overwrite=True, extension=save, gzip=gzip, outdir=outdir)
  File "/home/thussenot/.conda/envs/multinest/lib/python3.8/site-packages/bilby/core/result.py", line 773, in save_to_file
    move_old_file(filename, overwrite)
  File "/home/thussenot/.conda/envs/multinest/lib/python3.8/site-packages/bilby/core/utils/io.py", line 403, in move_old_file
    os.remove(filename)
FileNotFoundError: [Errno 2] No such file or directory: 'outdirBNSKagauss32cores/GRB211211A_result.json'
Traceback (most recent call last):
  File "/home/thussenot/.conda/envs/multinest/bin/light_curve_analysis", line 8, in <module>
    sys.exit(main())
  File "/home/thussenot/.conda/envs/multinest/lib/python3.8/site-packages/nmma/em/analysis.py", line 622, in main
    result = bilby.run_sampler(
  File "/home/thussenot/.conda/envs/multinest/lib/python3.8/site-packages/bilby/core/sampler/__init__.py", line 278, in run_sampler
    result.save_to_file(overwrite=True, extension=save, gzip=gzip, outdir=outdir)
  File "/home/thussenot/.conda/envs/multinest/lib/python3.8/site-packages/bilby/core/result.py", line 773, in save_to_file
    move_old_file(filename, overwrite)
  File "/home/thussenot/.conda/envs/multinest/lib/python3.8/site-packages/bilby/core/utils/io.py", line 403, in move_old_file
    os.remove(filename)
FileNotFoundError: [Errno 2] No such file or directory: 'outdirBNSKagauss32cores/GRB211211A_result.json'
Traceback (most recent call last):
  File "/home/thussenot/.conda/envs/multinest/bin/light_curve_analysis", line 8, in <module>
    sys.exit(main())
  File "/home/thussenot/.conda/envs/multinest/lib/python3.8/site-packages/nmma/em/analysis.py", line 622, in main
    result = bilby.run_sampler(
  File "/home/thussenot/.conda/envs/multinest/lib/python3.8/site-packages/bilby/core/sampler/__init__.py", line 278, in run_sampler
    result.save_to_file(overwrite=True, extension=save, gzip=gzip, outdir=outdir)
  File "/home/thussenot/.conda/envs/multinest/lib/python3.8/site-packages/bilby/core/result.py", line 773, in save_to_file
    move_old_file(filename, overwrite)
  File "/home/thussenot/.conda/envs/multinest/lib/python3.8/site-packages/bilby/core/utils/io.py", line 403, in move_old_file
    os.remove(filename)
FileNotFoundError: [Errno 2] No such file or directory: 'outdirBNSKagauss32cores/GRB211211A_result.json'
Traceback (most recent call last):
  File "/home/thussenot/.conda/envs/multinest/bin/light_curve_analysis", line 8, in <module>
    sys.exit(main())
  File "/home/thussenot/.conda/envs/multinest/lib/python3.8/site-packages/nmma/em/analysis.py", line 622, in main
    result = bilby.run_sampler(
  File "/home/thussenot/.conda/envs/multinest/lib/python3.8/site-packages/bilby/core/sampler/__init__.py", line 278, in run_sampler
    result.save_to_file(overwrite=True, extension=save, gzip=gzip, outdir=outdir)
  File "/home/thussenot/.conda/envs/multinest/lib/python3.8/site-packages/bilby/core/result.py", line 773, in save_to_file
    move_old_file(filename, overwrite)
  File "/home/thussenot/.conda/envs/multinest/lib/python3.8/site-packages/bilby/core/utils/io.py", line 403, in move_old_file
    os.remove(filename)
FileNotFoundError: [Errno 2] No such file or directory: 'outdirBNSKagauss32cores/GRB211211A_result.json'
Traceback (most recent call last):
  File "/home/thussenot/.conda/envs/multinest/bin/light_curve_analysis", line 8, in <module>
    sys.exit(main())
  File "/home/thussenot/.conda/envs/multinest/lib/python3.8/site-packages/nmma/em/analysis.py", line 622, in main
    result = bilby.run_sampler(
  File "/home/thussenot/.conda/envs/multinest/lib/python3.8/site-packages/bilby/core/sampler/__init__.py", line 278, in run_sampler
    result.save_to_file(overwrite=True, extension=save, gzip=gzip, outdir=outdir)
  File "/home/thussenot/.conda/envs/multinest/lib/python3.8/site-packages/bilby/core/result.py", line 773, in save_to_file
    move_old_file(filename, overwrite)
  File "/home/thussenot/.conda/envs/multinest/lib/python3.8/site-packages/bilby/core/utils/io.py", line 403, in move_old_file
    os.remove(filename)
FileNotFoundError: [Errno 2] No such file or directory: 'outdirBNSKagauss32cores/GRB211211A_result.json'
Traceback (most recent call last):
  File "/home/thussenot/.conda/envs/multinest/bin/light_curve_analysis", line 8, in <module>
    sys.exit(main())
  File "/home/thussenot/.conda/envs/multinest/lib/python3.8/site-packages/nmma/em/analysis.py", line 622, in main
    result = bilby.run_sampler(
  File "/home/thussenot/.conda/envs/multinest/lib/python3.8/site-packages/bilby/core/sampler/__init__.py", line 278, in run_sampler
    result.save_to_file(overwrite=True, extension=save, gzip=gzip, outdir=outdir)
  File "/home/thussenot/.conda/envs/multinest/lib/python3.8/site-packages/bilby/core/result.py", line 773, in save_to_file
    move_old_file(filename, overwrite)
  File "/home/thussenot/.conda/envs/multinest/lib/python3.8/site-packages/bilby/core/utils/io.py", line 403, in move_old_file
    os.remove(filename)
FileNotFoundError: [Errno 2] No such file or directory: 'outdirBNSKagauss32cores/GRB211211A_result.json'
23:02 bilby INFO    : Summary of results:
nsamples: 13828
ln_noise_evidence:  0.000
ln_evidence: -157.292 +/-  0.092
ln_bayes_factor: -157.292 +/-  0.092

23:02 bilby INFO    : Writing samples file to /home/thussenot/GRB211211A/results/02_BNS_Kasen_GRB/01_Gauss/outdirBNSKagauss32cores/GRB211211A_posterior_samples.dat
23:02 bilby INFO    : Summary of results:
nsamples: 13828
ln_noise_evidence:  0.000
ln_evidence: -157.292 +/-  0.092
ln_bayes_factor: -157.292 +/-  0.092

23:02 bilby INFO    : Summary of results:
nsamples: 13828
ln_noise_evidence:  0.000
ln_evidence: -157.292 +/-  0.092
ln_bayes_factor: -157.292 +/-  0.092

23:02 bilby INFO    : Summary of results:
nsamples: 13828
ln_noise_evidence:  0.000
ln_evidence: -157.292 +/-  0.092
ln_bayes_factor: -157.292 +/-  0.092

23:02 bilby INFO    : Summary of results:
nsamples: 13828
ln_noise_evidence:  0.000
ln_evidence: -157.292 +/-  0.092
ln_bayes_factor: -157.292 +/-  0.092

23:02 bilby INFO    : Writing samples file to /home/thussenot/GRB211211A/results/02_BNS_Kasen_GRB/01_Gauss/outdirBNSKagauss32cores/GRB211211A_posterior_samples.dat
23:02 bilby INFO    : Writing samples file to /home/thussenot/GRB211211A/results/02_BNS_Kasen_GRB/01_Gauss/outdirBNSKagauss32cores/GRB211211A_posterior_samples.dat
23:02 bilby INFO    : Summary of results:
nsamples: 13828
ln_noise_evidence:  0.000
ln_evidence: -157.292 +/-  0.092
ln_bayes_factor: -157.292 +/-  0.092

23:02 bilby INFO    : Writing samples file to /home/thussenot/GRB211211A/results/02_BNS_Kasen_GRB/01_Gauss/outdirBNSKagauss32cores/GRB211211A_posterior_samples.dat
23:02 bilby INFO    : Writing samples file to /home/thussenot/GRB211211A/results/02_BNS_Kasen_GRB/01_Gauss/outdirBNSKagauss32cores/GRB211211A_posterior_samples.dat
23:02 bilby INFO    : Writing samples file to /home/thussenot/GRB211211A/results/02_BNS_Kasen_GRB/01_Gauss/outdirBNSKagauss32cores/GRB211211A_posterior_samples.dat
23:02 bilby INFO    : Summary of results:
nsamples: 13828
ln_noise_evidence:  0.000
ln_evidence: -157.292 +/-  0.092
ln_bayes_factor: -157.292 +/-  0.092

23:02 bilby INFO    : Summary of results:
nsamples: 13828
ln_noise_evidence:  0.000
ln_evidence: -157.292 +/-  0.092
ln_bayes_factor: -157.292 +/-  0.092

23:02 bilby INFO    : Writing samples file to /home/thussenot/GRB211211A/results/02_BNS_Kasen_GRB/01_Gauss/outdirBNSKagauss32cores/GRB211211A_posterior_samples.dat
23:02 bilby INFO    : Summary of results:
nsamples: 13828
ln_noise_evidence:  0.000
ln_evidence: -157.292 +/-  0.092
ln_bayes_factor: -157.292 +/-  0.092

23:02 bilby INFO    : Writing samples file to /home/thussenot/GRB211211A/results/02_BNS_Kasen_GRB/01_Gauss/outdirBNSKagauss32cores/GRB211211A_posterior_samples.dat
23:02 bilby INFO    : Writing samples file to /home/thussenot/GRB211211A/results/02_BNS_Kasen_GRB/01_Gauss/outdirBNSKagauss32cores/GRB211211A_posterior_samples.dat
/home/thussenot/.conda/envs/multinest/lib/python3.8/site-packages/matplotlib/axes/_base.py:2503: UserWarning: Warning: converting a masked element to nan.
  xys = np.asarray(xys)
/home/thussenot/.conda/envs/multinest/lib/python3.8/site-packages/nmma/em/analysis.py:859: UserWarning: Tight layout not applied. tight_layout cannot make axes height small enough to accommodate all axes decorations.
  plt.tight_layout()
/home/thussenot/.conda/envs/multinest/lib/python3.8/site-packages/matplotlib/axes/_base.py:2503: UserWarning: Warning: converting a masked element to nan.
  xys = np.asarray(xys)
/home/thussenot/.conda/envs/multinest/lib/python3.8/site-packages/nmma/em/analysis.py:859: UserWarning: Tight layout not applied. tight_layout cannot make axes height small enough to accommodate all axes decorations.
  plt.tight_layout()
/home/thussenot/.conda/envs/multinest/lib/python3.8/site-packages/matplotlib/axes/_base.py:2503: UserWarning: Warning: converting a masked element to nan.
  xys = np.asarray(xys)
/home/thussenot/.conda/envs/multinest/lib/python3.8/site-packages/nmma/em/analysis.py:859: UserWarning: Tight layout not applied. tight_layout cannot make axes height small enough to accommodate all axes decorations.
  plt.tight_layout()
/home/thussenot/.conda/envs/multinest/lib/python3.8/site-packages/matplotlib/axes/_base.py:2503: UserWarning: Warning: converting a masked element to nan.
  xys = np.asarray(xys)
/home/thussenot/.conda/envs/multinest/lib/python3.8/site-packages/nmma/em/analysis.py:859: UserWarning: Tight layout not applied. tight_layout cannot make axes height small enough to accommodate all axes decorations.
  plt.tight_layout()
/home/thussenot/.conda/envs/multinest/lib/python3.8/site-packages/matplotlib/axes/_base.py:2503: UserWarning: Warning: converting a masked element to nan.
  xys = np.asarray(xys)
/home/thussenot/.conda/envs/multinest/lib/python3.8/site-packages/nmma/em/analysis.py:859: UserWarning: Tight layout not applied. tight_layout cannot make axes height small enough to accommodate all axes decorations.
  plt.tight_layout()
/home/thussenot/.conda/envs/multinest/lib/python3.8/site-packages/matplotlib/axes/_base.py:2503: UserWarning: Warning: converting a masked element to nan.
  xys = np.asarray(xys)
/home/thussenot/.conda/envs/multinest/lib/python3.8/site-packages/nmma/em/analysis.py:859: UserWarning: Tight layout not applied. tight_layout cannot make axes height small enough to accommodate all axes decorations.
  plt.tight_layout()
/home/thussenot/.conda/envs/multinest/lib/python3.8/site-packages/matplotlib/axes/_base.py:2503: UserWarning: Warning: converting a masked element to nan.
  xys = np.asarray(xys)
/home/thussenot/.conda/envs/multinest/lib/python3.8/site-packages/nmma/em/analysis.py:859: UserWarning: Tight layout not applied. tight_layout cannot make axes height small enough to accommodate all axes decorations.
  plt.tight_layout()
/home/thussenot/.conda/envs/multinest/lib/python3.8/site-packages/matplotlib/axes/_base.py:2503: UserWarning: Warning: converting a masked element to nan.
  xys = np.asarray(xys)
/home/thussenot/.conda/envs/multinest/lib/python3.8/site-packages/nmma/em/analysis.py:859: UserWarning: Tight layout not applied. tight_layout cannot make axes height small enough to accommodate all axes decorations.
  plt.tight_layout()
/home/thussenot/.conda/envs/multinest/lib/python3.8/site-packages/matplotlib/axes/_base.py:2503: UserWarning: Warning: converting a masked element to nan.
  xys = np.asarray(xys)
/home/thussenot/.conda/envs/multinest/lib/python3.8/site-packages/nmma/em/analysis.py:859: UserWarning: Tight layout not applied. tight_layout cannot make axes height small enough to accommodate all axes decorations.
  plt.tight_layout()
--------------------------------------------------------------------------
Primary job  terminated normally, but 1 process returned
a non-zero exit code. Per user-direction, the job has been aborted.
--------------------------------------------------------------------------
--------------------------------------------------------------------------
mpiexec detected that one or more processes exited with non-zero status, thus causing
the job to be terminated. The first process to do so was:

  Process name: [[11884,1],23]
  Exit code:    1
--------------------------------------------------------------------------
